20:24:14.592 [main                     ] DEBUG Logger               - Configured Logger
20:24:14.625 [main                     ] DEBUG GameApplication      - Logging settings
Title: Dungeon
Version: 1.0
Width: 1280
Height: 720
Fullscreen: false
Intro: false
Profiling: false
Single step:false
App Mode: DEVELOPER
Menu Key: ESCAPE
Stage Style: DECORATED
Scene Factory: class com.lgiacchetta.dungeon.DungeonApp$1

20:24:14.972 [JavaFX Application Thread] DEBUG FXGLApplication      - Initializing FXGL
20:24:14.981 [JavaFX Application Thread] INFO  Engine               - FXGL-17.2 (20.08.2022 16.50) on WINDOWS (J:17.0.6 FX:17.0.2-ea)
20:24:14.982 [JavaFX Application Thread] DEBUG Engine               - JRE Vendor Name: Oracle Corporation
20:24:14.982 [JavaFX Application Thread] DEBUG Engine               - Running on OS: Windows 11 version 10.0
20:24:14.983 [JavaFX Application Thread] DEBUG Engine               - Architecture: amd64
20:24:14.983 [JavaFX Application Thread] INFO  Engine               - Source code and latest versions at: https://github.com/AlmasB/FXGL
20:24:14.983 [JavaFX Application Thread] INFO  Engine               -       Ask questions and discuss at: https://github.com/AlmasB/FXGL/discussions
20:24:14.983 [JavaFX Application Thread] INFO  Engine               -              Join the FXGL chat at: https://gitter.im/AlmasB/FXGL
20:24:15.058 [JavaFX Application Thread] DEBUG PrimaryStageWindow   - Creating a JavaFX scene
20:24:15.095 [JavaFX Application Thread] DEBUG PrimaryStageWindow   - Target settings size: 1280.0 x 720.0
20:24:15.095 [JavaFX Application Thread] DEBUG PrimaryStageWindow   - Scaled scene size:    1280.0 x 720.0
20:24:15.096 [JavaFX Application Thread] DEBUG PrimaryStageWindow   - Scaled ratio: (1.0, 1.0)
20:24:15.097 [JavaFX Application Thread] DEBUG PrimaryStageWindow   - Set initial scene to FXGLStartupScene
20:24:15.102 [JavaFX Application Thread] DEBUG PrimaryStageWindow   - Opening main window
20:24:15.203 [JavaFX Application Thread] DEBUG PrimaryStageWindow   - Window border size: (14.6666259765625, 37.33331298828125)
20:24:15.204 [JavaFX Application Thread] DEBUG PrimaryStageWindow   - Scaled size: 1280.0 x 720.0
20:24:15.204 [JavaFX Application Thread] DEBUG PrimaryStageWindow   - Scaled ratio: (1.0, 1.0)
20:24:15.205 [JavaFX Application Thread] DEBUG PrimaryStageWindow   - Scene size: 1280.0 x 720.0
20:24:15.205 [JavaFX Application Thread] DEBUG PrimaryStageWindow   - Stage size: 1294.6666259765625 x 757.3333129882812
20:24:15.213 [FXGL Background Thread 1 ] DEBUG Engine               - Initializing environment variables
20:24:15.273 [FXGL Background Thread 1 ] DEBUG FXGLAssetLoaderServi - User app class for loading assets: class com.lgiacchetta.dungeon.DungeonApp
20:24:15.273 [FXGL Background Thread 1 ] DEBUG GameApplicationServi - Applying CSS: fxgl_dark.css
20:24:15.274 [FXGL Background Thread 1 ] DEBUG FXGLAssetLoaderServi - Loading from file system: jar:file:///C:/Users/lucag/.gradle/caches/modules-2/files-2.1/com.github.almasb/fxgl/17.2/35db6ae960eec2dcfd19262d3b7f9c42f0e95bc3/fxgl-17.2.jar!/fxglassets/ui/css/fxgl_dark.css
20:24:15.337 [FXGL Background Thread 1 ] DEBUG GameApplicationServi - Initializing application scenes
20:24:15.391 [FXGL Background Thread 1 ] DEBUG FXGLAssetLoaderServi - Loading from file system: jar:file:///C:/Users/lucag/IdeaProjects/Dungeon/build/libs/Dungeon-1.0-SNAPSHOT.jar!/assets/music/melody.wav
20:24:15.974 [FXGL Background Thread 1 ] DEBUG FXGLAssetLoaderServi - Loading from file system: jar:file:///C:/Users/lucag/IdeaProjects/Dungeon/build/libs/Dungeon-1.0-SNAPSHOT.jar!/assets/music/menu.wav
20:24:16.024 [FXGL Background Thread 1 ] DEBUG FXGLAssetLoaderServi - Loading from file system: jar:file:///C:/Users/lucag/IdeaProjects/Dungeon/build/libs/Dungeon-1.0-SNAPSHOT.jar!/assets/textures/orc/boss/ogre_run_anim_f0.png
20:24:16.035 [FXGL Background Thread 1 ] DEBUG FXGLAssetLoaderServi - Loading from file system: jar:file:///C:/Users/lucag/IdeaProjects/Dungeon/build/libs/Dungeon-1.0-SNAPSHOT.jar!/assets/textures/orc/boss/ogre_run_anim_f1.png
20:24:16.036 [FXGL Background Thread 1 ] DEBUG FXGLAssetLoaderServi - Loading from file system: jar:file:///C:/Users/lucag/IdeaProjects/Dungeon/build/libs/Dungeon-1.0-SNAPSHOT.jar!/assets/textures/orc/boss/ogre_run_anim_f2.png
20:24:16.037 [FXGL Background Thread 1 ] DEBUG FXGLAssetLoaderServi - Loading from file system: jar:file:///C:/Users/lucag/IdeaProjects/Dungeon/build/libs/Dungeon-1.0-SNAPSHOT.jar!/assets/textures/orc/boss/ogre_run_anim_f3.png
20:24:16.056 [FXGL Background Thread 1 ] DEBUG FXGLAssetLoaderServi - Loading from file system: jar:file:///C:/Users/lucag/IdeaProjects/Dungeon/build/libs/Dungeon-1.0-SNAPSHOT.jar!/assets/textures/demon/boss/big_demon_run_anim_f0.png
20:24:16.057 [FXGL Background Thread 1 ] DEBUG FXGLAssetLoaderServi - Loading from file system: jar:file:///C:/Users/lucag/IdeaProjects/Dungeon/build/libs/Dungeon-1.0-SNAPSHOT.jar!/assets/textures/demon/boss/big_demon_run_anim_f1.png
20:24:16.058 [FXGL Background Thread 1 ] DEBUG FXGLAssetLoaderServi - Loading from file system: jar:file:///C:/Users/lucag/IdeaProjects/Dungeon/build/libs/Dungeon-1.0-SNAPSHOT.jar!/assets/textures/demon/boss/big_demon_run_anim_f2.png
20:24:16.058 [FXGL Background Thread 1 ] DEBUG FXGLAssetLoaderServi - Loading from file system: jar:file:///C:/Users/lucag/IdeaProjects/Dungeon/build/libs/Dungeon-1.0-SNAPSHOT.jar!/assets/textures/demon/boss/big_demon_run_anim_f3.png
20:24:16.059 [FXGL Background Thread 1 ] DEBUG FXGLAssetLoaderServi - Loading from file system: jar:file:///C:/Users/lucag/IdeaProjects/Dungeon/build/libs/Dungeon-1.0-SNAPSHOT.jar!/assets/textures/undead/boss/big_zombie_run_anim_f0.png
20:24:16.060 [FXGL Background Thread 1 ] DEBUG FXGLAssetLoaderServi - Loading from file system: jar:file:///C:/Users/lucag/IdeaProjects/Dungeon/build/libs/Dungeon-1.0-SNAPSHOT.jar!/assets/textures/undead/boss/big_zombie_run_anim_f1.png
20:24:16.061 [FXGL Background Thread 1 ] DEBUG FXGLAssetLoaderServi - Loading from file system: jar:file:///C:/Users/lucag/IdeaProjects/Dungeon/build/libs/Dungeon-1.0-SNAPSHOT.jar!/assets/textures/undead/boss/big_zombie_run_anim_f2.png
20:24:16.062 [FXGL Background Thread 1 ] DEBUG FXGLAssetLoaderServi - Loading from file system: jar:file:///C:/Users/lucag/IdeaProjects/Dungeon/build/libs/Dungeon-1.0-SNAPSHOT.jar!/assets/textures/undead/boss/big_zombie_run_anim_f3.png
20:24:16.062 [FXGL Background Thread 1 ] DEBUG FXGLAssetLoaderServi - Loading from file system: jar:file:///C:/Users/lucag/IdeaProjects/Dungeon/build/libs/Dungeon-1.0-SNAPSHOT.jar!/assets/textures/hero/knight_m_run_anim_f0.png
20:24:16.063 [FXGL Background Thread 1 ] DEBUG FXGLAssetLoaderServi - Loading from file system: jar:file:///C:/Users/lucag/IdeaProjects/Dungeon/build/libs/Dungeon-1.0-SNAPSHOT.jar!/assets/textures/hero/knight_m_run_anim_f1.png
20:24:16.064 [FXGL Background Thread 1 ] DEBUG FXGLAssetLoaderServi - Loading from file system: jar:file:///C:/Users/lucag/IdeaProjects/Dungeon/build/libs/Dungeon-1.0-SNAPSHOT.jar!/assets/textures/hero/knight_m_run_anim_f2.png
20:24:16.065 [FXGL Background Thread 1 ] DEBUG FXGLAssetLoaderServi - Loading from file system: jar:file:///C:/Users/lucag/IdeaProjects/Dungeon/build/libs/Dungeon-1.0-SNAPSHOT.jar!/assets/textures/hero/knight_m_run_anim_f3.png
20:24:16.068 [FXGL Background Thread 1 ] DEBUG FXGLAssetLoaderServi - Loading from file system: jar:file:///C:/Users/lucag/IdeaProjects/Dungeon/build/libs/Dungeon-1.0-SNAPSHOT.jar!/assets/textures/loading.jpg
20:24:16.091 [FXGL Background Thread 1 ] DEBUG GameWorld            - Game world initialized
20:24:16.138 [FXGL Background Thread 1 ] DEBUG PhysicsWorld         - Physics world initialized: appHeight=720, physics.ppm=50,0
20:24:16.139 [FXGL Background Thread 1 ] DEBUG PhysicsWorld         - Using strategy: BRUTE_FORCE
20:24:16.142 [FXGL Background Thread 1 ] DEBUG GameScene            - Game scene initialized: 1280x720
20:24:16.159 [FXGL Background Thread 1 ] DEBUG GameApplicationServi - Application scenes initialized
20:24:16.176 [FXGL Background Thread 1 ] DEBUG SystemBundleService  - Loading FXGL system data
20:24:16.186 [FXGL Background Thread 1 ] DEBUG FileSystemAccess     - Reading from: C:\Users\lucag\IdeaProjects\Dungeon\system\fxgl.bundle
20:24:16.214 [FXGL Background Thread 1 ] DEBUG SystemBundleService  - Bundle FXGL: {}
20:24:16.214 [FXGL Background Thread 1 ] DEBUG UpdaterService       - Checking for updates
20:24:16.233 [FXGL Background Thread 4 ] DEBUG FXGLApplication      - Loading fonts
20:24:16.234 [FXGL Background Thread 4 ] DEBUG FXGLAssetLoaderServi - Loading from file system: jar:file:///C:/Users/lucag/IdeaProjects/Dungeon/build/libs/Dungeon-1.0-SNAPSHOT.jar!/assets/ui/fonts/alagard.ttf
20:24:16.234 [FXGL Background Thread 1 ] DEBUG FXGLApplication      - Loading default localization
20:24:16.236 [FXGL Background Thread 1 ] DEBUG FXGLAssetLoaderServi - Loading from file system: jar:file:///C:/Users/lucag/.gradle/caches/modules-2/files-2.1/com.github.almasb/fxgl/17.2/35db6ae960eec2dcfd19262d3b7f9c42f0e95bc3/fxgl-17.2.jar!/fxglassets/languages/english.lang
20:24:16.274 [FXGL Background Thread 1 ] INFO  FXGLApplication      - FXGL initialization took: 1,060 sec
20:24:16.293 [JavaFX Application Thread] DEBUG Input                - Registered new binding: Up1 - W
20:24:16.294 [JavaFX Application Thread] DEBUG Input                - Registered new binding: Left1 - A
20:24:16.294 [JavaFX Application Thread] DEBUG Input                - Registered new binding: Down1 - S
20:24:16.294 [JavaFX Application Thread] DEBUG Input                - Registered new binding: Right1 - D
20:24:16.295 [JavaFX Application Thread] DEBUG Input                - Registered new binding: Up2 - Up
20:24:16.295 [JavaFX Application Thread] DEBUG Input                - Registered new binding: Left2 - Left
20:24:16.295 [JavaFX Application Thread] DEBUG Input                - Registered new binding: Down2 - Down
20:24:16.295 [JavaFX Application Thread] DEBUG Input                - Registered new binding: Right2 - Right
20:24:16.296 [JavaFX Application Thread] DEBUG AudioPlayer          - Playing music com.almasb.fxgl.audio.Music@6eb5fc0d
20:24:16.320 [JavaFX Application Thread] DEBUG FXGLAssetLoaderServi - Loading from file system: jar:file:///C:/Users/lucag/IdeaProjects/Dungeon/build/libs/Dungeon-1.0-SNAPSHOT.jar!/assets/textures/chest/chest_full_open_anim_f2.png
20:24:16.335 [JavaFX Application Thread] DEBUG FXGLAssetLoaderServi - Loading from file system: jar:file:///C:/Users/lucag/IdeaProjects/Dungeon/build/libs/Dungeon-1.0-SNAPSHOT.jar!/assets/textures/cursor.png
20:24:16.342 [JavaFX Application Thread] DEBUG Input                - Registered new binding: Screenshot - CTRL+8
20:24:16.343 [JavaFX Application Thread] DEBUG Input                - Registered new binding: System info dump - CTRL+9
20:24:16.344 [JavaFX Application Thread] DEBUG Input                - Registered new binding: Restart - CTRL+R
20:24:16.347 [JavaFX Application Thread] DEBUG Input                - Registered new binding: Toggle Debug Camera - CTRL+7
20:24:16.353 [JavaFX Application Thread] DEBUG LoopRunner           - Starting loop
20:24:16.353 [JavaFX Application Thread] DEBUG LoopRunner           - Initializing JavaFX AnimationTimerLoop
20:24:16.357 [JavaFX Application Thread] DEBUG Input                - Clearing active input actions
20:24:16.367 [JavaFX Application Thread] DEBUG GameApplicationServi - Removing overlay from FXGLStartupScene and adding to FXGLMainMenuDummyScene
20:24:16.368 [JavaFX Application Thread] DEBUG PrimaryStageWindow   - FXGLStartupScene -> FXGLMainMenuDummyScene
20:24:16.368 [JavaFX Application Thread] DEBUG PrimaryStageWindow   - Push state: MainMenu
20:24:16.368 [JavaFX Application Thread] DEBUG Input                - Clearing active input actions
20:24:16.374 [JavaFX Application Thread] DEBUG GameApplicationServi - Removing overlay from FXGLMainMenuDummyScene and adding to MainMenu
20:24:16.374 [JavaFX Application Thread] DEBUG PrimaryStageWindow   - FXGLMainMenuDummyScene -> MainMenu
20:24:16.379 [JavaFX Application Thread] DEBUG FXGLApplication      - Registering font factories with UI factory
20:24:17.097 [FXGL Background Thread 2 ] INFO  UpdaterService       - Your current version:  17.2
20:24:17.098 [FXGL Background Thread 2 ] INFO  UpdaterService       - Latest stable version: 17.3
20:24:18.952 [JavaFX Application Thread] DEBUG Menu                 - fireNewGame()
20:24:18.952 [JavaFX Application Thread] DEBUG GameApplicationServi - Starting new game
20:24:18.953 [JavaFX Application Thread] DEBUG PrimaryStageWindow   - Pop state: MainMenu
20:24:18.953 [JavaFX Application Thread] DEBUG Input                - Clearing active input actions
20:24:18.954 [JavaFX Application Thread] DEBUG GameApplicationServi - Removing overlay from MainMenu and adding to FXGLMainMenuDummyScene
20:24:18.955 [JavaFX Application Thread] DEBUG PrimaryStageWindow   - FXGLMainMenuDummyScene <- MainMenu
20:24:18.956 [JavaFX Application Thread] DEBUG Input                - Clearing active input actions
20:24:18.972 [JavaFX Application Thread] DEBUG GameApplicationServi - Removing overlay from FXGLMainMenuDummyScene and adding to MainLoadingScene
20:24:18.973 [JavaFX Application Thread] DEBUG PrimaryStageWindow   - FXGLMainMenuDummyScene -> MainLoadingScene
20:24:18.973 [JavaFX Application Thread] DEBUG GameApplicationServi - Clearing previous game
20:24:18.973 [JavaFX Application Thread] DEBUG GameScene            - Clearing game scene
20:24:18.973 [JavaFX Application Thread] DEBUG GameWorld            - Clearing game world
20:24:18.975 [JavaFX Application Thread] DEBUG PhysicsWorld         - Clearing physics world
20:24:18.977 [FXGL Background Thread 2 ] DEBUG FXGLApplication      - Initializing game
20:24:18.991 [FXGL Background Thread 2 ] DEBUG AudioPlayer          - Stopping music com.almasb.fxgl.audio.Music@6eb5fc0d
20:24:19.028 [FXGL Background Thread 2 ] DEBUG AudioPlayer          - Playing music com.almasb.fxgl.audio.Music@12f2d9bc
20:24:19.095 [FXGL Background Thread 2 ] WARN  TMXLevelLoader       - TiledMap generated from 1.10.1. Supported version: 1.9.0. Some features may not be parsed fully.
20:24:19.140 [FXGL Background Thread 2 ] DEBUG TMXLevelLoader       - Parsed TiledMap: jar:file:///C:/Users/lucag/IdeaProjects/Dungeon/build/libs/Dungeon-1.0-SNAPSHOT.jar!/assets/levels/tmx/level0.tmx
20:24:19.143 [FXGL Background Thread 2 ] DEBUG TMXLevelLoader       - Creating tile layer entities
20:24:19.145 [FXGL Background Thread 2 ] DEBUG TilesetLoader        - Loading view for layer floor
20:24:19.146 [FXGL Background Thread 2 ] DEBUG TilesetLoader        - Created buffer with size 640.0x640.0
20:24:19.226 [FXGL Background Thread 3 ] DEBUG Engine               - Logging environment variables
20:24:19.227 [FXGL Background Thread 3 ] DEBUG Engine               - achievements: []
20:24:19.227 [FXGL Background Thread 3 ] DEBUG Engine               - actualHeight: 720.0
20:24:19.227 [FXGL Background Thread 3 ] DEBUG Engine               - actualHeightProperty: ReadOnlyDoubleProperty [value: 720.0]
20:24:19.227 [FXGL Background Thread 3 ] DEBUG Engine               - actualWidth: 1280.0
20:24:19.227 [FXGL Background Thread 3 ] DEBUG Engine               - actualWidthProperty: ReadOnlyDoubleProperty [value: 1280.0]
20:24:19.227 [FXGL Background Thread 3 ] DEBUG Engine               - appIcon: chest/chest_full_open_anim_f2.png
20:24:19.228 [FXGL Background Thread 3 ] DEBUG Engine               - applicationMode: DEVELOPER
20:24:19.228 [FXGL Background Thread 3 ] DEBUG Engine               - cSSList: [fxgl_dark.css]
20:24:19.228 [FXGL Background Thread 3 ] DEBUG Engine               - collisionDetectionStrategy: BRUTE_FORCE
20:24:19.228 [FXGL Background Thread 3 ] DEBUG Engine               - configClass: Optional.empty
20:24:19.228 [FXGL Background Thread 3 ] DEBUG Engine               - credits: []
20:24:19.233 [FXGL Background Thread 3 ] DEBUG Engine               - defaultCursor: CursorInfo(imageName=cursor.png, hotspotX=5.0, hotspotY=3.0)
20:24:19.233 [FXGL Background Thread 3 ] DEBUG Engine               - devBBoxColorProperty: ObjectProperty [value: 0xff0000ff]
20:24:19.234 [FXGL Background Thread 3 ] DEBUG Engine               - devEnableDebugCameraProperty: BooleanProperty [value: false]
20:24:19.234 [FXGL Background Thread 3 ] DEBUG Engine               - devSensorColorProperty: ObjectProperty [value: 0xffff00ff]
20:24:19.234 [FXGL Background Thread 3 ] DEBUG Engine               - devShowBBoxProperty: BooleanProperty [value: false]
20:24:19.235 [FXGL Background Thread 3 ] DEBUG Engine               - devShowPositionProperty: BooleanProperty [value: false]
20:24:19.235 [FXGL Background Thread 3 ] DEBUG Engine               - enabledMenuItems: []
20:24:19.235 [FXGL Background Thread 3 ] DEBUG Engine               - engineServices: [class com.almasb.fxgl.app.services.FXGLAssetLoaderService, class com.almasb.fxgl.app.FXGLApplication$GameApplicationService, class com.almasb.fxgl.app.services.FXGLDialogService, class com.almasb.fxgl.app.services.IOTaskExecutorService, class com.almasb.fxgl.io.FileSystemService, class com.almasb.fxgl.localization.LocalizationService, class com.almasb.fxgl.app.services.SystemBundleService, class com.almasb.fxgl.profile.SaveLoadService, class com.almasb.fxgl.ui.FXGLUIFactoryServiceProvider, class com.almasb.fxgl.ui.FXGLDialogFactoryServiceProvider, class com.almasb.fxgl.audio.AudioPlayer, class com.almasb.fxgl.notification.impl.NotificationServiceProvider, class com.almasb.fxgl.achievement.AchievementService, class com.almasb.fxgl.cutscene.CutsceneService, class com.almasb.fxgl.minigames.MiniGameService, class com.almasb.fxgl.net.NetService, class com.almasb.fxgl.app.services.UpdaterService, class com.almasb.fxgl.dev.DevService]
20:24:19.235 [FXGL Background Thread 3 ] DEBUG Engine               - fontGame: alagard.ttf
20:24:19.236 [FXGL Background Thread 3 ] DEBUG Engine               - fontMono: alagard.ttf
20:24:19.236 [FXGL Background Thread 3 ] DEBUG Engine               - fontText: alagard.ttf
20:24:19.236 [FXGL Background Thread 3 ] DEBUG Engine               - fontUI: alagard.ttf
20:24:19.236 [FXGL Background Thread 3 ] DEBUG Engine               - fullScreen: BooleanProperty [value: false]
20:24:19.236 [FXGL Background Thread 3 ] DEBUG Engine               - gameDifficulty: MEDIUM
20:24:19.237 [FXGL Background Thread 3 ] DEBUG Engine               - gameDifficultyProperty: ObjectProperty [value: MEDIUM]
20:24:19.237 [FXGL Background Thread 3 ] DEBUG Engine               - globalMusicVolume: 0.5
20:24:19.237 [FXGL Background Thread 3 ] DEBUG Engine               - globalMusicVolumeProperty: DoubleProperty [value: 0.5]
20:24:19.237 [FXGL Background Thread 3 ] DEBUG Engine               - globalSoundVolume: 0.5
20:24:19.237 [FXGL Background Thread 3 ] DEBUG Engine               - globalSoundVolumeProperty: DoubleProperty [value: 0.5]
20:24:19.237 [FXGL Background Thread 3 ] DEBUG Engine               - height: 720
20:24:19.237 [FXGL Background Thread 3 ] DEBUG Engine               - is3D: false
20:24:19.237 [FXGL Background Thread 3 ] DEBUG Engine               - isAndroid: false
20:24:19.238 [FXGL Background Thread 3 ] DEBUG Engine               - isBrowser: false
20:24:19.238 [FXGL Background Thread 3 ] DEBUG Engine               - isClickFeedbackEnabled: false
20:24:19.238 [FXGL Background Thread 3 ] DEBUG Engine               - isCloseConfirmation: false
20:24:19.238 [FXGL Background Thread 3 ] DEBUG Engine               - isDesktop: true
20:24:19.238 [FXGL Background Thread 3 ] DEBUG Engine               - isDeveloperMenuEnabled: false
20:24:19.238 [FXGL Background Thread 3 ] DEBUG Engine               - isEmbedded: false
20:24:19.238 [FXGL Background Thread 3 ] DEBUG Engine               - isEntityPreloadEnabled: true
20:24:19.238 [FXGL Background Thread 3 ] DEBUG Engine               - isExperimentalTiledLargeMap: false
20:24:19.238 [FXGL Background Thread 3 ] DEBUG Engine               - isFileSystemWriteAllowed: true
20:24:19.238 [FXGL Background Thread 3 ] DEBUG Engine               - isFullScreenAllowed: false
20:24:19.239 [FXGL Background Thread 3 ] DEBUG Engine               - isFullScreenFromStart: false
20:24:19.239 [FXGL Background Thread 3 ] DEBUG Engine               - isGameMenuEnabled: true
20:24:19.239 [FXGL Background Thread 3 ] DEBUG Engine               - isIOS: false
20:24:19.239 [FXGL Background Thread 3 ] DEBUG Engine               - isIntroEnabled: false
20:24:19.239 [FXGL Background Thread 3 ] DEBUG Engine               - isLinux: false
20:24:19.239 [FXGL Background Thread 3 ] DEBUG Engine               - isMac: false
20:24:19.239 [FXGL Background Thread 3 ] DEBUG Engine               - isMainMenuEnabled: true
20:24:19.239 [FXGL Background Thread 3 ] DEBUG Engine               - isManualResizeEnabled: false
20:24:19.239 [FXGL Background Thread 3 ] DEBUG Engine               - isMobile: false
20:24:19.239 [FXGL Background Thread 3 ] DEBUG Engine               - isNative: false
20:24:19.240 [FXGL Background Thread 3 ] DEBUG Engine               - isPauseMusicWhenMinimized: true
20:24:19.240 [FXGL Background Thread 3 ] DEBUG Engine               - isPreserveResizeRatio: false
20:24:19.240 [FXGL Background Thread 3 ] DEBUG Engine               - isProfilingEnabled: false
20:24:19.240 [FXGL Background Thread 3 ] DEBUG Engine               - isScaleAffectedOnResize: true
20:24:19.240 [FXGL Background Thread 3 ] DEBUG Engine               - isSingleStep: false
20:24:19.240 [FXGL Background Thread 3 ] DEBUG Engine               - isUserProfileEnabled: false
20:24:19.240 [FXGL Background Thread 3 ] DEBUG Engine               - isWindows: true
20:24:19.240 [FXGL Background Thread 3 ] DEBUG Engine               - language: ObjectProperty [value: ENGLISH]
20:24:19.240 [FXGL Background Thread 3 ] DEBUG Engine               - menuKey: ESCAPE
20:24:19.240 [FXGL Background Thread 3 ] DEBUG Engine               - mouseSensitivity: 0.2
20:24:19.240 [FXGL Background Thread 3 ] DEBUG Engine               - notificationViewClass: class com.almasb.fxgl.notification.view.XboxNotificationView
20:24:19.240 [FXGL Background Thread 3 ] DEBUG Engine               - pixelsPerMeter: 50.0
20:24:19.240 [FXGL Background Thread 3 ] DEBUG Engine               - platform: WINDOWS
20:24:19.240 [FXGL Background Thread 3 ] DEBUG Engine               - prefHeightProperty: ReadOnlyDoubleProperty [value: 720.0]
20:24:19.241 [FXGL Background Thread 3 ] DEBUG Engine               - prefWidthProperty: ReadOnlyDoubleProperty [value: 1280.0]
20:24:19.241 [FXGL Background Thread 3 ] DEBUG Engine               - profileDir: profiles/
20:24:19.241 [FXGL Background Thread 3 ] DEBUG Engine               - profileName: StringProperty [value: DEFAULT]
20:24:19.241 [FXGL Background Thread 3 ] DEBUG Engine               - randomSeed: -1
20:24:19.241 [FXGL Background Thread 3 ] DEBUG Engine               - runtimeInfo: RuntimeInfo(platform=WINDOWS, version=17.2, build=20.08.2022 16.50)
20:24:19.241 [FXGL Background Thread 3 ] DEBUG Engine               - saveFileExt: sav
20:24:19.251 [FXGL Background Thread 3 ] DEBUG Engine               - scaledHeightProp$fxgl: DoubleProperty [bound, value: 720.0]
20:24:19.252 [FXGL Background Thread 3 ] DEBUG Engine               - scaledWidthProp$fxgl: DoubleProperty [bound, value: 1280.0]
20:24:19.252 [FXGL Background Thread 3 ] DEBUG Engine               - sceneFactory: com.lgiacchetta.dungeon.DungeonApp$1@4202079c
20:24:19.252 [FXGL Background Thread 3 ] DEBUG Engine               - secondsIn24h: 60
20:24:19.252 [FXGL Background Thread 3 ] DEBUG Engine               - soundMenuBack: menu/back.wav
20:24:19.252 [FXGL Background Thread 3 ] DEBUG Engine               - soundMenuPress: menu/press.wav
20:24:19.252 [FXGL Background Thread 3 ] DEBUG Engine               - soundMenuSelect: menu/select.wav
20:24:19.252 [FXGL Background Thread 3 ] DEBUG Engine               - soundNotification: core/notification.wav
20:24:19.252 [FXGL Background Thread 3 ] DEBUG Engine               - stageStyle: DECORATED
20:24:19.253 [FXGL Background Thread 3 ] DEBUG Engine               - supportedLanguages: [ENGLISH, FRENCH, GERMAN, HUNGARIAN, RUSSIAN]
20:24:19.253 [FXGL Background Thread 3 ] DEBUG Engine               - ticksPerSecond: -1
20:24:19.253 [FXGL Background Thread 3 ] DEBUG Engine               - title: Dungeon
20:24:19.253 [FXGL Background Thread 3 ] DEBUG Engine               - urlGithub: https://github.com/AlmasB/FXGL
20:24:19.253 [FXGL Background Thread 3 ] DEBUG Engine               - urlLeaderboard: http://fxgl-top.herokuapp.com/
20:24:19.254 [FXGL Background Thread 3 ] DEBUG Engine               - urlPOM: https://raw.githubusercontent.com/AlmasB/FXGL/release/README.md
20:24:19.254 [FXGL Background Thread 3 ] DEBUG Engine               - userAppClass: class com.lgiacchetta.dungeon.DungeonApp
20:24:19.254 [FXGL Background Thread 3 ] DEBUG Engine               - version: 1.0
20:24:19.254 [FXGL Background Thread 3 ] DEBUG Engine               - versionCheckDays: 7
20:24:19.254 [FXGL Background Thread 3 ] DEBUG Engine               - width: 1280
20:24:19.254 [FXGL Background Thread 3 ] DEBUG Engine               - Logging services
20:24:19.254 [FXGL Background Thread 3 ] DEBUG Engine               - class com.almasb.fxgl.app.services.FXGLAssetLoaderService
20:24:19.254 [FXGL Background Thread 3 ] DEBUG Engine               - class com.almasb.fxgl.app.FXGLApplication$GameApplicationService
20:24:19.254 [FXGL Background Thread 3 ] DEBUG Engine               - class com.almasb.fxgl.app.services.FXGLDialogService
20:24:19.255 [FXGL Background Thread 3 ] DEBUG Engine               - class com.almasb.fxgl.app.services.IOTaskExecutorService
20:24:19.255 [FXGL Background Thread 3 ] DEBUG Engine               - class com.almasb.fxgl.io.FileSystemService
20:24:19.255 [FXGL Background Thread 3 ] DEBUG Engine               - class com.almasb.fxgl.localization.LocalizationService
20:24:19.255 [FXGL Background Thread 3 ] DEBUG Engine               - class com.almasb.fxgl.app.services.SystemBundleService
20:24:19.255 [FXGL Background Thread 3 ] DEBUG Engine               - class com.almasb.fxgl.profile.SaveLoadService
20:24:19.255 [FXGL Background Thread 3 ] DEBUG Engine               - class com.almasb.fxgl.ui.FXGLUIFactoryServiceProvider
20:24:19.255 [FXGL Background Thread 3 ] DEBUG Engine               - class com.almasb.fxgl.ui.FXGLDialogFactoryServiceProvider
20:24:19.255 [FXGL Background Thread 3 ] DEBUG Engine               - class com.almasb.fxgl.audio.AudioPlayer
20:24:19.255 [FXGL Background Thread 3 ] DEBUG Engine               - class com.almasb.fxgl.notification.impl.NotificationServiceProvider
20:24:19.255 [FXGL Background Thread 3 ] DEBUG Engine               - class com.almasb.fxgl.achievement.AchievementService
20:24:19.256 [FXGL Background Thread 3 ] DEBUG Engine               - class com.almasb.fxgl.cutscene.CutsceneService
20:24:19.256 [FXGL Background Thread 3 ] DEBUG Engine               - class com.almasb.fxgl.minigames.MiniGameService
20:24:19.256 [FXGL Background Thread 3 ] DEBUG Engine               - class com.almasb.fxgl.net.NetService
20:24:19.256 [FXGL Background Thread 3 ] DEBUG Engine               - class com.almasb.fxgl.app.services.UpdaterService
20:24:19.256 [FXGL Background Thread 3 ] DEBUG Engine               - class com.almasb.fxgl.dev.DevService
20:24:19.312 [FXGL Background Thread 2 ] DEBUG TilesetLoader        - Loading view for layer walls
20:24:19.313 [FXGL Background Thread 2 ] DEBUG TilesetLoader        - Created buffer with size 640.0x640.0
20:24:19.318 [FXGL Background Thread 2 ] DEBUG TilesetLoader        - Loading view for layer side-walls
20:24:19.319 [FXGL Background Thread 2 ] DEBUG TilesetLoader        - Created buffer with size 640.0x640.0
20:24:19.320 [FXGL Background Thread 2 ] DEBUG TMXLevelLoader       - Creating object layer entities
20:24:19.322 [FXGL Background Thread 2 ] DEBUG FXGLAssetLoaderServi - Loading from file system: jar:file:///C:/Users/lucag/IdeaProjects/Dungeon/build/libs/Dungeon-1.0-SNAPSHOT.jar!/assets/textures/door/doors_leaf_open.png
20:24:19.323 [FXGL Background Thread 2 ] DEBUG FXGLAssetLoaderServi - Loading from file system: jar:file:///C:/Users/lucag/IdeaProjects/Dungeon/build/libs/Dungeon-1.0-SNAPSHOT.jar!/assets/textures/door/doors_leaf_closed.png
20:24:19.349 [FXGL Background Thread 2 ] DEBUG FXGLAssetLoaderServi - Loading from file system: jar:file:///C:/Users/lucag/IdeaProjects/Dungeon/build/libs/Dungeon-1.0-SNAPSHOT.jar!/assets/textures/ladder/floor_ladder.png
20:24:19.352 [FXGL Background Thread 2 ] DEBUG FXGLAssetLoaderServi - Loading from file system: jar:file:///C:/Users/lucag/IdeaProjects/Dungeon/build/libs/Dungeon-1.0-SNAPSHOT.jar!/assets/textures/plate/button_red_up.png
20:24:19.354 [FXGL Background Thread 2 ] DEBUG FXGLAssetLoaderServi - Loading from file system: jar:file:///C:/Users/lucag/IdeaProjects/Dungeon/build/libs/Dungeon-1.0-SNAPSHOT.jar!/assets/textures/plate/button_red_down.png
20:24:19.358 [FXGL Background Thread 2 ] DEBUG FXGLAssetLoaderServi - Loading from file system: jar:file:///C:/Users/lucag/IdeaProjects/Dungeon/build/libs/Dungeon-1.0-SNAPSHOT.jar!/assets/textures/plate/button_blue_up.png
20:24:19.358 [FXGL Background Thread 2 ] DEBUG FXGLAssetLoaderServi - Loading from file system: jar:file:///C:/Users/lucag/IdeaProjects/Dungeon/build/libs/Dungeon-1.0-SNAPSHOT.jar!/assets/textures/plate/button_blue_down.png
20:24:19.360 [FXGL Background Thread 2 ] DEBUG FXGLAssetLoaderServi - Loading from file system: jar:file:///C:/Users/lucag/IdeaProjects/Dungeon/build/libs/Dungeon-1.0-SNAPSHOT.jar!/assets/textures/spike/floor_spikes_anim_f0.png
20:24:19.360 [FXGL Background Thread 2 ] DEBUG FXGLAssetLoaderServi - Loading from file system: jar:file:///C:/Users/lucag/IdeaProjects/Dungeon/build/libs/Dungeon-1.0-SNAPSHOT.jar!/assets/textures/spike/floor_spikes_anim_f1.png
20:24:19.361 [FXGL Background Thread 2 ] DEBUG FXGLAssetLoaderServi - Loading from file system: jar:file:///C:/Users/lucag/IdeaProjects/Dungeon/build/libs/Dungeon-1.0-SNAPSHOT.jar!/assets/textures/spike/floor_spikes_anim_f2.png
20:24:19.362 [FXGL Background Thread 2 ] DEBUG FXGLAssetLoaderServi - Loading from file system: jar:file:///C:/Users/lucag/IdeaProjects/Dungeon/build/libs/Dungeon-1.0-SNAPSHOT.jar!/assets/textures/spike/floor_spikes_anim_f3.png
20:24:19.362 [FXGL Background Thread 2 ] DEBUG FXGLAssetLoaderServi - Loading from file system: jar:file:///C:/Users/lucag/IdeaProjects/Dungeon/build/libs/Dungeon-1.0-SNAPSHOT.jar!/assets/textures/spike/floor_spikes_anim_f4.png
20:24:19.363 [FXGL Background Thread 2 ] DEBUG FXGLAssetLoaderServi - Loading from file system: jar:file:///C:/Users/lucag/IdeaProjects/Dungeon/build/libs/Dungeon-1.0-SNAPSHOT.jar!/assets/textures/spike/floor_spikes_anim_f5.png
20:24:19.363 [FXGL Background Thread 2 ] DEBUG FXGLAssetLoaderServi - Loading from file system: jar:file:///C:/Users/lucag/IdeaProjects/Dungeon/build/libs/Dungeon-1.0-SNAPSHOT.jar!/assets/textures/spike/floor_spikes_anim_f6.png
20:24:19.364 [FXGL Background Thread 2 ] DEBUG FXGLAssetLoaderServi - Loading from file system: jar:file:///C:/Users/lucag/IdeaProjects/Dungeon/build/libs/Dungeon-1.0-SNAPSHOT.jar!/assets/textures/spike/floor_spikes_anim_f7.png
20:24:19.365 [FXGL Background Thread 2 ] DEBUG FXGLAssetLoaderServi - Loading from file system: jar:file:///C:/Users/lucag/IdeaProjects/Dungeon/build/libs/Dungeon-1.0-SNAPSHOT.jar!/assets/textures/spike/floor_spikes_danger_anim_f0.png
20:24:19.388 [FXGL Background Thread 2 ] DEBUG FXGLAssetLoaderServi - Loading from file system: jar:file:///C:/Users/lucag/IdeaProjects/Dungeon/build/libs/Dungeon-1.0-SNAPSHOT.jar!/assets/textures/potion/flask_big_green.png
20:24:19.409 [FXGL Background Thread 2 ] DEBUG FXGLAssetLoaderServi - Loading from file system: jar:file:///C:/Users/lucag/IdeaProjects/Dungeon/build/libs/Dungeon-1.0-SNAPSHOT.jar!/assets/textures/plate/button_yellow_up.png
20:24:19.410 [FXGL Background Thread 2 ] DEBUG FXGLAssetLoaderServi - Loading from file system: jar:file:///C:/Users/lucag/IdeaProjects/Dungeon/build/libs/Dungeon-1.0-SNAPSHOT.jar!/assets/textures/plate/button_yellow_down.png
20:24:19.465 [FXGL Background Thread 2 ] DEBUG FXGLAssetLoaderServi - Loading from file system: jar:file:///C:/Users/lucag/IdeaProjects/Dungeon/build/libs/Dungeon-1.0-SNAPSHOT.jar!/assets/textures/hero/knight_m_idle_anim_f0.png
20:24:19.467 [FXGL Background Thread 2 ] DEBUG FXGLAssetLoaderServi - Loading from file system: jar:file:///C:/Users/lucag/IdeaProjects/Dungeon/build/libs/Dungeon-1.0-SNAPSHOT.jar!/assets/textures/hero/knight_m_idle_anim_f1.png
20:24:19.468 [FXGL Background Thread 2 ] DEBUG FXGLAssetLoaderServi - Loading from file system: jar:file:///C:/Users/lucag/IdeaProjects/Dungeon/build/libs/Dungeon-1.0-SNAPSHOT.jar!/assets/textures/hero/knight_m_idle_anim_f2.png
20:24:19.470 [FXGL Background Thread 2 ] DEBUG FXGLAssetLoaderServi - Loading from file system: jar:file:///C:/Users/lucag/IdeaProjects/Dungeon/build/libs/Dungeon-1.0-SNAPSHOT.jar!/assets/textures/hero/knight_m_idle_anim_f3.png
20:24:19.473 [FXGL Background Thread 2 ] DEBUG FXGLAssetLoaderServi - Loading from file system: jar:file:///C:/Users/lucag/IdeaProjects/Dungeon/build/libs/Dungeon-1.0-SNAPSHOT.jar!/assets/textures/hero/knight_f_idle_anim_f0.png
20:24:19.474 [FXGL Background Thread 2 ] DEBUG FXGLAssetLoaderServi - Loading from file system: jar:file:///C:/Users/lucag/IdeaProjects/Dungeon/build/libs/Dungeon-1.0-SNAPSHOT.jar!/assets/textures/hero/knight_f_idle_anim_f1.png
20:24:19.474 [FXGL Background Thread 2 ] DEBUG FXGLAssetLoaderServi - Loading from file system: jar:file:///C:/Users/lucag/IdeaProjects/Dungeon/build/libs/Dungeon-1.0-SNAPSHOT.jar!/assets/textures/hero/knight_f_idle_anim_f2.png
20:24:19.475 [FXGL Background Thread 2 ] DEBUG FXGLAssetLoaderServi - Loading from file system: jar:file:///C:/Users/lucag/IdeaProjects/Dungeon/build/libs/Dungeon-1.0-SNAPSHOT.jar!/assets/textures/hero/knight_f_idle_anim_f3.png
20:24:19.476 [FXGL Background Thread 2 ] DEBUG FXGLAssetLoaderServi - Loading from file system: jar:file:///C:/Users/lucag/IdeaProjects/Dungeon/build/libs/Dungeon-1.0-SNAPSHOT.jar!/assets/textures/hero/knight_f_run_anim_f0.png
20:24:19.476 [FXGL Background Thread 2 ] DEBUG FXGLAssetLoaderServi - Loading from file system: jar:file:///C:/Users/lucag/IdeaProjects/Dungeon/build/libs/Dungeon-1.0-SNAPSHOT.jar!/assets/textures/hero/knight_f_run_anim_f1.png
20:24:19.477 [FXGL Background Thread 2 ] DEBUG FXGLAssetLoaderServi - Loading from file system: jar:file:///C:/Users/lucag/IdeaProjects/Dungeon/build/libs/Dungeon-1.0-SNAPSHOT.jar!/assets/textures/hero/knight_f_run_anim_f2.png
20:24:19.477 [FXGL Background Thread 2 ] DEBUG FXGLAssetLoaderServi - Loading from file system: jar:file:///C:/Users/lucag/IdeaProjects/Dungeon/build/libs/Dungeon-1.0-SNAPSHOT.jar!/assets/textures/hero/knight_f_run_anim_f3.png
20:24:19.478 [FXGL Background Thread 2 ] DEBUG GameWorld            - Clearing removable entities
20:24:19.479 [FXGL Background Thread 2 ] DEBUG GameWorld            - Setting level: com.almasb.fxgl.entity.level.Level@25647397
20:24:19.520 [FXGL Background Thread 2 ] DEBUG FXGLAssetLoaderServi - Loading from file system: jar:file:///C:/Users/lucag/IdeaProjects/Dungeon/build/libs/Dungeon-1.0-SNAPSHOT.jar!/assets/textures/heart/ui_heart_full.png
20:24:19.526 [FXGL Background Thread 2 ] INFO  FXGLApplication      - Game initialization took: 0,549 sec
20:24:19.533 [JavaFX Application Thread] DEBUG Input                - Clearing active input actions
20:24:19.545 [JavaFX Application Thread] DEBUG GameApplicationServi - Removing overlay from MainLoadingScene and adding to GameScene
20:24:19.545 [JavaFX Application Thread] DEBUG PrimaryStageWindow   - MainLoadingScene -> GameScene
20:24:20.160 [JavaFX Application Thread] DEBUG PrimaryStageWindow   - Push state: GameMenu
20:24:20.160 [JavaFX Application Thread] DEBUG Input                - Clearing active input actions
20:24:20.162 [JavaFX Application Thread] DEBUG GameApplicationServi - Removing overlay from GameScene and adding to GameMenu
20:24:20.163 [JavaFX Application Thread] DEBUG PrimaryStageWindow   - GameScene -> GameMenu
20:24:23.521 [JavaFX Application Thread] DEBUG PrimaryStageWindow   - Pop state: GameMenu
20:24:23.521 [JavaFX Application Thread] DEBUG Input                - Clearing active input actions
20:24:23.523 [JavaFX Application Thread] DEBUG GameApplicationServi - Removing overlay from GameMenu and adding to GameScene
20:24:23.523 [JavaFX Application Thread] DEBUG PrimaryStageWindow   - GameScene <- GameMenu
20:24:23.524 [JavaFX Application Thread] DEBUG Input                - Clearing active input actions
20:24:23.538 [JavaFX Application Thread] DEBUG GameApplicationServi - Removing overlay from GameScene and adding to FXGLMainMenuDummyScene
20:24:23.539 [JavaFX Application Thread] DEBUG PrimaryStageWindow   - GameScene -> FXGLMainMenuDummyScene
20:24:23.539 [JavaFX Application Thread] DEBUG PrimaryStageWindow   - Push state: MainMenu
20:24:23.539 [JavaFX Application Thread] DEBUG Input                - Clearing active input actions
20:24:23.539 [JavaFX Application Thread] DEBUG GameApplicationServi - Removing overlay from FXGLMainMenuDummyScene and adding to MainMenu
20:24:23.540 [JavaFX Application Thread] DEBUG PrimaryStageWindow   - FXGLMainMenuDummyScene -> MainMenu
20:24:23.540 [JavaFX Application Thread] DEBUG AudioPlayer          - Stopping music com.almasb.fxgl.audio.Music@12f2d9bc
20:24:23.541 [JavaFX Application Thread] DEBUG AudioPlayer          - Playing music com.almasb.fxgl.audio.Music@6eb5fc0d
20:24:24.618 [JavaFX Application Thread] DEBUG FXGLApplication      - Exiting FXGL
20:24:24.619 [JavaFX Application Thread] DEBUG LoopRunner           - Stopping loop
20:24:24.619 [JavaFX Application Thread] DEBUG SystemBundleService  - Saving FXGL system data
20:24:24.625 [JavaFX Application Thread] DEBUG FileSystemAccess     - Writing to: C:\Users\lucag\IdeaProjects\Dungeon\system\fxgl.bundle
20:24:24.628 [JavaFX Application Thread] DEBUG Async                - Shutting down background threads
20:24:24.628 [JavaFX Application Thread] DEBUG PrimaryStageWindow   - Closing main window
20:24:24.653 [JavaFX Application Thread] DEBUG Logger               - Closing Logger
