11:05:56.493 [main                     ] DEBUG Logger               - Configured Logger
11:05:56.520 [main                     ] DEBUG GameApplication      - Logging settings
Title: Untitled
Version: 0.0
Width: 1280
Height: 720
Fullscreen: false
Intro: false
Profiling: false
Single step:false
App Mode: DEVELOPER
Menu Key: ESCAPE
Stage Style: DECORATED
Scene Factory: class com.lgiacchetta.dungeon.DungeonApp$1

11:05:56.960 [JavaFX Application Thread] DEBUG FXGLApplication      - Initializing FXGL
11:05:56.974 [JavaFX Application Thread] INFO  Engine               - FXGL-17.2 (20.08.2022 16.50) on WINDOWS (J:17.0.6 FX:17.0.2-ea)
11:05:56.975 [JavaFX Application Thread] DEBUG Engine               - JRE Vendor Name: Oracle Corporation
11:05:56.975 [JavaFX Application Thread] DEBUG Engine               - Running on OS: Windows 11 version 10.0
11:05:56.975 [JavaFX Application Thread] DEBUG Engine               - Architecture: amd64
11:05:56.975 [JavaFX Application Thread] INFO  Engine               - Source code and latest versions at: https://github.com/AlmasB/FXGL
11:05:56.975 [JavaFX Application Thread] INFO  Engine               -       Ask questions and discuss at: https://github.com/AlmasB/FXGL/discussions
11:05:56.975 [JavaFX Application Thread] INFO  Engine               -              Join the FXGL chat at: https://gitter.im/AlmasB/FXGL
11:05:57.072 [JavaFX Application Thread] DEBUG PrimaryStageWindow   - Creating a JavaFX scene
11:05:57.119 [JavaFX Application Thread] DEBUG PrimaryStageWindow   - Target settings size: 1280.0 x 720.0
11:05:57.119 [JavaFX Application Thread] DEBUG PrimaryStageWindow   - Scaled scene size:    1280.0 x 720.0
11:05:57.119 [JavaFX Application Thread] DEBUG PrimaryStageWindow   - Scaled ratio: (1.0, 1.0)
11:05:57.120 [JavaFX Application Thread] DEBUG PrimaryStageWindow   - Set initial scene to FXGLStartupScene
11:05:57.128 [JavaFX Application Thread] DEBUG PrimaryStageWindow   - Opening main window
11:05:57.225 [JavaFX Application Thread] DEBUG PrimaryStageWindow   - Window border size: (14.6666259765625, 37.33331298828125)
11:05:57.225 [JavaFX Application Thread] DEBUG PrimaryStageWindow   - Scaled size: 1280.0 x 720.0
11:05:57.225 [JavaFX Application Thread] DEBUG PrimaryStageWindow   - Scaled ratio: (1.0, 1.0)
11:05:57.226 [JavaFX Application Thread] DEBUG PrimaryStageWindow   - Scene size: 1280.0 x 720.0
11:05:57.226 [JavaFX Application Thread] DEBUG PrimaryStageWindow   - Stage size: 1294.6666259765625 x 757.3333129882812
11:05:57.235 [FXGL Background Thread 1 ] DEBUG Engine               - Initializing environment variables
11:05:57.284 [FXGL Background Thread 1 ] DEBUG FXGLAssetLoaderServi - User app class for loading assets: class com.lgiacchetta.dungeon.DungeonApp
11:05:57.285 [FXGL Background Thread 1 ] DEBUG GameApplicationServi - Applying CSS: fxgl_dark.css
11:05:57.286 [FXGL Background Thread 1 ] DEBUG FXGLAssetLoaderServi - Loading from file system: jar:file:///C:/Users/lucag/.gradle/caches/modules-2/files-2.1/com.github.almasb/fxgl/17.2/35db6ae960eec2dcfd19262d3b7f9c42f0e95bc3/fxgl-17.2.jar!/fxglassets/ui/css/fxgl_dark.css
11:05:57.344 [FXGL Background Thread 1 ] DEBUG GameApplicationServi - Initializing application scenes
11:05:57.381 [FXGL Background Thread 1 ] DEBUG FXGLAssetLoaderServi - Loading from file system: jar:file:///C:/Users/lucag/IdeaProjects/Dungeon/build/libs/Dungeon-1.0-SNAPSHOT.jar!/assets/music/melody.wav
11:05:57.756 [FXGL Background Thread 1 ] DEBUG FXGLAssetLoaderServi - Loading from file system: jar:file:///C:/Users/lucag/IdeaProjects/Dungeon/build/libs/Dungeon-1.0-SNAPSHOT.jar!/assets/music/menu.wav
11:05:57.814 [FXGL Background Thread 1 ] DEBUG FXGLAssetLoaderServi - Loading from file system: jar:file:///C:/Users/lucag/IdeaProjects/Dungeon/build/libs/Dungeon-1.0-SNAPSHOT.jar!/assets/textures/orc/boss/ogre_run_anim_f0.png
11:05:57.829 [FXGL Background Thread 1 ] DEBUG FXGLAssetLoaderServi - Loading from file system: jar:file:///C:/Users/lucag/IdeaProjects/Dungeon/build/libs/Dungeon-1.0-SNAPSHOT.jar!/assets/textures/orc/boss/ogre_run_anim_f1.png
11:05:57.831 [FXGL Background Thread 1 ] DEBUG FXGLAssetLoaderServi - Loading from file system: jar:file:///C:/Users/lucag/IdeaProjects/Dungeon/build/libs/Dungeon-1.0-SNAPSHOT.jar!/assets/textures/orc/boss/ogre_run_anim_f2.png
11:05:57.831 [FXGL Background Thread 1 ] DEBUG FXGLAssetLoaderServi - Loading from file system: jar:file:///C:/Users/lucag/IdeaProjects/Dungeon/build/libs/Dungeon-1.0-SNAPSHOT.jar!/assets/textures/orc/boss/ogre_run_anim_f3.png
11:05:57.849 [FXGL Background Thread 1 ] DEBUG FXGLAssetLoaderServi - Loading from file system: jar:file:///C:/Users/lucag/IdeaProjects/Dungeon/build/libs/Dungeon-1.0-SNAPSHOT.jar!/assets/textures/demon/boss/big_demon_run_anim_f0.png
11:05:57.851 [FXGL Background Thread 1 ] DEBUG FXGLAssetLoaderServi - Loading from file system: jar:file:///C:/Users/lucag/IdeaProjects/Dungeon/build/libs/Dungeon-1.0-SNAPSHOT.jar!/assets/textures/demon/boss/big_demon_run_anim_f1.png
11:05:57.851 [FXGL Background Thread 1 ] DEBUG FXGLAssetLoaderServi - Loading from file system: jar:file:///C:/Users/lucag/IdeaProjects/Dungeon/build/libs/Dungeon-1.0-SNAPSHOT.jar!/assets/textures/demon/boss/big_demon_run_anim_f2.png
11:05:57.852 [FXGL Background Thread 1 ] DEBUG FXGLAssetLoaderServi - Loading from file system: jar:file:///C:/Users/lucag/IdeaProjects/Dungeon/build/libs/Dungeon-1.0-SNAPSHOT.jar!/assets/textures/demon/boss/big_demon_run_anim_f3.png
11:05:57.853 [FXGL Background Thread 1 ] DEBUG FXGLAssetLoaderServi - Loading from file system: jar:file:///C:/Users/lucag/IdeaProjects/Dungeon/build/libs/Dungeon-1.0-SNAPSHOT.jar!/assets/textures/undead/boss/big_zombie_run_anim_f0.png
11:05:57.854 [FXGL Background Thread 1 ] DEBUG FXGLAssetLoaderServi - Loading from file system: jar:file:///C:/Users/lucag/IdeaProjects/Dungeon/build/libs/Dungeon-1.0-SNAPSHOT.jar!/assets/textures/undead/boss/big_zombie_run_anim_f1.png
11:05:57.854 [FXGL Background Thread 1 ] DEBUG FXGLAssetLoaderServi - Loading from file system: jar:file:///C:/Users/lucag/IdeaProjects/Dungeon/build/libs/Dungeon-1.0-SNAPSHOT.jar!/assets/textures/undead/boss/big_zombie_run_anim_f2.png
11:05:57.855 [FXGL Background Thread 1 ] DEBUG FXGLAssetLoaderServi - Loading from file system: jar:file:///C:/Users/lucag/IdeaProjects/Dungeon/build/libs/Dungeon-1.0-SNAPSHOT.jar!/assets/textures/undead/boss/big_zombie_run_anim_f3.png
11:05:57.856 [FXGL Background Thread 1 ] DEBUG FXGLAssetLoaderServi - Loading from file system: jar:file:///C:/Users/lucag/IdeaProjects/Dungeon/build/libs/Dungeon-1.0-SNAPSHOT.jar!/assets/textures/hero/knight_m_run_anim_f0.png
11:05:57.857 [FXGL Background Thread 1 ] DEBUG FXGLAssetLoaderServi - Loading from file system: jar:file:///C:/Users/lucag/IdeaProjects/Dungeon/build/libs/Dungeon-1.0-SNAPSHOT.jar!/assets/textures/hero/knight_m_run_anim_f1.png
11:05:57.857 [FXGL Background Thread 1 ] DEBUG FXGLAssetLoaderServi - Loading from file system: jar:file:///C:/Users/lucag/IdeaProjects/Dungeon/build/libs/Dungeon-1.0-SNAPSHOT.jar!/assets/textures/hero/knight_m_run_anim_f2.png
11:05:57.858 [FXGL Background Thread 1 ] DEBUG FXGLAssetLoaderServi - Loading from file system: jar:file:///C:/Users/lucag/IdeaProjects/Dungeon/build/libs/Dungeon-1.0-SNAPSHOT.jar!/assets/textures/hero/knight_m_run_anim_f3.png
11:05:57.860 [FXGL Background Thread 1 ] DEBUG FXGLAssetLoaderServi - Loading from file system: jar:file:///C:/Users/lucag/IdeaProjects/Dungeon/build/libs/Dungeon-1.0-SNAPSHOT.jar!/assets/textures/loading.jpg
11:05:57.897 [FXGL Background Thread 1 ] DEBUG GameWorld            - Game world initialized
11:05:57.949 [FXGL Background Thread 1 ] DEBUG PhysicsWorld         - Physics world initialized: appHeight=720, physics.ppm=50,0
11:05:57.949 [FXGL Background Thread 1 ] DEBUG PhysicsWorld         - Using strategy: BRUTE_FORCE
11:05:57.953 [FXGL Background Thread 1 ] DEBUG GameScene            - Game scene initialized: 1280x720
11:05:57.972 [FXGL Background Thread 1 ] DEBUG GameApplicationServi - Application scenes initialized
11:05:57.984 [FXGL Background Thread 1 ] DEBUG SystemBundleService  - Loading FXGL system data
11:05:57.990 [FXGL Background Thread 1 ] DEBUG FileSystemAccess     - Reading from: C:\Users\lucag\IdeaProjects\Dungeon\system\fxgl.bundle
11:05:58.001 [FXGL Background Thread 1 ] DEBUG SystemBundleService  - Bundle FXGL: {}
11:05:58.001 [FXGL Background Thread 1 ] DEBUG UpdaterService       - Checking for updates
11:05:58.014 [FXGL Background Thread 4 ] DEBUG FXGLApplication      - Loading fonts
11:05:58.014 [FXGL Background Thread 4 ] DEBUG FXGLAssetLoaderServi - Loading from file system: jar:file:///C:/Users/lucag/IdeaProjects/Dungeon/build/libs/Dungeon-1.0-SNAPSHOT.jar!/assets/ui/fonts/alagard.ttf
11:05:58.014 [FXGL Background Thread 1 ] DEBUG FXGLApplication      - Loading default localization
11:05:58.014 [FXGL Background Thread 1 ] DEBUG FXGLAssetLoaderServi - Loading from file system: jar:file:///C:/Users/lucag/.gradle/caches/modules-2/files-2.1/com.github.almasb/fxgl/17.2/35db6ae960eec2dcfd19262d3b7f9c42f0e95bc3/fxgl-17.2.jar!/fxglassets/languages/english.lang
11:05:58.045 [FXGL Background Thread 1 ] INFO  FXGLApplication      - FXGL initialization took: 0,810 sec
11:05:58.058 [JavaFX Application Thread] DEBUG Input                - Registered new binding: Up1 - W
11:05:58.059 [JavaFX Application Thread] DEBUG Input                - Registered new binding: Left1 - A
11:05:58.059 [JavaFX Application Thread] DEBUG Input                - Registered new binding: Down1 - S
11:05:58.059 [JavaFX Application Thread] DEBUG Input                - Registered new binding: Right1 - D
11:05:58.059 [JavaFX Application Thread] DEBUG Input                - Registered new binding: Up2 - Up
11:05:58.060 [JavaFX Application Thread] DEBUG Input                - Registered new binding: Left2 - Left
11:05:58.060 [JavaFX Application Thread] DEBUG Input                - Registered new binding: Down2 - Down
11:05:58.060 [JavaFX Application Thread] DEBUG Input                - Registered new binding: Right2 - Right
11:05:58.061 [JavaFX Application Thread] DEBUG AudioPlayer          - Playing music com.almasb.fxgl.audio.Music@34a36de3
11:05:58.080 [JavaFX Application Thread] DEBUG FXGLAssetLoaderServi - Loading from file system: jar:file:///C:/Users/lucag/.gradle/caches/modules-2/files-2.1/com.github.almasb/fxgl/17.2/35db6ae960eec2dcfd19262d3b7f9c42f0e95bc3/fxgl-17.2.jar!/fxglassets/textures/fxgl_icon.png
11:05:58.111 [JavaFX Application Thread] DEBUG FXGLAssetLoaderServi - Loading from file system: jar:file:///C:/Users/lucag/IdeaProjects/Dungeon/build/libs/Dungeon-1.0-SNAPSHOT.jar!/assets/textures/cursor.png
11:05:58.113 [JavaFX Application Thread] DEBUG Input                - Registered new binding: Screenshot - CTRL+8
11:05:58.114 [JavaFX Application Thread] DEBUG Input                - Registered new binding: System info dump - CTRL+9
11:05:58.114 [JavaFX Application Thread] DEBUG Input                - Registered new binding: Restart - CTRL+R
11:05:58.116 [JavaFX Application Thread] DEBUG Input                - Registered new binding: Toggle Debug Camera - CTRL+7
11:05:58.119 [JavaFX Application Thread] DEBUG LoopRunner           - Starting loop
11:05:58.119 [JavaFX Application Thread] DEBUG LoopRunner           - Initializing JavaFX AnimationTimerLoop
11:05:58.124 [JavaFX Application Thread] DEBUG Input                - Clearing active input actions
11:05:58.133 [JavaFX Application Thread] DEBUG GameApplicationServi - Removing overlay from FXGLStartupScene and adding to FXGLMainMenuDummyScene
11:05:58.133 [JavaFX Application Thread] DEBUG PrimaryStageWindow   - FXGLStartupScene -> FXGLMainMenuDummyScene
11:05:58.134 [JavaFX Application Thread] DEBUG PrimaryStageWindow   - Push state: MainMenu
11:05:58.134 [JavaFX Application Thread] DEBUG Input                - Clearing active input actions
11:05:58.139 [JavaFX Application Thread] DEBUG GameApplicationServi - Removing overlay from FXGLMainMenuDummyScene and adding to MainMenu
11:05:58.139 [JavaFX Application Thread] DEBUG PrimaryStageWindow   - FXGLMainMenuDummyScene -> MainMenu
11:05:58.142 [JavaFX Application Thread] DEBUG FXGLApplication      - Registering font factories with UI factory
11:05:58.582 [FXGL Background Thread 2 ] INFO  UpdaterService       - Your current version:  17.2
11:05:58.582 [FXGL Background Thread 2 ] INFO  UpdaterService       - Latest stable version: 17.3
11:06:00.245 [JavaFX Application Thread] DEBUG Menu                 - fireNewGame()
11:06:00.245 [JavaFX Application Thread] DEBUG GameApplicationServi - Starting new game
11:06:00.245 [JavaFX Application Thread] DEBUG PrimaryStageWindow   - Pop state: MainMenu
11:06:00.245 [JavaFX Application Thread] DEBUG Input                - Clearing active input actions
11:06:00.245 [JavaFX Application Thread] DEBUG GameApplicationServi - Removing overlay from MainMenu and adding to FXGLMainMenuDummyScene
11:06:00.247 [JavaFX Application Thread] DEBUG PrimaryStageWindow   - FXGLMainMenuDummyScene <- MainMenu
11:06:00.247 [JavaFX Application Thread] DEBUG Input                - Clearing active input actions
11:06:00.255 [JavaFX Application Thread] DEBUG GameApplicationServi - Removing overlay from FXGLMainMenuDummyScene and adding to MainLoadingScene
11:06:00.256 [JavaFX Application Thread] DEBUG PrimaryStageWindow   - FXGLMainMenuDummyScene -> MainLoadingScene
11:06:00.256 [JavaFX Application Thread] DEBUG GameApplicationServi - Clearing previous game
11:06:00.256 [JavaFX Application Thread] DEBUG GameScene            - Clearing game scene
11:06:00.257 [JavaFX Application Thread] DEBUG GameWorld            - Clearing game world
11:06:00.257 [JavaFX Application Thread] DEBUG PhysicsWorld         - Clearing physics world
11:06:00.258 [FXGL Background Thread 2 ] DEBUG FXGLApplication      - Initializing game
11:06:00.265 [FXGL Background Thread 2 ] DEBUG AudioPlayer          - Stopping music com.almasb.fxgl.audio.Music@34a36de3
11:06:00.301 [FXGL Background Thread 2 ] DEBUG AudioPlayer          - Playing music com.almasb.fxgl.audio.Music@20d0cfa9
11:06:00.339 [FXGL Background Thread 2 ] WARN  TMXLevelLoader       - TiledMap generated from 1.10.1. Supported version: 1.9.0. Some features may not be parsed fully.
11:06:00.375 [FXGL Background Thread 2 ] DEBUG TMXLevelLoader       - Parsed TiledMap: jar:file:///C:/Users/lucag/IdeaProjects/Dungeon/build/libs/Dungeon-1.0-SNAPSHOT.jar!/assets/levels/tmx/level0.tmx
11:06:00.377 [FXGL Background Thread 2 ] DEBUG TMXLevelLoader       - Creating tile layer entities
11:06:00.379 [FXGL Background Thread 2 ] DEBUG TilesetLoader        - Loading view for layer floor
11:06:00.380 [FXGL Background Thread 2 ] DEBUG TilesetLoader        - Created buffer with size 640.0x640.0
11:06:00.537 [FXGL Background Thread 2 ] DEBUG TilesetLoader        - Loading view for layer walls
11:06:00.537 [FXGL Background Thread 2 ] DEBUG TilesetLoader        - Created buffer with size 640.0x640.0
11:06:00.539 [FXGL Background Thread 2 ] DEBUG TilesetLoader        - Loading view for layer side-walls
11:06:00.539 [FXGL Background Thread 2 ] DEBUG TilesetLoader        - Created buffer with size 640.0x640.0
11:06:00.540 [FXGL Background Thread 2 ] DEBUG TMXLevelLoader       - Creating object layer entities
11:06:00.541 [FXGL Background Thread 2 ] DEBUG FXGLAssetLoaderServi - Loading from file system: jar:file:///C:/Users/lucag/IdeaProjects/Dungeon/build/libs/Dungeon-1.0-SNAPSHOT.jar!/assets/textures/door/doors_leaf_open.png
11:06:00.542 [FXGL Background Thread 2 ] DEBUG FXGLAssetLoaderServi - Loading from file system: jar:file:///C:/Users/lucag/IdeaProjects/Dungeon/build/libs/Dungeon-1.0-SNAPSHOT.jar!/assets/textures/door/doors_leaf_closed.png
11:06:00.557 [FXGL Background Thread 2 ] DEBUG FXGLAssetLoaderServi - Loading from file system: jar:file:///C:/Users/lucag/IdeaProjects/Dungeon/build/libs/Dungeon-1.0-SNAPSHOT.jar!/assets/textures/ladder/floor_ladder.png
11:06:00.559 [FXGL Background Thread 2 ] DEBUG FXGLAssetLoaderServi - Loading from file system: jar:file:///C:/Users/lucag/IdeaProjects/Dungeon/build/libs/Dungeon-1.0-SNAPSHOT.jar!/assets/textures/plate/button_red_up.png
11:06:00.559 [FXGL Background Thread 2 ] DEBUG FXGLAssetLoaderServi - Loading from file system: jar:file:///C:/Users/lucag/IdeaProjects/Dungeon/build/libs/Dungeon-1.0-SNAPSHOT.jar!/assets/textures/plate/button_red_down.png
11:06:00.561 [FXGL Background Thread 2 ] DEBUG FXGLAssetLoaderServi - Loading from file system: jar:file:///C:/Users/lucag/IdeaProjects/Dungeon/build/libs/Dungeon-1.0-SNAPSHOT.jar!/assets/textures/plate/button_blue_up.png
11:06:00.562 [FXGL Background Thread 2 ] DEBUG FXGLAssetLoaderServi - Loading from file system: jar:file:///C:/Users/lucag/IdeaProjects/Dungeon/build/libs/Dungeon-1.0-SNAPSHOT.jar!/assets/textures/plate/button_blue_down.png
11:06:00.565 [FXGL Background Thread 2 ] DEBUG FXGLAssetLoaderServi - Loading from file system: jar:file:///C:/Users/lucag/IdeaProjects/Dungeon/build/libs/Dungeon-1.0-SNAPSHOT.jar!/assets/textures/spike/floor_spikes_anim_f0.png
11:06:00.565 [FXGL Background Thread 2 ] DEBUG FXGLAssetLoaderServi - Loading from file system: jar:file:///C:/Users/lucag/IdeaProjects/Dungeon/build/libs/Dungeon-1.0-SNAPSHOT.jar!/assets/textures/spike/floor_spikes_anim_f1.png
11:06:00.566 [FXGL Background Thread 2 ] DEBUG FXGLAssetLoaderServi - Loading from file system: jar:file:///C:/Users/lucag/IdeaProjects/Dungeon/build/libs/Dungeon-1.0-SNAPSHOT.jar!/assets/textures/spike/floor_spikes_anim_f2.png
11:06:00.566 [FXGL Background Thread 2 ] DEBUG FXGLAssetLoaderServi - Loading from file system: jar:file:///C:/Users/lucag/IdeaProjects/Dungeon/build/libs/Dungeon-1.0-SNAPSHOT.jar!/assets/textures/spike/floor_spikes_anim_f3.png
11:06:00.567 [FXGL Background Thread 2 ] DEBUG FXGLAssetLoaderServi - Loading from file system: jar:file:///C:/Users/lucag/IdeaProjects/Dungeon/build/libs/Dungeon-1.0-SNAPSHOT.jar!/assets/textures/spike/floor_spikes_anim_f4.png
11:06:00.568 [FXGL Background Thread 2 ] DEBUG FXGLAssetLoaderServi - Loading from file system: jar:file:///C:/Users/lucag/IdeaProjects/Dungeon/build/libs/Dungeon-1.0-SNAPSHOT.jar!/assets/textures/spike/floor_spikes_anim_f5.png
11:06:00.568 [FXGL Background Thread 2 ] DEBUG FXGLAssetLoaderServi - Loading from file system: jar:file:///C:/Users/lucag/IdeaProjects/Dungeon/build/libs/Dungeon-1.0-SNAPSHOT.jar!/assets/textures/spike/floor_spikes_anim_f6.png
11:06:00.570 [FXGL Background Thread 2 ] DEBUG FXGLAssetLoaderServi - Loading from file system: jar:file:///C:/Users/lucag/IdeaProjects/Dungeon/build/libs/Dungeon-1.0-SNAPSHOT.jar!/assets/textures/spike/floor_spikes_anim_f7.png
11:06:00.570 [FXGL Background Thread 2 ] DEBUG FXGLAssetLoaderServi - Loading from file system: jar:file:///C:/Users/lucag/IdeaProjects/Dungeon/build/libs/Dungeon-1.0-SNAPSHOT.jar!/assets/textures/spike/floor_spikes_danger_anim_f0.png
11:06:00.582 [FXGL Background Thread 2 ] DEBUG FXGLAssetLoaderServi - Loading from file system: jar:file:///C:/Users/lucag/IdeaProjects/Dungeon/build/libs/Dungeon-1.0-SNAPSHOT.jar!/assets/textures/potion/flask_big_green.png
11:06:00.594 [FXGL Background Thread 2 ] DEBUG FXGLAssetLoaderServi - Loading from file system: jar:file:///C:/Users/lucag/IdeaProjects/Dungeon/build/libs/Dungeon-1.0-SNAPSHOT.jar!/assets/textures/plate/button_yellow_up.png
11:06:00.594 [FXGL Background Thread 2 ] DEBUG FXGLAssetLoaderServi - Loading from file system: jar:file:///C:/Users/lucag/IdeaProjects/Dungeon/build/libs/Dungeon-1.0-SNAPSHOT.jar!/assets/textures/plate/button_yellow_down.png
11:06:00.631 [FXGL Background Thread 2 ] DEBUG FXGLAssetLoaderServi - Loading from file system: jar:file:///C:/Users/lucag/IdeaProjects/Dungeon/build/libs/Dungeon-1.0-SNAPSHOT.jar!/assets/textures/hero/knight_m_idle_anim_f0.png
11:06:00.632 [FXGL Background Thread 2 ] DEBUG FXGLAssetLoaderServi - Loading from file system: jar:file:///C:/Users/lucag/IdeaProjects/Dungeon/build/libs/Dungeon-1.0-SNAPSHOT.jar!/assets/textures/hero/knight_m_idle_anim_f1.png
11:06:00.633 [FXGL Background Thread 2 ] DEBUG FXGLAssetLoaderServi - Loading from file system: jar:file:///C:/Users/lucag/IdeaProjects/Dungeon/build/libs/Dungeon-1.0-SNAPSHOT.jar!/assets/textures/hero/knight_m_idle_anim_f2.png
11:06:00.634 [FXGL Background Thread 2 ] DEBUG FXGLAssetLoaderServi - Loading from file system: jar:file:///C:/Users/lucag/IdeaProjects/Dungeon/build/libs/Dungeon-1.0-SNAPSHOT.jar!/assets/textures/hero/knight_m_idle_anim_f3.png
11:06:00.637 [FXGL Background Thread 2 ] DEBUG FXGLAssetLoaderServi - Loading from file system: jar:file:///C:/Users/lucag/IdeaProjects/Dungeon/build/libs/Dungeon-1.0-SNAPSHOT.jar!/assets/textures/hero/knight_f_idle_anim_f0.png
11:06:00.638 [FXGL Background Thread 2 ] DEBUG FXGLAssetLoaderServi - Loading from file system: jar:file:///C:/Users/lucag/IdeaProjects/Dungeon/build/libs/Dungeon-1.0-SNAPSHOT.jar!/assets/textures/hero/knight_f_idle_anim_f1.png
11:06:00.638 [FXGL Background Thread 2 ] DEBUG FXGLAssetLoaderServi - Loading from file system: jar:file:///C:/Users/lucag/IdeaProjects/Dungeon/build/libs/Dungeon-1.0-SNAPSHOT.jar!/assets/textures/hero/knight_f_idle_anim_f2.png
11:06:00.639 [FXGL Background Thread 2 ] DEBUG FXGLAssetLoaderServi - Loading from file system: jar:file:///C:/Users/lucag/IdeaProjects/Dungeon/build/libs/Dungeon-1.0-SNAPSHOT.jar!/assets/textures/hero/knight_f_idle_anim_f3.png
11:06:00.640 [FXGL Background Thread 2 ] DEBUG FXGLAssetLoaderServi - Loading from file system: jar:file:///C:/Users/lucag/IdeaProjects/Dungeon/build/libs/Dungeon-1.0-SNAPSHOT.jar!/assets/textures/hero/knight_f_run_anim_f0.png
11:06:00.640 [FXGL Background Thread 2 ] DEBUG FXGLAssetLoaderServi - Loading from file system: jar:file:///C:/Users/lucag/IdeaProjects/Dungeon/build/libs/Dungeon-1.0-SNAPSHOT.jar!/assets/textures/hero/knight_f_run_anim_f1.png
11:06:00.641 [FXGL Background Thread 2 ] DEBUG FXGLAssetLoaderServi - Loading from file system: jar:file:///C:/Users/lucag/IdeaProjects/Dungeon/build/libs/Dungeon-1.0-SNAPSHOT.jar!/assets/textures/hero/knight_f_run_anim_f2.png
11:06:00.641 [FXGL Background Thread 2 ] DEBUG FXGLAssetLoaderServi - Loading from file system: jar:file:///C:/Users/lucag/IdeaProjects/Dungeon/build/libs/Dungeon-1.0-SNAPSHOT.jar!/assets/textures/hero/knight_f_run_anim_f3.png
11:06:00.644 [FXGL Background Thread 2 ] DEBUG GameWorld            - Clearing removable entities
11:06:00.644 [FXGL Background Thread 2 ] DEBUG GameWorld            - Setting level: com.almasb.fxgl.entity.level.Level@771c8ffe
11:06:00.678 [FXGL Background Thread 2 ] DEBUG FXGLAssetLoaderServi - Loading from file system: jar:file:///C:/Users/lucag/IdeaProjects/Dungeon/build/libs/Dungeon-1.0-SNAPSHOT.jar!/assets/textures/heart/ui_heart_full.png
11:06:00.687 [FXGL Background Thread 2 ] INFO  FXGLApplication      - Game initialization took: 0,429 sec
11:06:00.696 [JavaFX Application Thread] DEBUG Input                - Clearing active input actions
11:06:00.709 [JavaFX Application Thread] DEBUG GameApplicationServi - Removing overlay from MainLoadingScene and adding to GameScene
11:06:00.709 [JavaFX Application Thread] DEBUG PrimaryStageWindow   - MainLoadingScene -> GameScene
11:06:01.012 [FXGL Background Thread 3 ] DEBUG Engine               - Logging environment variables
11:06:01.013 [FXGL Background Thread 3 ] DEBUG Engine               - achievements: []
11:06:01.013 [FXGL Background Thread 3 ] DEBUG Engine               - actualHeight: 720.0
11:06:01.013 [FXGL Background Thread 3 ] DEBUG Engine               - actualHeightProperty: ReadOnlyDoubleProperty [value: 720.0]
11:06:01.014 [FXGL Background Thread 3 ] DEBUG Engine               - actualWidth: 1280.0
11:06:01.014 [FXGL Background Thread 3 ] DEBUG Engine               - actualWidthProperty: ReadOnlyDoubleProperty [value: 1280.0]
11:06:01.014 [FXGL Background Thread 3 ] DEBUG Engine               - appIcon: fxgl_icon.png
11:06:01.014 [FXGL Background Thread 3 ] DEBUG Engine               - applicationMode: DEVELOPER
11:06:01.014 [FXGL Background Thread 3 ] DEBUG Engine               - cSSList: [fxgl_dark.css]
11:06:01.015 [FXGL Background Thread 3 ] DEBUG Engine               - collisionDetectionStrategy: BRUTE_FORCE
11:06:01.015 [FXGL Background Thread 3 ] DEBUG Engine               - configClass: Optional.empty
11:06:01.015 [FXGL Background Thread 3 ] DEBUG Engine               - credits: []
11:06:01.019 [FXGL Background Thread 3 ] DEBUG Engine               - defaultCursor: CursorInfo(imageName=cursor.png, hotspotX=5.0, hotspotY=3.0)
11:06:01.020 [FXGL Background Thread 3 ] DEBUG Engine               - devBBoxColorProperty: ObjectProperty [value: 0xff0000ff]
11:06:01.020 [FXGL Background Thread 3 ] DEBUG Engine               - devEnableDebugCameraProperty: BooleanProperty [value: false]
11:06:01.020 [FXGL Background Thread 3 ] DEBUG Engine               - devSensorColorProperty: ObjectProperty [value: 0xffff00ff]
11:06:01.020 [FXGL Background Thread 3 ] DEBUG Engine               - devShowBBoxProperty: BooleanProperty [value: false]
11:06:01.020 [FXGL Background Thread 3 ] DEBUG Engine               - devShowPositionProperty: BooleanProperty [value: false]
11:06:01.021 [FXGL Background Thread 3 ] DEBUG Engine               - enabledMenuItems: []
11:06:01.021 [FXGL Background Thread 3 ] DEBUG Engine               - engineServices: [class com.almasb.fxgl.app.services.FXGLAssetLoaderService, class com.almasb.fxgl.app.FXGLApplication$GameApplicationService, class com.almasb.fxgl.app.services.FXGLDialogService, class com.almasb.fxgl.app.services.IOTaskExecutorService, class com.almasb.fxgl.io.FileSystemService, class com.almasb.fxgl.localization.LocalizationService, class com.almasb.fxgl.app.services.SystemBundleService, class com.almasb.fxgl.profile.SaveLoadService, class com.almasb.fxgl.ui.FXGLUIFactoryServiceProvider, class com.almasb.fxgl.ui.FXGLDialogFactoryServiceProvider, class com.almasb.fxgl.audio.AudioPlayer, class com.almasb.fxgl.notification.impl.NotificationServiceProvider, class com.almasb.fxgl.achievement.AchievementService, class com.almasb.fxgl.cutscene.CutsceneService, class com.almasb.fxgl.minigames.MiniGameService, class com.almasb.fxgl.net.NetService, class com.almasb.fxgl.app.services.UpdaterService, class com.almasb.fxgl.dev.DevService]
11:06:01.021 [FXGL Background Thread 3 ] DEBUG Engine               - fontGame: alagard.ttf
11:06:01.021 [FXGL Background Thread 3 ] DEBUG Engine               - fontMono: alagard.ttf
11:06:01.021 [FXGL Background Thread 3 ] DEBUG Engine               - fontText: alagard.ttf
11:06:01.021 [FXGL Background Thread 3 ] DEBUG Engine               - fontUI: alagard.ttf
11:06:01.021 [FXGL Background Thread 3 ] DEBUG Engine               - fullScreen: BooleanProperty [value: false]
11:06:01.021 [FXGL Background Thread 3 ] DEBUG Engine               - gameDifficulty: MEDIUM
11:06:01.022 [FXGL Background Thread 3 ] DEBUG Engine               - gameDifficultyProperty: ObjectProperty [value: MEDIUM]
11:06:01.022 [FXGL Background Thread 3 ] DEBUG Engine               - globalMusicVolume: 0.5
11:06:01.022 [FXGL Background Thread 3 ] DEBUG Engine               - globalMusicVolumeProperty: DoubleProperty [value: 0.5]
11:06:01.022 [FXGL Background Thread 3 ] DEBUG Engine               - globalSoundVolume: 0.5
11:06:01.022 [FXGL Background Thread 3 ] DEBUG Engine               - globalSoundVolumeProperty: DoubleProperty [value: 0.5]
11:06:01.022 [FXGL Background Thread 3 ] DEBUG Engine               - height: 720
11:06:01.022 [FXGL Background Thread 3 ] DEBUG Engine               - is3D: false
11:06:01.022 [FXGL Background Thread 3 ] DEBUG Engine               - isAndroid: false
11:06:01.023 [FXGL Background Thread 3 ] DEBUG Engine               - isBrowser: false
11:06:01.023 [FXGL Background Thread 3 ] DEBUG Engine               - isClickFeedbackEnabled: false
11:06:01.023 [FXGL Background Thread 3 ] DEBUG Engine               - isCloseConfirmation: false
11:06:01.023 [FXGL Background Thread 3 ] DEBUG Engine               - isDesktop: true
11:06:01.023 [FXGL Background Thread 3 ] DEBUG Engine               - isDeveloperMenuEnabled: false
11:06:01.023 [FXGL Background Thread 3 ] DEBUG Engine               - isEmbedded: false
11:06:01.023 [FXGL Background Thread 3 ] DEBUG Engine               - isEntityPreloadEnabled: true
11:06:01.023 [FXGL Background Thread 3 ] DEBUG Engine               - isExperimentalTiledLargeMap: false
11:06:01.023 [FXGL Background Thread 3 ] DEBUG Engine               - isFileSystemWriteAllowed: true
11:06:01.024 [FXGL Background Thread 3 ] DEBUG Engine               - isFullScreenAllowed: false
11:06:01.024 [FXGL Background Thread 3 ] DEBUG Engine               - isFullScreenFromStart: false
11:06:01.024 [FXGL Background Thread 3 ] DEBUG Engine               - isGameMenuEnabled: true
11:06:01.024 [FXGL Background Thread 3 ] DEBUG Engine               - isIOS: false
11:06:01.024 [FXGL Background Thread 3 ] DEBUG Engine               - isIntroEnabled: false
11:06:01.024 [FXGL Background Thread 3 ] DEBUG Engine               - isLinux: false
11:06:01.024 [FXGL Background Thread 3 ] DEBUG Engine               - isMac: false
11:06:01.024 [FXGL Background Thread 3 ] DEBUG Engine               - isMainMenuEnabled: true
11:06:01.024 [FXGL Background Thread 3 ] DEBUG Engine               - isManualResizeEnabled: false
11:06:01.024 [FXGL Background Thread 3 ] DEBUG Engine               - isMobile: false
11:06:01.025 [FXGL Background Thread 3 ] DEBUG Engine               - isNative: false
11:06:01.025 [FXGL Background Thread 3 ] DEBUG Engine               - isPauseMusicWhenMinimized: true
11:06:01.025 [FXGL Background Thread 3 ] DEBUG Engine               - isPreserveResizeRatio: false
11:06:01.025 [FXGL Background Thread 3 ] DEBUG Engine               - isProfilingEnabled: false
11:06:01.025 [FXGL Background Thread 3 ] DEBUG Engine               - isScaleAffectedOnResize: true
11:06:01.025 [FXGL Background Thread 3 ] DEBUG Engine               - isSingleStep: false
11:06:01.025 [FXGL Background Thread 3 ] DEBUG Engine               - isUserProfileEnabled: false
11:06:01.025 [FXGL Background Thread 3 ] DEBUG Engine               - isWindows: true
11:06:01.025 [FXGL Background Thread 3 ] DEBUG Engine               - language: ObjectProperty [value: ENGLISH]
11:06:01.025 [FXGL Background Thread 3 ] DEBUG Engine               - menuKey: ESCAPE
11:06:01.025 [FXGL Background Thread 3 ] DEBUG Engine               - mouseSensitivity: 0.2
11:06:01.025 [FXGL Background Thread 3 ] DEBUG Engine               - notificationViewClass: class com.almasb.fxgl.notification.view.XboxNotificationView
11:06:01.025 [FXGL Background Thread 3 ] DEBUG Engine               - pixelsPerMeter: 50.0
11:06:01.025 [FXGL Background Thread 3 ] DEBUG Engine               - platform: WINDOWS
11:06:01.025 [FXGL Background Thread 3 ] DEBUG Engine               - prefHeightProperty: ReadOnlyDoubleProperty [value: 720.0]
11:06:01.026 [FXGL Background Thread 3 ] DEBUG Engine               - prefWidthProperty: ReadOnlyDoubleProperty [value: 1280.0]
11:06:01.026 [FXGL Background Thread 3 ] DEBUG Engine               - profileDir: profiles/
11:06:01.026 [FXGL Background Thread 3 ] DEBUG Engine               - profileName: StringProperty [value: DEFAULT]
11:06:01.026 [FXGL Background Thread 3 ] DEBUG Engine               - randomSeed: -1
11:06:01.026 [FXGL Background Thread 3 ] DEBUG Engine               - runtimeInfo: RuntimeInfo(platform=WINDOWS, version=17.2, build=20.08.2022 16.50)
11:06:01.027 [FXGL Background Thread 3 ] DEBUG Engine               - saveFileExt: sav
11:06:01.027 [FXGL Background Thread 3 ] DEBUG Engine               - scaledHeightProp$fxgl: DoubleProperty [bound, value: 720.0]
11:06:01.027 [FXGL Background Thread 3 ] DEBUG Engine               - scaledWidthProp$fxgl: DoubleProperty [bound, value: 1280.0]
11:06:01.027 [FXGL Background Thread 3 ] DEBUG Engine               - sceneFactory: com.lgiacchetta.dungeon.DungeonApp$1@4da418e
11:06:01.027 [FXGL Background Thread 3 ] DEBUG Engine               - secondsIn24h: 60
11:06:01.027 [FXGL Background Thread 3 ] DEBUG Engine               - soundMenuBack: menu/back.wav
11:06:01.027 [FXGL Background Thread 3 ] DEBUG Engine               - soundMenuPress: menu/press.wav
11:06:01.027 [FXGL Background Thread 3 ] DEBUG Engine               - soundMenuSelect: menu/select.wav
11:06:01.027 [FXGL Background Thread 3 ] DEBUG Engine               - soundNotification: core/notification.wav
11:06:01.028 [FXGL Background Thread 3 ] DEBUG Engine               - stageStyle: DECORATED
11:06:01.028 [FXGL Background Thread 3 ] DEBUG Engine               - supportedLanguages: [ENGLISH, FRENCH, GERMAN, HUNGARIAN, RUSSIAN]
11:06:01.028 [FXGL Background Thread 3 ] DEBUG Engine               - ticksPerSecond: -1
11:06:01.028 [FXGL Background Thread 3 ] DEBUG Engine               - title: Untitled
11:06:01.028 [FXGL Background Thread 3 ] DEBUG Engine               - urlGithub: https://github.com/AlmasB/FXGL
11:06:01.028 [FXGL Background Thread 3 ] DEBUG Engine               - urlLeaderboard: http://fxgl-top.herokuapp.com/
11:06:01.028 [FXGL Background Thread 3 ] DEBUG Engine               - urlPOM: https://raw.githubusercontent.com/AlmasB/FXGL/release/README.md
11:06:01.028 [FXGL Background Thread 3 ] DEBUG Engine               - userAppClass: class com.lgiacchetta.dungeon.DungeonApp
11:06:01.029 [FXGL Background Thread 3 ] DEBUG Engine               - version: 0.0
11:06:01.029 [FXGL Background Thread 3 ] DEBUG Engine               - versionCheckDays: 7
11:06:01.029 [FXGL Background Thread 3 ] DEBUG Engine               - width: 1280
11:06:01.029 [FXGL Background Thread 3 ] DEBUG Engine               - Logging services
11:06:01.029 [FXGL Background Thread 3 ] DEBUG Engine               - class com.almasb.fxgl.app.services.FXGLAssetLoaderService
11:06:01.029 [FXGL Background Thread 3 ] DEBUG Engine               - class com.almasb.fxgl.app.FXGLApplication$GameApplicationService
11:06:01.029 [FXGL Background Thread 3 ] DEBUG Engine               - class com.almasb.fxgl.app.services.FXGLDialogService
11:06:01.029 [FXGL Background Thread 3 ] DEBUG Engine               - class com.almasb.fxgl.app.services.IOTaskExecutorService
11:06:01.030 [FXGL Background Thread 3 ] DEBUG Engine               - class com.almasb.fxgl.io.FileSystemService
11:06:01.030 [FXGL Background Thread 3 ] DEBUG Engine               - class com.almasb.fxgl.localization.LocalizationService
11:06:01.030 [FXGL Background Thread 3 ] DEBUG Engine               - class com.almasb.fxgl.app.services.SystemBundleService
11:06:01.030 [FXGL Background Thread 3 ] DEBUG Engine               - class com.almasb.fxgl.profile.SaveLoadService
11:06:01.030 [FXGL Background Thread 3 ] DEBUG Engine               - class com.almasb.fxgl.ui.FXGLUIFactoryServiceProvider
11:06:01.030 [FXGL Background Thread 3 ] DEBUG Engine               - class com.almasb.fxgl.ui.FXGLDialogFactoryServiceProvider
11:06:01.030 [FXGL Background Thread 3 ] DEBUG Engine               - class com.almasb.fxgl.audio.AudioPlayer
11:06:01.030 [FXGL Background Thread 3 ] DEBUG Engine               - class com.almasb.fxgl.notification.impl.NotificationServiceProvider
11:06:01.031 [FXGL Background Thread 3 ] DEBUG Engine               - class com.almasb.fxgl.achievement.AchievementService
11:06:01.031 [FXGL Background Thread 3 ] DEBUG Engine               - class com.almasb.fxgl.cutscene.CutsceneService
11:06:01.031 [FXGL Background Thread 3 ] DEBUG Engine               - class com.almasb.fxgl.minigames.MiniGameService
11:06:01.031 [FXGL Background Thread 3 ] DEBUG Engine               - class com.almasb.fxgl.net.NetService
11:06:01.031 [FXGL Background Thread 3 ] DEBUG Engine               - class com.almasb.fxgl.app.services.UpdaterService
11:06:01.031 [FXGL Background Thread 3 ] DEBUG Engine               - class com.almasb.fxgl.dev.DevService
11:06:02.082 [JavaFX Application Thread] DEBUG FXGLAssetLoaderServi - Loading from file system: jar:file:///C:/Users/lucag/IdeaProjects/Dungeon/build/libs/Dungeon-1.0-SNAPSHOT.jar!/assets/sounds/door-open.wav
11:06:04.670 [JavaFX Application Thread] DEBUG FXGLAssetLoaderServi - Loading from file system: jar:file:///C:/Users/lucag/IdeaProjects/Dungeon/build/libs/Dungeon-1.0-SNAPSHOT.jar!/assets/sounds/spike.wav
11:06:06.368 [JavaFX Application Thread] DEBUG FXGLAssetLoaderServi - Loading from file system: jar:file:///C:/Users/lucag/IdeaProjects/Dungeon/build/libs/Dungeon-1.0-SNAPSHOT.jar!/assets/sounds/ladder.wav
11:06:12.111 [JavaFX Application Thread] DEBUG FXGLAssetLoaderServi - Loading from file system: jar:file:///C:/Users/lucag/IdeaProjects/Dungeon/build/libs/Dungeon-1.0-SNAPSHOT.jar!/assets/textures/heart/ui_heart_half.png
11:06:12.115 [JavaFX Application Thread] DEBUG FXGLAssetLoaderServi - Loading from file system: jar:file:///C:/Users/lucag/IdeaProjects/Dungeon/build/libs/Dungeon-1.0-SNAPSHOT.jar!/assets/sounds/damage.wav
11:06:18.208 [JavaFX Application Thread] DEBUG FXGLAssetLoaderServi - Loading from file system: jar:file:///C:/Users/lucag/IdeaProjects/Dungeon/build/libs/Dungeon-1.0-SNAPSHOT.jar!/assets/sounds/heal.wav
11:06:33.605 [JavaFX Application Thread] DEBUG FXGLAssetLoaderServi - Loading from file system: jar:file:///C:/Users/lucag/IdeaProjects/Dungeon/build/libs/Dungeon-1.0-SNAPSHOT.jar!/assets/textures/chest/chest_full_open_anim_f0.png
11:06:33.606 [JavaFX Application Thread] DEBUG FXGLAssetLoaderServi - Loading from file system: jar:file:///C:/Users/lucag/IdeaProjects/Dungeon/build/libs/Dungeon-1.0-SNAPSHOT.jar!/assets/textures/chest/chest_full_open_anim_f1.png
11:06:33.607 [JavaFX Application Thread] DEBUG FXGLAssetLoaderServi - Loading from file system: jar:file:///C:/Users/lucag/IdeaProjects/Dungeon/build/libs/Dungeon-1.0-SNAPSHOT.jar!/assets/textures/chest/chest_full_open_anim_f2.png
11:06:33.611 [JavaFX Application Thread] DEBUG Input                - Registered new binding: Go to the next Level - Enter
11:06:33.611 [JavaFX Application Thread] DEBUG PrimaryStageWindow   - Push state: LevelEndScene
11:06:33.611 [JavaFX Application Thread] DEBUG Input                - Clearing active input actions
11:06:33.612 [JavaFX Application Thread] DEBUG GameApplicationServi - Removing overlay from GameScene and adding to LevelEndScene
11:06:33.612 [JavaFX Application Thread] DEBUG PrimaryStageWindow   - GameScene -> LevelEndScene
11:06:33.612 [JavaFX Application Thread] DEBUG AudioPlayer          - Stopping music com.almasb.fxgl.audio.Music@20d0cfa9
11:06:33.613 [JavaFX Application Thread] DEBUG FXGLAssetLoaderServi - Loading from file system: jar:file:///C:/Users/lucag/IdeaProjects/Dungeon/build/libs/Dungeon-1.0-SNAPSHOT.jar!/assets/sounds/level-win.wav
11:06:37.478 [JavaFX Application Thread] DEBUG PrimaryStageWindow   - Pop state: LevelEndScene
11:06:37.479 [JavaFX Application Thread] DEBUG Input                - Clearing active input actions
11:06:37.479 [JavaFX Application Thread] DEBUG GameApplicationServi - Removing overlay from LevelEndScene and adding to GameScene
11:06:37.479 [JavaFX Application Thread] DEBUG PrimaryStageWindow   - GameScene <- LevelEndScene
11:06:37.479 [JavaFX Application Thread] DEBUG AudioPlayer          - Playing music com.almasb.fxgl.audio.Music@20d0cfa9
11:06:37.482 [JavaFX Application Thread] WARN  TMXLevelLoader       - TiledMap generated from 1.10.1. Supported version: 1.9.0. Some features may not be parsed fully.
11:06:37.516 [JavaFX Application Thread] DEBUG TMXLevelLoader       - Parsed TiledMap: jar:file:///C:/Users/lucag/IdeaProjects/Dungeon/build/libs/Dungeon-1.0-SNAPSHOT.jar!/assets/levels/tmx/level1.tmx
11:06:37.516 [JavaFX Application Thread] DEBUG TMXLevelLoader       - Creating tile layer entities
11:06:37.516 [JavaFX Application Thread] DEBUG TilesetLoader        - Loading view for layer floor
11:06:37.520 [JavaFX Application Thread] DEBUG TilesetLoader        - Created buffer with size 960.0x960.0
11:06:37.543 [JavaFX Application Thread] DEBUG TilesetLoader        - Loading view for layer walls
11:06:37.543 [JavaFX Application Thread] DEBUG TilesetLoader        - Created buffer with size 960.0x960.0
11:06:37.564 [JavaFX Application Thread] DEBUG TilesetLoader        - Loading view for layer side-walls
11:06:37.564 [JavaFX Application Thread] DEBUG TilesetLoader        - Created buffer with size 960.0x960.0
11:06:37.566 [JavaFX Application Thread] DEBUG TMXLevelLoader       - Creating object layer entities
11:06:37.696 [JavaFX Application Thread] DEBUG GameWorld            - Clearing removable entities
11:06:37.714 [JavaFX Application Thread] DEBUG GameWorld            - Setting level: com.almasb.fxgl.entity.level.Level@4d013446
11:06:56.003 [JavaFX Application Thread] DEBUG Input                - Registered new binding: Go to the next Level - Enter
11:06:56.003 [JavaFX Application Thread] DEBUG PrimaryStageWindow   - Push state: LevelEndScene
11:06:56.003 [JavaFX Application Thread] DEBUG Input                - Clearing active input actions
11:06:56.004 [JavaFX Application Thread] DEBUG GameApplicationServi - Removing overlay from GameScene and adding to LevelEndScene
11:06:56.004 [JavaFX Application Thread] DEBUG PrimaryStageWindow   - GameScene -> LevelEndScene
11:06:56.004 [JavaFX Application Thread] DEBUG AudioPlayer          - Stopping music com.almasb.fxgl.audio.Music@20d0cfa9
11:07:04.189 [JavaFX Application Thread] DEBUG PrimaryStageWindow   - Pop state: LevelEndScene
11:07:04.189 [JavaFX Application Thread] DEBUG Input                - Clearing active input actions
11:07:04.190 [JavaFX Application Thread] DEBUG GameApplicationServi - Removing overlay from LevelEndScene and adding to GameScene
11:07:04.190 [JavaFX Application Thread] DEBUG PrimaryStageWindow   - GameScene <- LevelEndScene
11:07:04.190 [JavaFX Application Thread] DEBUG AudioPlayer          - Playing music com.almasb.fxgl.audio.Music@20d0cfa9
11:07:04.192 [JavaFX Application Thread] WARN  TMXLevelLoader       - TiledMap generated from 1.10.1. Supported version: 1.9.0. Some features may not be parsed fully.
11:07:04.211 [JavaFX Application Thread] DEBUG TMXLevelLoader       - Parsed TiledMap: jar:file:///C:/Users/lucag/IdeaProjects/Dungeon/build/libs/Dungeon-1.0-SNAPSHOT.jar!/assets/levels/tmx/level2.tmx
11:07:04.212 [JavaFX Application Thread] DEBUG TMXLevelLoader       - Creating tile layer entities
11:07:04.212 [JavaFX Application Thread] DEBUG TilesetLoader        - Loading view for layer floor
11:07:04.213 [JavaFX Application Thread] DEBUG TilesetLoader        - Created buffer with size 960.0x960.0
11:07:04.231 [JavaFX Application Thread] DEBUG TilesetLoader        - Loading view for layer walls
11:07:04.231 [JavaFX Application Thread] DEBUG TilesetLoader        - Created buffer with size 960.0x960.0
11:07:04.235 [JavaFX Application Thread] DEBUG TilesetLoader        - Loading view for layer side-walls
11:07:04.235 [JavaFX Application Thread] DEBUG TilesetLoader        - Created buffer with size 960.0x960.0
11:07:04.237 [JavaFX Application Thread] DEBUG TMXLevelLoader       - Creating object layer entities
11:07:04.318 [JavaFX Application Thread] DEBUG GameWorld            - Clearing removable entities
11:07:04.337 [JavaFX Application Thread] DEBUG GameWorld            - Setting level: com.almasb.fxgl.entity.level.Level@22a25b36
11:07:12.960 [JavaFX Application Thread] DEBUG FXGLApplication      - Exiting FXGL
11:07:12.960 [JavaFX Application Thread] DEBUG LoopRunner           - Stopping loop
11:07:12.960 [JavaFX Application Thread] DEBUG SystemBundleService  - Saving FXGL system data
11:07:12.965 [JavaFX Application Thread] DEBUG FileSystemAccess     - Writing to: C:\Users\lucag\IdeaProjects\Dungeon\system\fxgl.bundle
11:07:12.967 [JavaFX Application Thread] DEBUG Async                - Shutting down background threads
11:07:12.967 [JavaFX Application Thread] DEBUG PrimaryStageWindow   - Closing main window
11:07:12.996 [JavaFX Application Thread] DEBUG Logger               - Closing Logger
