13:05:19.861 [main                     ] DEBUG Logger               - Configured Logger
13:05:19.883 [main                     ] DEBUG GameApplication      - Logging settings
Title: Untitled
Version: 0.0
Width: 1280
Height: 720
Fullscreen: false
Intro: false
Profiling: false
Single step:false
App Mode: DEVELOPER
Menu Key: ESCAPE
Stage Style: DECORATED
Scene Factory: class com.lgiacchetta.dungeon.DungeonApp$1

13:05:20.148 [JavaFX Application Thread] DEBUG FXGLApplication      - Initializing FXGL
13:05:20.153 [JavaFX Application Thread] INFO  Engine               - FXGL-17.2 (20.08.2022 16.50) on WINDOWS (J:17.0.6 FX:17.0.2-ea)
13:05:20.153 [JavaFX Application Thread] DEBUG Engine               - JRE Vendor Name: Oracle Corporation
13:05:20.154 [JavaFX Application Thread] DEBUG Engine               - Running on OS: Windows 11 version 10.0
13:05:20.154 [JavaFX Application Thread] DEBUG Engine               - Architecture: amd64
13:05:20.154 [JavaFX Application Thread] INFO  Engine               - Source code and latest versions at: https://github.com/AlmasB/FXGL
13:05:20.154 [JavaFX Application Thread] INFO  Engine               -       Ask questions and discuss at: https://github.com/AlmasB/FXGL/discussions
13:05:20.154 [JavaFX Application Thread] INFO  Engine               -              Join the FXGL chat at: https://gitter.im/AlmasB/FXGL
13:05:20.212 [JavaFX Application Thread] DEBUG PrimaryStageWindow   - Creating a JavaFX scene
13:05:20.241 [JavaFX Application Thread] DEBUG PrimaryStageWindow   - Target settings size: 1280.0 x 720.0
13:05:20.242 [JavaFX Application Thread] DEBUG PrimaryStageWindow   - Scaled scene size:    1280.0 x 720.0
13:05:20.242 [JavaFX Application Thread] DEBUG PrimaryStageWindow   - Scaled ratio: (1.0, 1.0)
13:05:20.243 [JavaFX Application Thread] DEBUG PrimaryStageWindow   - Set initial scene to FXGLStartupScene
13:05:20.246 [JavaFX Application Thread] DEBUG PrimaryStageWindow   - Opening main window
13:05:20.315 [JavaFX Application Thread] DEBUG PrimaryStageWindow   - Window border size: (14.6666259765625, 37.33331298828125)
13:05:20.316 [JavaFX Application Thread] DEBUG PrimaryStageWindow   - Scaled size: 1280.0 x 720.0
13:05:20.316 [JavaFX Application Thread] DEBUG PrimaryStageWindow   - Scaled ratio: (1.0, 1.0)
13:05:20.317 [JavaFX Application Thread] DEBUG PrimaryStageWindow   - Scene size: 1280.0 x 720.0
13:05:20.317 [JavaFX Application Thread] DEBUG PrimaryStageWindow   - Stage size: 1294.6666259765625 x 757.3333129882812
13:05:20.323 [FXGL Background Thread 1 ] DEBUG Engine               - Initializing environment variables
13:05:20.360 [FXGL Background Thread 1 ] DEBUG FXGLAssetLoaderServi - User app class for loading assets: class com.lgiacchetta.dungeon.DungeonApp
13:05:20.360 [FXGL Background Thread 1 ] DEBUG GameApplicationServi - Applying CSS: fxgl_dark.css
13:05:20.361 [FXGL Background Thread 1 ] DEBUG FXGLAssetLoaderServi - Loading from file system: jar:file:///C:/Users/lucag/.gradle/caches/modules-2/files-2.1/com.github.almasb/fxgl/17.2/35db6ae960eec2dcfd19262d3b7f9c42f0e95bc3/fxgl-17.2.jar!/fxglassets/ui/css/fxgl_dark.css
13:05:20.401 [FXGL Background Thread 1 ] DEBUG GameApplicationServi - Initializing application scenes
13:05:20.403 [FXGL Background Thread 1 ] DEBUG FXGLAssetLoaderServi - Loading from file system: jar:file:///C:/Users/lucag/IdeaProjects/Dungeon/build/libs/Dungeon-1.0-SNAPSHOT.jar!/assets/textures/loading.jpg
13:05:20.446 [FXGL Background Thread 1 ] DEBUG FXGLAssetLoaderServi - Loading from file system: jar:file:///C:/Users/lucag/IdeaProjects/Dungeon/build/libs/Dungeon-1.0-SNAPSHOT.jar!/assets/ui/fonts/a-charming-font.ttf
13:05:20.511 [FXGL Background Thread 1 ] DEBUG FXGLAssetLoaderServi - Loading from file system: jar:file:///C:/Users/lucag/IdeaProjects/Dungeon/build/libs/Dungeon-1.0-SNAPSHOT.jar!/assets/textures/orc/boss/ogre_run_anim_f0.png
13:05:20.515 [FXGL Background Thread 1 ] DEBUG FXGLAssetLoaderServi - Loading from file system: jar:file:///C:/Users/lucag/IdeaProjects/Dungeon/build/libs/Dungeon-1.0-SNAPSHOT.jar!/assets/textures/orc/boss/ogre_run_anim_f1.png
13:05:20.516 [FXGL Background Thread 1 ] DEBUG FXGLAssetLoaderServi - Loading from file system: jar:file:///C:/Users/lucag/IdeaProjects/Dungeon/build/libs/Dungeon-1.0-SNAPSHOT.jar!/assets/textures/orc/boss/ogre_run_anim_f2.png
13:05:20.517 [FXGL Background Thread 1 ] DEBUG FXGLAssetLoaderServi - Loading from file system: jar:file:///C:/Users/lucag/IdeaProjects/Dungeon/build/libs/Dungeon-1.0-SNAPSHOT.jar!/assets/textures/orc/boss/ogre_run_anim_f3.png
13:05:20.533 [FXGL Background Thread 1 ] DEBUG FXGLAssetLoaderServi - Loading from file system: jar:file:///C:/Users/lucag/IdeaProjects/Dungeon/build/libs/Dungeon-1.0-SNAPSHOT.jar!/assets/textures/demon/boss/big_demon_run_anim_f0.png
13:05:20.534 [FXGL Background Thread 1 ] DEBUG FXGLAssetLoaderServi - Loading from file system: jar:file:///C:/Users/lucag/IdeaProjects/Dungeon/build/libs/Dungeon-1.0-SNAPSHOT.jar!/assets/textures/demon/boss/big_demon_run_anim_f1.png
13:05:20.534 [FXGL Background Thread 1 ] DEBUG FXGLAssetLoaderServi - Loading from file system: jar:file:///C:/Users/lucag/IdeaProjects/Dungeon/build/libs/Dungeon-1.0-SNAPSHOT.jar!/assets/textures/demon/boss/big_demon_run_anim_f2.png
13:05:20.535 [FXGL Background Thread 1 ] DEBUG FXGLAssetLoaderServi - Loading from file system: jar:file:///C:/Users/lucag/IdeaProjects/Dungeon/build/libs/Dungeon-1.0-SNAPSHOT.jar!/assets/textures/demon/boss/big_demon_run_anim_f3.png
13:05:20.536 [FXGL Background Thread 1 ] DEBUG FXGLAssetLoaderServi - Loading from file system: jar:file:///C:/Users/lucag/IdeaProjects/Dungeon/build/libs/Dungeon-1.0-SNAPSHOT.jar!/assets/textures/undead/boss/big_zombie_run_anim_f0.png
13:05:20.537 [FXGL Background Thread 1 ] DEBUG FXGLAssetLoaderServi - Loading from file system: jar:file:///C:/Users/lucag/IdeaProjects/Dungeon/build/libs/Dungeon-1.0-SNAPSHOT.jar!/assets/textures/undead/boss/big_zombie_run_anim_f1.png
13:05:20.537 [FXGL Background Thread 1 ] DEBUG FXGLAssetLoaderServi - Loading from file system: jar:file:///C:/Users/lucag/IdeaProjects/Dungeon/build/libs/Dungeon-1.0-SNAPSHOT.jar!/assets/textures/undead/boss/big_zombie_run_anim_f2.png
13:05:20.538 [FXGL Background Thread 1 ] DEBUG FXGLAssetLoaderServi - Loading from file system: jar:file:///C:/Users/lucag/IdeaProjects/Dungeon/build/libs/Dungeon-1.0-SNAPSHOT.jar!/assets/textures/undead/boss/big_zombie_run_anim_f3.png
13:05:20.539 [FXGL Background Thread 1 ] WARN  FXGLAssetLoaderServi - Asset "/assets/textures/knight/knight_m_run_anim_f0.png" was not found!
13:05:20.539 [FXGL Background Thread 1 ] WARN  FXGLAssetLoaderServi - Failed to load IMAGE
13:05:20.550 [FXGL Background Thread 1 ] WARN  FXGLAssetLoaderServi - Asset "/assets/textures/knight/knight_m_run_anim_f1.png" was not found!
13:05:20.550 [FXGL Background Thread 1 ] WARN  FXGLAssetLoaderServi - Failed to load IMAGE
13:05:20.550 [FXGL Background Thread 1 ] WARN  FXGLAssetLoaderServi - Asset "/assets/textures/knight/knight_m_run_anim_f2.png" was not found!
13:05:20.550 [FXGL Background Thread 1 ] WARN  FXGLAssetLoaderServi - Failed to load IMAGE
13:05:20.550 [FXGL Background Thread 1 ] WARN  FXGLAssetLoaderServi - Asset "/assets/textures/knight/knight_m_run_anim_f3.png" was not found!
13:05:20.550 [FXGL Background Thread 1 ] WARN  FXGLAssetLoaderServi - Failed to load IMAGE
13:05:20.555 [FXGL Background Thread 1 ] DEBUG GameWorld            - Game world initialized
13:05:20.602 [FXGL Background Thread 1 ] DEBUG PhysicsWorld         - Physics world initialized: appHeight=720, physics.ppm=50,0
13:05:20.602 [FXGL Background Thread 1 ] DEBUG PhysicsWorld         - Using strategy: BRUTE_FORCE
13:05:20.606 [FXGL Background Thread 1 ] DEBUG GameScene            - Game scene initialized: 1280x720
13:05:20.619 [FXGL Background Thread 1 ] DEBUG FXGL.DefaultMenu     - createMenuBodyGameMenu()
13:05:20.638 [FXGL Background Thread 1 ] DEBUG FXGL.DefaultMenu     - createOptionsMenu()
13:05:20.648 [FXGL Background Thread 1 ] DEBUG FXGLAssetLoaderServi - Loading from file system: jar:file:///C:/Users/lucag/.gradle/caches/modules-2/files-2.1/com.github.almasb/fxgl/17.2/35db6ae960eec2dcfd19262d3b7f9c42f0e95bc3/fxgl-17.2.jar!/fxglassets/textures/particles/smoke.png
13:05:20.722 [FXGL Background Thread 1 ] DEBUG FXGLAssetLoaderServi - Loading from file system: jar:file:///C:/Users/lucag/.gradle/caches/modules-2/files-2.1/com.github.almasb/fxgl/17.2/35db6ae960eec2dcfd19262d3b7f9c42f0e95bc3/fxgl-17.2.jar!/fxglassets/textures/particles/trace_horizontal.png
13:05:20.773 [FXGL Background Thread 1 ] DEBUG GameApplicationServi - Application scenes initialized
13:05:20.783 [FXGL Background Thread 1 ] DEBUG SystemBundleService  - Loading FXGL system data
13:05:20.788 [FXGL Background Thread 1 ] DEBUG FileSystemAccess     - Reading from: C:\Users\lucag\IdeaProjects\Dungeon\system\fxgl.bundle
13:05:20.793 [FXGL Background Thread 1 ] DEBUG SystemBundleService  - Bundle FXGL: {}
13:05:20.793 [FXGL Background Thread 1 ] DEBUG UpdaterService       - Checking for updates
13:05:20.797 [FXGL Background Thread 4 ] DEBUG FXGLApplication      - Loading fonts
13:05:20.798 [FXGL Background Thread 4 ] DEBUG FXGLAssetLoaderServi - Loading from file system: jar:file:///C:/Users/lucag/.gradle/caches/modules-2/files-2.1/com.github.almasb/fxgl/17.2/35db6ae960eec2dcfd19262d3b7f9c42f0e95bc3/fxgl-17.2.jar!/fxglassets/ui/fonts/VarelaRound-Regular.ttf
13:05:20.798 [FXGL Background Thread 1 ] DEBUG FXGLApplication      - Loading default localization
13:05:20.798 [FXGL Background Thread 1 ] DEBUG FXGLAssetLoaderServi - Loading from file system: jar:file:///C:/Users/lucag/.gradle/caches/modules-2/files-2.1/com.github.almasb/fxgl/17.2/35db6ae960eec2dcfd19262d3b7f9c42f0e95bc3/fxgl-17.2.jar!/fxglassets/languages/english.lang
13:05:20.802 [FXGL Background Thread 4 ] DEBUG FXGLAssetLoaderServi - Loading from file system: jar:file:///C:/Users/lucag/.gradle/caches/modules-2/files-2.1/com.github.almasb/fxgl/17.2/35db6ae960eec2dcfd19262d3b7f9c42f0e95bc3/fxgl-17.2.jar!/fxglassets/ui/fonts/Abel-Regular.ttf
13:05:20.807 [FXGL Background Thread 4 ] DEBUG FXGLAssetLoaderServi - Loading from file system: jar:file:///C:/Users/lucag/.gradle/caches/modules-2/files-2.1/com.github.almasb/fxgl/17.2/35db6ae960eec2dcfd19262d3b7f9c42f0e95bc3/fxgl-17.2.jar!/fxglassets/ui/fonts/TerminalLandMono-Regular.otf
13:05:20.811 [FXGL Background Thread 4 ] DEBUG FXGLAssetLoaderServi - Loading from file system: jar:file:///C:/Users/lucag/.gradle/caches/modules-2/files-2.1/com.github.almasb/fxgl/17.2/35db6ae960eec2dcfd19262d3b7f9c42f0e95bc3/fxgl-17.2.jar!/fxglassets/ui/fonts/Courier-Prime.ttf
13:05:20.818 [FXGL Background Thread 1 ] INFO  FXGLApplication      - FXGL initialization took: 0,495 sec
13:05:20.818 [JavaFX Application Thread] DEBUG FXGLApplication      - Registering font factories with UI factory
13:05:20.826 [JavaFX Application Thread] DEBUG Input                - Registered new binding: Up1 - W
13:05:20.826 [JavaFX Application Thread] DEBUG Input                - Registered new binding: Left1 - A
13:05:20.826 [JavaFX Application Thread] DEBUG Input                - Registered new binding: Down1 - S
13:05:20.826 [JavaFX Application Thread] DEBUG Input                - Registered new binding: Right1 - D
13:05:20.826 [JavaFX Application Thread] DEBUG Input                - Registered new binding: Up2 - Up
13:05:20.826 [JavaFX Application Thread] DEBUG Input                - Registered new binding: Left2 - Left
13:05:20.826 [JavaFX Application Thread] DEBUG Input                - Registered new binding: Down2 - Down
13:05:20.827 [JavaFX Application Thread] DEBUG Input                - Registered new binding: Right2 - Right
13:05:20.827 [JavaFX Application Thread] DEBUG FXGLAssetLoaderServi - Loading from file system: jar:file:///C:/Users/lucag/.gradle/caches/modules-2/files-2.1/com.github.almasb/fxgl/17.2/35db6ae960eec2dcfd19262d3b7f9c42f0e95bc3/fxgl-17.2.jar!/fxglassets/textures/fxgl_icon.png
13:05:20.843 [JavaFX Application Thread] DEBUG FXGLAssetLoaderServi - Loading from file system: jar:file:///C:/Users/lucag/.gradle/caches/modules-2/files-2.1/com.github.almasb/fxgl/17.2/35db6ae960eec2dcfd19262d3b7f9c42f0e95bc3/fxgl-17.2.jar!/fxglassets/textures/fxgl_default_cursor.png
13:05:20.845 [JavaFX Application Thread] DEBUG Input                - Registered new binding: Screenshot - CTRL+8
13:05:20.846 [JavaFX Application Thread] DEBUG Input                - Registered new binding: System info dump - CTRL+9
13:05:20.846 [JavaFX Application Thread] DEBUG Input                - Registered new binding: Restart - CTRL+R
13:05:20.847 [JavaFX Application Thread] DEBUG Input                - Registered new binding: Toggle Debug Camera - CTRL+7
13:05:20.849 [JavaFX Application Thread] DEBUG LoopRunner           - Starting loop
13:05:20.849 [JavaFX Application Thread] DEBUG LoopRunner           - Initializing JavaFX AnimationTimerLoop
13:05:20.849 [JavaFX Application Thread] DEBUG GameApplicationServi - Starting new game
13:05:20.850 [JavaFX Application Thread] DEBUG Input                - Clearing active input actions
13:05:20.857 [JavaFX Application Thread] DEBUG GameApplicationServi - Removing overlay from FXGLStartupScene and adding to MainLoadingScene
13:05:20.858 [JavaFX Application Thread] DEBUG PrimaryStageWindow   - FXGLStartupScene -> MainLoadingScene
13:05:20.858 [JavaFX Application Thread] DEBUG GameApplicationServi - Clearing previous game
13:05:20.858 [JavaFX Application Thread] DEBUG GameScene            - Clearing game scene
13:05:20.858 [JavaFX Application Thread] DEBUG GameWorld            - Clearing game world
13:05:20.858 [JavaFX Application Thread] DEBUG PhysicsWorld         - Clearing physics world
13:05:20.859 [FXGL Background Thread 1 ] DEBUG FXGLApplication      - Initializing game
13:05:20.868 [FXGL Background Thread 1 ] DEBUG Input                - Registered new binding: Restart - Enter
13:05:20.917 [FXGL Background Thread 1 ] WARN  TMXLevelLoader       - TiledMap generated from 1.10.1. Supported version: 1.9.0. Some features may not be parsed fully.
13:05:20.938 [FXGL Background Thread 1 ] DEBUG TMXLevelLoader       - Parsed TiledMap: jar:file:///C:/Users/lucag/IdeaProjects/Dungeon/build/libs/Dungeon-1.0-SNAPSHOT.jar!/assets/levels/tmx/test-map-no-anim.tmx
13:05:20.939 [FXGL Background Thread 1 ] DEBUG TMXLevelLoader       - Creating tile layer entities
13:05:20.941 [FXGL Background Thread 1 ] DEBUG TilesetLoader        - Loading view for layer floor
13:05:20.942 [FXGL Background Thread 1 ] DEBUG TilesetLoader        - Created buffer with size 480.0x480.0
13:05:21.036 [FXGL Background Thread 1 ] DEBUG TilesetLoader        - Loading view for layer walls
13:05:21.037 [FXGL Background Thread 1 ] DEBUG TilesetLoader        - Created buffer with size 480.0x480.0
13:05:21.039 [FXGL Background Thread 1 ] DEBUG TilesetLoader        - Loading view for layer side-walls
13:05:21.039 [FXGL Background Thread 1 ] DEBUG TilesetLoader        - Created buffer with size 480.0x480.0
13:05:21.040 [FXGL Background Thread 1 ] DEBUG TMXLevelLoader       - Creating object layer entities
13:05:21.063 [FXGL Background Thread 1 ] DEBUG FXGLAssetLoaderServi - Loading from file system: jar:file:///C:/Users/lucag/IdeaProjects/Dungeon/build/libs/Dungeon-1.0-SNAPSHOT.jar!/assets/textures/spike/floor_spikes_anim_f0.png
13:05:21.064 [FXGL Background Thread 1 ] DEBUG FXGLAssetLoaderServi - Loading from file system: jar:file:///C:/Users/lucag/IdeaProjects/Dungeon/build/libs/Dungeon-1.0-SNAPSHOT.jar!/assets/textures/spike/floor_spikes_anim_f1.png
13:05:21.064 [FXGL Background Thread 1 ] DEBUG FXGLAssetLoaderServi - Loading from file system: jar:file:///C:/Users/lucag/IdeaProjects/Dungeon/build/libs/Dungeon-1.0-SNAPSHOT.jar!/assets/textures/spike/floor_spikes_anim_f2.png
13:05:21.065 [FXGL Background Thread 1 ] DEBUG FXGLAssetLoaderServi - Loading from file system: jar:file:///C:/Users/lucag/IdeaProjects/Dungeon/build/libs/Dungeon-1.0-SNAPSHOT.jar!/assets/textures/spike/floor_spikes_anim_f3.png
13:05:21.066 [FXGL Background Thread 1 ] DEBUG FXGLAssetLoaderServi - Loading from file system: jar:file:///C:/Users/lucag/IdeaProjects/Dungeon/build/libs/Dungeon-1.0-SNAPSHOT.jar!/assets/textures/spike/floor_spikes_anim_f4.png
13:05:21.066 [FXGL Background Thread 1 ] DEBUG FXGLAssetLoaderServi - Loading from file system: jar:file:///C:/Users/lucag/IdeaProjects/Dungeon/build/libs/Dungeon-1.0-SNAPSHOT.jar!/assets/textures/spike/floor_spikes_anim_f5.png
13:05:21.067 [FXGL Background Thread 1 ] DEBUG FXGLAssetLoaderServi - Loading from file system: jar:file:///C:/Users/lucag/IdeaProjects/Dungeon/build/libs/Dungeon-1.0-SNAPSHOT.jar!/assets/textures/spike/floor_spikes_anim_f6.png
13:05:21.067 [FXGL Background Thread 1 ] DEBUG FXGLAssetLoaderServi - Loading from file system: jar:file:///C:/Users/lucag/IdeaProjects/Dungeon/build/libs/Dungeon-1.0-SNAPSHOT.jar!/assets/textures/spike/floor_spikes_anim_f7.png
13:05:21.069 [FXGL Background Thread 1 ] DEBUG FXGLAssetLoaderServi - Loading from file system: jar:file:///C:/Users/lucag/IdeaProjects/Dungeon/build/libs/Dungeon-1.0-SNAPSHOT.jar!/assets/textures/spike/floor_spikes_danger_anim_f0.png
13:05:21.080 [FXGL Background Thread 1 ] DEBUG FXGLAssetLoaderServi - Loading from file system: jar:file:///C:/Users/lucag/IdeaProjects/Dungeon/build/libs/Dungeon-1.0-SNAPSHOT.jar!/assets/textures/ladder/floor_ladder.png
13:05:21.084 [FXGL Background Thread 1 ] DEBUG FXGLAssetLoaderServi - Loading from file system: jar:file:///C:/Users/lucag/IdeaProjects/Dungeon/build/libs/Dungeon-1.0-SNAPSHOT.jar!/assets/textures/plate/button_red_up.png
13:05:21.085 [FXGL Background Thread 1 ] DEBUG FXGLAssetLoaderServi - Loading from file system: jar:file:///C:/Users/lucag/IdeaProjects/Dungeon/build/libs/Dungeon-1.0-SNAPSHOT.jar!/assets/textures/plate/button_red_down.png
13:05:21.086 [FXGL Background Thread 1 ] DEBUG FXGLAssetLoaderServi - Loading from file system: jar:file:///C:/Users/lucag/IdeaProjects/Dungeon/build/libs/Dungeon-1.0-SNAPSHOT.jar!/assets/textures/plate/button_blue_up.png
13:05:21.087 [FXGL Background Thread 1 ] DEBUG FXGLAssetLoaderServi - Loading from file system: jar:file:///C:/Users/lucag/IdeaProjects/Dungeon/build/libs/Dungeon-1.0-SNAPSHOT.jar!/assets/textures/plate/button_blue_down.png
13:05:21.091 [FXGL Background Thread 1 ] DEBUG FXGLAssetLoaderServi - Loading from file system: jar:file:///C:/Users/lucag/IdeaProjects/Dungeon/build/libs/Dungeon-1.0-SNAPSHOT.jar!/assets/textures/door/doors_leaf_closed.png
13:05:21.092 [FXGL Background Thread 1 ] DEBUG FXGLAssetLoaderServi - Loading from file system: jar:file:///C:/Users/lucag/IdeaProjects/Dungeon/build/libs/Dungeon-1.0-SNAPSHOT.jar!/assets/textures/door/doors_leaf_open.png
13:05:21.097 [FXGL Background Thread 1 ] DEBUG FXGLAssetLoaderServi - Loading from file system: jar:file:///C:/Users/lucag/IdeaProjects/Dungeon/build/libs/Dungeon-1.0-SNAPSHOT.jar!/assets/textures/hero/knight_m_idle_anim_f0.png
13:05:21.098 [FXGL Background Thread 1 ] DEBUG FXGLAssetLoaderServi - Loading from file system: jar:file:///C:/Users/lucag/IdeaProjects/Dungeon/build/libs/Dungeon-1.0-SNAPSHOT.jar!/assets/textures/hero/knight_m_idle_anim_f1.png
13:05:21.099 [FXGL Background Thread 1 ] DEBUG FXGLAssetLoaderServi - Loading from file system: jar:file:///C:/Users/lucag/IdeaProjects/Dungeon/build/libs/Dungeon-1.0-SNAPSHOT.jar!/assets/textures/hero/knight_m_idle_anim_f2.png
13:05:21.100 [FXGL Background Thread 1 ] DEBUG FXGLAssetLoaderServi - Loading from file system: jar:file:///C:/Users/lucag/IdeaProjects/Dungeon/build/libs/Dungeon-1.0-SNAPSHOT.jar!/assets/textures/hero/knight_m_idle_anim_f3.png
13:05:21.101 [FXGL Background Thread 1 ] DEBUG FXGLAssetLoaderServi - Loading from file system: jar:file:///C:/Users/lucag/IdeaProjects/Dungeon/build/libs/Dungeon-1.0-SNAPSHOT.jar!/assets/textures/hero/knight_m_run_anim_f0.png
13:05:21.101 [FXGL Background Thread 1 ] DEBUG FXGLAssetLoaderServi - Loading from file system: jar:file:///C:/Users/lucag/IdeaProjects/Dungeon/build/libs/Dungeon-1.0-SNAPSHOT.jar!/assets/textures/hero/knight_m_run_anim_f1.png
13:05:21.102 [FXGL Background Thread 1 ] DEBUG FXGLAssetLoaderServi - Loading from file system: jar:file:///C:/Users/lucag/IdeaProjects/Dungeon/build/libs/Dungeon-1.0-SNAPSHOT.jar!/assets/textures/hero/knight_m_run_anim_f2.png
13:05:21.103 [FXGL Background Thread 1 ] DEBUG FXGLAssetLoaderServi - Loading from file system: jar:file:///C:/Users/lucag/IdeaProjects/Dungeon/build/libs/Dungeon-1.0-SNAPSHOT.jar!/assets/textures/hero/knight_m_run_anim_f3.png
13:05:21.105 [FXGL Background Thread 1 ] DEBUG FXGLAssetLoaderServi - Loading from file system: jar:file:///C:/Users/lucag/IdeaProjects/Dungeon/build/libs/Dungeon-1.0-SNAPSHOT.jar!/assets/textures/hero/knight_f_idle_anim_f0.png
13:05:21.106 [FXGL Background Thread 1 ] DEBUG FXGLAssetLoaderServi - Loading from file system: jar:file:///C:/Users/lucag/IdeaProjects/Dungeon/build/libs/Dungeon-1.0-SNAPSHOT.jar!/assets/textures/hero/knight_f_idle_anim_f1.png
13:05:21.107 [FXGL Background Thread 1 ] DEBUG FXGLAssetLoaderServi - Loading from file system: jar:file:///C:/Users/lucag/IdeaProjects/Dungeon/build/libs/Dungeon-1.0-SNAPSHOT.jar!/assets/textures/hero/knight_f_idle_anim_f2.png
13:05:21.107 [FXGL Background Thread 1 ] DEBUG FXGLAssetLoaderServi - Loading from file system: jar:file:///C:/Users/lucag/IdeaProjects/Dungeon/build/libs/Dungeon-1.0-SNAPSHOT.jar!/assets/textures/hero/knight_f_idle_anim_f3.png
13:05:21.108 [FXGL Background Thread 1 ] DEBUG FXGLAssetLoaderServi - Loading from file system: jar:file:///C:/Users/lucag/IdeaProjects/Dungeon/build/libs/Dungeon-1.0-SNAPSHOT.jar!/assets/textures/hero/knight_f_run_anim_f0.png
13:05:21.108 [FXGL Background Thread 1 ] DEBUG FXGLAssetLoaderServi - Loading from file system: jar:file:///C:/Users/lucag/IdeaProjects/Dungeon/build/libs/Dungeon-1.0-SNAPSHOT.jar!/assets/textures/hero/knight_f_run_anim_f1.png
13:05:21.109 [FXGL Background Thread 1 ] DEBUG FXGLAssetLoaderServi - Loading from file system: jar:file:///C:/Users/lucag/IdeaProjects/Dungeon/build/libs/Dungeon-1.0-SNAPSHOT.jar!/assets/textures/hero/knight_f_run_anim_f2.png
13:05:21.109 [FXGL Background Thread 1 ] DEBUG FXGLAssetLoaderServi - Loading from file system: jar:file:///C:/Users/lucag/IdeaProjects/Dungeon/build/libs/Dungeon-1.0-SNAPSHOT.jar!/assets/textures/hero/knight_f_run_anim_f3.png
13:05:21.110 [FXGL Background Thread 1 ] DEBUG GameWorld            - Clearing removable entities
13:05:21.111 [FXGL Background Thread 1 ] DEBUG GameWorld            - Setting level: com.almasb.fxgl.entity.level.Level@f5c178e
13:05:21.122 [FXGL Background Thread 1 ] DEBUG FXGLAssetLoaderServi - Loading from file system: jar:file:///C:/Users/lucag/IdeaProjects/Dungeon/build/libs/Dungeon-1.0-SNAPSHOT.jar!/assets/textures/heart/ui_heart_full.png
13:05:21.124 [FXGL Background Thread 1 ] INFO  FXGLApplication      - Game initialization took: 0,265 sec
13:05:21.125 [JavaFX Application Thread] DEBUG Input                - Clearing active input actions
13:05:21.136 [JavaFX Application Thread] DEBUG GameApplicationServi - Removing overlay from MainLoadingScene and adding to GameScene
13:05:21.136 [JavaFX Application Thread] DEBUG PrimaryStageWindow   - MainLoadingScene -> GameScene
13:05:21.494 [FXGL Background Thread 2 ] INFO  UpdaterService       - Your current version:  17.2
13:05:21.494 [FXGL Background Thread 2 ] INFO  UpdaterService       - Latest stable version: 17.3
13:05:23.797 [FXGL Background Thread 3 ] DEBUG Engine               - Logging environment variables
13:05:23.800 [FXGL Background Thread 3 ] DEBUG Engine               - achievements: []
13:05:23.800 [FXGL Background Thread 3 ] DEBUG Engine               - actualHeight: 720.0
13:05:23.800 [FXGL Background Thread 3 ] DEBUG Engine               - actualHeightProperty: ReadOnlyDoubleProperty [value: 720.0]
13:05:23.800 [FXGL Background Thread 3 ] DEBUG Engine               - actualWidth: 1280.0
13:05:23.800 [FXGL Background Thread 3 ] DEBUG Engine               - actualWidthProperty: ReadOnlyDoubleProperty [value: 1280.0]
13:05:23.800 [FXGL Background Thread 3 ] DEBUG Engine               - appIcon: fxgl_icon.png
13:05:23.801 [FXGL Background Thread 3 ] DEBUG Engine               - applicationMode: DEVELOPER
13:05:23.801 [FXGL Background Thread 3 ] DEBUG Engine               - cSSList: [fxgl_dark.css]
13:05:23.801 [FXGL Background Thread 3 ] DEBUG Engine               - collisionDetectionStrategy: BRUTE_FORCE
13:05:23.801 [FXGL Background Thread 3 ] DEBUG Engine               - configClass: Optional.empty
13:05:23.801 [FXGL Background Thread 3 ] DEBUG Engine               - credits: []
13:05:23.802 [FXGL Background Thread 3 ] DEBUG Engine               - defaultCursor: CursorInfo(imageName=fxgl_default_cursor.png, hotspotX=7.0, hotspotY=6.0)
13:05:23.802 [FXGL Background Thread 3 ] DEBUG Engine               - devBBoxColorProperty: ObjectProperty [value: 0xff0000ff]
13:05:23.803 [FXGL Background Thread 3 ] DEBUG Engine               - devEnableDebugCameraProperty: BooleanProperty [value: false]
13:05:23.803 [FXGL Background Thread 3 ] DEBUG Engine               - devSensorColorProperty: ObjectProperty [value: 0xffff00ff]
13:05:23.803 [FXGL Background Thread 3 ] DEBUG Engine               - devShowBBoxProperty: BooleanProperty [value: false]
13:05:23.803 [FXGL Background Thread 3 ] DEBUG Engine               - devShowPositionProperty: BooleanProperty [value: false]
13:05:23.803 [FXGL Background Thread 3 ] DEBUG Engine               - enabledMenuItems: []
13:05:23.803 [FXGL Background Thread 3 ] DEBUG Engine               - engineServices: [class com.almasb.fxgl.app.services.FXGLAssetLoaderService, class com.almasb.fxgl.app.FXGLApplication$GameApplicationService, class com.almasb.fxgl.app.services.FXGLDialogService, class com.almasb.fxgl.app.services.IOTaskExecutorService, class com.almasb.fxgl.io.FileSystemService, class com.almasb.fxgl.localization.LocalizationService, class com.almasb.fxgl.app.services.SystemBundleService, class com.almasb.fxgl.profile.SaveLoadService, class com.almasb.fxgl.ui.FXGLUIFactoryServiceProvider, class com.almasb.fxgl.ui.FXGLDialogFactoryServiceProvider, class com.almasb.fxgl.audio.AudioPlayer, class com.almasb.fxgl.notification.impl.NotificationServiceProvider, class com.almasb.fxgl.achievement.AchievementService, class com.almasb.fxgl.cutscene.CutsceneService, class com.almasb.fxgl.minigames.MiniGameService, class com.almasb.fxgl.net.NetService, class com.almasb.fxgl.app.services.UpdaterService, class com.almasb.fxgl.dev.DevService]
13:05:23.803 [FXGL Background Thread 3 ] DEBUG Engine               - fontGame: Abel-Regular.ttf
13:05:23.803 [FXGL Background Thread 3 ] DEBUG Engine               - fontMono: TerminalLandMono-Regular.otf
13:05:23.804 [FXGL Background Thread 3 ] DEBUG Engine               - fontText: Courier-Prime.ttf
13:05:23.804 [FXGL Background Thread 3 ] DEBUG Engine               - fontUI: VarelaRound-Regular.ttf
13:05:23.804 [FXGL Background Thread 3 ] DEBUG Engine               - fullScreen: BooleanProperty [value: false]
13:05:23.804 [FXGL Background Thread 3 ] DEBUG Engine               - gameDifficulty: MEDIUM
13:05:23.804 [FXGL Background Thread 3 ] DEBUG Engine               - gameDifficultyProperty: ObjectProperty [value: MEDIUM]
13:05:23.804 [FXGL Background Thread 3 ] DEBUG Engine               - globalMusicVolume: 0.5
13:05:23.804 [FXGL Background Thread 3 ] DEBUG Engine               - globalMusicVolumeProperty: DoubleProperty [value: 0.5]
13:05:23.804 [FXGL Background Thread 3 ] DEBUG Engine               - globalSoundVolume: 0.5
13:05:23.804 [FXGL Background Thread 3 ] DEBUG Engine               - globalSoundVolumeProperty: DoubleProperty [value: 0.5]
13:05:23.804 [FXGL Background Thread 3 ] DEBUG Engine               - height: 720
13:05:23.804 [FXGL Background Thread 3 ] DEBUG Engine               - is3D: false
13:05:23.804 [FXGL Background Thread 3 ] DEBUG Engine               - isAndroid: false
13:05:23.805 [FXGL Background Thread 3 ] DEBUG Engine               - isBrowser: false
13:05:23.805 [FXGL Background Thread 3 ] DEBUG Engine               - isClickFeedbackEnabled: false
13:05:23.805 [FXGL Background Thread 3 ] DEBUG Engine               - isCloseConfirmation: false
13:05:23.805 [FXGL Background Thread 3 ] DEBUG Engine               - isDesktop: true
13:05:23.805 [FXGL Background Thread 3 ] DEBUG Engine               - isDeveloperMenuEnabled: false
13:05:23.805 [FXGL Background Thread 3 ] DEBUG Engine               - isEmbedded: false
13:05:23.805 [FXGL Background Thread 3 ] DEBUG Engine               - isEntityPreloadEnabled: true
13:05:23.805 [FXGL Background Thread 3 ] DEBUG Engine               - isExperimentalTiledLargeMap: false
13:05:23.805 [FXGL Background Thread 3 ] DEBUG Engine               - isFileSystemWriteAllowed: true
13:05:23.805 [FXGL Background Thread 3 ] DEBUG Engine               - isFullScreenAllowed: false
13:05:23.805 [FXGL Background Thread 3 ] DEBUG Engine               - isFullScreenFromStart: false
13:05:23.805 [FXGL Background Thread 3 ] DEBUG Engine               - isGameMenuEnabled: true
13:05:23.805 [FXGL Background Thread 3 ] DEBUG Engine               - isIOS: false
13:05:23.806 [FXGL Background Thread 3 ] DEBUG Engine               - isIntroEnabled: false
13:05:23.806 [FXGL Background Thread 3 ] DEBUG Engine               - isLinux: false
13:05:23.806 [FXGL Background Thread 3 ] DEBUG Engine               - isMac: false
13:05:23.806 [FXGL Background Thread 3 ] DEBUG Engine               - isMainMenuEnabled: false
13:05:23.806 [FXGL Background Thread 3 ] DEBUG Engine               - isManualResizeEnabled: false
13:05:23.806 [FXGL Background Thread 3 ] DEBUG Engine               - isMobile: false
13:05:23.806 [FXGL Background Thread 3 ] DEBUG Engine               - isNative: false
13:05:23.806 [FXGL Background Thread 3 ] DEBUG Engine               - isPauseMusicWhenMinimized: true
13:05:23.806 [FXGL Background Thread 3 ] DEBUG Engine               - isPreserveResizeRatio: false
13:05:23.806 [FXGL Background Thread 3 ] DEBUG Engine               - isProfilingEnabled: false
13:05:23.806 [FXGL Background Thread 3 ] DEBUG Engine               - isScaleAffectedOnResize: true
13:05:23.806 [FXGL Background Thread 3 ] DEBUG Engine               - isSingleStep: false
13:05:23.806 [FXGL Background Thread 3 ] DEBUG Engine               - isUserProfileEnabled: false
13:05:23.806 [FXGL Background Thread 3 ] DEBUG Engine               - isWindows: true
13:05:23.807 [FXGL Background Thread 3 ] DEBUG Engine               - language: ObjectProperty [value: ENGLISH]
13:05:23.807 [FXGL Background Thread 3 ] DEBUG Engine               - menuKey: ESCAPE
13:05:23.807 [FXGL Background Thread 3 ] DEBUG Engine               - mouseSensitivity: 0.2
13:05:23.807 [FXGL Background Thread 3 ] DEBUG Engine               - notificationViewClass: class com.almasb.fxgl.notification.view.XboxNotificationView
13:05:23.807 [FXGL Background Thread 3 ] DEBUG Engine               - pixelsPerMeter: 50.0
13:05:23.807 [FXGL Background Thread 3 ] DEBUG Engine               - platform: WINDOWS
13:05:23.807 [FXGL Background Thread 3 ] DEBUG Engine               - prefHeightProperty: ReadOnlyDoubleProperty [value: 720.0]
13:05:23.807 [FXGL Background Thread 3 ] DEBUG Engine               - prefWidthProperty: ReadOnlyDoubleProperty [value: 1280.0]
13:05:23.807 [FXGL Background Thread 3 ] DEBUG Engine               - profileDir: profiles/
13:05:23.807 [FXGL Background Thread 3 ] DEBUG Engine               - profileName: StringProperty [value: DEFAULT]
13:05:23.807 [FXGL Background Thread 3 ] DEBUG Engine               - randomSeed: -1
13:05:23.807 [FXGL Background Thread 3 ] DEBUG Engine               - runtimeInfo: RuntimeInfo(platform=WINDOWS, version=17.2, build=20.08.2022 16.50)
13:05:23.807 [FXGL Background Thread 3 ] DEBUG Engine               - saveFileExt: sav
13:05:23.807 [FXGL Background Thread 3 ] DEBUG Engine               - scaledHeightProp$fxgl: DoubleProperty [bound, value: 720.0]
13:05:23.807 [FXGL Background Thread 3 ] DEBUG Engine               - scaledWidthProp$fxgl: DoubleProperty [bound, value: 1280.0]
13:05:23.807 [FXGL Background Thread 3 ] DEBUG Engine               - sceneFactory: com.lgiacchetta.dungeon.DungeonApp$1@3afc0347
13:05:23.808 [FXGL Background Thread 3 ] DEBUG Engine               - secondsIn24h: 60
13:05:23.808 [FXGL Background Thread 3 ] DEBUG Engine               - soundMenuBack: menu/back.wav
13:05:23.808 [FXGL Background Thread 3 ] DEBUG Engine               - soundMenuPress: menu/press.wav
13:05:23.808 [FXGL Background Thread 3 ] DEBUG Engine               - soundMenuSelect: menu/select.wav
13:05:23.808 [FXGL Background Thread 3 ] DEBUG Engine               - soundNotification: core/notification.wav
13:05:23.808 [FXGL Background Thread 3 ] DEBUG Engine               - stageStyle: DECORATED
13:05:23.808 [FXGL Background Thread 3 ] DEBUG Engine               - supportedLanguages: [ENGLISH, FRENCH, GERMAN, HUNGARIAN, RUSSIAN]
13:05:23.808 [FXGL Background Thread 3 ] DEBUG Engine               - ticksPerSecond: -1
13:05:23.808 [FXGL Background Thread 3 ] DEBUG Engine               - title: Untitled
13:05:23.808 [FXGL Background Thread 3 ] DEBUG Engine               - urlGithub: https://github.com/AlmasB/FXGL
13:05:23.808 [FXGL Background Thread 3 ] DEBUG Engine               - urlLeaderboard: http://fxgl-top.herokuapp.com/
13:05:23.808 [FXGL Background Thread 3 ] DEBUG Engine               - urlPOM: https://raw.githubusercontent.com/AlmasB/FXGL/release/README.md
13:05:23.808 [FXGL Background Thread 3 ] DEBUG Engine               - userAppClass: class com.lgiacchetta.dungeon.DungeonApp
13:05:23.808 [FXGL Background Thread 3 ] DEBUG Engine               - version: 0.0
13:05:23.808 [FXGL Background Thread 3 ] DEBUG Engine               - versionCheckDays: 7
13:05:23.808 [FXGL Background Thread 3 ] DEBUG Engine               - width: 1280
13:05:23.808 [FXGL Background Thread 3 ] DEBUG Engine               - Logging services
13:05:23.808 [FXGL Background Thread 3 ] DEBUG Engine               - class com.almasb.fxgl.app.services.FXGLAssetLoaderService
13:05:23.808 [FXGL Background Thread 3 ] DEBUG Engine               - class com.almasb.fxgl.app.FXGLApplication$GameApplicationService
13:05:23.808 [FXGL Background Thread 3 ] DEBUG Engine               - class com.almasb.fxgl.app.services.FXGLDialogService
13:05:23.808 [FXGL Background Thread 3 ] DEBUG Engine               - class com.almasb.fxgl.app.services.IOTaskExecutorService
13:05:23.808 [FXGL Background Thread 3 ] DEBUG Engine               - class com.almasb.fxgl.io.FileSystemService
13:05:23.808 [FXGL Background Thread 3 ] DEBUG Engine               - class com.almasb.fxgl.localization.LocalizationService
13:05:23.809 [FXGL Background Thread 3 ] DEBUG Engine               - class com.almasb.fxgl.app.services.SystemBundleService
13:05:23.809 [FXGL Background Thread 3 ] DEBUG Engine               - class com.almasb.fxgl.profile.SaveLoadService
13:05:23.809 [FXGL Background Thread 3 ] DEBUG Engine               - class com.almasb.fxgl.ui.FXGLUIFactoryServiceProvider
13:05:23.809 [FXGL Background Thread 3 ] DEBUG Engine               - class com.almasb.fxgl.ui.FXGLDialogFactoryServiceProvider
13:05:23.809 [FXGL Background Thread 3 ] DEBUG Engine               - class com.almasb.fxgl.audio.AudioPlayer
13:05:23.809 [FXGL Background Thread 3 ] DEBUG Engine               - class com.almasb.fxgl.notification.impl.NotificationServiceProvider
13:05:23.809 [FXGL Background Thread 3 ] DEBUG Engine               - class com.almasb.fxgl.achievement.AchievementService
13:05:23.809 [FXGL Background Thread 3 ] DEBUG Engine               - class com.almasb.fxgl.cutscene.CutsceneService
13:05:23.809 [FXGL Background Thread 3 ] DEBUG Engine               - class com.almasb.fxgl.minigames.MiniGameService
13:05:23.809 [FXGL Background Thread 3 ] DEBUG Engine               - class com.almasb.fxgl.net.NetService
13:05:23.809 [FXGL Background Thread 3 ] DEBUG Engine               - class com.almasb.fxgl.app.services.UpdaterService
13:05:23.809 [FXGL Background Thread 3 ] DEBUG Engine               - class com.almasb.fxgl.dev.DevService
13:05:25.725 [JavaFX Application Thread] DEBUG FXGLAssetLoaderServi - Loading from file system: jar:file:///C:/Users/lucag/IdeaProjects/Dungeon/build/libs/Dungeon-1.0-SNAPSHOT.jar!/assets/textures/heart/ui_heart_half.png
13:05:31.339 [JavaFX Application Thread] DEBUG FXGLAssetLoaderServi - Loading from file system: jar:file:///C:/Users/lucag/IdeaProjects/Dungeon/build/libs/Dungeon-1.0-SNAPSHOT.jar!/assets/textures/heart/ui_heart_empty.png
13:05:34.208 [JavaFX Application Thread] DEBUG FXGLApplication      - Exiting FXGL
13:05:34.209 [JavaFX Application Thread] DEBUG LoopRunner           - Stopping loop
13:05:34.209 [JavaFX Application Thread] DEBUG SystemBundleService  - Saving FXGL system data
13:05:34.215 [JavaFX Application Thread] DEBUG FileSystemAccess     - Writing to: C:\Users\lucag\IdeaProjects\Dungeon\system\fxgl.bundle
13:05:34.219 [JavaFX Application Thread] DEBUG Async                - Shutting down background threads
13:05:34.219 [JavaFX Application Thread] DEBUG PrimaryStageWindow   - Closing main window
13:05:34.244 [JavaFX Application Thread] DEBUG Logger               - Closing Logger
