21:41:20.877 [main                     ] DEBUG Logger               - Configured Logger
21:41:20.908 [main                     ] DEBUG GameApplication      - Logging settings
Title: Dungeon
Version: 1.0
Width: 1280
Height: 720
Fullscreen: false
Intro: false
Profiling: false
Single step:false
App Mode: DEVELOPER
Menu Key: ESCAPE
Stage Style: DECORATED
Scene Factory: class com.lgiacchetta.dungeon.DungeonApp$1

21:41:21.222 [JavaFX Application Thread] DEBUG FXGLApplication      - Initializing FXGL
21:41:21.231 [JavaFX Application Thread] INFO  Engine               - FXGL-17.2 (20.08.2022 16.50) on WINDOWS (J:17.0.6 FX:17.0.2-ea)
21:41:21.232 [JavaFX Application Thread] DEBUG Engine               - JRE Vendor Name: Oracle Corporation
21:41:21.233 [JavaFX Application Thread] DEBUG Engine               - Running on OS: Windows 11 version 10.0
21:41:21.233 [JavaFX Application Thread] DEBUG Engine               - Architecture: amd64
21:41:21.233 [JavaFX Application Thread] INFO  Engine               - Source code and latest versions at: https://github.com/AlmasB/FXGL
21:41:21.233 [JavaFX Application Thread] INFO  Engine               -       Ask questions and discuss at: https://github.com/AlmasB/FXGL/discussions
21:41:21.233 [JavaFX Application Thread] INFO  Engine               -              Join the FXGL chat at: https://gitter.im/AlmasB/FXGL
21:41:21.314 [JavaFX Application Thread] DEBUG PrimaryStageWindow   - Creating a JavaFX scene
21:41:21.348 [JavaFX Application Thread] DEBUG PrimaryStageWindow   - Target settings size: 1280.0 x 720.0
21:41:21.348 [JavaFX Application Thread] DEBUG PrimaryStageWindow   - Scaled scene size:    1280.0 x 720.0
21:41:21.348 [JavaFX Application Thread] DEBUG PrimaryStageWindow   - Scaled ratio: (1.0, 1.0)
21:41:21.349 [JavaFX Application Thread] DEBUG PrimaryStageWindow   - Set initial scene to FXGLStartupScene
21:41:21.354 [JavaFX Application Thread] DEBUG PrimaryStageWindow   - Opening main window
21:41:21.434 [JavaFX Application Thread] DEBUG PrimaryStageWindow   - Window border size: (14.6666259765625, 37.33331298828125)
21:41:21.435 [JavaFX Application Thread] DEBUG PrimaryStageWindow   - Scaled size: 1280.0 x 720.0
21:41:21.435 [JavaFX Application Thread] DEBUG PrimaryStageWindow   - Scaled ratio: (1.0, 1.0)
21:41:21.436 [JavaFX Application Thread] DEBUG PrimaryStageWindow   - Scene size: 1280.0 x 720.0
21:41:21.436 [JavaFX Application Thread] DEBUG PrimaryStageWindow   - Stage size: 1294.6666259765625 x 757.3333129882812
21:41:21.442 [FXGL Background Thread 1 ] DEBUG Engine               - Initializing environment variables
21:41:21.490 [FXGL Background Thread 1 ] DEBUG FXGLAssetLoaderServi - User app class for loading assets: class com.lgiacchetta.dungeon.DungeonApp
21:41:21.490 [FXGL Background Thread 1 ] DEBUG GameApplicationServi - Applying CSS: fxgl_dark.css
21:41:21.491 [FXGL Background Thread 1 ] DEBUG FXGLAssetLoaderServi - Loading from file system: jar:file:///C:/Users/lucag/.gradle/caches/modules-2/files-2.1/com.github.almasb/fxgl/17.2/35db6ae960eec2dcfd19262d3b7f9c42f0e95bc3/fxgl-17.2.jar!/fxglassets/ui/css/fxgl_dark.css
21:41:21.547 [FXGL Background Thread 1 ] DEBUG GameApplicationServi - Initializing application scenes
21:41:21.585 [FXGL Background Thread 1 ] DEBUG FXGLAssetLoaderServi - Loading from file system: jar:file:///C:/Users/lucag/IdeaProjects/Dungeon/build/libs/Dungeon-1.0-SNAPSHOT.jar!/assets/music/melody.wav
21:41:21.936 [FXGL Background Thread 1 ] DEBUG FXGLAssetLoaderServi - Loading from file system: jar:file:///C:/Users/lucag/IdeaProjects/Dungeon/build/libs/Dungeon-1.0-SNAPSHOT.jar!/assets/music/menu.wav
21:41:21.986 [FXGL Background Thread 1 ] DEBUG FXGLAssetLoaderServi - Loading from file system: jar:file:///C:/Users/lucag/IdeaProjects/Dungeon/build/libs/Dungeon-1.0-SNAPSHOT.jar!/assets/textures/orc/boss/ogre_run_anim_f0.png
21:41:22.002 [FXGL Background Thread 1 ] DEBUG FXGLAssetLoaderServi - Loading from file system: jar:file:///C:/Users/lucag/IdeaProjects/Dungeon/build/libs/Dungeon-1.0-SNAPSHOT.jar!/assets/textures/orc/boss/ogre_run_anim_f1.png
21:41:22.003 [FXGL Background Thread 1 ] DEBUG FXGLAssetLoaderServi - Loading from file system: jar:file:///C:/Users/lucag/IdeaProjects/Dungeon/build/libs/Dungeon-1.0-SNAPSHOT.jar!/assets/textures/orc/boss/ogre_run_anim_f2.png
21:41:22.004 [FXGL Background Thread 1 ] DEBUG FXGLAssetLoaderServi - Loading from file system: jar:file:///C:/Users/lucag/IdeaProjects/Dungeon/build/libs/Dungeon-1.0-SNAPSHOT.jar!/assets/textures/orc/boss/ogre_run_anim_f3.png
21:41:22.028 [FXGL Background Thread 1 ] DEBUG FXGLAssetLoaderServi - Loading from file system: jar:file:///C:/Users/lucag/IdeaProjects/Dungeon/build/libs/Dungeon-1.0-SNAPSHOT.jar!/assets/textures/demon/boss/big_demon_run_anim_f0.png
21:41:22.030 [FXGL Background Thread 1 ] DEBUG FXGLAssetLoaderServi - Loading from file system: jar:file:///C:/Users/lucag/IdeaProjects/Dungeon/build/libs/Dungeon-1.0-SNAPSHOT.jar!/assets/textures/demon/boss/big_demon_run_anim_f1.png
21:41:22.032 [FXGL Background Thread 1 ] DEBUG FXGLAssetLoaderServi - Loading from file system: jar:file:///C:/Users/lucag/IdeaProjects/Dungeon/build/libs/Dungeon-1.0-SNAPSHOT.jar!/assets/textures/demon/boss/big_demon_run_anim_f2.png
21:41:22.033 [FXGL Background Thread 1 ] DEBUG FXGLAssetLoaderServi - Loading from file system: jar:file:///C:/Users/lucag/IdeaProjects/Dungeon/build/libs/Dungeon-1.0-SNAPSHOT.jar!/assets/textures/demon/boss/big_demon_run_anim_f3.png
21:41:22.035 [FXGL Background Thread 1 ] DEBUG FXGLAssetLoaderServi - Loading from file system: jar:file:///C:/Users/lucag/IdeaProjects/Dungeon/build/libs/Dungeon-1.0-SNAPSHOT.jar!/assets/textures/undead/boss/big_zombie_run_anim_f0.png
21:41:22.036 [FXGL Background Thread 1 ] DEBUG FXGLAssetLoaderServi - Loading from file system: jar:file:///C:/Users/lucag/IdeaProjects/Dungeon/build/libs/Dungeon-1.0-SNAPSHOT.jar!/assets/textures/undead/boss/big_zombie_run_anim_f1.png
21:41:22.037 [FXGL Background Thread 1 ] DEBUG FXGLAssetLoaderServi - Loading from file system: jar:file:///C:/Users/lucag/IdeaProjects/Dungeon/build/libs/Dungeon-1.0-SNAPSHOT.jar!/assets/textures/undead/boss/big_zombie_run_anim_f2.png
21:41:22.038 [FXGL Background Thread 1 ] DEBUG FXGLAssetLoaderServi - Loading from file system: jar:file:///C:/Users/lucag/IdeaProjects/Dungeon/build/libs/Dungeon-1.0-SNAPSHOT.jar!/assets/textures/undead/boss/big_zombie_run_anim_f3.png
21:41:22.040 [FXGL Background Thread 1 ] DEBUG FXGLAssetLoaderServi - Loading from file system: jar:file:///C:/Users/lucag/IdeaProjects/Dungeon/build/libs/Dungeon-1.0-SNAPSHOT.jar!/assets/textures/hero/knight_m_run_anim_f0.png
21:41:22.040 [FXGL Background Thread 1 ] DEBUG FXGLAssetLoaderServi - Loading from file system: jar:file:///C:/Users/lucag/IdeaProjects/Dungeon/build/libs/Dungeon-1.0-SNAPSHOT.jar!/assets/textures/hero/knight_m_run_anim_f1.png
21:41:22.041 [FXGL Background Thread 1 ] DEBUG FXGLAssetLoaderServi - Loading from file system: jar:file:///C:/Users/lucag/IdeaProjects/Dungeon/build/libs/Dungeon-1.0-SNAPSHOT.jar!/assets/textures/hero/knight_m_run_anim_f2.png
21:41:22.042 [FXGL Background Thread 1 ] DEBUG FXGLAssetLoaderServi - Loading from file system: jar:file:///C:/Users/lucag/IdeaProjects/Dungeon/build/libs/Dungeon-1.0-SNAPSHOT.jar!/assets/textures/hero/knight_m_run_anim_f3.png
21:41:22.047 [FXGL Background Thread 1 ] DEBUG FXGLAssetLoaderServi - Loading from file system: jar:file:///C:/Users/lucag/IdeaProjects/Dungeon/build/libs/Dungeon-1.0-SNAPSHOT.jar!/assets/textures/loading.jpg
21:41:22.087 [FXGL Background Thread 1 ] DEBUG GameWorld            - Game world initialized
21:41:22.162 [FXGL Background Thread 1 ] DEBUG PhysicsWorld         - Physics world initialized: appHeight=720, physics.ppm=50,0
21:41:22.163 [FXGL Background Thread 1 ] DEBUG PhysicsWorld         - Using strategy: BRUTE_FORCE
21:41:22.168 [FXGL Background Thread 1 ] DEBUG GameScene            - Game scene initialized: 1280x720
21:41:22.188 [FXGL Background Thread 1 ] DEBUG GameApplicationServi - Application scenes initialized
21:41:22.202 [FXGL Background Thread 1 ] DEBUG SystemBundleService  - Loading FXGL system data
21:41:22.208 [FXGL Background Thread 1 ] DEBUG FileSystemAccess     - Reading from: C:\Users\lucag\IdeaProjects\Dungeon\system\fxgl.bundle
21:41:22.217 [FXGL Background Thread 1 ] DEBUG SystemBundleService  - Bundle FXGL: {}
21:41:22.217 [FXGL Background Thread 1 ] DEBUG UpdaterService       - Checking for updates
21:41:22.227 [FXGL Background Thread 4 ] DEBUG FXGLApplication      - Loading fonts
21:41:22.227 [FXGL Background Thread 4 ] DEBUG FXGLAssetLoaderServi - Loading from file system: jar:file:///C:/Users/lucag/IdeaProjects/Dungeon/build/libs/Dungeon-1.0-SNAPSHOT.jar!/assets/ui/fonts/alagard.ttf
21:41:22.227 [FXGL Background Thread 1 ] DEBUG FXGLApplication      - Loading default localization
21:41:22.228 [FXGL Background Thread 1 ] DEBUG FXGLAssetLoaderServi - Loading from file system: jar:file:///C:/Users/lucag/.gradle/caches/modules-2/files-2.1/com.github.almasb/fxgl/17.2/35db6ae960eec2dcfd19262d3b7f9c42f0e95bc3/fxgl-17.2.jar!/fxglassets/languages/english.lang
21:41:22.253 [FXGL Background Thread 1 ] INFO  FXGLApplication      - FXGL initialization took: 0,811 sec
21:41:22.265 [JavaFX Application Thread] DEBUG Input                - Registered new binding: Up1 - W
21:41:22.265 [JavaFX Application Thread] DEBUG Input                - Registered new binding: Left1 - A
21:41:22.266 [JavaFX Application Thread] DEBUG Input                - Registered new binding: Down1 - S
21:41:22.266 [JavaFX Application Thread] DEBUG Input                - Registered new binding: Right1 - D
21:41:22.266 [JavaFX Application Thread] DEBUG Input                - Registered new binding: Up2 - Up
21:41:22.266 [JavaFX Application Thread] DEBUG Input                - Registered new binding: Left2 - Left
21:41:22.266 [JavaFX Application Thread] DEBUG Input                - Registered new binding: Down2 - Down
21:41:22.267 [JavaFX Application Thread] DEBUG Input                - Registered new binding: Right2 - Right
21:41:22.267 [JavaFX Application Thread] DEBUG AudioPlayer          - Playing music com.almasb.fxgl.audio.Music@46636faf
21:41:22.285 [JavaFX Application Thread] DEBUG FXGLAssetLoaderServi - Loading from file system: jar:file:///C:/Users/lucag/IdeaProjects/Dungeon/build/libs/Dungeon-1.0-SNAPSHOT.jar!/assets/textures/chest/chest_full_open_anim_f2.png
21:41:22.292 [JavaFX Application Thread] DEBUG FXGLAssetLoaderServi - Loading from file system: jar:file:///C:/Users/lucag/IdeaProjects/Dungeon/build/libs/Dungeon-1.0-SNAPSHOT.jar!/assets/textures/cursor.png
21:41:22.295 [JavaFX Application Thread] DEBUG Input                - Registered new binding: Screenshot - CTRL+8
21:41:22.296 [JavaFX Application Thread] DEBUG Input                - Registered new binding: System info dump - CTRL+9
21:41:22.296 [JavaFX Application Thread] DEBUG Input                - Registered new binding: Restart - CTRL+R
21:41:22.297 [JavaFX Application Thread] DEBUG Input                - Registered new binding: Toggle Debug Camera - CTRL+7
21:41:22.300 [JavaFX Application Thread] DEBUG LoopRunner           - Starting loop
21:41:22.300 [JavaFX Application Thread] DEBUG LoopRunner           - Initializing JavaFX AnimationTimerLoop
21:41:22.303 [JavaFX Application Thread] DEBUG Input                - Clearing active input actions
21:41:22.312 [JavaFX Application Thread] DEBUG GameApplicationServi - Removing overlay from FXGLStartupScene and adding to FXGLMainMenuDummyScene
21:41:22.313 [JavaFX Application Thread] DEBUG PrimaryStageWindow   - FXGLStartupScene -> FXGLMainMenuDummyScene
21:41:22.313 [JavaFX Application Thread] DEBUG PrimaryStageWindow   - Push state: MainMenu
21:41:22.313 [JavaFX Application Thread] DEBUG Input                - Clearing active input actions
21:41:22.316 [JavaFX Application Thread] DEBUG GameApplicationServi - Removing overlay from FXGLMainMenuDummyScene and adding to MainMenu
21:41:22.316 [JavaFX Application Thread] DEBUG PrimaryStageWindow   - FXGLMainMenuDummyScene -> MainMenu
21:41:22.318 [JavaFX Application Thread] DEBUG FXGLApplication      - Registering font factories with UI factory
21:41:23.301 [FXGL Background Thread 2 ] INFO  UpdaterService       - Your current version:  17.2
21:41:23.301 [FXGL Background Thread 2 ] INFO  UpdaterService       - Latest stable version: 17.3
21:41:24.043 [JavaFX Application Thread] DEBUG FXGLAssetLoaderServi - Loading from file system: jar:file:///C:/Users/lucag/IdeaProjects/Dungeon/build/libs/Dungeon-1.0-SNAPSHOT.jar!/assets/textures/hero/knight_m_idle_anim_f0.png
21:41:24.045 [JavaFX Application Thread] DEBUG FXGLAssetLoaderServi - Loading from file system: jar:file:///C:/Users/lucag/IdeaProjects/Dungeon/build/libs/Dungeon-1.0-SNAPSHOT.jar!/assets/textures/hero/knight_m_idle_anim_f1.png
21:41:24.046 [JavaFX Application Thread] DEBUG FXGLAssetLoaderServi - Loading from file system: jar:file:///C:/Users/lucag/IdeaProjects/Dungeon/build/libs/Dungeon-1.0-SNAPSHOT.jar!/assets/textures/hero/knight_m_idle_anim_f2.png
21:41:24.047 [JavaFX Application Thread] DEBUG FXGLAssetLoaderServi - Loading from file system: jar:file:///C:/Users/lucag/IdeaProjects/Dungeon/build/libs/Dungeon-1.0-SNAPSHOT.jar!/assets/textures/hero/knight_m_idle_anim_f3.png
21:41:24.051 [JavaFX Application Thread] DEBUG FXGLAssetLoaderServi - Loading from file system: jar:file:///C:/Users/lucag/IdeaProjects/Dungeon/build/libs/Dungeon-1.0-SNAPSHOT.jar!/assets/textures/hero/knight_f_idle_anim_f0.png
21:41:24.052 [JavaFX Application Thread] DEBUG FXGLAssetLoaderServi - Loading from file system: jar:file:///C:/Users/lucag/IdeaProjects/Dungeon/build/libs/Dungeon-1.0-SNAPSHOT.jar!/assets/textures/hero/knight_f_idle_anim_f1.png
21:41:24.052 [JavaFX Application Thread] DEBUG FXGLAssetLoaderServi - Loading from file system: jar:file:///C:/Users/lucag/IdeaProjects/Dungeon/build/libs/Dungeon-1.0-SNAPSHOT.jar!/assets/textures/hero/knight_f_idle_anim_f2.png
21:41:24.052 [JavaFX Application Thread] DEBUG FXGLAssetLoaderServi - Loading from file system: jar:file:///C:/Users/lucag/IdeaProjects/Dungeon/build/libs/Dungeon-1.0-SNAPSHOT.jar!/assets/textures/hero/knight_f_idle_anim_f3.png
21:41:25.224 [FXGL Background Thread 3 ] DEBUG Engine               - Logging environment variables
21:41:25.224 [FXGL Background Thread 3 ] DEBUG Engine               - achievements: []
21:41:25.225 [FXGL Background Thread 3 ] DEBUG Engine               - actualHeight: 720.0
21:41:25.225 [FXGL Background Thread 3 ] DEBUG Engine               - actualHeightProperty: ReadOnlyDoubleProperty [value: 720.0]
21:41:25.225 [FXGL Background Thread 3 ] DEBUG Engine               - actualWidth: 1280.0
21:41:25.225 [FXGL Background Thread 3 ] DEBUG Engine               - actualWidthProperty: ReadOnlyDoubleProperty [value: 1280.0]
21:41:25.225 [FXGL Background Thread 3 ] DEBUG Engine               - appIcon: chest/chest_full_open_anim_f2.png
21:41:25.225 [FXGL Background Thread 3 ] DEBUG Engine               - applicationMode: DEVELOPER
21:41:25.225 [FXGL Background Thread 3 ] DEBUG Engine               - cSSList: [fxgl_dark.css]
21:41:25.225 [FXGL Background Thread 3 ] DEBUG Engine               - collisionDetectionStrategy: BRUTE_FORCE
21:41:25.225 [FXGL Background Thread 3 ] DEBUG Engine               - configClass: Optional.empty
21:41:25.225 [FXGL Background Thread 3 ] DEBUG Engine               - credits: []
21:41:25.228 [FXGL Background Thread 3 ] DEBUG Engine               - defaultCursor: CursorInfo(imageName=cursor.png, hotspotX=5.0, hotspotY=3.0)
21:41:25.228 [FXGL Background Thread 3 ] DEBUG Engine               - devBBoxColorProperty: ObjectProperty [value: 0xff0000ff]
21:41:25.228 [FXGL Background Thread 3 ] DEBUG Engine               - devEnableDebugCameraProperty: BooleanProperty [value: false]
21:41:25.229 [FXGL Background Thread 3 ] DEBUG Engine               - devSensorColorProperty: ObjectProperty [value: 0xffff00ff]
21:41:25.229 [FXGL Background Thread 3 ] DEBUG Engine               - devShowBBoxProperty: BooleanProperty [value: false]
21:41:25.229 [FXGL Background Thread 3 ] DEBUG Engine               - devShowPositionProperty: BooleanProperty [value: false]
21:41:25.229 [FXGL Background Thread 3 ] DEBUG Engine               - enabledMenuItems: []
21:41:25.230 [FXGL Background Thread 3 ] DEBUG Engine               - engineServices: [class com.almasb.fxgl.app.services.FXGLAssetLoaderService, class com.almasb.fxgl.app.FXGLApplication$GameApplicationService, class com.almasb.fxgl.app.services.FXGLDialogService, class com.almasb.fxgl.app.services.IOTaskExecutorService, class com.almasb.fxgl.io.FileSystemService, class com.almasb.fxgl.localization.LocalizationService, class com.almasb.fxgl.app.services.SystemBundleService, class com.almasb.fxgl.profile.SaveLoadService, class com.almasb.fxgl.ui.FXGLUIFactoryServiceProvider, class com.almasb.fxgl.ui.FXGLDialogFactoryServiceProvider, class com.almasb.fxgl.audio.AudioPlayer, class com.almasb.fxgl.notification.impl.NotificationServiceProvider, class com.almasb.fxgl.achievement.AchievementService, class com.almasb.fxgl.cutscene.CutsceneService, class com.almasb.fxgl.minigames.MiniGameService, class com.almasb.fxgl.net.NetService, class com.almasb.fxgl.app.services.UpdaterService, class com.almasb.fxgl.dev.DevService]
21:41:25.230 [FXGL Background Thread 3 ] DEBUG Engine               - fontGame: alagard.ttf
21:41:25.230 [FXGL Background Thread 3 ] DEBUG Engine               - fontMono: alagard.ttf
21:41:25.230 [FXGL Background Thread 3 ] DEBUG Engine               - fontText: alagard.ttf
21:41:25.230 [FXGL Background Thread 3 ] DEBUG Engine               - fontUI: alagard.ttf
21:41:25.230 [FXGL Background Thread 3 ] DEBUG Engine               - fullScreen: BooleanProperty [value: false]
21:41:25.230 [FXGL Background Thread 3 ] DEBUG Engine               - gameDifficulty: MEDIUM
21:41:25.230 [FXGL Background Thread 3 ] DEBUG Engine               - gameDifficultyProperty: ObjectProperty [value: MEDIUM]
21:41:25.231 [FXGL Background Thread 3 ] DEBUG Engine               - globalMusicVolume: 0.5
21:41:25.231 [FXGL Background Thread 3 ] DEBUG Engine               - globalMusicVolumeProperty: DoubleProperty [value: 0.5]
21:41:25.231 [FXGL Background Thread 3 ] DEBUG Engine               - globalSoundVolume: 0.5
21:41:25.231 [FXGL Background Thread 3 ] DEBUG Engine               - globalSoundVolumeProperty: DoubleProperty [value: 0.5]
21:41:25.231 [FXGL Background Thread 3 ] DEBUG Engine               - height: 720
21:41:25.231 [FXGL Background Thread 3 ] DEBUG Engine               - is3D: false
21:41:25.231 [FXGL Background Thread 3 ] DEBUG Engine               - isAndroid: false
21:41:25.231 [FXGL Background Thread 3 ] DEBUG Engine               - isBrowser: false
21:41:25.231 [FXGL Background Thread 3 ] DEBUG Engine               - isClickFeedbackEnabled: false
21:41:25.231 [FXGL Background Thread 3 ] DEBUG Engine               - isCloseConfirmation: false
21:41:25.231 [FXGL Background Thread 3 ] DEBUG Engine               - isDesktop: true
21:41:25.231 [FXGL Background Thread 3 ] DEBUG Engine               - isDeveloperMenuEnabled: false
21:41:25.232 [FXGL Background Thread 3 ] DEBUG Engine               - isEmbedded: false
21:41:25.232 [FXGL Background Thread 3 ] DEBUG Engine               - isEntityPreloadEnabled: true
21:41:25.232 [FXGL Background Thread 3 ] DEBUG Engine               - isExperimentalTiledLargeMap: false
21:41:25.232 [FXGL Background Thread 3 ] DEBUG Engine               - isFileSystemWriteAllowed: true
21:41:25.232 [FXGL Background Thread 3 ] DEBUG Engine               - isFullScreenAllowed: false
21:41:25.232 [FXGL Background Thread 3 ] DEBUG Engine               - isFullScreenFromStart: false
21:41:25.232 [FXGL Background Thread 3 ] DEBUG Engine               - isGameMenuEnabled: true
21:41:25.232 [FXGL Background Thread 3 ] DEBUG Engine               - isIOS: false
21:41:25.232 [FXGL Background Thread 3 ] DEBUG Engine               - isIntroEnabled: false
21:41:25.233 [FXGL Background Thread 3 ] DEBUG Engine               - isLinux: false
21:41:25.233 [FXGL Background Thread 3 ] DEBUG Engine               - isMac: false
21:41:25.233 [FXGL Background Thread 3 ] DEBUG Engine               - isMainMenuEnabled: true
21:41:25.233 [FXGL Background Thread 3 ] DEBUG Engine               - isManualResizeEnabled: false
21:41:25.233 [FXGL Background Thread 3 ] DEBUG Engine               - isMobile: false
21:41:25.233 [FXGL Background Thread 3 ] DEBUG Engine               - isNative: false
21:41:25.233 [FXGL Background Thread 3 ] DEBUG Engine               - isPauseMusicWhenMinimized: true
21:41:25.233 [FXGL Background Thread 3 ] DEBUG Engine               - isPreserveResizeRatio: false
21:41:25.233 [FXGL Background Thread 3 ] DEBUG Engine               - isProfilingEnabled: false
21:41:25.233 [FXGL Background Thread 3 ] DEBUG Engine               - isScaleAffectedOnResize: true
21:41:25.233 [FXGL Background Thread 3 ] DEBUG Engine               - isSingleStep: false
21:41:25.233 [FXGL Background Thread 3 ] DEBUG Engine               - isUserProfileEnabled: false
21:41:25.234 [FXGL Background Thread 3 ] DEBUG Engine               - isWindows: true
21:41:25.234 [FXGL Background Thread 3 ] DEBUG Engine               - language: ObjectProperty [value: ENGLISH]
21:41:25.234 [FXGL Background Thread 3 ] DEBUG Engine               - menuKey: ESCAPE
21:41:25.234 [FXGL Background Thread 3 ] DEBUG Engine               - mouseSensitivity: 0.2
21:41:25.234 [FXGL Background Thread 3 ] DEBUG Engine               - notificationViewClass: class com.almasb.fxgl.notification.view.XboxNotificationView
21:41:25.234 [FXGL Background Thread 3 ] DEBUG Engine               - pixelsPerMeter: 50.0
21:41:25.234 [FXGL Background Thread 3 ] DEBUG Engine               - platform: WINDOWS
21:41:25.234 [FXGL Background Thread 3 ] DEBUG Engine               - prefHeightProperty: ReadOnlyDoubleProperty [value: 720.0]
21:41:25.234 [FXGL Background Thread 3 ] DEBUG Engine               - prefWidthProperty: ReadOnlyDoubleProperty [value: 1280.0]
21:41:25.234 [FXGL Background Thread 3 ] DEBUG Engine               - profileDir: profiles/
21:41:25.234 [FXGL Background Thread 3 ] DEBUG Engine               - profileName: StringProperty [value: DEFAULT]
21:41:25.234 [FXGL Background Thread 3 ] DEBUG Engine               - randomSeed: -1
21:41:25.235 [FXGL Background Thread 3 ] DEBUG Engine               - runtimeInfo: RuntimeInfo(platform=WINDOWS, version=17.2, build=20.08.2022 16.50)
21:41:25.235 [FXGL Background Thread 3 ] DEBUG Engine               - saveFileExt: sav
21:41:25.235 [FXGL Background Thread 3 ] DEBUG Engine               - scaledHeightProp$fxgl: DoubleProperty [bound, value: 720.0]
21:41:25.235 [FXGL Background Thread 3 ] DEBUG Engine               - scaledWidthProp$fxgl: DoubleProperty [bound, value: 1280.0]
21:41:25.235 [FXGL Background Thread 3 ] DEBUG Engine               - sceneFactory: com.lgiacchetta.dungeon.DungeonApp$1@699d92e2
21:41:25.235 [FXGL Background Thread 3 ] DEBUG Engine               - secondsIn24h: 60
21:41:25.235 [FXGL Background Thread 3 ] DEBUG Engine               - soundMenuBack: menu/back.wav
21:41:25.235 [FXGL Background Thread 3 ] DEBUG Engine               - soundMenuPress: menu/press.wav
21:41:25.235 [FXGL Background Thread 3 ] DEBUG Engine               - soundMenuSelect: menu/select.wav
21:41:25.235 [FXGL Background Thread 3 ] DEBUG Engine               - soundNotification: core/notification.wav
21:41:25.235 [FXGL Background Thread 3 ] DEBUG Engine               - stageStyle: DECORATED
21:41:25.236 [FXGL Background Thread 3 ] DEBUG Engine               - supportedLanguages: [ENGLISH, FRENCH, GERMAN, HUNGARIAN, RUSSIAN]
21:41:25.236 [FXGL Background Thread 3 ] DEBUG Engine               - ticksPerSecond: -1
21:41:25.236 [FXGL Background Thread 3 ] DEBUG Engine               - title: Dungeon
21:41:25.236 [FXGL Background Thread 3 ] DEBUG Engine               - urlGithub: https://github.com/AlmasB/FXGL
21:41:25.236 [FXGL Background Thread 3 ] DEBUG Engine               - urlLeaderboard: http://fxgl-top.herokuapp.com/
21:41:25.236 [FXGL Background Thread 3 ] DEBUG Engine               - urlPOM: https://raw.githubusercontent.com/AlmasB/FXGL/release/README.md
21:41:25.236 [FXGL Background Thread 3 ] DEBUG Engine               - userAppClass: class com.lgiacchetta.dungeon.DungeonApp
21:41:25.236 [FXGL Background Thread 3 ] DEBUG Engine               - version: 1.0
21:41:25.236 [FXGL Background Thread 3 ] DEBUG Engine               - versionCheckDays: 7
21:41:25.236 [FXGL Background Thread 3 ] DEBUG Engine               - width: 1280
21:41:25.236 [FXGL Background Thread 3 ] DEBUG Engine               - Logging services
21:41:25.236 [FXGL Background Thread 3 ] DEBUG Engine               - class com.almasb.fxgl.app.services.FXGLAssetLoaderService
21:41:25.236 [FXGL Background Thread 3 ] DEBUG Engine               - class com.almasb.fxgl.app.FXGLApplication$GameApplicationService
21:41:25.236 [FXGL Background Thread 3 ] DEBUG Engine               - class com.almasb.fxgl.app.services.FXGLDialogService
21:41:25.236 [FXGL Background Thread 3 ] DEBUG Engine               - class com.almasb.fxgl.app.services.IOTaskExecutorService
21:41:25.236 [FXGL Background Thread 3 ] DEBUG Engine               - class com.almasb.fxgl.io.FileSystemService
21:41:25.236 [FXGL Background Thread 3 ] DEBUG Engine               - class com.almasb.fxgl.localization.LocalizationService
21:41:25.236 [FXGL Background Thread 3 ] DEBUG Engine               - class com.almasb.fxgl.app.services.SystemBundleService
21:41:25.236 [FXGL Background Thread 3 ] DEBUG Engine               - class com.almasb.fxgl.profile.SaveLoadService
21:41:25.236 [FXGL Background Thread 3 ] DEBUG Engine               - class com.almasb.fxgl.ui.FXGLUIFactoryServiceProvider
21:41:25.236 [FXGL Background Thread 3 ] DEBUG Engine               - class com.almasb.fxgl.ui.FXGLDialogFactoryServiceProvider
21:41:25.236 [FXGL Background Thread 3 ] DEBUG Engine               - class com.almasb.fxgl.audio.AudioPlayer
21:41:25.237 [FXGL Background Thread 3 ] DEBUG Engine               - class com.almasb.fxgl.notification.impl.NotificationServiceProvider
21:41:25.237 [FXGL Background Thread 3 ] DEBUG Engine               - class com.almasb.fxgl.achievement.AchievementService
21:41:25.237 [FXGL Background Thread 3 ] DEBUG Engine               - class com.almasb.fxgl.cutscene.CutsceneService
21:41:25.237 [FXGL Background Thread 3 ] DEBUG Engine               - class com.almasb.fxgl.minigames.MiniGameService
21:41:25.237 [FXGL Background Thread 3 ] DEBUG Engine               - class com.almasb.fxgl.net.NetService
21:41:25.237 [FXGL Background Thread 3 ] DEBUG Engine               - class com.almasb.fxgl.app.services.UpdaterService
21:41:25.237 [FXGL Background Thread 3 ] DEBUG Engine               - class com.almasb.fxgl.dev.DevService
21:41:26.298 [JavaFX Application Thread] DEBUG FXGLAssetLoaderServi - Loading from file system: jar:file:///C:/Users/lucag/IdeaProjects/Dungeon/build/libs/Dungeon-1.0-SNAPSHOT.jar!/assets/textures/hero/wizzard_f_idle_anim_f0.png
21:41:26.300 [JavaFX Application Thread] DEBUG FXGLAssetLoaderServi - Loading from file system: jar:file:///C:/Users/lucag/IdeaProjects/Dungeon/build/libs/Dungeon-1.0-SNAPSHOT.jar!/assets/textures/hero/wizzard_f_idle_anim_f1.png
21:41:26.300 [JavaFX Application Thread] DEBUG FXGLAssetLoaderServi - Loading from file system: jar:file:///C:/Users/lucag/IdeaProjects/Dungeon/build/libs/Dungeon-1.0-SNAPSHOT.jar!/assets/textures/hero/wizzard_f_idle_anim_f2.png
21:41:26.301 [JavaFX Application Thread] DEBUG FXGLAssetLoaderServi - Loading from file system: jar:file:///C:/Users/lucag/IdeaProjects/Dungeon/build/libs/Dungeon-1.0-SNAPSHOT.jar!/assets/textures/hero/wizzard_f_idle_anim_f3.png
21:41:26.439 [JavaFX Application Thread] DEBUG FXGLAssetLoaderServi - Loading from file system: jar:file:///C:/Users/lucag/IdeaProjects/Dungeon/build/libs/Dungeon-1.0-SNAPSHOT.jar!/assets/textures/hero/wizzard_m_idle_anim_f0.png
21:41:26.439 [JavaFX Application Thread] DEBUG FXGLAssetLoaderServi - Loading from file system: jar:file:///C:/Users/lucag/IdeaProjects/Dungeon/build/libs/Dungeon-1.0-SNAPSHOT.jar!/assets/textures/hero/wizzard_m_idle_anim_f1.png
21:41:26.440 [JavaFX Application Thread] DEBUG FXGLAssetLoaderServi - Loading from file system: jar:file:///C:/Users/lucag/IdeaProjects/Dungeon/build/libs/Dungeon-1.0-SNAPSHOT.jar!/assets/textures/hero/wizzard_m_idle_anim_f2.png
21:41:26.440 [JavaFX Application Thread] DEBUG FXGLAssetLoaderServi - Loading from file system: jar:file:///C:/Users/lucag/IdeaProjects/Dungeon/build/libs/Dungeon-1.0-SNAPSHOT.jar!/assets/textures/hero/wizzard_m_idle_anim_f3.png
21:41:28.021 [JavaFX Application Thread] DEBUG FXGLAssetLoaderServi - Loading from file system: jar:file:///C:/Users/lucag/IdeaProjects/Dungeon/build/libs/Dungeon-1.0-SNAPSHOT.jar!/assets/textures/hero/dwarf_m_idle_anim_f0.png
21:41:28.022 [JavaFX Application Thread] DEBUG FXGLAssetLoaderServi - Loading from file system: jar:file:///C:/Users/lucag/IdeaProjects/Dungeon/build/libs/Dungeon-1.0-SNAPSHOT.jar!/assets/textures/hero/dwarf_m_idle_anim_f1.png
21:41:28.022 [JavaFX Application Thread] DEBUG FXGLAssetLoaderServi - Loading from file system: jar:file:///C:/Users/lucag/IdeaProjects/Dungeon/build/libs/Dungeon-1.0-SNAPSHOT.jar!/assets/textures/hero/dwarf_m_idle_anim_f2.png
21:41:28.022 [JavaFX Application Thread] DEBUG FXGLAssetLoaderServi - Loading from file system: jar:file:///C:/Users/lucag/IdeaProjects/Dungeon/build/libs/Dungeon-1.0-SNAPSHOT.jar!/assets/textures/hero/dwarf_m_idle_anim_f3.png
21:41:30.594 [JavaFX Application Thread] DEBUG Menu                 - fireNewGame()
21:41:30.594 [JavaFX Application Thread] DEBUG GameApplicationServi - Starting new game
21:41:30.595 [JavaFX Application Thread] DEBUG PrimaryStageWindow   - Pop state: MainMenu
21:41:30.595 [JavaFX Application Thread] DEBUG Input                - Clearing active input actions
21:41:30.596 [JavaFX Application Thread] DEBUG GameApplicationServi - Removing overlay from MainMenu and adding to FXGLMainMenuDummyScene
21:41:30.596 [JavaFX Application Thread] DEBUG PrimaryStageWindow   - FXGLMainMenuDummyScene <- MainMenu
21:41:30.597 [JavaFX Application Thread] DEBUG Input                - Clearing active input actions
21:41:30.604 [JavaFX Application Thread] DEBUG GameApplicationServi - Removing overlay from FXGLMainMenuDummyScene and adding to MainLoadingScene
21:41:30.604 [JavaFX Application Thread] DEBUG PrimaryStageWindow   - FXGLMainMenuDummyScene -> MainLoadingScene
21:41:30.604 [JavaFX Application Thread] DEBUG GameApplicationServi - Clearing previous game
21:41:30.604 [JavaFX Application Thread] DEBUG GameScene            - Clearing game scene
21:41:30.604 [JavaFX Application Thread] DEBUG GameWorld            - Clearing game world
21:41:30.604 [JavaFX Application Thread] DEBUG PhysicsWorld         - Clearing physics world
21:41:30.609 [FXGL Background Thread 2 ] DEBUG FXGLApplication      - Initializing game
21:41:30.617 [FXGL Background Thread 2 ] DEBUG AudioPlayer          - Stopping music com.almasb.fxgl.audio.Music@46636faf
21:41:30.620 [FXGL Background Thread 2 ] DEBUG AudioPlayer          - Playing music com.almasb.fxgl.audio.Music@5174532e
21:41:30.659 [FXGL Background Thread 2 ] WARN  TMXLevelLoader       - TiledMap generated from 1.10.1. Supported version: 1.9.0. Some features may not be parsed fully.
21:41:30.689 [FXGL Background Thread 2 ] DEBUG TMXLevelLoader       - Parsed TiledMap: jar:file:///C:/Users/lucag/IdeaProjects/Dungeon/build/libs/Dungeon-1.0-SNAPSHOT.jar!/assets/levels/tmx/level0.tmx
21:41:30.692 [FXGL Background Thread 2 ] DEBUG TMXLevelLoader       - Creating tile layer entities
21:41:30.696 [FXGL Background Thread 2 ] DEBUG TilesetLoader        - Loading view for layer floor
21:41:30.698 [FXGL Background Thread 2 ] DEBUG TilesetLoader        - Created buffer with size 640.0x640.0
21:41:30.888 [FXGL Background Thread 2 ] DEBUG TilesetLoader        - Loading view for layer walls
21:41:30.888 [FXGL Background Thread 2 ] DEBUG TilesetLoader        - Created buffer with size 640.0x640.0
21:41:30.890 [FXGL Background Thread 2 ] DEBUG TilesetLoader        - Loading view for layer side-walls
21:41:30.890 [FXGL Background Thread 2 ] DEBUG TilesetLoader        - Created buffer with size 640.0x640.0
21:41:30.892 [FXGL Background Thread 2 ] DEBUG TMXLevelLoader       - Creating object layer entities
21:41:30.892 [FXGL Background Thread 2 ] DEBUG FXGLAssetLoaderServi - Loading from file system: jar:file:///C:/Users/lucag/IdeaProjects/Dungeon/build/libs/Dungeon-1.0-SNAPSHOT.jar!/assets/textures/door/doors_leaf_open.png
21:41:30.893 [FXGL Background Thread 2 ] DEBUG FXGLAssetLoaderServi - Loading from file system: jar:file:///C:/Users/lucag/IdeaProjects/Dungeon/build/libs/Dungeon-1.0-SNAPSHOT.jar!/assets/textures/door/doors_leaf_closed.png
21:41:30.911 [FXGL Background Thread 2 ] DEBUG FXGLAssetLoaderServi - Loading from file system: jar:file:///C:/Users/lucag/IdeaProjects/Dungeon/build/libs/Dungeon-1.0-SNAPSHOT.jar!/assets/textures/ladder/floor_ladder.png
21:41:30.913 [FXGL Background Thread 2 ] DEBUG FXGLAssetLoaderServi - Loading from file system: jar:file:///C:/Users/lucag/IdeaProjects/Dungeon/build/libs/Dungeon-1.0-SNAPSHOT.jar!/assets/textures/plate/button_red_up.png
21:41:30.914 [FXGL Background Thread 2 ] DEBUG FXGLAssetLoaderServi - Loading from file system: jar:file:///C:/Users/lucag/IdeaProjects/Dungeon/build/libs/Dungeon-1.0-SNAPSHOT.jar!/assets/textures/plate/button_red_down.png
21:41:30.917 [FXGL Background Thread 2 ] DEBUG FXGLAssetLoaderServi - Loading from file system: jar:file:///C:/Users/lucag/IdeaProjects/Dungeon/build/libs/Dungeon-1.0-SNAPSHOT.jar!/assets/textures/plate/button_blue_up.png
21:41:30.917 [FXGL Background Thread 2 ] DEBUG FXGLAssetLoaderServi - Loading from file system: jar:file:///C:/Users/lucag/IdeaProjects/Dungeon/build/libs/Dungeon-1.0-SNAPSHOT.jar!/assets/textures/plate/button_blue_down.png
21:41:30.920 [FXGL Background Thread 2 ] DEBUG FXGLAssetLoaderServi - Loading from file system: jar:file:///C:/Users/lucag/IdeaProjects/Dungeon/build/libs/Dungeon-1.0-SNAPSHOT.jar!/assets/textures/spike/floor_spikes_anim_f0.png
21:41:30.920 [FXGL Background Thread 2 ] DEBUG FXGLAssetLoaderServi - Loading from file system: jar:file:///C:/Users/lucag/IdeaProjects/Dungeon/build/libs/Dungeon-1.0-SNAPSHOT.jar!/assets/textures/spike/floor_spikes_anim_f1.png
21:41:30.921 [FXGL Background Thread 2 ] DEBUG FXGLAssetLoaderServi - Loading from file system: jar:file:///C:/Users/lucag/IdeaProjects/Dungeon/build/libs/Dungeon-1.0-SNAPSHOT.jar!/assets/textures/spike/floor_spikes_anim_f2.png
21:41:30.922 [FXGL Background Thread 2 ] DEBUG FXGLAssetLoaderServi - Loading from file system: jar:file:///C:/Users/lucag/IdeaProjects/Dungeon/build/libs/Dungeon-1.0-SNAPSHOT.jar!/assets/textures/spike/floor_spikes_anim_f3.png
21:41:30.922 [FXGL Background Thread 2 ] DEBUG FXGLAssetLoaderServi - Loading from file system: jar:file:///C:/Users/lucag/IdeaProjects/Dungeon/build/libs/Dungeon-1.0-SNAPSHOT.jar!/assets/textures/spike/floor_spikes_anim_f4.png
21:41:30.923 [FXGL Background Thread 2 ] DEBUG FXGLAssetLoaderServi - Loading from file system: jar:file:///C:/Users/lucag/IdeaProjects/Dungeon/build/libs/Dungeon-1.0-SNAPSHOT.jar!/assets/textures/spike/floor_spikes_anim_f5.png
21:41:30.923 [FXGL Background Thread 2 ] DEBUG FXGLAssetLoaderServi - Loading from file system: jar:file:///C:/Users/lucag/IdeaProjects/Dungeon/build/libs/Dungeon-1.0-SNAPSHOT.jar!/assets/textures/spike/floor_spikes_anim_f6.png
21:41:30.924 [FXGL Background Thread 2 ] DEBUG FXGLAssetLoaderServi - Loading from file system: jar:file:///C:/Users/lucag/IdeaProjects/Dungeon/build/libs/Dungeon-1.0-SNAPSHOT.jar!/assets/textures/spike/floor_spikes_anim_f7.png
21:41:30.924 [FXGL Background Thread 2 ] DEBUG FXGLAssetLoaderServi - Loading from file system: jar:file:///C:/Users/lucag/IdeaProjects/Dungeon/build/libs/Dungeon-1.0-SNAPSHOT.jar!/assets/textures/spike/floor_spikes_danger_anim_f0.png
21:41:30.939 [FXGL Background Thread 2 ] DEBUG FXGLAssetLoaderServi - Loading from file system: jar:file:///C:/Users/lucag/IdeaProjects/Dungeon/build/libs/Dungeon-1.0-SNAPSHOT.jar!/assets/textures/potion/flask_big_green.png
21:41:30.948 [FXGL Background Thread 2 ] DEBUG FXGLAssetLoaderServi - Loading from file system: jar:file:///C:/Users/lucag/IdeaProjects/Dungeon/build/libs/Dungeon-1.0-SNAPSHOT.jar!/assets/textures/plate/button_yellow_up.png
21:41:30.949 [FXGL Background Thread 2 ] DEBUG FXGLAssetLoaderServi - Loading from file system: jar:file:///C:/Users/lucag/IdeaProjects/Dungeon/build/libs/Dungeon-1.0-SNAPSHOT.jar!/assets/textures/plate/button_yellow_down.png
21:41:30.982 [FXGL Background Thread 2 ] DEBUG FXGLAssetLoaderServi - Loading from file system: jar:file:///C:/Users/lucag/IdeaProjects/Dungeon/build/libs/Dungeon-1.0-SNAPSHOT.jar!/assets/textures/hero/dwarf_m_run_anim_f0.png
21:41:30.982 [FXGL Background Thread 2 ] DEBUG FXGLAssetLoaderServi - Loading from file system: jar:file:///C:/Users/lucag/IdeaProjects/Dungeon/build/libs/Dungeon-1.0-SNAPSHOT.jar!/assets/textures/hero/dwarf_m_run_anim_f1.png
21:41:30.983 [FXGL Background Thread 2 ] DEBUG FXGLAssetLoaderServi - Loading from file system: jar:file:///C:/Users/lucag/IdeaProjects/Dungeon/build/libs/Dungeon-1.0-SNAPSHOT.jar!/assets/textures/hero/dwarf_m_run_anim_f2.png
21:41:30.984 [FXGL Background Thread 2 ] DEBUG FXGLAssetLoaderServi - Loading from file system: jar:file:///C:/Users/lucag/IdeaProjects/Dungeon/build/libs/Dungeon-1.0-SNAPSHOT.jar!/assets/textures/hero/dwarf_m_run_anim_f3.png
21:41:30.986 [FXGL Background Thread 2 ] DEBUG FXGLAssetLoaderServi - Loading from file system: jar:file:///C:/Users/lucag/IdeaProjects/Dungeon/build/libs/Dungeon-1.0-SNAPSHOT.jar!/assets/textures/hero/wizzard_m_run_anim_f0.png
21:41:30.987 [FXGL Background Thread 2 ] DEBUG FXGLAssetLoaderServi - Loading from file system: jar:file:///C:/Users/lucag/IdeaProjects/Dungeon/build/libs/Dungeon-1.0-SNAPSHOT.jar!/assets/textures/hero/wizzard_m_run_anim_f1.png
21:41:30.987 [FXGL Background Thread 2 ] DEBUG FXGLAssetLoaderServi - Loading from file system: jar:file:///C:/Users/lucag/IdeaProjects/Dungeon/build/libs/Dungeon-1.0-SNAPSHOT.jar!/assets/textures/hero/wizzard_m_run_anim_f2.png
21:41:30.988 [FXGL Background Thread 2 ] DEBUG FXGLAssetLoaderServi - Loading from file system: jar:file:///C:/Users/lucag/IdeaProjects/Dungeon/build/libs/Dungeon-1.0-SNAPSHOT.jar!/assets/textures/hero/wizzard_m_run_anim_f3.png
21:41:30.990 [FXGL Background Thread 2 ] DEBUG GameWorld            - Clearing removable entities
21:41:30.990 [FXGL Background Thread 2 ] DEBUG GameWorld            - Setting level: com.almasb.fxgl.entity.level.Level@4bf6ccd8
21:41:31.022 [FXGL Background Thread 2 ] DEBUG FXGLAssetLoaderServi - Loading from file system: jar:file:///C:/Users/lucag/IdeaProjects/Dungeon/build/libs/Dungeon-1.0-SNAPSHOT.jar!/assets/textures/heart/ui_heart_full.png
21:41:31.027 [FXGL Background Thread 2 ] INFO  FXGLApplication      - Game initialization took: 0,417 sec
21:41:31.030 [JavaFX Application Thread] DEBUG Input                - Clearing active input actions
21:41:31.037 [JavaFX Application Thread] DEBUG GameApplicationServi - Removing overlay from MainLoadingScene and adding to GameScene
21:41:31.038 [JavaFX Application Thread] DEBUG PrimaryStageWindow   - MainLoadingScene -> GameScene
21:41:32.510 [JavaFX Application Thread] DEBUG FXGLAssetLoaderServi - Loading from file system: jar:file:///C:/Users/lucag/IdeaProjects/Dungeon/build/libs/Dungeon-1.0-SNAPSHOT.jar!/assets/sounds/door-open.wav
21:41:35.166 [JavaFX Application Thread] DEBUG FXGLAssetLoaderServi - Loading from file system: jar:file:///C:/Users/lucag/IdeaProjects/Dungeon/build/libs/Dungeon-1.0-SNAPSHOT.jar!/assets/sounds/spike.wav
21:41:37.484 [JavaFX Application Thread] DEBUG FXGLAssetLoaderServi - Loading from file system: jar:file:///C:/Users/lucag/IdeaProjects/Dungeon/build/libs/Dungeon-1.0-SNAPSHOT.jar!/assets/sounds/ladder.wav
21:41:41.213 [JavaFX Application Thread] DEBUG FXGLAssetLoaderServi - Loading from file system: jar:file:///C:/Users/lucag/IdeaProjects/Dungeon/build/libs/Dungeon-1.0-SNAPSHOT.jar!/assets/textures/heart/ui_heart_half.png
21:41:41.215 [JavaFX Application Thread] DEBUG FXGLAssetLoaderServi - Loading from file system: jar:file:///C:/Users/lucag/IdeaProjects/Dungeon/build/libs/Dungeon-1.0-SNAPSHOT.jar!/assets/sounds/damage.wav
21:41:42.284 [JavaFX Application Thread] DEBUG FXGLAssetLoaderServi - Loading from file system: jar:file:///C:/Users/lucag/IdeaProjects/Dungeon/build/libs/Dungeon-1.0-SNAPSHOT.jar!/assets/textures/heart/ui_heart_empty.png
21:41:46.221 [JavaFX Application Thread] DEBUG FXGLAssetLoaderServi - Loading from file system: jar:file:///C:/Users/lucag/IdeaProjects/Dungeon/build/libs/Dungeon-1.0-SNAPSHOT.jar!/assets/sounds/heal.wav
21:42:04.084 [JavaFX Application Thread] DEBUG FXGLAssetLoaderServi - Loading from file system: jar:file:///C:/Users/lucag/IdeaProjects/Dungeon/build/libs/Dungeon-1.0-SNAPSHOT.jar!/assets/textures/chest/chest_full_open_anim_f0.png
21:42:04.085 [JavaFX Application Thread] DEBUG FXGLAssetLoaderServi - Loading from file system: jar:file:///C:/Users/lucag/IdeaProjects/Dungeon/build/libs/Dungeon-1.0-SNAPSHOT.jar!/assets/textures/chest/chest_full_open_anim_f1.png
21:42:04.089 [JavaFX Application Thread] DEBUG Input                - Registered new binding: Go to the next Level - Enter
21:42:04.089 [JavaFX Application Thread] DEBUG PrimaryStageWindow   - Push state: LevelEndScene
21:42:04.089 [JavaFX Application Thread] DEBUG Input                - Clearing active input actions
21:42:04.090 [JavaFX Application Thread] DEBUG GameApplicationServi - Removing overlay from GameScene and adding to LevelEndScene
21:42:04.090 [JavaFX Application Thread] DEBUG PrimaryStageWindow   - GameScene -> LevelEndScene
21:42:04.090 [JavaFX Application Thread] DEBUG AudioPlayer          - Stopping music com.almasb.fxgl.audio.Music@5174532e
21:42:04.091 [JavaFX Application Thread] DEBUG FXGLAssetLoaderServi - Loading from file system: jar:file:///C:/Users/lucag/IdeaProjects/Dungeon/build/libs/Dungeon-1.0-SNAPSHOT.jar!/assets/sounds/level-win.wav
21:42:07.181 [JavaFX Application Thread] DEBUG PrimaryStageWindow   - Pop state: LevelEndScene
21:42:07.181 [JavaFX Application Thread] DEBUG Input                - Clearing active input actions
21:42:07.181 [JavaFX Application Thread] DEBUG GameApplicationServi - Removing overlay from LevelEndScene and adding to GameScene
21:42:07.181 [JavaFX Application Thread] DEBUG PrimaryStageWindow   - GameScene <- LevelEndScene
21:42:07.181 [JavaFX Application Thread] DEBUG AudioPlayer          - Playing music com.almasb.fxgl.audio.Music@5174532e
21:42:07.184 [JavaFX Application Thread] WARN  TMXLevelLoader       - TiledMap generated from 1.10.1. Supported version: 1.9.0. Some features may not be parsed fully.
21:42:07.217 [JavaFX Application Thread] DEBUG TMXLevelLoader       - Parsed TiledMap: jar:file:///C:/Users/lucag/IdeaProjects/Dungeon/build/libs/Dungeon-1.0-SNAPSHOT.jar!/assets/levels/tmx/level1.tmx
21:42:07.217 [JavaFX Application Thread] DEBUG TMXLevelLoader       - Creating tile layer entities
21:42:07.218 [JavaFX Application Thread] DEBUG TilesetLoader        - Loading view for layer floor
21:42:07.222 [JavaFX Application Thread] DEBUG TilesetLoader        - Created buffer with size 960.0x960.0
21:42:07.247 [JavaFX Application Thread] DEBUG TilesetLoader        - Loading view for layer walls
21:42:07.248 [JavaFX Application Thread] DEBUG TilesetLoader        - Created buffer with size 960.0x960.0
21:42:07.251 [JavaFX Application Thread] DEBUG TilesetLoader        - Loading view for layer side-walls
21:42:07.251 [JavaFX Application Thread] DEBUG TilesetLoader        - Created buffer with size 960.0x960.0
21:42:07.253 [JavaFX Application Thread] DEBUG TMXLevelLoader       - Creating object layer entities
21:42:07.373 [JavaFX Application Thread] DEBUG GameWorld            - Clearing removable entities
21:42:07.390 [JavaFX Application Thread] DEBUG GameWorld            - Setting level: com.almasb.fxgl.entity.level.Level@7c945f7a
21:42:12.870 [JavaFX Application Thread] DEBUG FXGLApplication      - Exiting FXGL
21:42:12.870 [JavaFX Application Thread] DEBUG LoopRunner           - Stopping loop
21:42:12.870 [JavaFX Application Thread] DEBUG SystemBundleService  - Saving FXGL system data
21:42:12.874 [JavaFX Application Thread] DEBUG FileSystemAccess     - Writing to: C:\Users\lucag\IdeaProjects\Dungeon\system\fxgl.bundle
21:42:12.876 [JavaFX Application Thread] DEBUG Async                - Shutting down background threads
21:42:12.876 [JavaFX Application Thread] DEBUG PrimaryStageWindow   - Closing main window
21:42:12.902 [JavaFX Application Thread] DEBUG Logger               - Closing Logger
