11:31:23.312 [main                     ] DEBUG Logger               - Configured Logger
11:31:23.341 [main                     ] DEBUG GameApplication      - Logging settings
Title: Untitled
Version: 0.0
Width: 1280
Height: 720
Fullscreen: false
Intro: false
Profiling: false
Single step:false
App Mode: DEVELOPER
Menu Key: ESCAPE
Stage Style: DECORATED
Scene Factory: class com.lgiacchetta.dungeon.DungeonApp$1

11:31:23.607 [JavaFX Application Thread] DEBUG FXGLApplication      - Initializing FXGL
11:31:23.614 [JavaFX Application Thread] INFO  Engine               - FXGL-17.2 (20.08.2022 16.50) on WINDOWS (J:17.0.6 FX:17.0.2-ea)
11:31:23.615 [JavaFX Application Thread] DEBUG Engine               - JRE Vendor Name: Oracle Corporation
11:31:23.615 [JavaFX Application Thread] DEBUG Engine               - Running on OS: Windows 11 version 10.0
11:31:23.615 [JavaFX Application Thread] DEBUG Engine               - Architecture: amd64
11:31:23.615 [JavaFX Application Thread] INFO  Engine               - Source code and latest versions at: https://github.com/AlmasB/FXGL
11:31:23.615 [JavaFX Application Thread] INFO  Engine               -       Ask questions and discuss at: https://github.com/AlmasB/FXGL/discussions
11:31:23.616 [JavaFX Application Thread] INFO  Engine               -              Join the FXGL chat at: https://gitter.im/AlmasB/FXGL
11:31:23.689 [JavaFX Application Thread] DEBUG PrimaryStageWindow   - Creating a JavaFX scene
11:31:23.725 [JavaFX Application Thread] DEBUG PrimaryStageWindow   - Target settings size: 1280.0 x 720.0
11:31:23.725 [JavaFX Application Thread] DEBUG PrimaryStageWindow   - Scaled scene size:    1280.0 x 720.0
11:31:23.725 [JavaFX Application Thread] DEBUG PrimaryStageWindow   - Scaled ratio: (1.0, 1.0)
11:31:23.726 [JavaFX Application Thread] DEBUG PrimaryStageWindow   - Set initial scene to FXGLStartupScene
11:31:23.731 [JavaFX Application Thread] DEBUG PrimaryStageWindow   - Opening main window
11:31:23.792 [JavaFX Application Thread] DEBUG PrimaryStageWindow   - Window border size: (14.4000244140625, 37.5999755859375)
11:31:23.792 [JavaFX Application Thread] DEBUG PrimaryStageWindow   - Scaled size: 1280.0 x 720.0
11:31:23.793 [JavaFX Application Thread] DEBUG PrimaryStageWindow   - Scaled ratio: (1.0, 1.0)
11:31:23.793 [JavaFX Application Thread] DEBUG PrimaryStageWindow   - Scene size: 1280.0 x 720.0
11:31:23.793 [JavaFX Application Thread] DEBUG PrimaryStageWindow   - Stage size: 1294.4000244140625 x 757.5999755859375
11:31:23.799 [FXGL Background Thread 1 ] DEBUG Engine               - Initializing environment variables
11:31:23.834 [FXGL Background Thread 1 ] DEBUG FXGLAssetLoaderServi - User app class for loading assets: class com.lgiacchetta.dungeon.DungeonApp
11:31:23.834 [FXGL Background Thread 1 ] DEBUG GameApplicationServi - Applying CSS: fxgl_dark.css
11:31:23.835 [FXGL Background Thread 1 ] DEBUG FXGLAssetLoaderServi - Loading from file system: jar:file:///C:/Users/sofia/.gradle/caches/modules-2/files-2.1/com.github.almasb/fxgl/17.2/35db6ae960eec2dcfd19262d3b7f9c42f0e95bc3/fxgl-17.2.jar!/fxglassets/ui/css/fxgl_dark.css
11:31:23.872 [FXGL Background Thread 1 ] DEBUG GameApplicationServi - Initializing application scenes
11:31:23.874 [FXGL Background Thread 1 ] DEBUG FXGLAssetLoaderServi - Loading from file system: jar:file:///C:/Users/sofia/IdeaProjects/Dungeon/build/libs/Dungeon-1.0-SNAPSHOT.jar!/assets/textures/loading.jpg
11:31:23.915 [FXGL Background Thread 1 ] DEBUG FXGLAssetLoaderServi - Loading from file system: jar:file:///C:/Users/sofia/IdeaProjects/Dungeon/build/libs/Dungeon-1.0-SNAPSHOT.jar!/assets/ui/fonts/alagard.ttf
11:31:23.959 [FXGL Background Thread 1 ] DEBUG FXGLAssetLoaderServi - Loading from file system: jar:file:///C:/Users/sofia/IdeaProjects/Dungeon/build/libs/Dungeon-1.0-SNAPSHOT.jar!/assets/music/melody.wav
11:31:24.040 [FXGL Background Thread 1 ] DEBUG FXGLAssetLoaderServi - Loading from file system: jar:file:///C:/Users/sofia/IdeaProjects/Dungeon/build/libs/Dungeon-1.0-SNAPSHOT.jar!/assets/music/menu.wav
11:31:24.200 [FXGL Background Thread 1 ] DEBUG FXGLAssetLoaderServi - Loading from file system: jar:file:///C:/Users/sofia/IdeaProjects/Dungeon/build/libs/Dungeon-1.0-SNAPSHOT.jar!/assets/textures/orc/boss/ogre_run_anim_f0.png
11:31:24.202 [FXGL Background Thread 1 ] DEBUG FXGLAssetLoaderServi - Loading from file system: jar:file:///C:/Users/sofia/IdeaProjects/Dungeon/build/libs/Dungeon-1.0-SNAPSHOT.jar!/assets/textures/orc/boss/ogre_run_anim_f1.png
11:31:24.203 [FXGL Background Thread 1 ] DEBUG FXGLAssetLoaderServi - Loading from file system: jar:file:///C:/Users/sofia/IdeaProjects/Dungeon/build/libs/Dungeon-1.0-SNAPSHOT.jar!/assets/textures/orc/boss/ogre_run_anim_f2.png
11:31:24.204 [FXGL Background Thread 1 ] DEBUG FXGLAssetLoaderServi - Loading from file system: jar:file:///C:/Users/sofia/IdeaProjects/Dungeon/build/libs/Dungeon-1.0-SNAPSHOT.jar!/assets/textures/orc/boss/ogre_run_anim_f3.png
11:31:24.218 [FXGL Background Thread 1 ] DEBUG FXGLAssetLoaderServi - Loading from file system: jar:file:///C:/Users/sofia/IdeaProjects/Dungeon/build/libs/Dungeon-1.0-SNAPSHOT.jar!/assets/textures/demon/boss/big_demon_run_anim_f0.png
11:31:24.219 [FXGL Background Thread 1 ] DEBUG FXGLAssetLoaderServi - Loading from file system: jar:file:///C:/Users/sofia/IdeaProjects/Dungeon/build/libs/Dungeon-1.0-SNAPSHOT.jar!/assets/textures/demon/boss/big_demon_run_anim_f1.png
11:31:24.219 [FXGL Background Thread 1 ] DEBUG FXGLAssetLoaderServi - Loading from file system: jar:file:///C:/Users/sofia/IdeaProjects/Dungeon/build/libs/Dungeon-1.0-SNAPSHOT.jar!/assets/textures/demon/boss/big_demon_run_anim_f2.png
11:31:24.220 [FXGL Background Thread 1 ] DEBUG FXGLAssetLoaderServi - Loading from file system: jar:file:///C:/Users/sofia/IdeaProjects/Dungeon/build/libs/Dungeon-1.0-SNAPSHOT.jar!/assets/textures/demon/boss/big_demon_run_anim_f3.png
11:31:24.221 [FXGL Background Thread 1 ] DEBUG FXGLAssetLoaderServi - Loading from file system: jar:file:///C:/Users/sofia/IdeaProjects/Dungeon/build/libs/Dungeon-1.0-SNAPSHOT.jar!/assets/textures/undead/boss/big_zombie_run_anim_f0.png
11:31:24.221 [FXGL Background Thread 1 ] DEBUG FXGLAssetLoaderServi - Loading from file system: jar:file:///C:/Users/sofia/IdeaProjects/Dungeon/build/libs/Dungeon-1.0-SNAPSHOT.jar!/assets/textures/undead/boss/big_zombie_run_anim_f1.png
11:31:24.222 [FXGL Background Thread 1 ] DEBUG FXGLAssetLoaderServi - Loading from file system: jar:file:///C:/Users/sofia/IdeaProjects/Dungeon/build/libs/Dungeon-1.0-SNAPSHOT.jar!/assets/textures/undead/boss/big_zombie_run_anim_f2.png
11:31:24.222 [FXGL Background Thread 1 ] DEBUG FXGLAssetLoaderServi - Loading from file system: jar:file:///C:/Users/sofia/IdeaProjects/Dungeon/build/libs/Dungeon-1.0-SNAPSHOT.jar!/assets/textures/undead/boss/big_zombie_run_anim_f3.png
11:31:24.223 [FXGL Background Thread 1 ] DEBUG FXGLAssetLoaderServi - Loading from file system: jar:file:///C:/Users/sofia/IdeaProjects/Dungeon/build/libs/Dungeon-1.0-SNAPSHOT.jar!/assets/textures/hero/knight_m_run_anim_f0.png
11:31:24.224 [FXGL Background Thread 1 ] DEBUG FXGLAssetLoaderServi - Loading from file system: jar:file:///C:/Users/sofia/IdeaProjects/Dungeon/build/libs/Dungeon-1.0-SNAPSHOT.jar!/assets/textures/hero/knight_m_run_anim_f1.png
11:31:24.224 [FXGL Background Thread 1 ] DEBUG FXGLAssetLoaderServi - Loading from file system: jar:file:///C:/Users/sofia/IdeaProjects/Dungeon/build/libs/Dungeon-1.0-SNAPSHOT.jar!/assets/textures/hero/knight_m_run_anim_f2.png
11:31:24.224 [FXGL Background Thread 1 ] DEBUG FXGLAssetLoaderServi - Loading from file system: jar:file:///C:/Users/sofia/IdeaProjects/Dungeon/build/libs/Dungeon-1.0-SNAPSHOT.jar!/assets/textures/hero/knight_m_run_anim_f3.png
11:31:24.226 [FXGL Background Thread 1 ] DEBUG GameWorld            - Game world initialized
11:31:24.264 [FXGL Background Thread 1 ] DEBUG PhysicsWorld         - Physics world initialized: appHeight=720, physics.ppm=50,0
11:31:24.264 [FXGL Background Thread 1 ] DEBUG PhysicsWorld         - Using strategy: BRUTE_FORCE
11:31:24.270 [FXGL Background Thread 1 ] DEBUG GameScene            - Game scene initialized: 1280x720
11:31:24.284 [FXGL Background Thread 1 ] DEBUG GameApplicationServi - Application scenes initialized
11:31:24.297 [FXGL Background Thread 1 ] DEBUG SystemBundleService  - Loading FXGL system data
11:31:24.300 [FXGL Background Thread 1 ] DEBUG FileSystemAccess     - Reading from: C:\Users\sofia\IdeaProjects\Dungeon\system\fxgl.bundle
11:31:24.305 [FXGL Background Thread 1 ] DEBUG SystemBundleService  - Bundle FXGL: {}
11:31:24.306 [FXGL Background Thread 1 ] DEBUG UpdaterService       - Checking for updates
11:31:24.309 [FXGL Background Thread 4 ] DEBUG FXGLApplication      - Loading fonts
11:31:24.310 [FXGL Background Thread 4 ] DEBUG FXGLAssetLoaderServi - Loading from file system: jar:file:///C:/Users/sofia/.gradle/caches/modules-2/files-2.1/com.github.almasb/fxgl/17.2/35db6ae960eec2dcfd19262d3b7f9c42f0e95bc3/fxgl-17.2.jar!/fxglassets/ui/fonts/VarelaRound-Regular.ttf
11:31:24.310 [FXGL Background Thread 1 ] DEBUG FXGLApplication      - Loading default localization
11:31:24.310 [FXGL Background Thread 1 ] DEBUG FXGLAssetLoaderServi - Loading from file system: jar:file:///C:/Users/sofia/.gradle/caches/modules-2/files-2.1/com.github.almasb/fxgl/17.2/35db6ae960eec2dcfd19262d3b7f9c42f0e95bc3/fxgl-17.2.jar!/fxglassets/languages/english.lang
11:31:24.313 [FXGL Background Thread 4 ] DEBUG FXGLAssetLoaderServi - Loading from file system: jar:file:///C:/Users/sofia/.gradle/caches/modules-2/files-2.1/com.github.almasb/fxgl/17.2/35db6ae960eec2dcfd19262d3b7f9c42f0e95bc3/fxgl-17.2.jar!/fxglassets/ui/fonts/Abel-Regular.ttf
11:31:24.318 [FXGL Background Thread 4 ] DEBUG FXGLAssetLoaderServi - Loading from file system: jar:file:///C:/Users/sofia/.gradle/caches/modules-2/files-2.1/com.github.almasb/fxgl/17.2/35db6ae960eec2dcfd19262d3b7f9c42f0e95bc3/fxgl-17.2.jar!/fxglassets/ui/fonts/TerminalLandMono-Regular.otf
11:31:24.321 [FXGL Background Thread 4 ] DEBUG FXGLAssetLoaderServi - Loading from file system: jar:file:///C:/Users/sofia/.gradle/caches/modules-2/files-2.1/com.github.almasb/fxgl/17.2/35db6ae960eec2dcfd19262d3b7f9c42f0e95bc3/fxgl-17.2.jar!/fxglassets/ui/fonts/Courier-Prime.ttf
11:31:24.324 [FXGL Background Thread 1 ] INFO  FXGLApplication      - FXGL initialization took: 0,525 sec
11:31:24.332 [JavaFX Application Thread] DEBUG Input                - Registered new binding: Up1 - W
11:31:24.333 [JavaFX Application Thread] DEBUG Input                - Registered new binding: Left1 - A
11:31:24.333 [JavaFX Application Thread] DEBUG Input                - Registered new binding: Down1 - S
11:31:24.333 [JavaFX Application Thread] DEBUG Input                - Registered new binding: Right1 - D
11:31:24.333 [JavaFX Application Thread] DEBUG Input                - Registered new binding: Up2 - Up
11:31:24.333 [JavaFX Application Thread] DEBUG Input                - Registered new binding: Left2 - Left
11:31:24.333 [JavaFX Application Thread] DEBUG Input                - Registered new binding: Down2 - Down
11:31:24.333 [JavaFX Application Thread] DEBUG Input                - Registered new binding: Right2 - Right
11:31:24.333 [JavaFX Application Thread] DEBUG AudioPlayer          - Playing music com.almasb.fxgl.audio.Music@64e76962
11:31:24.335 [JavaFX Application Thread] DEBUG FXGLAssetLoaderServi - Loading from file system: jar:file:///C:/Users/sofia/.gradle/caches/modules-2/files-2.1/com.github.almasb/fxgl/17.2/35db6ae960eec2dcfd19262d3b7f9c42f0e95bc3/fxgl-17.2.jar!/fxglassets/textures/fxgl_icon.png
11:31:24.355 [JavaFX Application Thread] DEBUG FXGLAssetLoaderServi - Loading from file system: jar:file:///C:/Users/sofia/IdeaProjects/Dungeon/build/libs/Dungeon-1.0-SNAPSHOT.jar!/assets/textures/cursor.png
11:31:24.357 [JavaFX Application Thread] DEBUG Input                - Registered new binding: Screenshot - CTRL+8
11:31:24.357 [JavaFX Application Thread] DEBUG Input                - Registered new binding: System info dump - CTRL+9
11:31:24.357 [JavaFX Application Thread] DEBUG Input                - Registered new binding: Restart - CTRL+R
11:31:24.357 [JavaFX Application Thread] DEBUG Input                - Registered new binding: Toggle Debug Camera - CTRL+7
11:31:24.359 [JavaFX Application Thread] DEBUG LoopRunner           - Starting loop
11:31:24.359 [JavaFX Application Thread] DEBUG LoopRunner           - Initializing JavaFX AnimationTimerLoop
11:31:24.360 [JavaFX Application Thread] DEBUG Input                - Clearing active input actions
11:31:24.368 [JavaFX Application Thread] DEBUG GameApplicationServi - Removing overlay from FXGLStartupScene and adding to FXGLMainMenuDummyScene
11:31:24.369 [JavaFX Application Thread] DEBUG PrimaryStageWindow   - FXGLStartupScene -> FXGLMainMenuDummyScene
11:31:24.369 [JavaFX Application Thread] DEBUG PrimaryStageWindow   - Push state: MainMenu
11:31:24.369 [JavaFX Application Thread] DEBUG Input                - Clearing active input actions
11:31:24.372 [JavaFX Application Thread] DEBUG GameApplicationServi - Removing overlay from FXGLMainMenuDummyScene and adding to MainMenu
11:31:24.372 [JavaFX Application Thread] DEBUG PrimaryStageWindow   - FXGLMainMenuDummyScene -> MainMenu
11:31:24.372 [JavaFX Application Thread] DEBUG FXGLApplication      - Registering font factories with UI factory
11:31:25.017 [FXGL Background Thread 2 ] INFO  UpdaterService       - Your current version:  17.2
11:31:25.018 [FXGL Background Thread 2 ] INFO  UpdaterService       - Latest stable version: 17.3
11:31:25.585 [JavaFX Application Thread] DEBUG Menu                 - fireNewGame()
11:31:25.585 [JavaFX Application Thread] DEBUG GameApplicationServi - Starting new game
11:31:25.585 [JavaFX Application Thread] DEBUG PrimaryStageWindow   - Pop state: MainMenu
11:31:25.585 [JavaFX Application Thread] DEBUG Input                - Clearing active input actions
11:31:25.585 [JavaFX Application Thread] DEBUG GameApplicationServi - Removing overlay from MainMenu and adding to FXGLMainMenuDummyScene
11:31:25.586 [JavaFX Application Thread] DEBUG PrimaryStageWindow   - FXGLMainMenuDummyScene <- MainMenu
11:31:25.586 [JavaFX Application Thread] DEBUG Input                - Clearing active input actions
11:31:25.593 [JavaFX Application Thread] DEBUG GameApplicationServi - Removing overlay from FXGLMainMenuDummyScene and adding to MainLoadingScene
11:31:25.593 [JavaFX Application Thread] DEBUG PrimaryStageWindow   - FXGLMainMenuDummyScene -> MainLoadingScene
11:31:25.593 [JavaFX Application Thread] DEBUG GameApplicationServi - Clearing previous game
11:31:25.593 [JavaFX Application Thread] DEBUG GameScene            - Clearing game scene
11:31:25.593 [JavaFX Application Thread] DEBUG GameWorld            - Clearing game world
11:31:25.593 [JavaFX Application Thread] DEBUG PhysicsWorld         - Clearing physics world
11:31:25.595 [FXGL Background Thread 2 ] DEBUG FXGLApplication      - Initializing game
11:31:25.599 [FXGL Background Thread 2 ] DEBUG Input                - Registered new binding: Restart Level - Enter
11:31:25.601 [FXGL Background Thread 2 ] DEBUG Input                - Registered new binding: Game End - Enter
11:31:25.607 [FXGL Background Thread 2 ] DEBUG AudioPlayer          - Stopping music com.almasb.fxgl.audio.Music@64e76962
11:31:25.607 [FXGL Background Thread 2 ] DEBUG AudioPlayer          - Playing music com.almasb.fxgl.audio.Music@1488fdb1
11:31:25.628 [FXGL Background Thread 2 ] WARN  TMXLevelLoader       - TiledMap generated from 1.10.1. Supported version: 1.9.0. Some features may not be parsed fully.
11:31:25.662 [FXGL Background Thread 2 ] DEBUG TMXLevelLoader       - Parsed TiledMap: jar:file:///C:/Users/sofia/IdeaProjects/Dungeon/build/libs/Dungeon-1.0-SNAPSHOT.jar!/assets/levels/tmx/level1.tmx
11:31:25.662 [FXGL Background Thread 2 ] DEBUG TMXLevelLoader       - Creating tile layer entities
11:31:25.663 [FXGL Background Thread 2 ] DEBUG TilesetLoader        - Loading view for layer floor
11:31:25.665 [FXGL Background Thread 2 ] DEBUG TilesetLoader        - Created buffer with size 960.0x960.0
11:31:25.694 [FXGL Background Thread 2 ] DEBUG TilesetLoader        - Loading view for layer walls
11:31:25.700 [FXGL Background Thread 2 ] DEBUG TilesetLoader        - Created buffer with size 960.0x960.0
11:31:25.703 [FXGL Background Thread 2 ] DEBUG TilesetLoader        - Loading view for layer side-walls
11:31:25.704 [FXGL Background Thread 2 ] DEBUG TilesetLoader        - Created buffer with size 960.0x960.0
11:31:25.705 [FXGL Background Thread 2 ] DEBUG TMXLevelLoader       - Creating object layer entities
11:31:25.721 [FXGL Background Thread 2 ] DEBUG FXGLAssetLoaderServi - Loading from file system: jar:file:///C:/Users/sofia/IdeaProjects/Dungeon/build/libs/Dungeon-1.0-SNAPSHOT.jar!/assets/textures/door/doors_leaf_closed.png
11:31:25.722 [FXGL Background Thread 2 ] DEBUG FXGLAssetLoaderServi - Loading from file system: jar:file:///C:/Users/sofia/IdeaProjects/Dungeon/build/libs/Dungeon-1.0-SNAPSHOT.jar!/assets/textures/door/doors_leaf_open.png
11:31:25.726 [FXGL Background Thread 2 ] DEBUG FXGLAssetLoaderServi - Loading from file system: jar:file:///C:/Users/sofia/IdeaProjects/Dungeon/build/libs/Dungeon-1.0-SNAPSHOT.jar!/assets/textures/plate/button_blue_up.png
11:31:25.726 [FXGL Background Thread 2 ] DEBUG FXGLAssetLoaderServi - Loading from file system: jar:file:///C:/Users/sofia/IdeaProjects/Dungeon/build/libs/Dungeon-1.0-SNAPSHOT.jar!/assets/textures/plate/button_blue_down.png
11:31:25.727 [FXGL Background Thread 2 ] DEBUG FXGLAssetLoaderServi - Loading from file system: jar:file:///C:/Users/sofia/IdeaProjects/Dungeon/build/libs/Dungeon-1.0-SNAPSHOT.jar!/assets/textures/plate/button_red_up.png
11:31:25.727 [FXGL Background Thread 2 ] DEBUG FXGLAssetLoaderServi - Loading from file system: jar:file:///C:/Users/sofia/IdeaProjects/Dungeon/build/libs/Dungeon-1.0-SNAPSHOT.jar!/assets/textures/plate/button_red_down.png
11:31:25.729 [FXGL Background Thread 2 ] DEBUG FXGLAssetLoaderServi - Loading from file system: jar:file:///C:/Users/sofia/IdeaProjects/Dungeon/build/libs/Dungeon-1.0-SNAPSHOT.jar!/assets/textures/ladder/floor_ladder.png
11:31:25.731 [FXGL Background Thread 2 ] DEBUG FXGLAssetLoaderServi - Loading from file system: jar:file:///C:/Users/sofia/IdeaProjects/Dungeon/build/libs/Dungeon-1.0-SNAPSHOT.jar!/assets/textures/spike/floor_spikes_anim_f0.png
11:31:25.732 [FXGL Background Thread 2 ] DEBUG FXGLAssetLoaderServi - Loading from file system: jar:file:///C:/Users/sofia/IdeaProjects/Dungeon/build/libs/Dungeon-1.0-SNAPSHOT.jar!/assets/textures/spike/floor_spikes_anim_f1.png
11:31:25.732 [FXGL Background Thread 2 ] DEBUG FXGLAssetLoaderServi - Loading from file system: jar:file:///C:/Users/sofia/IdeaProjects/Dungeon/build/libs/Dungeon-1.0-SNAPSHOT.jar!/assets/textures/spike/floor_spikes_anim_f2.png
11:31:25.732 [FXGL Background Thread 2 ] DEBUG FXGLAssetLoaderServi - Loading from file system: jar:file:///C:/Users/sofia/IdeaProjects/Dungeon/build/libs/Dungeon-1.0-SNAPSHOT.jar!/assets/textures/spike/floor_spikes_anim_f3.png
11:31:25.732 [FXGL Background Thread 2 ] DEBUG FXGLAssetLoaderServi - Loading from file system: jar:file:///C:/Users/sofia/IdeaProjects/Dungeon/build/libs/Dungeon-1.0-SNAPSHOT.jar!/assets/textures/spike/floor_spikes_anim_f4.png
11:31:25.734 [FXGL Background Thread 2 ] DEBUG FXGLAssetLoaderServi - Loading from file system: jar:file:///C:/Users/sofia/IdeaProjects/Dungeon/build/libs/Dungeon-1.0-SNAPSHOT.jar!/assets/textures/spike/floor_spikes_anim_f5.png
11:31:25.734 [FXGL Background Thread 2 ] DEBUG FXGLAssetLoaderServi - Loading from file system: jar:file:///C:/Users/sofia/IdeaProjects/Dungeon/build/libs/Dungeon-1.0-SNAPSHOT.jar!/assets/textures/spike/floor_spikes_anim_f6.png
11:31:25.734 [FXGL Background Thread 2 ] DEBUG FXGLAssetLoaderServi - Loading from file system: jar:file:///C:/Users/sofia/IdeaProjects/Dungeon/build/libs/Dungeon-1.0-SNAPSHOT.jar!/assets/textures/spike/floor_spikes_anim_f7.png
11:31:25.734 [FXGL Background Thread 2 ] DEBUG FXGLAssetLoaderServi - Loading from file system: jar:file:///C:/Users/sofia/IdeaProjects/Dungeon/build/libs/Dungeon-1.0-SNAPSHOT.jar!/assets/textures/spike/floor_spikes_danger_anim_f0.png
11:31:25.876 [FXGL Background Thread 2 ] DEBUG FXGLAssetLoaderServi - Loading from file system: jar:file:///C:/Users/sofia/IdeaProjects/Dungeon/build/libs/Dungeon-1.0-SNAPSHOT.jar!/assets/textures/plate/button_yellow_up.png
11:31:25.876 [FXGL Background Thread 2 ] DEBUG FXGLAssetLoaderServi - Loading from file system: jar:file:///C:/Users/sofia/IdeaProjects/Dungeon/build/libs/Dungeon-1.0-SNAPSHOT.jar!/assets/textures/plate/button_yellow_down.png
11:31:25.879 [FXGL Background Thread 2 ] DEBUG FXGLAssetLoaderServi - Loading from file system: jar:file:///C:/Users/sofia/IdeaProjects/Dungeon/build/libs/Dungeon-1.0-SNAPSHOT.jar!/assets/textures/hero/knight_m_idle_anim_f0.png
11:31:25.879 [FXGL Background Thread 2 ] DEBUG FXGLAssetLoaderServi - Loading from file system: jar:file:///C:/Users/sofia/IdeaProjects/Dungeon/build/libs/Dungeon-1.0-SNAPSHOT.jar!/assets/textures/hero/knight_m_idle_anim_f1.png
11:31:25.879 [FXGL Background Thread 2 ] DEBUG FXGLAssetLoaderServi - Loading from file system: jar:file:///C:/Users/sofia/IdeaProjects/Dungeon/build/libs/Dungeon-1.0-SNAPSHOT.jar!/assets/textures/hero/knight_m_idle_anim_f2.png
11:31:25.880 [FXGL Background Thread 2 ] DEBUG FXGLAssetLoaderServi - Loading from file system: jar:file:///C:/Users/sofia/IdeaProjects/Dungeon/build/libs/Dungeon-1.0-SNAPSHOT.jar!/assets/textures/hero/knight_m_idle_anim_f3.png
11:31:25.881 [FXGL Background Thread 2 ] DEBUG FXGLAssetLoaderServi - Loading from file system: jar:file:///C:/Users/sofia/IdeaProjects/Dungeon/build/libs/Dungeon-1.0-SNAPSHOT.jar!/assets/textures/hero/knight_f_idle_anim_f0.png
11:31:25.881 [FXGL Background Thread 2 ] DEBUG FXGLAssetLoaderServi - Loading from file system: jar:file:///C:/Users/sofia/IdeaProjects/Dungeon/build/libs/Dungeon-1.0-SNAPSHOT.jar!/assets/textures/hero/knight_f_idle_anim_f1.png
11:31:25.881 [FXGL Background Thread 2 ] DEBUG FXGLAssetLoaderServi - Loading from file system: jar:file:///C:/Users/sofia/IdeaProjects/Dungeon/build/libs/Dungeon-1.0-SNAPSHOT.jar!/assets/textures/hero/knight_f_idle_anim_f2.png
11:31:25.882 [FXGL Background Thread 2 ] DEBUG FXGLAssetLoaderServi - Loading from file system: jar:file:///C:/Users/sofia/IdeaProjects/Dungeon/build/libs/Dungeon-1.0-SNAPSHOT.jar!/assets/textures/hero/knight_f_idle_anim_f3.png
11:31:25.882 [FXGL Background Thread 2 ] DEBUG FXGLAssetLoaderServi - Loading from file system: jar:file:///C:/Users/sofia/IdeaProjects/Dungeon/build/libs/Dungeon-1.0-SNAPSHOT.jar!/assets/textures/hero/knight_f_run_anim_f0.png
11:31:25.882 [FXGL Background Thread 2 ] DEBUG FXGLAssetLoaderServi - Loading from file system: jar:file:///C:/Users/sofia/IdeaProjects/Dungeon/build/libs/Dungeon-1.0-SNAPSHOT.jar!/assets/textures/hero/knight_f_run_anim_f1.png
11:31:25.883 [FXGL Background Thread 2 ] DEBUG FXGLAssetLoaderServi - Loading from file system: jar:file:///C:/Users/sofia/IdeaProjects/Dungeon/build/libs/Dungeon-1.0-SNAPSHOT.jar!/assets/textures/hero/knight_f_run_anim_f2.png
11:31:25.883 [FXGL Background Thread 2 ] DEBUG FXGLAssetLoaderServi - Loading from file system: jar:file:///C:/Users/sofia/IdeaProjects/Dungeon/build/libs/Dungeon-1.0-SNAPSHOT.jar!/assets/textures/hero/knight_f_run_anim_f3.png
11:31:25.884 [FXGL Background Thread 2 ] DEBUG GameWorld            - Clearing removable entities
11:31:25.884 [FXGL Background Thread 2 ] DEBUG GameWorld            - Setting level: com.almasb.fxgl.entity.level.Level@4b076cc
11:31:25.899 [FXGL Background Thread 2 ] DEBUG FXGLAssetLoaderServi - Loading from file system: jar:file:///C:/Users/sofia/IdeaProjects/Dungeon/build/libs/Dungeon-1.0-SNAPSHOT.jar!/assets/textures/heart/ui_heart_full.png
11:31:25.901 [FXGL Background Thread 2 ] INFO  FXGLApplication      - Game initialization took: 0,307 sec
11:31:25.902 [JavaFX Application Thread] DEBUG Input                - Clearing active input actions
11:31:25.917 [JavaFX Application Thread] DEBUG GameApplicationServi - Removing overlay from MainLoadingScene and adding to GameScene
11:31:25.918 [JavaFX Application Thread] DEBUG PrimaryStageWindow   - MainLoadingScene -> GameScene
11:31:27.309 [FXGL Background Thread 3 ] DEBUG Engine               - Logging environment variables
11:31:27.310 [FXGL Background Thread 3 ] DEBUG Engine               - achievements: []
11:31:27.310 [FXGL Background Thread 3 ] DEBUG Engine               - actualHeight: 720.0
11:31:27.310 [FXGL Background Thread 3 ] DEBUG Engine               - actualHeightProperty: ReadOnlyDoubleProperty [value: 720.0]
11:31:27.310 [FXGL Background Thread 3 ] DEBUG Engine               - actualWidth: 1280.0
11:31:27.310 [FXGL Background Thread 3 ] DEBUG Engine               - actualWidthProperty: ReadOnlyDoubleProperty [value: 1280.0]
11:31:27.310 [FXGL Background Thread 3 ] DEBUG Engine               - appIcon: fxgl_icon.png
11:31:27.310 [FXGL Background Thread 3 ] DEBUG Engine               - applicationMode: DEVELOPER
11:31:27.310 [FXGL Background Thread 3 ] DEBUG Engine               - cSSList: [fxgl_dark.css]
11:31:27.310 [FXGL Background Thread 3 ] DEBUG Engine               - collisionDetectionStrategy: BRUTE_FORCE
11:31:27.310 [FXGL Background Thread 3 ] DEBUG Engine               - configClass: Optional.empty
11:31:27.310 [FXGL Background Thread 3 ] DEBUG Engine               - credits: []
11:31:27.311 [FXGL Background Thread 3 ] DEBUG Engine               - defaultCursor: CursorInfo(imageName=cursor.png, hotspotX=5.0, hotspotY=3.0)
11:31:27.311 [FXGL Background Thread 3 ] DEBUG Engine               - devBBoxColorProperty: ObjectProperty [value: 0xff0000ff]
11:31:27.312 [FXGL Background Thread 3 ] DEBUG Engine               - devEnableDebugCameraProperty: BooleanProperty [value: false]
11:31:27.312 [FXGL Background Thread 3 ] DEBUG Engine               - devSensorColorProperty: ObjectProperty [value: 0xffff00ff]
11:31:27.312 [FXGL Background Thread 3 ] DEBUG Engine               - devShowBBoxProperty: BooleanProperty [value: false]
11:31:27.312 [FXGL Background Thread 3 ] DEBUG Engine               - devShowPositionProperty: BooleanProperty [value: false]
11:31:27.312 [FXGL Background Thread 3 ] DEBUG Engine               - enabledMenuItems: []
11:31:27.312 [FXGL Background Thread 3 ] DEBUG Engine               - engineServices: [class com.almasb.fxgl.app.services.FXGLAssetLoaderService, class com.almasb.fxgl.app.FXGLApplication$GameApplicationService, class com.almasb.fxgl.app.services.FXGLDialogService, class com.almasb.fxgl.app.services.IOTaskExecutorService, class com.almasb.fxgl.io.FileSystemService, class com.almasb.fxgl.localization.LocalizationService, class com.almasb.fxgl.app.services.SystemBundleService, class com.almasb.fxgl.profile.SaveLoadService, class com.almasb.fxgl.ui.FXGLUIFactoryServiceProvider, class com.almasb.fxgl.ui.FXGLDialogFactoryServiceProvider, class com.almasb.fxgl.audio.AudioPlayer, class com.almasb.fxgl.notification.impl.NotificationServiceProvider, class com.almasb.fxgl.achievement.AchievementService, class com.almasb.fxgl.cutscene.CutsceneService, class com.almasb.fxgl.minigames.MiniGameService, class com.almasb.fxgl.net.NetService, class com.almasb.fxgl.app.services.UpdaterService, class com.almasb.fxgl.dev.DevService]
11:31:27.312 [FXGL Background Thread 3 ] DEBUG Engine               - fontGame: Abel-Regular.ttf
11:31:27.312 [FXGL Background Thread 3 ] DEBUG Engine               - fontMono: TerminalLandMono-Regular.otf
11:31:27.312 [FXGL Background Thread 3 ] DEBUG Engine               - fontText: Courier-Prime.ttf
11:31:27.312 [FXGL Background Thread 3 ] DEBUG Engine               - fontUI: VarelaRound-Regular.ttf
11:31:27.312 [FXGL Background Thread 3 ] DEBUG Engine               - fullScreen: BooleanProperty [value: false]
11:31:27.312 [FXGL Background Thread 3 ] DEBUG Engine               - gameDifficulty: MEDIUM
11:31:27.312 [FXGL Background Thread 3 ] DEBUG Engine               - gameDifficultyProperty: ObjectProperty [value: MEDIUM]
11:31:27.312 [FXGL Background Thread 3 ] DEBUG Engine               - globalMusicVolume: 0.5
11:31:27.313 [FXGL Background Thread 3 ] DEBUG Engine               - globalMusicVolumeProperty: DoubleProperty [value: 0.25]
11:31:27.313 [FXGL Background Thread 3 ] DEBUG Engine               - globalSoundVolume: 0.5
11:31:27.313 [FXGL Background Thread 3 ] DEBUG Engine               - globalSoundVolumeProperty: DoubleProperty [value: 0.5]
11:31:27.313 [FXGL Background Thread 3 ] DEBUG Engine               - height: 720
11:31:27.313 [FXGL Background Thread 3 ] DEBUG Engine               - is3D: false
11:31:27.313 [FXGL Background Thread 3 ] DEBUG Engine               - isAndroid: false
11:31:27.313 [FXGL Background Thread 3 ] DEBUG Engine               - isBrowser: false
11:31:27.313 [FXGL Background Thread 3 ] DEBUG Engine               - isClickFeedbackEnabled: false
11:31:27.313 [FXGL Background Thread 3 ] DEBUG Engine               - isCloseConfirmation: false
11:31:27.313 [FXGL Background Thread 3 ] DEBUG Engine               - isDesktop: true
11:31:27.313 [FXGL Background Thread 3 ] DEBUG Engine               - isDeveloperMenuEnabled: false
11:31:27.313 [FXGL Background Thread 3 ] DEBUG Engine               - isEmbedded: false
11:31:27.313 [FXGL Background Thread 3 ] DEBUG Engine               - isEntityPreloadEnabled: true
11:31:27.314 [FXGL Background Thread 3 ] DEBUG Engine               - isExperimentalTiledLargeMap: false
11:31:27.314 [FXGL Background Thread 3 ] DEBUG Engine               - isFileSystemWriteAllowed: true
11:31:27.314 [FXGL Background Thread 3 ] DEBUG Engine               - isFullScreenAllowed: false
11:31:27.314 [FXGL Background Thread 3 ] DEBUG Engine               - isFullScreenFromStart: false
11:31:27.314 [FXGL Background Thread 3 ] DEBUG Engine               - isGameMenuEnabled: true
11:31:27.314 [FXGL Background Thread 3 ] DEBUG Engine               - isIOS: false
11:31:27.314 [FXGL Background Thread 3 ] DEBUG Engine               - isIntroEnabled: false
11:31:27.314 [FXGL Background Thread 3 ] DEBUG Engine               - isLinux: false
11:31:27.314 [FXGL Background Thread 3 ] DEBUG Engine               - isMac: false
11:31:27.314 [FXGL Background Thread 3 ] DEBUG Engine               - isMainMenuEnabled: true
11:31:27.314 [FXGL Background Thread 3 ] DEBUG Engine               - isManualResizeEnabled: false
11:31:27.314 [FXGL Background Thread 3 ] DEBUG Engine               - isMobile: false
11:31:27.314 [FXGL Background Thread 3 ] DEBUG Engine               - isNative: false
11:31:27.314 [FXGL Background Thread 3 ] DEBUG Engine               - isPauseMusicWhenMinimized: true
11:31:27.315 [FXGL Background Thread 3 ] DEBUG Engine               - isPreserveResizeRatio: false
11:31:27.315 [FXGL Background Thread 3 ] DEBUG Engine               - isProfilingEnabled: false
11:31:27.315 [FXGL Background Thread 3 ] DEBUG Engine               - isScaleAffectedOnResize: true
11:31:27.315 [FXGL Background Thread 3 ] DEBUG Engine               - isSingleStep: false
11:31:27.315 [FXGL Background Thread 3 ] DEBUG Engine               - isUserProfileEnabled: false
11:31:27.315 [FXGL Background Thread 3 ] DEBUG Engine               - isWindows: true
11:31:27.315 [FXGL Background Thread 3 ] DEBUG Engine               - language: ObjectProperty [value: ENGLISH]
11:31:27.315 [FXGL Background Thread 3 ] DEBUG Engine               - menuKey: ESCAPE
11:31:27.315 [FXGL Background Thread 3 ] DEBUG Engine               - mouseSensitivity: 0.2
11:31:27.315 [FXGL Background Thread 3 ] DEBUG Engine               - notificationViewClass: class com.almasb.fxgl.notification.view.XboxNotificationView
11:31:27.315 [FXGL Background Thread 3 ] DEBUG Engine               - pixelsPerMeter: 50.0
11:31:27.315 [FXGL Background Thread 3 ] DEBUG Engine               - platform: WINDOWS
11:31:27.315 [FXGL Background Thread 3 ] DEBUG Engine               - prefHeightProperty: ReadOnlyDoubleProperty [value: 720.0]
11:31:27.315 [FXGL Background Thread 3 ] DEBUG Engine               - prefWidthProperty: ReadOnlyDoubleProperty [value: 1280.0]
11:31:27.315 [FXGL Background Thread 3 ] DEBUG Engine               - profileDir: profiles/
11:31:27.315 [FXGL Background Thread 3 ] DEBUG Engine               - profileName: StringProperty [value: DEFAULT]
11:31:27.315 [FXGL Background Thread 3 ] DEBUG Engine               - randomSeed: -1
11:31:27.316 [FXGL Background Thread 3 ] DEBUG Engine               - runtimeInfo: RuntimeInfo(platform=WINDOWS, version=17.2, build=20.08.2022 16.50)
11:31:27.317 [FXGL Background Thread 3 ] DEBUG Engine               - saveFileExt: sav
11:31:27.317 [FXGL Background Thread 3 ] DEBUG Engine               - scaledHeightProp$fxgl: DoubleProperty [bound, value: 720.0]
11:31:27.317 [FXGL Background Thread 3 ] DEBUG Engine               - scaledWidthProp$fxgl: DoubleProperty [bound, value: 1280.0]
11:31:27.317 [FXGL Background Thread 3 ] DEBUG Engine               - sceneFactory: com.lgiacchetta.dungeon.DungeonApp$1@68b03dcf
11:31:27.317 [FXGL Background Thread 3 ] DEBUG Engine               - secondsIn24h: 60
11:31:27.317 [FXGL Background Thread 3 ] DEBUG Engine               - soundMenuBack: menu/back.wav
11:31:27.317 [FXGL Background Thread 3 ] DEBUG Engine               - soundMenuPress: menu/press.wav
11:31:27.317 [FXGL Background Thread 3 ] DEBUG Engine               - soundMenuSelect: menu/select.wav
11:31:27.317 [FXGL Background Thread 3 ] DEBUG Engine               - soundNotification: core/notification.wav
11:31:27.317 [FXGL Background Thread 3 ] DEBUG Engine               - stageStyle: DECORATED
11:31:27.317 [FXGL Background Thread 3 ] DEBUG Engine               - supportedLanguages: [ENGLISH, FRENCH, GERMAN, HUNGARIAN, RUSSIAN]
11:31:27.317 [FXGL Background Thread 3 ] DEBUG Engine               - ticksPerSecond: -1
11:31:27.317 [FXGL Background Thread 3 ] DEBUG Engine               - title: Untitled
11:31:27.317 [FXGL Background Thread 3 ] DEBUG Engine               - urlGithub: https://github.com/AlmasB/FXGL
11:31:27.317 [FXGL Background Thread 3 ] DEBUG Engine               - urlLeaderboard: http://fxgl-top.herokuapp.com/
11:31:27.317 [FXGL Background Thread 3 ] DEBUG Engine               - urlPOM: https://raw.githubusercontent.com/AlmasB/FXGL/release/README.md
11:31:27.317 [FXGL Background Thread 3 ] DEBUG Engine               - userAppClass: class com.lgiacchetta.dungeon.DungeonApp
11:31:27.317 [FXGL Background Thread 3 ] DEBUG Engine               - version: 0.0
11:31:27.317 [FXGL Background Thread 3 ] DEBUG Engine               - versionCheckDays: 7
11:31:27.318 [FXGL Background Thread 3 ] DEBUG Engine               - width: 1280
11:31:27.318 [FXGL Background Thread 3 ] DEBUG Engine               - Logging services
11:31:27.318 [FXGL Background Thread 3 ] DEBUG Engine               - class com.almasb.fxgl.app.services.FXGLAssetLoaderService
11:31:27.318 [FXGL Background Thread 3 ] DEBUG Engine               - class com.almasb.fxgl.app.FXGLApplication$GameApplicationService
11:31:27.318 [FXGL Background Thread 3 ] DEBUG Engine               - class com.almasb.fxgl.app.services.FXGLDialogService
11:31:27.318 [FXGL Background Thread 3 ] DEBUG Engine               - class com.almasb.fxgl.app.services.IOTaskExecutorService
11:31:27.318 [FXGL Background Thread 3 ] DEBUG Engine               - class com.almasb.fxgl.io.FileSystemService
11:31:27.318 [FXGL Background Thread 3 ] DEBUG Engine               - class com.almasb.fxgl.localization.LocalizationService
11:31:27.318 [FXGL Background Thread 3 ] DEBUG Engine               - class com.almasb.fxgl.app.services.SystemBundleService
11:31:27.318 [FXGL Background Thread 3 ] DEBUG Engine               - class com.almasb.fxgl.profile.SaveLoadService
11:31:27.318 [FXGL Background Thread 3 ] DEBUG Engine               - class com.almasb.fxgl.ui.FXGLUIFactoryServiceProvider
11:31:27.318 [FXGL Background Thread 3 ] DEBUG Engine               - class com.almasb.fxgl.ui.FXGLDialogFactoryServiceProvider
11:31:27.318 [FXGL Background Thread 3 ] DEBUG Engine               - class com.almasb.fxgl.audio.AudioPlayer
11:31:27.318 [FXGL Background Thread 3 ] DEBUG Engine               - class com.almasb.fxgl.notification.impl.NotificationServiceProvider
11:31:27.318 [FXGL Background Thread 3 ] DEBUG Engine               - class com.almasb.fxgl.achievement.AchievementService
11:31:27.318 [FXGL Background Thread 3 ] DEBUG Engine               - class com.almasb.fxgl.cutscene.CutsceneService
11:31:27.318 [FXGL Background Thread 3 ] DEBUG Engine               - class com.almasb.fxgl.minigames.MiniGameService
11:31:27.318 [FXGL Background Thread 3 ] DEBUG Engine               - class com.almasb.fxgl.net.NetService
11:31:27.318 [FXGL Background Thread 3 ] DEBUG Engine               - class com.almasb.fxgl.app.services.UpdaterService
11:31:27.318 [FXGL Background Thread 3 ] DEBUG Engine               - class com.almasb.fxgl.dev.DevService
11:31:29.728 [JavaFX Application Thread] DEBUG FXGLAssetLoaderServi - Loading from file system: jar:file:///C:/Users/sofia/IdeaProjects/Dungeon/build/libs/Dungeon-1.0-SNAPSHOT.jar!/assets/sounds/spike.wav
11:31:35.767 [JavaFX Application Thread] DEBUG FXGLAssetLoaderServi - Loading from file system: jar:file:///C:/Users/sofia/IdeaProjects/Dungeon/build/libs/Dungeon-1.0-SNAPSHOT.jar!/assets/sounds/damage.wav
11:31:35.769 [JavaFX Application Thread] DEBUG FXGLAssetLoaderServi - Loading from file system: jar:file:///C:/Users/sofia/IdeaProjects/Dungeon/build/libs/Dungeon-1.0-SNAPSHOT.jar!/assets/textures/heart/ui_heart_half.png
11:31:37.012 [JavaFX Application Thread] DEBUG FXGLAssetLoaderServi - Loading from file system: jar:file:///C:/Users/sofia/IdeaProjects/Dungeon/build/libs/Dungeon-1.0-SNAPSHOT.jar!/assets/textures/heart/ui_heart_empty.png
11:31:42.418 [JavaFX Application Thread] DEBUG FXGLAssetLoaderServi - Loading from file system: jar:file:///C:/Users/sofia/IdeaProjects/Dungeon/build/libs/Dungeon-1.0-SNAPSHOT.jar!/assets/sounds/ladder.wav
11:31:55.766 [JavaFX Application Thread] DEBUG FXGLApplication      - Exiting FXGL
11:31:55.766 [JavaFX Application Thread] DEBUG LoopRunner           - Stopping loop
11:31:55.766 [JavaFX Application Thread] DEBUG SystemBundleService  - Saving FXGL system data
11:31:55.769 [JavaFX Application Thread] DEBUG FileSystemAccess     - Writing to: C:\Users\sofia\IdeaProjects\Dungeon\system\fxgl.bundle
11:31:55.771 [JavaFX Application Thread] DEBUG Async                - Shutting down background threads
11:31:55.772 [JavaFX Application Thread] DEBUG PrimaryStageWindow   - Closing main window
11:31:55.789 [JavaFX Application Thread] DEBUG Logger               - Closing Logger
