10:59:11.427 [main                     ] DEBUG Logger               - Configured Logger
10:59:11.459 [main                     ] DEBUG GameApplication      - Logging settings
Title: Untitled
Version: 0.0
Width: 1280
Height: 720
Fullscreen: false
Intro: false
Profiling: false
Single step:false
App Mode: DEVELOPER
Menu Key: ESCAPE
Stage Style: DECORATED
Scene Factory: class com.lgiacchetta.dungeon.DungeonApp$1

10:59:11.826 [JavaFX Application Thread] DEBUG FXGLApplication      - Initializing FXGL
10:59:11.831 [JavaFX Application Thread] INFO  Engine               - FXGL-17.2 (20.08.2022 16.50) on WINDOWS (J:17.0.6 FX:17.0.2-ea)
10:59:11.831 [JavaFX Application Thread] DEBUG Engine               - JRE Vendor Name: Oracle Corporation
10:59:11.832 [JavaFX Application Thread] DEBUG Engine               - Running on OS: Windows 11 version 10.0
10:59:11.832 [JavaFX Application Thread] DEBUG Engine               - Architecture: amd64
10:59:11.832 [JavaFX Application Thread] INFO  Engine               - Source code and latest versions at: https://github.com/AlmasB/FXGL
10:59:11.832 [JavaFX Application Thread] INFO  Engine               -       Ask questions and discuss at: https://github.com/AlmasB/FXGL/discussions
10:59:11.832 [JavaFX Application Thread] INFO  Engine               -              Join the FXGL chat at: https://gitter.im/AlmasB/FXGL
10:59:11.918 [JavaFX Application Thread] DEBUG PrimaryStageWindow   - Creating a JavaFX scene
10:59:11.956 [JavaFX Application Thread] DEBUG PrimaryStageWindow   - Target settings size: 1280.0 x 720.0
10:59:11.956 [JavaFX Application Thread] DEBUG PrimaryStageWindow   - Scaled scene size:    1280.0 x 720.0
10:59:11.957 [JavaFX Application Thread] DEBUG PrimaryStageWindow   - Scaled ratio: (1.0, 1.0)
10:59:11.957 [JavaFX Application Thread] DEBUG PrimaryStageWindow   - Set initial scene to FXGLStartupScene
10:59:11.961 [JavaFX Application Thread] DEBUG PrimaryStageWindow   - Opening main window
10:59:12.047 [JavaFX Application Thread] DEBUG PrimaryStageWindow   - Window border size: (14.6666259765625, 37.33331298828125)
10:59:12.049 [JavaFX Application Thread] DEBUG PrimaryStageWindow   - Scaled size: 1280.0 x 720.0
10:59:12.049 [JavaFX Application Thread] DEBUG PrimaryStageWindow   - Scaled ratio: (1.0, 1.0)
10:59:12.049 [JavaFX Application Thread] DEBUG PrimaryStageWindow   - Scene size: 1280.0 x 720.0
10:59:12.049 [JavaFX Application Thread] DEBUG PrimaryStageWindow   - Stage size: 1294.6666259765625 x 757.3333129882812
10:59:12.057 [FXGL Background Thread 1 ] DEBUG Engine               - Initializing environment variables
10:59:12.093 [FXGL Background Thread 1 ] DEBUG FXGLAssetLoaderServi - User app class for loading assets: class com.lgiacchetta.dungeon.DungeonApp
10:59:12.093 [FXGL Background Thread 1 ] DEBUG GameApplicationServi - Applying CSS: fxgl_dark.css
10:59:12.094 [FXGL Background Thread 1 ] DEBUG FXGLAssetLoaderServi - Loading from file system: jar:file:///C:/Users/lucag/.gradle/caches/modules-2/files-2.1/com.github.almasb/fxgl/17.2/35db6ae960eec2dcfd19262d3b7f9c42f0e95bc3/fxgl-17.2.jar!/fxglassets/ui/css/fxgl_dark.css
10:59:12.137 [FXGL Background Thread 1 ] DEBUG GameApplicationServi - Initializing application scenes
10:59:12.139 [FXGL Background Thread 1 ] DEBUG FXGLAssetLoaderServi - Loading from file system: jar:file:///C:/Users/lucag/IdeaProjects/Dungeon/build/libs/Dungeon-1.0-SNAPSHOT.jar!/assets/textures/loading.jpg
10:59:12.205 [FXGL Background Thread 1 ] DEBUG FXGLAssetLoaderServi - Loading from file system: jar:file:///C:/Users/lucag/IdeaProjects/Dungeon/build/libs/Dungeon-1.0-SNAPSHOT.jar!/assets/ui/fonts/alagard.ttf
10:59:12.275 [FXGL Background Thread 1 ] DEBUG FXGLAssetLoaderServi - Loading from file system: jar:file:///C:/Users/lucag/IdeaProjects/Dungeon/build/libs/Dungeon-1.0-SNAPSHOT.jar!/assets/music/melody.wav
10:59:12.746 [FXGL Background Thread 1 ] DEBUG FXGLAssetLoaderServi - Loading from file system: jar:file:///C:/Users/lucag/IdeaProjects/Dungeon/build/libs/Dungeon-1.0-SNAPSHOT.jar!/assets/music/menu.wav
10:59:12.860 [FXGL Background Thread 1 ] DEBUG FXGLAssetLoaderServi - Loading from file system: jar:file:///C:/Users/lucag/IdeaProjects/Dungeon/build/libs/Dungeon-1.0-SNAPSHOT.jar!/assets/textures/orc/boss/ogre_run_anim_f0.png
10:59:12.866 [FXGL Background Thread 1 ] DEBUG FXGLAssetLoaderServi - Loading from file system: jar:file:///C:/Users/lucag/IdeaProjects/Dungeon/build/libs/Dungeon-1.0-SNAPSHOT.jar!/assets/textures/orc/boss/ogre_run_anim_f1.png
10:59:12.867 [FXGL Background Thread 1 ] DEBUG FXGLAssetLoaderServi - Loading from file system: jar:file:///C:/Users/lucag/IdeaProjects/Dungeon/build/libs/Dungeon-1.0-SNAPSHOT.jar!/assets/textures/orc/boss/ogre_run_anim_f2.png
10:59:12.868 [FXGL Background Thread 1 ] DEBUG FXGLAssetLoaderServi - Loading from file system: jar:file:///C:/Users/lucag/IdeaProjects/Dungeon/build/libs/Dungeon-1.0-SNAPSHOT.jar!/assets/textures/orc/boss/ogre_run_anim_f3.png
10:59:12.888 [FXGL Background Thread 1 ] DEBUG FXGLAssetLoaderServi - Loading from file system: jar:file:///C:/Users/lucag/IdeaProjects/Dungeon/build/libs/Dungeon-1.0-SNAPSHOT.jar!/assets/textures/demon/boss/big_demon_run_anim_f0.png
10:59:12.889 [FXGL Background Thread 1 ] DEBUG FXGLAssetLoaderServi - Loading from file system: jar:file:///C:/Users/lucag/IdeaProjects/Dungeon/build/libs/Dungeon-1.0-SNAPSHOT.jar!/assets/textures/demon/boss/big_demon_run_anim_f1.png
10:59:12.890 [FXGL Background Thread 1 ] DEBUG FXGLAssetLoaderServi - Loading from file system: jar:file:///C:/Users/lucag/IdeaProjects/Dungeon/build/libs/Dungeon-1.0-SNAPSHOT.jar!/assets/textures/demon/boss/big_demon_run_anim_f2.png
10:59:12.892 [FXGL Background Thread 1 ] DEBUG FXGLAssetLoaderServi - Loading from file system: jar:file:///C:/Users/lucag/IdeaProjects/Dungeon/build/libs/Dungeon-1.0-SNAPSHOT.jar!/assets/textures/demon/boss/big_demon_run_anim_f3.png
10:59:12.893 [FXGL Background Thread 1 ] DEBUG FXGLAssetLoaderServi - Loading from file system: jar:file:///C:/Users/lucag/IdeaProjects/Dungeon/build/libs/Dungeon-1.0-SNAPSHOT.jar!/assets/textures/undead/boss/big_zombie_run_anim_f0.png
10:59:12.894 [FXGL Background Thread 1 ] DEBUG FXGLAssetLoaderServi - Loading from file system: jar:file:///C:/Users/lucag/IdeaProjects/Dungeon/build/libs/Dungeon-1.0-SNAPSHOT.jar!/assets/textures/undead/boss/big_zombie_run_anim_f1.png
10:59:12.895 [FXGL Background Thread 1 ] DEBUG FXGLAssetLoaderServi - Loading from file system: jar:file:///C:/Users/lucag/IdeaProjects/Dungeon/build/libs/Dungeon-1.0-SNAPSHOT.jar!/assets/textures/undead/boss/big_zombie_run_anim_f2.png
10:59:12.897 [FXGL Background Thread 1 ] DEBUG FXGLAssetLoaderServi - Loading from file system: jar:file:///C:/Users/lucag/IdeaProjects/Dungeon/build/libs/Dungeon-1.0-SNAPSHOT.jar!/assets/textures/undead/boss/big_zombie_run_anim_f3.png
10:59:12.898 [FXGL Background Thread 1 ] DEBUG FXGLAssetLoaderServi - Loading from file system: jar:file:///C:/Users/lucag/IdeaProjects/Dungeon/build/libs/Dungeon-1.0-SNAPSHOT.jar!/assets/textures/hero/knight_m_run_anim_f0.png
10:59:12.899 [FXGL Background Thread 1 ] DEBUG FXGLAssetLoaderServi - Loading from file system: jar:file:///C:/Users/lucag/IdeaProjects/Dungeon/build/libs/Dungeon-1.0-SNAPSHOT.jar!/assets/textures/hero/knight_m_run_anim_f1.png
10:59:12.900 [FXGL Background Thread 1 ] DEBUG FXGLAssetLoaderServi - Loading from file system: jar:file:///C:/Users/lucag/IdeaProjects/Dungeon/build/libs/Dungeon-1.0-SNAPSHOT.jar!/assets/textures/hero/knight_m_run_anim_f2.png
10:59:12.900 [FXGL Background Thread 1 ] DEBUG FXGLAssetLoaderServi - Loading from file system: jar:file:///C:/Users/lucag/IdeaProjects/Dungeon/build/libs/Dungeon-1.0-SNAPSHOT.jar!/assets/textures/hero/knight_m_run_anim_f3.png
10:59:12.903 [FXGL Background Thread 1 ] DEBUG GameWorld            - Game world initialized
10:59:12.961 [FXGL Background Thread 1 ] DEBUG PhysicsWorld         - Physics world initialized: appHeight=720, physics.ppm=50,0
10:59:12.962 [FXGL Background Thread 1 ] DEBUG PhysicsWorld         - Using strategy: BRUTE_FORCE
10:59:12.965 [FXGL Background Thread 1 ] DEBUG GameScene            - Game scene initialized: 1280x720
10:59:12.975 [FXGL Background Thread 1 ] DEBUG GameApplicationServi - Application scenes initialized
10:59:12.985 [FXGL Background Thread 1 ] DEBUG SystemBundleService  - Loading FXGL system data
10:59:12.989 [FXGL Background Thread 1 ] DEBUG FileSystemAccess     - Reading from: C:\Users\lucag\IdeaProjects\Dungeon\system\fxgl.bundle
10:59:12.993 [FXGL Background Thread 1 ] DEBUG SystemBundleService  - Bundle FXGL: {}
10:59:12.993 [FXGL Background Thread 1 ] DEBUG UpdaterService       - Checking for updates
10:59:12.998 [FXGL Background Thread 4 ] DEBUG FXGLApplication      - Loading fonts
10:59:12.998 [FXGL Background Thread 4 ] DEBUG FXGLAssetLoaderServi - Loading from file system: jar:file:///C:/Users/lucag/.gradle/caches/modules-2/files-2.1/com.github.almasb/fxgl/17.2/35db6ae960eec2dcfd19262d3b7f9c42f0e95bc3/fxgl-17.2.jar!/fxglassets/ui/fonts/VarelaRound-Regular.ttf
10:59:12.999 [FXGL Background Thread 1 ] DEBUG FXGLApplication      - Loading default localization
10:59:12.999 [FXGL Background Thread 1 ] DEBUG FXGLAssetLoaderServi - Loading from file system: jar:file:///C:/Users/lucag/.gradle/caches/modules-2/files-2.1/com.github.almasb/fxgl/17.2/35db6ae960eec2dcfd19262d3b7f9c42f0e95bc3/fxgl-17.2.jar!/fxglassets/languages/english.lang
10:59:13.004 [FXGL Background Thread 4 ] DEBUG FXGLAssetLoaderServi - Loading from file system: jar:file:///C:/Users/lucag/.gradle/caches/modules-2/files-2.1/com.github.almasb/fxgl/17.2/35db6ae960eec2dcfd19262d3b7f9c42f0e95bc3/fxgl-17.2.jar!/fxglassets/ui/fonts/Abel-Regular.ttf
10:59:13.008 [FXGL Background Thread 4 ] DEBUG FXGLAssetLoaderServi - Loading from file system: jar:file:///C:/Users/lucag/.gradle/caches/modules-2/files-2.1/com.github.almasb/fxgl/17.2/35db6ae960eec2dcfd19262d3b7f9c42f0e95bc3/fxgl-17.2.jar!/fxglassets/ui/fonts/TerminalLandMono-Regular.otf
10:59:13.012 [FXGL Background Thread 4 ] DEBUG FXGLAssetLoaderServi - Loading from file system: jar:file:///C:/Users/lucag/.gradle/caches/modules-2/files-2.1/com.github.almasb/fxgl/17.2/35db6ae960eec2dcfd19262d3b7f9c42f0e95bc3/fxgl-17.2.jar!/fxglassets/ui/fonts/Courier-Prime.ttf
10:59:13.018 [FXGL Background Thread 1 ] INFO  FXGLApplication      - FXGL initialization took: 0,961 sec
10:59:13.025 [JavaFX Application Thread] DEBUG Input                - Registered new binding: Up1 - W
10:59:13.025 [JavaFX Application Thread] DEBUG Input                - Registered new binding: Left1 - A
10:59:13.025 [JavaFX Application Thread] DEBUG Input                - Registered new binding: Down1 - S
10:59:13.025 [JavaFX Application Thread] DEBUG Input                - Registered new binding: Right1 - D
10:59:13.025 [JavaFX Application Thread] DEBUG Input                - Registered new binding: Up2 - Up
10:59:13.026 [JavaFX Application Thread] DEBUG Input                - Registered new binding: Left2 - Left
10:59:13.026 [JavaFX Application Thread] DEBUG Input                - Registered new binding: Down2 - Down
10:59:13.026 [JavaFX Application Thread] DEBUG Input                - Registered new binding: Right2 - Right
10:59:13.026 [JavaFX Application Thread] DEBUG AudioPlayer          - Playing music com.almasb.fxgl.audio.Music@68ab44aa
10:59:13.039 [JavaFX Application Thread] DEBUG FXGLAssetLoaderServi - Loading from file system: jar:file:///C:/Users/lucag/.gradle/caches/modules-2/files-2.1/com.github.almasb/fxgl/17.2/35db6ae960eec2dcfd19262d3b7f9c42f0e95bc3/fxgl-17.2.jar!/fxglassets/textures/fxgl_icon.png
10:59:13.065 [JavaFX Application Thread] DEBUG FXGLAssetLoaderServi - Loading from file system: jar:file:///C:/Users/lucag/IdeaProjects/Dungeon/build/libs/Dungeon-1.0-SNAPSHOT.jar!/assets/textures/cursor.png
10:59:13.067 [JavaFX Application Thread] DEBUG Input                - Registered new binding: Screenshot - CTRL+8
10:59:13.068 [JavaFX Application Thread] DEBUG Input                - Registered new binding: System info dump - CTRL+9
10:59:13.069 [JavaFX Application Thread] DEBUG Input                - Registered new binding: Restart - CTRL+R
10:59:13.070 [JavaFX Application Thread] DEBUG Input                - Registered new binding: Toggle Debug Camera - CTRL+7
10:59:13.071 [JavaFX Application Thread] DEBUG LoopRunner           - Starting loop
10:59:13.072 [JavaFX Application Thread] DEBUG LoopRunner           - Initializing JavaFX AnimationTimerLoop
10:59:13.075 [JavaFX Application Thread] DEBUG Input                - Clearing active input actions
10:59:13.085 [JavaFX Application Thread] DEBUG GameApplicationServi - Removing overlay from FXGLStartupScene and adding to FXGLMainMenuDummyScene
10:59:13.085 [JavaFX Application Thread] DEBUG PrimaryStageWindow   - FXGLStartupScene -> FXGLMainMenuDummyScene
10:59:13.086 [JavaFX Application Thread] DEBUG PrimaryStageWindow   - Push state: MainMenu
10:59:13.086 [JavaFX Application Thread] DEBUG Input                - Clearing active input actions
10:59:13.090 [JavaFX Application Thread] DEBUG GameApplicationServi - Removing overlay from FXGLMainMenuDummyScene and adding to MainMenu
10:59:13.090 [JavaFX Application Thread] DEBUG PrimaryStageWindow   - FXGLMainMenuDummyScene -> MainMenu
10:59:13.090 [JavaFX Application Thread] DEBUG FXGLApplication      - Registering font factories with UI factory
10:59:13.772 [FXGL Background Thread 2 ] INFO  UpdaterService       - Your current version:  17.2
10:59:13.772 [FXGL Background Thread 2 ] INFO  UpdaterService       - Latest stable version: 17.3
10:59:15.998 [FXGL Background Thread 3 ] DEBUG Engine               - Logging environment variables
10:59:15.998 [FXGL Background Thread 3 ] DEBUG Engine               - achievements: []
10:59:15.998 [FXGL Background Thread 3 ] DEBUG Engine               - actualHeight: 720.0
10:59:15.999 [FXGL Background Thread 3 ] DEBUG Engine               - actualHeightProperty: ReadOnlyDoubleProperty [value: 720.0]
10:59:15.999 [FXGL Background Thread 3 ] DEBUG Engine               - actualWidth: 1280.0
10:59:15.999 [FXGL Background Thread 3 ] DEBUG Engine               - actualWidthProperty: ReadOnlyDoubleProperty [value: 1280.0]
10:59:15.999 [FXGL Background Thread 3 ] DEBUG Engine               - appIcon: fxgl_icon.png
10:59:15.999 [FXGL Background Thread 3 ] DEBUG Engine               - applicationMode: DEVELOPER
10:59:15.999 [FXGL Background Thread 3 ] DEBUG Engine               - cSSList: [fxgl_dark.css]
10:59:15.999 [FXGL Background Thread 3 ] DEBUG Engine               - collisionDetectionStrategy: BRUTE_FORCE
10:59:15.999 [FXGL Background Thread 3 ] DEBUG Engine               - configClass: Optional.empty
10:59:15.999 [FXGL Background Thread 3 ] DEBUG Engine               - credits: []
10:59:16.001 [FXGL Background Thread 3 ] DEBUG Engine               - defaultCursor: CursorInfo(imageName=cursor.png, hotspotX=5.0, hotspotY=3.0)
10:59:16.001 [FXGL Background Thread 3 ] DEBUG Engine               - devBBoxColorProperty: ObjectProperty [value: 0xff0000ff]
10:59:16.002 [FXGL Background Thread 3 ] DEBUG Engine               - devEnableDebugCameraProperty: BooleanProperty [value: false]
10:59:16.002 [FXGL Background Thread 3 ] DEBUG Engine               - devSensorColorProperty: ObjectProperty [value: 0xffff00ff]
10:59:16.002 [FXGL Background Thread 3 ] DEBUG Engine               - devShowBBoxProperty: BooleanProperty [value: false]
10:59:16.002 [FXGL Background Thread 3 ] DEBUG Engine               - devShowPositionProperty: BooleanProperty [value: false]
10:59:16.002 [FXGL Background Thread 3 ] DEBUG Engine               - enabledMenuItems: []
10:59:16.002 [FXGL Background Thread 3 ] DEBUG Engine               - engineServices: [class com.almasb.fxgl.app.services.FXGLAssetLoaderService, class com.almasb.fxgl.app.FXGLApplication$GameApplicationService, class com.almasb.fxgl.app.services.FXGLDialogService, class com.almasb.fxgl.app.services.IOTaskExecutorService, class com.almasb.fxgl.io.FileSystemService, class com.almasb.fxgl.localization.LocalizationService, class com.almasb.fxgl.app.services.SystemBundleService, class com.almasb.fxgl.profile.SaveLoadService, class com.almasb.fxgl.ui.FXGLUIFactoryServiceProvider, class com.almasb.fxgl.ui.FXGLDialogFactoryServiceProvider, class com.almasb.fxgl.audio.AudioPlayer, class com.almasb.fxgl.notification.impl.NotificationServiceProvider, class com.almasb.fxgl.achievement.AchievementService, class com.almasb.fxgl.cutscene.CutsceneService, class com.almasb.fxgl.minigames.MiniGameService, class com.almasb.fxgl.net.NetService, class com.almasb.fxgl.app.services.UpdaterService, class com.almasb.fxgl.dev.DevService]
10:59:16.002 [FXGL Background Thread 3 ] DEBUG Engine               - fontGame: Abel-Regular.ttf
10:59:16.002 [FXGL Background Thread 3 ] DEBUG Engine               - fontMono: TerminalLandMono-Regular.otf
10:59:16.002 [FXGL Background Thread 3 ] DEBUG Engine               - fontText: Courier-Prime.ttf
10:59:16.002 [FXGL Background Thread 3 ] DEBUG Engine               - fontUI: VarelaRound-Regular.ttf
10:59:16.002 [FXGL Background Thread 3 ] DEBUG Engine               - fullScreen: BooleanProperty [value: false]
10:59:16.002 [FXGL Background Thread 3 ] DEBUG Engine               - gameDifficulty: MEDIUM
10:59:16.002 [FXGL Background Thread 3 ] DEBUG Engine               - gameDifficultyProperty: ObjectProperty [value: MEDIUM]
10:59:16.002 [FXGL Background Thread 3 ] DEBUG Engine               - globalMusicVolume: 0.5
10:59:16.002 [FXGL Background Thread 3 ] DEBUG Engine               - globalMusicVolumeProperty: DoubleProperty [value: 0.25]
10:59:16.002 [FXGL Background Thread 3 ] DEBUG Engine               - globalSoundVolume: 0.5
10:59:16.002 [FXGL Background Thread 3 ] DEBUG Engine               - globalSoundVolumeProperty: DoubleProperty [value: 0.5]
10:59:16.002 [FXGL Background Thread 3 ] DEBUG Engine               - height: 720
10:59:16.002 [FXGL Background Thread 3 ] DEBUG Engine               - is3D: false
10:59:16.002 [FXGL Background Thread 3 ] DEBUG Engine               - isAndroid: false
10:59:16.002 [FXGL Background Thread 3 ] DEBUG Engine               - isBrowser: false
10:59:16.002 [FXGL Background Thread 3 ] DEBUG Engine               - isClickFeedbackEnabled: false
10:59:16.004 [FXGL Background Thread 3 ] DEBUG Engine               - isCloseConfirmation: false
10:59:16.004 [FXGL Background Thread 3 ] DEBUG Engine               - isDesktop: true
10:59:16.004 [FXGL Background Thread 3 ] DEBUG Engine               - isDeveloperMenuEnabled: false
10:59:16.004 [FXGL Background Thread 3 ] DEBUG Engine               - isEmbedded: false
10:59:16.004 [FXGL Background Thread 3 ] DEBUG Engine               - isEntityPreloadEnabled: true
10:59:16.004 [FXGL Background Thread 3 ] DEBUG Engine               - isExperimentalTiledLargeMap: false
10:59:16.004 [FXGL Background Thread 3 ] DEBUG Engine               - isFileSystemWriteAllowed: true
10:59:16.004 [FXGL Background Thread 3 ] DEBUG Engine               - isFullScreenAllowed: false
10:59:16.004 [FXGL Background Thread 3 ] DEBUG Engine               - isFullScreenFromStart: false
10:59:16.004 [FXGL Background Thread 3 ] DEBUG Engine               - isGameMenuEnabled: true
10:59:16.004 [FXGL Background Thread 3 ] DEBUG Engine               - isIOS: false
10:59:16.004 [FXGL Background Thread 3 ] DEBUG Engine               - isIntroEnabled: false
10:59:16.004 [FXGL Background Thread 3 ] DEBUG Engine               - isLinux: false
10:59:16.004 [FXGL Background Thread 3 ] DEBUG Engine               - isMac: false
10:59:16.004 [FXGL Background Thread 3 ] DEBUG Engine               - isMainMenuEnabled: true
10:59:16.004 [FXGL Background Thread 3 ] DEBUG Engine               - isManualResizeEnabled: false
10:59:16.004 [FXGL Background Thread 3 ] DEBUG Engine               - isMobile: false
10:59:16.005 [FXGL Background Thread 3 ] DEBUG Engine               - isNative: false
10:59:16.005 [FXGL Background Thread 3 ] DEBUG Engine               - isPauseMusicWhenMinimized: true
10:59:16.005 [FXGL Background Thread 3 ] DEBUG Engine               - isPreserveResizeRatio: false
10:59:16.005 [FXGL Background Thread 3 ] DEBUG Engine               - isProfilingEnabled: false
10:59:16.005 [FXGL Background Thread 3 ] DEBUG Engine               - isScaleAffectedOnResize: true
10:59:16.005 [FXGL Background Thread 3 ] DEBUG Engine               - isSingleStep: false
10:59:16.005 [FXGL Background Thread 3 ] DEBUG Engine               - isUserProfileEnabled: false
10:59:16.005 [FXGL Background Thread 3 ] DEBUG Engine               - isWindows: true
10:59:16.005 [FXGL Background Thread 3 ] DEBUG Engine               - language: ObjectProperty [value: ENGLISH]
10:59:16.005 [FXGL Background Thread 3 ] DEBUG Engine               - menuKey: ESCAPE
10:59:16.005 [FXGL Background Thread 3 ] DEBUG Engine               - mouseSensitivity: 0.2
10:59:16.005 [FXGL Background Thread 3 ] DEBUG Engine               - notificationViewClass: class com.almasb.fxgl.notification.view.XboxNotificationView
10:59:16.005 [FXGL Background Thread 3 ] DEBUG Engine               - pixelsPerMeter: 50.0
10:59:16.005 [FXGL Background Thread 3 ] DEBUG Engine               - platform: WINDOWS
10:59:16.005 [FXGL Background Thread 3 ] DEBUG Engine               - prefHeightProperty: ReadOnlyDoubleProperty [value: 720.0]
10:59:16.005 [FXGL Background Thread 3 ] DEBUG Engine               - prefWidthProperty: ReadOnlyDoubleProperty [value: 1280.0]
10:59:16.005 [FXGL Background Thread 3 ] DEBUG Engine               - profileDir: profiles/
10:59:16.005 [FXGL Background Thread 3 ] DEBUG Engine               - profileName: StringProperty [value: DEFAULT]
10:59:16.005 [FXGL Background Thread 3 ] DEBUG Engine               - randomSeed: -1
10:59:16.006 [FXGL Background Thread 3 ] DEBUG Engine               - runtimeInfo: RuntimeInfo(platform=WINDOWS, version=17.2, build=20.08.2022 16.50)
10:59:16.006 [FXGL Background Thread 3 ] DEBUG Engine               - saveFileExt: sav
10:59:16.006 [FXGL Background Thread 3 ] DEBUG Engine               - scaledHeightProp$fxgl: DoubleProperty [bound, value: 720.0]
10:59:16.006 [FXGL Background Thread 3 ] DEBUG Engine               - scaledWidthProp$fxgl: DoubleProperty [bound, value: 1280.0]
10:59:16.006 [FXGL Background Thread 3 ] DEBUG Engine               - sceneFactory: com.lgiacchetta.dungeon.DungeonApp$1@397f244b
10:59:16.006 [FXGL Background Thread 3 ] DEBUG Engine               - secondsIn24h: 60
10:59:16.006 [FXGL Background Thread 3 ] DEBUG Engine               - soundMenuBack: menu/back.wav
10:59:16.006 [FXGL Background Thread 3 ] DEBUG Engine               - soundMenuPress: menu/press.wav
10:59:16.006 [FXGL Background Thread 3 ] DEBUG Engine               - soundMenuSelect: menu/select.wav
10:59:16.006 [FXGL Background Thread 3 ] DEBUG Engine               - soundNotification: core/notification.wav
10:59:16.006 [FXGL Background Thread 3 ] DEBUG Engine               - stageStyle: DECORATED
10:59:16.006 [FXGL Background Thread 3 ] DEBUG Engine               - supportedLanguages: [ENGLISH, FRENCH, GERMAN, HUNGARIAN, RUSSIAN]
10:59:16.006 [FXGL Background Thread 3 ] DEBUG Engine               - ticksPerSecond: -1
10:59:16.007 [FXGL Background Thread 3 ] DEBUG Engine               - title: Untitled
10:59:16.007 [FXGL Background Thread 3 ] DEBUG Engine               - urlGithub: https://github.com/AlmasB/FXGL
10:59:16.007 [FXGL Background Thread 3 ] DEBUG Engine               - urlLeaderboard: http://fxgl-top.herokuapp.com/
10:59:16.007 [FXGL Background Thread 3 ] DEBUG Engine               - urlPOM: https://raw.githubusercontent.com/AlmasB/FXGL/release/README.md
10:59:16.007 [FXGL Background Thread 3 ] DEBUG Engine               - userAppClass: class com.lgiacchetta.dungeon.DungeonApp
10:59:16.007 [FXGL Background Thread 3 ] DEBUG Engine               - version: 0.0
10:59:16.007 [FXGL Background Thread 3 ] DEBUG Engine               - versionCheckDays: 7
10:59:16.007 [FXGL Background Thread 3 ] DEBUG Engine               - width: 1280
10:59:16.007 [FXGL Background Thread 3 ] DEBUG Engine               - Logging services
10:59:16.007 [FXGL Background Thread 3 ] DEBUG Engine               - class com.almasb.fxgl.app.services.FXGLAssetLoaderService
10:59:16.007 [FXGL Background Thread 3 ] DEBUG Engine               - class com.almasb.fxgl.app.FXGLApplication$GameApplicationService
10:59:16.007 [FXGL Background Thread 3 ] DEBUG Engine               - class com.almasb.fxgl.app.services.FXGLDialogService
10:59:16.007 [FXGL Background Thread 3 ] DEBUG Engine               - class com.almasb.fxgl.app.services.IOTaskExecutorService
10:59:16.007 [FXGL Background Thread 3 ] DEBUG Engine               - class com.almasb.fxgl.io.FileSystemService
10:59:16.007 [FXGL Background Thread 3 ] DEBUG Engine               - class com.almasb.fxgl.localization.LocalizationService
10:59:16.007 [FXGL Background Thread 3 ] DEBUG Engine               - class com.almasb.fxgl.app.services.SystemBundleService
10:59:16.007 [FXGL Background Thread 3 ] DEBUG Engine               - class com.almasb.fxgl.profile.SaveLoadService
10:59:16.007 [FXGL Background Thread 3 ] DEBUG Engine               - class com.almasb.fxgl.ui.FXGLUIFactoryServiceProvider
10:59:16.007 [FXGL Background Thread 3 ] DEBUG Engine               - class com.almasb.fxgl.ui.FXGLDialogFactoryServiceProvider
10:59:16.007 [FXGL Background Thread 3 ] DEBUG Engine               - class com.almasb.fxgl.audio.AudioPlayer
10:59:16.007 [FXGL Background Thread 3 ] DEBUG Engine               - class com.almasb.fxgl.notification.impl.NotificationServiceProvider
10:59:16.007 [FXGL Background Thread 3 ] DEBUG Engine               - class com.almasb.fxgl.achievement.AchievementService
10:59:16.008 [FXGL Background Thread 3 ] DEBUG Engine               - class com.almasb.fxgl.cutscene.CutsceneService
10:59:16.008 [FXGL Background Thread 3 ] DEBUG Engine               - class com.almasb.fxgl.minigames.MiniGameService
10:59:16.008 [FXGL Background Thread 3 ] DEBUG Engine               - class com.almasb.fxgl.net.NetService
10:59:16.008 [FXGL Background Thread 3 ] DEBUG Engine               - class com.almasb.fxgl.app.services.UpdaterService
10:59:16.008 [FXGL Background Thread 3 ] DEBUG Engine               - class com.almasb.fxgl.dev.DevService
11:00:05.668 [JavaFX Application Thread] DEBUG FXGLApplication      - Exiting FXGL
11:00:05.669 [JavaFX Application Thread] DEBUG LoopRunner           - Stopping loop
11:00:05.669 [JavaFX Application Thread] DEBUG SystemBundleService  - Saving FXGL system data
11:00:05.672 [JavaFX Application Thread] DEBUG FileSystemAccess     - Writing to: C:\Users\lucag\IdeaProjects\Dungeon\system\fxgl.bundle
11:00:05.674 [JavaFX Application Thread] DEBUG Async                - Shutting down background threads
11:00:05.674 [JavaFX Application Thread] DEBUG PrimaryStageWindow   - Closing main window
11:00:05.704 [JavaFX Application Thread] DEBUG Logger               - Closing Logger
