12:59:14.843 [main                     ] DEBUG Logger               - Configured Logger
12:59:14.868 [main                     ] DEBUG GameApplication      - Logging settings
Title: Untitled
Version: 0.0
Width: 1280
Height: 720
Fullscreen: false
Intro: false
Profiling: false
Single step:false
App Mode: DEVELOPER
Menu Key: ESCAPE
Stage Style: DECORATED
Scene Factory: class com.lgiacchetta.dungeon.DungeonApp$1

12:59:15.152 [JavaFX Application Thread] DEBUG FXGLApplication      - Initializing FXGL
12:59:15.157 [JavaFX Application Thread] INFO  Engine               - FXGL-17.2 (20.08.2022 16.50) on WINDOWS (J:17.0.6 FX:17.0.2-ea)
12:59:15.158 [JavaFX Application Thread] DEBUG Engine               - JRE Vendor Name: Oracle Corporation
12:59:15.158 [JavaFX Application Thread] DEBUG Engine               - Running on OS: Windows 11 version 10.0
12:59:15.158 [JavaFX Application Thread] DEBUG Engine               - Architecture: amd64
12:59:15.158 [JavaFX Application Thread] INFO  Engine               - Source code and latest versions at: https://github.com/AlmasB/FXGL
12:59:15.158 [JavaFX Application Thread] INFO  Engine               -       Ask questions and discuss at: https://github.com/AlmasB/FXGL/discussions
12:59:15.158 [JavaFX Application Thread] INFO  Engine               -              Join the FXGL chat at: https://gitter.im/AlmasB/FXGL
12:59:15.220 [JavaFX Application Thread] DEBUG PrimaryStageWindow   - Creating a JavaFX scene
12:59:15.248 [JavaFX Application Thread] DEBUG PrimaryStageWindow   - Target settings size: 1280.0 x 720.0
12:59:15.249 [JavaFX Application Thread] DEBUG PrimaryStageWindow   - Scaled scene size:    1280.0 x 720.0
12:59:15.249 [JavaFX Application Thread] DEBUG PrimaryStageWindow   - Scaled ratio: (1.0, 1.0)
12:59:15.250 [JavaFX Application Thread] DEBUG PrimaryStageWindow   - Set initial scene to FXGLStartupScene
12:59:15.253 [JavaFX Application Thread] DEBUG PrimaryStageWindow   - Opening main window
12:59:15.324 [JavaFX Application Thread] DEBUG PrimaryStageWindow   - Window border size: (14.6666259765625, 37.33331298828125)
12:59:15.324 [JavaFX Application Thread] DEBUG PrimaryStageWindow   - Scaled size: 1280.0 x 720.0
12:59:15.325 [JavaFX Application Thread] DEBUG PrimaryStageWindow   - Scaled ratio: (1.0, 1.0)
12:59:15.325 [JavaFX Application Thread] DEBUG PrimaryStageWindow   - Scene size: 1280.0 x 720.0
12:59:15.326 [JavaFX Application Thread] DEBUG PrimaryStageWindow   - Stage size: 1294.6666259765625 x 757.3333129882812
12:59:15.331 [FXGL Background Thread 1 ] DEBUG Engine               - Initializing environment variables
12:59:15.371 [FXGL Background Thread 1 ] DEBUG FXGLAssetLoaderServi - User app class for loading assets: class com.lgiacchetta.dungeon.DungeonApp
12:59:15.372 [FXGL Background Thread 1 ] DEBUG GameApplicationServi - Applying CSS: fxgl_dark.css
12:59:15.372 [FXGL Background Thread 1 ] DEBUG FXGLAssetLoaderServi - Loading from file system: jar:file:///C:/Users/lucag/.gradle/caches/modules-2/files-2.1/com.github.almasb/fxgl/17.2/35db6ae960eec2dcfd19262d3b7f9c42f0e95bc3/fxgl-17.2.jar!/fxglassets/ui/css/fxgl_dark.css
12:59:15.421 [FXGL Background Thread 1 ] DEBUG GameApplicationServi - Initializing application scenes
12:59:15.424 [FXGL Background Thread 1 ] DEBUG FXGLAssetLoaderServi - Loading from file system: jar:file:///C:/Users/lucag/IdeaProjects/Dungeon/build/libs/Dungeon-1.0-SNAPSHOT.jar!/assets/textures/loading.jpg
12:59:15.474 [FXGL Background Thread 1 ] DEBUG FXGLAssetLoaderServi - Loading from file system: jar:file:///C:/Users/lucag/IdeaProjects/Dungeon/build/libs/Dungeon-1.0-SNAPSHOT.jar!/assets/ui/fonts/a-charming-font.ttf
12:59:15.545 [FXGL Background Thread 1 ] DEBUG FXGLAssetLoaderServi - Loading from file system: jar:file:///C:/Users/lucag/IdeaProjects/Dungeon/build/libs/Dungeon-1.0-SNAPSHOT.jar!/assets/textures/orc/boss/ogre_run_anim_f0.png
12:59:15.548 [FXGL Background Thread 1 ] DEBUG FXGLAssetLoaderServi - Loading from file system: jar:file:///C:/Users/lucag/IdeaProjects/Dungeon/build/libs/Dungeon-1.0-SNAPSHOT.jar!/assets/textures/orc/boss/ogre_run_anim_f1.png
12:59:15.548 [FXGL Background Thread 1 ] DEBUG FXGLAssetLoaderServi - Loading from file system: jar:file:///C:/Users/lucag/IdeaProjects/Dungeon/build/libs/Dungeon-1.0-SNAPSHOT.jar!/assets/textures/orc/boss/ogre_run_anim_f2.png
12:59:15.549 [FXGL Background Thread 1 ] DEBUG FXGLAssetLoaderServi - Loading from file system: jar:file:///C:/Users/lucag/IdeaProjects/Dungeon/build/libs/Dungeon-1.0-SNAPSHOT.jar!/assets/textures/orc/boss/ogre_run_anim_f3.png
12:59:15.564 [FXGL Background Thread 1 ] DEBUG FXGLAssetLoaderServi - Loading from file system: jar:file:///C:/Users/lucag/IdeaProjects/Dungeon/build/libs/Dungeon-1.0-SNAPSHOT.jar!/assets/textures/demon/boss/big_demon_run_anim_f0.png
12:59:15.565 [FXGL Background Thread 1 ] DEBUG FXGLAssetLoaderServi - Loading from file system: jar:file:///C:/Users/lucag/IdeaProjects/Dungeon/build/libs/Dungeon-1.0-SNAPSHOT.jar!/assets/textures/demon/boss/big_demon_run_anim_f1.png
12:59:15.566 [FXGL Background Thread 1 ] DEBUG FXGLAssetLoaderServi - Loading from file system: jar:file:///C:/Users/lucag/IdeaProjects/Dungeon/build/libs/Dungeon-1.0-SNAPSHOT.jar!/assets/textures/demon/boss/big_demon_run_anim_f2.png
12:59:15.566 [FXGL Background Thread 1 ] DEBUG FXGLAssetLoaderServi - Loading from file system: jar:file:///C:/Users/lucag/IdeaProjects/Dungeon/build/libs/Dungeon-1.0-SNAPSHOT.jar!/assets/textures/demon/boss/big_demon_run_anim_f3.png
12:59:15.567 [FXGL Background Thread 1 ] DEBUG FXGLAssetLoaderServi - Loading from file system: jar:file:///C:/Users/lucag/IdeaProjects/Dungeon/build/libs/Dungeon-1.0-SNAPSHOT.jar!/assets/textures/undead/boss/big_zombie_run_anim_f0.png
12:59:15.568 [FXGL Background Thread 1 ] DEBUG FXGLAssetLoaderServi - Loading from file system: jar:file:///C:/Users/lucag/IdeaProjects/Dungeon/build/libs/Dungeon-1.0-SNAPSHOT.jar!/assets/textures/undead/boss/big_zombie_run_anim_f1.png
12:59:15.568 [FXGL Background Thread 1 ] DEBUG FXGLAssetLoaderServi - Loading from file system: jar:file:///C:/Users/lucag/IdeaProjects/Dungeon/build/libs/Dungeon-1.0-SNAPSHOT.jar!/assets/textures/undead/boss/big_zombie_run_anim_f2.png
12:59:15.569 [FXGL Background Thread 1 ] DEBUG FXGLAssetLoaderServi - Loading from file system: jar:file:///C:/Users/lucag/IdeaProjects/Dungeon/build/libs/Dungeon-1.0-SNAPSHOT.jar!/assets/textures/undead/boss/big_zombie_run_anim_f3.png
12:59:15.570 [FXGL Background Thread 1 ] WARN  FXGLAssetLoaderServi - Asset "/assets/textures/knight/knight_m_run_anim_f0.png" was not found!
12:59:15.570 [FXGL Background Thread 1 ] WARN  FXGLAssetLoaderServi - Failed to load IMAGE
12:59:15.580 [FXGL Background Thread 1 ] WARN  FXGLAssetLoaderServi - Asset "/assets/textures/knight/knight_m_run_anim_f1.png" was not found!
12:59:15.580 [FXGL Background Thread 1 ] WARN  FXGLAssetLoaderServi - Failed to load IMAGE
12:59:15.580 [FXGL Background Thread 1 ] WARN  FXGLAssetLoaderServi - Asset "/assets/textures/knight/knight_m_run_anim_f2.png" was not found!
12:59:15.580 [FXGL Background Thread 1 ] WARN  FXGLAssetLoaderServi - Failed to load IMAGE
12:59:15.581 [FXGL Background Thread 1 ] WARN  FXGLAssetLoaderServi - Asset "/assets/textures/knight/knight_m_run_anim_f3.png" was not found!
12:59:15.581 [FXGL Background Thread 1 ] WARN  FXGLAssetLoaderServi - Failed to load IMAGE
12:59:15.584 [FXGL Background Thread 1 ] DEBUG GameWorld            - Game world initialized
12:59:15.648 [FXGL Background Thread 1 ] DEBUG PhysicsWorld         - Physics world initialized: appHeight=720, physics.ppm=50,0
12:59:15.649 [FXGL Background Thread 1 ] DEBUG PhysicsWorld         - Using strategy: BRUTE_FORCE
12:59:15.653 [FXGL Background Thread 1 ] DEBUG GameScene            - Game scene initialized: 1280x720
12:59:15.669 [FXGL Background Thread 1 ] DEBUG FXGL.DefaultMenu     - createMenuBodyGameMenu()
12:59:15.688 [FXGL Background Thread 1 ] DEBUG FXGL.DefaultMenu     - createOptionsMenu()
12:59:15.699 [FXGL Background Thread 1 ] DEBUG FXGLAssetLoaderServi - Loading from file system: jar:file:///C:/Users/lucag/.gradle/caches/modules-2/files-2.1/com.github.almasb/fxgl/17.2/35db6ae960eec2dcfd19262d3b7f9c42f0e95bc3/fxgl-17.2.jar!/fxglassets/textures/particles/smoke.png
12:59:15.774 [FXGL Background Thread 1 ] DEBUG FXGLAssetLoaderServi - Loading from file system: jar:file:///C:/Users/lucag/.gradle/caches/modules-2/files-2.1/com.github.almasb/fxgl/17.2/35db6ae960eec2dcfd19262d3b7f9c42f0e95bc3/fxgl-17.2.jar!/fxglassets/textures/particles/trace_horizontal.png
12:59:15.810 [FXGL Background Thread 1 ] DEBUG GameApplicationServi - Application scenes initialized
12:59:15.823 [FXGL Background Thread 1 ] DEBUG SystemBundleService  - Loading FXGL system data
12:59:15.828 [FXGL Background Thread 1 ] DEBUG FileSystemAccess     - Reading from: C:\Users\lucag\IdeaProjects\Dungeon\system\fxgl.bundle
12:59:15.836 [FXGL Background Thread 1 ] DEBUG SystemBundleService  - Bundle FXGL: {}
12:59:15.836 [FXGL Background Thread 1 ] DEBUG UpdaterService       - Checking for updates
12:59:15.842 [FXGL Background Thread 1 ] DEBUG FXGLApplication      - Loading default localization
12:59:15.843 [FXGL Background Thread 4 ] DEBUG FXGLApplication      - Loading fonts
12:59:15.843 [FXGL Background Thread 4 ] DEBUG FXGLAssetLoaderServi - Loading from file system: jar:file:///C:/Users/lucag/.gradle/caches/modules-2/files-2.1/com.github.almasb/fxgl/17.2/35db6ae960eec2dcfd19262d3b7f9c42f0e95bc3/fxgl-17.2.jar!/fxglassets/ui/fonts/VarelaRound-Regular.ttf
12:59:15.843 [FXGL Background Thread 1 ] DEBUG FXGLAssetLoaderServi - Loading from file system: jar:file:///C:/Users/lucag/.gradle/caches/modules-2/files-2.1/com.github.almasb/fxgl/17.2/35db6ae960eec2dcfd19262d3b7f9c42f0e95bc3/fxgl-17.2.jar!/fxglassets/languages/english.lang
12:59:15.871 [FXGL Background Thread 1 ] INFO  FXGLApplication      - FXGL initialization took: 0,540 sec
12:59:15.883 [JavaFX Application Thread] DEBUG Input                - Registered new binding: Up1 - W
12:59:15.883 [JavaFX Application Thread] DEBUG Input                - Registered new binding: Left1 - A
12:59:15.884 [FXGL Background Thread 4 ] DEBUG FXGLAssetLoaderServi - Loading from file system: jar:file:///C:/Users/lucag/.gradle/caches/modules-2/files-2.1/com.github.almasb/fxgl/17.2/35db6ae960eec2dcfd19262d3b7f9c42f0e95bc3/fxgl-17.2.jar!/fxglassets/ui/fonts/Abel-Regular.ttf
12:59:15.884 [JavaFX Application Thread] DEBUG Input                - Registered new binding: Down1 - S
12:59:15.887 [JavaFX Application Thread] DEBUG Input                - Registered new binding: Right1 - D
12:59:15.887 [JavaFX Application Thread] DEBUG Input                - Registered new binding: Up2 - Up
12:59:15.887 [JavaFX Application Thread] DEBUG Input                - Registered new binding: Left2 - Left
12:59:15.888 [JavaFX Application Thread] DEBUG Input                - Registered new binding: Down2 - Down
12:59:15.888 [JavaFX Application Thread] DEBUG Input                - Registered new binding: Right2 - Right
12:59:15.888 [JavaFX Application Thread] DEBUG FXGLAssetLoaderServi - Loading from file system: jar:file:///C:/Users/lucag/.gradle/caches/modules-2/files-2.1/com.github.almasb/fxgl/17.2/35db6ae960eec2dcfd19262d3b7f9c42f0e95bc3/fxgl-17.2.jar!/fxglassets/textures/fxgl_icon.png
12:59:15.898 [FXGL Background Thread 4 ] DEBUG FXGLAssetLoaderServi - Loading from file system: jar:file:///C:/Users/lucag/.gradle/caches/modules-2/files-2.1/com.github.almasb/fxgl/17.2/35db6ae960eec2dcfd19262d3b7f9c42f0e95bc3/fxgl-17.2.jar!/fxglassets/ui/fonts/TerminalLandMono-Regular.otf
12:59:15.917 [JavaFX Application Thread] DEBUG FXGLAssetLoaderServi - Loading from file system: jar:file:///C:/Users/lucag/.gradle/caches/modules-2/files-2.1/com.github.almasb/fxgl/17.2/35db6ae960eec2dcfd19262d3b7f9c42f0e95bc3/fxgl-17.2.jar!/fxglassets/textures/fxgl_default_cursor.png
12:59:15.919 [JavaFX Application Thread] DEBUG Input                - Registered new binding: Screenshot - CTRL+8
12:59:15.920 [JavaFX Application Thread] DEBUG Input                - Registered new binding: System info dump - CTRL+9
12:59:15.921 [JavaFX Application Thread] DEBUG Input                - Registered new binding: Restart - CTRL+R
12:59:15.922 [JavaFX Application Thread] DEBUG Input                - Registered new binding: Toggle Debug Camera - CTRL+7
12:59:15.924 [JavaFX Application Thread] DEBUG LoopRunner           - Starting loop
12:59:15.924 [JavaFX Application Thread] DEBUG LoopRunner           - Initializing JavaFX AnimationTimerLoop
12:59:15.924 [FXGL Background Thread 4 ] DEBUG FXGLAssetLoaderServi - Loading from file system: jar:file:///C:/Users/lucag/.gradle/caches/modules-2/files-2.1/com.github.almasb/fxgl/17.2/35db6ae960eec2dcfd19262d3b7f9c42f0e95bc3/fxgl-17.2.jar!/fxglassets/ui/fonts/Courier-Prime.ttf
12:59:15.926 [JavaFX Application Thread] DEBUG GameApplicationServi - Starting new game
12:59:15.926 [JavaFX Application Thread] DEBUG Input                - Clearing active input actions
12:59:15.938 [JavaFX Application Thread] DEBUG GameApplicationServi - Removing overlay from FXGLStartupScene and adding to MainLoadingScene
12:59:15.939 [JavaFX Application Thread] DEBUG PrimaryStageWindow   - FXGLStartupScene -> MainLoadingScene
12:59:15.939 [JavaFX Application Thread] DEBUG GameApplicationServi - Clearing previous game
12:59:15.939 [JavaFX Application Thread] DEBUG GameScene            - Clearing game scene
12:59:15.939 [JavaFX Application Thread] DEBUG GameWorld            - Clearing game world
12:59:15.940 [JavaFX Application Thread] DEBUG PhysicsWorld         - Clearing physics world
12:59:15.942 [FXGL Background Thread 1 ] DEBUG FXGLApplication      - Initializing game
12:59:15.958 [JavaFX Application Thread] DEBUG FXGLApplication      - Registering font factories with UI factory
12:59:15.972 [FXGL Background Thread 1 ] DEBUG Input                - Registered new binding: Restart - Enter
12:59:16.016 [FXGL Background Thread 1 ] WARN  TMXLevelLoader       - TiledMap generated from 1.10.1. Supported version: 1.9.0. Some features may not be parsed fully.
12:59:16.053 [FXGL Background Thread 1 ] DEBUG TMXLevelLoader       - Parsed TiledMap: jar:file:///C:/Users/lucag/IdeaProjects/Dungeon/build/libs/Dungeon-1.0-SNAPSHOT.jar!/assets/levels/tmx/test-map-no-anim.tmx
12:59:16.056 [FXGL Background Thread 1 ] DEBUG TMXLevelLoader       - Creating tile layer entities
12:59:16.060 [FXGL Background Thread 1 ] DEBUG TilesetLoader        - Loading view for layer floor
12:59:16.061 [FXGL Background Thread 1 ] DEBUG TilesetLoader        - Created buffer with size 480.0x480.0
12:59:16.170 [FXGL Background Thread 1 ] DEBUG TilesetLoader        - Loading view for layer walls
12:59:16.170 [FXGL Background Thread 1 ] DEBUG TilesetLoader        - Created buffer with size 480.0x480.0
12:59:16.172 [FXGL Background Thread 1 ] DEBUG TilesetLoader        - Loading view for layer side-walls
12:59:16.172 [FXGL Background Thread 1 ] DEBUG TilesetLoader        - Created buffer with size 480.0x480.0
12:59:16.173 [FXGL Background Thread 1 ] DEBUG TMXLevelLoader       - Creating object layer entities
12:59:16.195 [FXGL Background Thread 1 ] DEBUG FXGLAssetLoaderServi - Loading from file system: jar:file:///C:/Users/lucag/IdeaProjects/Dungeon/build/libs/Dungeon-1.0-SNAPSHOT.jar!/assets/textures/spike/floor_spikes_anim_f0.png
12:59:16.196 [FXGL Background Thread 1 ] DEBUG FXGLAssetLoaderServi - Loading from file system: jar:file:///C:/Users/lucag/IdeaProjects/Dungeon/build/libs/Dungeon-1.0-SNAPSHOT.jar!/assets/textures/spike/floor_spikes_anim_f1.png
12:59:16.197 [FXGL Background Thread 1 ] DEBUG FXGLAssetLoaderServi - Loading from file system: jar:file:///C:/Users/lucag/IdeaProjects/Dungeon/build/libs/Dungeon-1.0-SNAPSHOT.jar!/assets/textures/spike/floor_spikes_anim_f2.png
12:59:16.198 [FXGL Background Thread 1 ] DEBUG FXGLAssetLoaderServi - Loading from file system: jar:file:///C:/Users/lucag/IdeaProjects/Dungeon/build/libs/Dungeon-1.0-SNAPSHOT.jar!/assets/textures/spike/floor_spikes_anim_f3.png
12:59:16.198 [FXGL Background Thread 1 ] DEBUG FXGLAssetLoaderServi - Loading from file system: jar:file:///C:/Users/lucag/IdeaProjects/Dungeon/build/libs/Dungeon-1.0-SNAPSHOT.jar!/assets/textures/spike/floor_spikes_anim_f4.png
12:59:16.198 [FXGL Background Thread 1 ] DEBUG FXGLAssetLoaderServi - Loading from file system: jar:file:///C:/Users/lucag/IdeaProjects/Dungeon/build/libs/Dungeon-1.0-SNAPSHOT.jar!/assets/textures/spike/floor_spikes_anim_f5.png
12:59:16.199 [FXGL Background Thread 1 ] DEBUG FXGLAssetLoaderServi - Loading from file system: jar:file:///C:/Users/lucag/IdeaProjects/Dungeon/build/libs/Dungeon-1.0-SNAPSHOT.jar!/assets/textures/spike/floor_spikes_anim_f6.png
12:59:16.199 [FXGL Background Thread 1 ] DEBUG FXGLAssetLoaderServi - Loading from file system: jar:file:///C:/Users/lucag/IdeaProjects/Dungeon/build/libs/Dungeon-1.0-SNAPSHOT.jar!/assets/textures/spike/floor_spikes_anim_f7.png
12:59:16.200 [FXGL Background Thread 1 ] DEBUG FXGLAssetLoaderServi - Loading from file system: jar:file:///C:/Users/lucag/IdeaProjects/Dungeon/build/libs/Dungeon-1.0-SNAPSHOT.jar!/assets/textures/spike/floor_spikes_danger_anim_f0.png
12:59:16.209 [FXGL Background Thread 1 ] DEBUG FXGLAssetLoaderServi - Loading from file system: jar:file:///C:/Users/lucag/IdeaProjects/Dungeon/build/libs/Dungeon-1.0-SNAPSHOT.jar!/assets/textures/ladder/floor_ladder.png
12:59:16.228 [FXGL Background Thread 1 ] DEBUG FXGLAssetLoaderServi - Loading from file system: jar:file:///C:/Users/lucag/IdeaProjects/Dungeon/build/libs/Dungeon-1.0-SNAPSHOT.jar!/assets/textures/plate/button_red_up.png
12:59:16.230 [FXGL Background Thread 1 ] DEBUG FXGLAssetLoaderServi - Loading from file system: jar:file:///C:/Users/lucag/IdeaProjects/Dungeon/build/libs/Dungeon-1.0-SNAPSHOT.jar!/assets/textures/plate/button_red_down.png
12:59:16.237 [FXGL Background Thread 1 ] DEBUG FXGLAssetLoaderServi - Loading from file system: jar:file:///C:/Users/lucag/IdeaProjects/Dungeon/build/libs/Dungeon-1.0-SNAPSHOT.jar!/assets/textures/plate/button_blue_up.png
12:59:16.239 [FXGL Background Thread 1 ] DEBUG FXGLAssetLoaderServi - Loading from file system: jar:file:///C:/Users/lucag/IdeaProjects/Dungeon/build/libs/Dungeon-1.0-SNAPSHOT.jar!/assets/textures/plate/button_blue_down.png
12:59:16.252 [FXGL Background Thread 1 ] DEBUG FXGLAssetLoaderServi - Loading from file system: jar:file:///C:/Users/lucag/IdeaProjects/Dungeon/build/libs/Dungeon-1.0-SNAPSHOT.jar!/assets/textures/door/doors_leaf_closed.png
12:59:16.253 [FXGL Background Thread 1 ] DEBUG FXGLAssetLoaderServi - Loading from file system: jar:file:///C:/Users/lucag/IdeaProjects/Dungeon/build/libs/Dungeon-1.0-SNAPSHOT.jar!/assets/textures/door/doors_leaf_open.png
12:59:16.259 [FXGL Background Thread 1 ] DEBUG FXGLAssetLoaderServi - Loading from file system: jar:file:///C:/Users/lucag/IdeaProjects/Dungeon/build/libs/Dungeon-1.0-SNAPSHOT.jar!/assets/textures/hero/knight_m_idle_anim_f0.png
12:59:16.261 [FXGL Background Thread 1 ] DEBUG FXGLAssetLoaderServi - Loading from file system: jar:file:///C:/Users/lucag/IdeaProjects/Dungeon/build/libs/Dungeon-1.0-SNAPSHOT.jar!/assets/textures/hero/knight_m_idle_anim_f1.png
12:59:16.263 [FXGL Background Thread 1 ] DEBUG FXGLAssetLoaderServi - Loading from file system: jar:file:///C:/Users/lucag/IdeaProjects/Dungeon/build/libs/Dungeon-1.0-SNAPSHOT.jar!/assets/textures/hero/knight_m_idle_anim_f2.png
12:59:16.264 [FXGL Background Thread 1 ] DEBUG FXGLAssetLoaderServi - Loading from file system: jar:file:///C:/Users/lucag/IdeaProjects/Dungeon/build/libs/Dungeon-1.0-SNAPSHOT.jar!/assets/textures/hero/knight_m_idle_anim_f3.png
12:59:16.266 [FXGL Background Thread 1 ] DEBUG FXGLAssetLoaderServi - Loading from file system: jar:file:///C:/Users/lucag/IdeaProjects/Dungeon/build/libs/Dungeon-1.0-SNAPSHOT.jar!/assets/textures/hero/knight_m_run_anim_f0.png
12:59:16.267 [FXGL Background Thread 1 ] DEBUG FXGLAssetLoaderServi - Loading from file system: jar:file:///C:/Users/lucag/IdeaProjects/Dungeon/build/libs/Dungeon-1.0-SNAPSHOT.jar!/assets/textures/hero/knight_m_run_anim_f1.png
12:59:16.269 [FXGL Background Thread 1 ] DEBUG FXGLAssetLoaderServi - Loading from file system: jar:file:///C:/Users/lucag/IdeaProjects/Dungeon/build/libs/Dungeon-1.0-SNAPSHOT.jar!/assets/textures/hero/knight_m_run_anim_f2.png
12:59:16.270 [FXGL Background Thread 1 ] DEBUG FXGLAssetLoaderServi - Loading from file system: jar:file:///C:/Users/lucag/IdeaProjects/Dungeon/build/libs/Dungeon-1.0-SNAPSHOT.jar!/assets/textures/hero/knight_m_run_anim_f3.png
12:59:16.273 [FXGL Background Thread 1 ] DEBUG FXGLAssetLoaderServi - Loading from file system: jar:file:///C:/Users/lucag/IdeaProjects/Dungeon/build/libs/Dungeon-1.0-SNAPSHOT.jar!/assets/textures/hero/knight_f_idle_anim_f0.png
12:59:16.273 [FXGL Background Thread 1 ] DEBUG FXGLAssetLoaderServi - Loading from file system: jar:file:///C:/Users/lucag/IdeaProjects/Dungeon/build/libs/Dungeon-1.0-SNAPSHOT.jar!/assets/textures/hero/knight_f_idle_anim_f1.png
12:59:16.274 [FXGL Background Thread 1 ] DEBUG FXGLAssetLoaderServi - Loading from file system: jar:file:///C:/Users/lucag/IdeaProjects/Dungeon/build/libs/Dungeon-1.0-SNAPSHOT.jar!/assets/textures/hero/knight_f_idle_anim_f2.png
12:59:16.275 [FXGL Background Thread 1 ] DEBUG FXGLAssetLoaderServi - Loading from file system: jar:file:///C:/Users/lucag/IdeaProjects/Dungeon/build/libs/Dungeon-1.0-SNAPSHOT.jar!/assets/textures/hero/knight_f_idle_anim_f3.png
12:59:16.275 [FXGL Background Thread 1 ] DEBUG FXGLAssetLoaderServi - Loading from file system: jar:file:///C:/Users/lucag/IdeaProjects/Dungeon/build/libs/Dungeon-1.0-SNAPSHOT.jar!/assets/textures/hero/knight_f_run_anim_f0.png
12:59:16.276 [FXGL Background Thread 1 ] DEBUG FXGLAssetLoaderServi - Loading from file system: jar:file:///C:/Users/lucag/IdeaProjects/Dungeon/build/libs/Dungeon-1.0-SNAPSHOT.jar!/assets/textures/hero/knight_f_run_anim_f1.png
12:59:16.276 [FXGL Background Thread 1 ] DEBUG FXGLAssetLoaderServi - Loading from file system: jar:file:///C:/Users/lucag/IdeaProjects/Dungeon/build/libs/Dungeon-1.0-SNAPSHOT.jar!/assets/textures/hero/knight_f_run_anim_f2.png
12:59:16.277 [FXGL Background Thread 1 ] DEBUG FXGLAssetLoaderServi - Loading from file system: jar:file:///C:/Users/lucag/IdeaProjects/Dungeon/build/libs/Dungeon-1.0-SNAPSHOT.jar!/assets/textures/hero/knight_f_run_anim_f3.png
12:59:16.278 [FXGL Background Thread 1 ] DEBUG GameWorld            - Clearing removable entities
12:59:16.279 [FXGL Background Thread 1 ] DEBUG GameWorld            - Setting level: com.almasb.fxgl.entity.level.Level@64090bff
12:59:16.291 [FXGL Background Thread 1 ] WARN  FXGLAssetLoaderServi - Asset "/assets/textures/knight/knight_m_idle_anim_f0.png" was not found!
12:59:16.291 [FXGL Background Thread 1 ] WARN  FXGLAssetLoaderServi - Failed to load IMAGE
12:59:16.292 [FXGL Background Thread 1 ] DEBUG FXGLAssetLoaderServi - Loading from file system: jar:file:///C:/Users/lucag/IdeaProjects/Dungeon/build/libs/Dungeon-1.0-SNAPSHOT.jar!/assets/textures/heart/ui_heart_full.png
12:59:16.293 [FXGL Background Thread 1 ] WARN  FXGLAssetLoaderServi - Asset "/assets/textures/knight/knight_f_idle_anim_f0.png" was not found!
12:59:16.293 [FXGL Background Thread 1 ] WARN  FXGLAssetLoaderServi - Failed to load IMAGE
12:59:16.294 [FXGL Background Thread 1 ] INFO  FXGLApplication      - Game initialization took: 0,352 sec
12:59:16.294 [JavaFX Application Thread] DEBUG Input                - Clearing active input actions
12:59:16.306 [JavaFX Application Thread] DEBUG GameApplicationServi - Removing overlay from MainLoadingScene and adding to GameScene
12:59:16.306 [JavaFX Application Thread] DEBUG PrimaryStageWindow   - MainLoadingScene -> GameScene
12:59:16.550 [FXGL Background Thread 2 ] INFO  UpdaterService       - Your current version:  17.2
12:59:16.550 [FXGL Background Thread 2 ] INFO  UpdaterService       - Latest stable version: 17.3
12:59:18.840 [FXGL Background Thread 3 ] DEBUG Engine               - Logging environment variables
12:59:18.841 [FXGL Background Thread 3 ] DEBUG Engine               - achievements: []
12:59:18.842 [FXGL Background Thread 3 ] DEBUG Engine               - actualHeight: 720.0
12:59:18.842 [FXGL Background Thread 3 ] DEBUG Engine               - actualHeightProperty: ReadOnlyDoubleProperty [value: 720.0]
12:59:18.842 [FXGL Background Thread 3 ] DEBUG Engine               - actualWidth: 1280.0
12:59:18.842 [FXGL Background Thread 3 ] DEBUG Engine               - actualWidthProperty: ReadOnlyDoubleProperty [value: 1280.0]
12:59:18.842 [FXGL Background Thread 3 ] DEBUG Engine               - appIcon: fxgl_icon.png
12:59:18.842 [FXGL Background Thread 3 ] DEBUG Engine               - applicationMode: DEVELOPER
12:59:18.843 [FXGL Background Thread 3 ] DEBUG Engine               - cSSList: [fxgl_dark.css]
12:59:18.843 [FXGL Background Thread 3 ] DEBUG Engine               - collisionDetectionStrategy: BRUTE_FORCE
12:59:18.843 [FXGL Background Thread 3 ] DEBUG Engine               - configClass: Optional.empty
12:59:18.843 [FXGL Background Thread 3 ] DEBUG Engine               - credits: []
12:59:18.843 [FXGL Background Thread 3 ] DEBUG Engine               - defaultCursor: CursorInfo(imageName=fxgl_default_cursor.png, hotspotX=7.0, hotspotY=6.0)
12:59:18.844 [FXGL Background Thread 3 ] DEBUG Engine               - devBBoxColorProperty: ObjectProperty [value: 0xff0000ff]
12:59:18.844 [FXGL Background Thread 3 ] DEBUG Engine               - devEnableDebugCameraProperty: BooleanProperty [value: false]
12:59:18.844 [FXGL Background Thread 3 ] DEBUG Engine               - devSensorColorProperty: ObjectProperty [value: 0xffff00ff]
12:59:18.844 [FXGL Background Thread 3 ] DEBUG Engine               - devShowBBoxProperty: BooleanProperty [value: false]
12:59:18.844 [FXGL Background Thread 3 ] DEBUG Engine               - devShowPositionProperty: BooleanProperty [value: false]
12:59:18.844 [FXGL Background Thread 3 ] DEBUG Engine               - enabledMenuItems: []
12:59:18.844 [FXGL Background Thread 3 ] DEBUG Engine               - engineServices: [class com.almasb.fxgl.app.services.FXGLAssetLoaderService, class com.almasb.fxgl.app.FXGLApplication$GameApplicationService, class com.almasb.fxgl.app.services.FXGLDialogService, class com.almasb.fxgl.app.services.IOTaskExecutorService, class com.almasb.fxgl.io.FileSystemService, class com.almasb.fxgl.localization.LocalizationService, class com.almasb.fxgl.app.services.SystemBundleService, class com.almasb.fxgl.profile.SaveLoadService, class com.almasb.fxgl.ui.FXGLUIFactoryServiceProvider, class com.almasb.fxgl.ui.FXGLDialogFactoryServiceProvider, class com.almasb.fxgl.audio.AudioPlayer, class com.almasb.fxgl.notification.impl.NotificationServiceProvider, class com.almasb.fxgl.achievement.AchievementService, class com.almasb.fxgl.cutscene.CutsceneService, class com.almasb.fxgl.minigames.MiniGameService, class com.almasb.fxgl.net.NetService, class com.almasb.fxgl.app.services.UpdaterService, class com.almasb.fxgl.dev.DevService]
12:59:18.845 [FXGL Background Thread 3 ] DEBUG Engine               - fontGame: Abel-Regular.ttf
12:59:18.845 [FXGL Background Thread 3 ] DEBUG Engine               - fontMono: TerminalLandMono-Regular.otf
12:59:18.845 [FXGL Background Thread 3 ] DEBUG Engine               - fontText: Courier-Prime.ttf
12:59:18.845 [FXGL Background Thread 3 ] DEBUG Engine               - fontUI: VarelaRound-Regular.ttf
12:59:18.845 [FXGL Background Thread 3 ] DEBUG Engine               - fullScreen: BooleanProperty [value: false]
12:59:18.845 [FXGL Background Thread 3 ] DEBUG Engine               - gameDifficulty: MEDIUM
12:59:18.845 [FXGL Background Thread 3 ] DEBUG Engine               - gameDifficultyProperty: ObjectProperty [value: MEDIUM]
12:59:18.845 [FXGL Background Thread 3 ] DEBUG Engine               - globalMusicVolume: 0.5
12:59:18.845 [FXGL Background Thread 3 ] DEBUG Engine               - globalMusicVolumeProperty: DoubleProperty [value: 0.5]
12:59:18.845 [FXGL Background Thread 3 ] DEBUG Engine               - globalSoundVolume: 0.5
12:59:18.846 [FXGL Background Thread 3 ] DEBUG Engine               - globalSoundVolumeProperty: DoubleProperty [value: 0.5]
12:59:18.846 [FXGL Background Thread 3 ] DEBUG Engine               - height: 720
12:59:18.846 [FXGL Background Thread 3 ] DEBUG Engine               - is3D: false
12:59:18.846 [FXGL Background Thread 3 ] DEBUG Engine               - isAndroid: false
12:59:18.846 [FXGL Background Thread 3 ] DEBUG Engine               - isBrowser: false
12:59:18.846 [FXGL Background Thread 3 ] DEBUG Engine               - isClickFeedbackEnabled: false
12:59:18.846 [FXGL Background Thread 3 ] DEBUG Engine               - isCloseConfirmation: false
12:59:18.846 [FXGL Background Thread 3 ] DEBUG Engine               - isDesktop: true
12:59:18.846 [FXGL Background Thread 3 ] DEBUG Engine               - isDeveloperMenuEnabled: false
12:59:18.846 [FXGL Background Thread 3 ] DEBUG Engine               - isEmbedded: false
12:59:18.846 [FXGL Background Thread 3 ] DEBUG Engine               - isEntityPreloadEnabled: true
12:59:18.846 [FXGL Background Thread 3 ] DEBUG Engine               - isExperimentalTiledLargeMap: false
12:59:18.846 [FXGL Background Thread 3 ] DEBUG Engine               - isFileSystemWriteAllowed: true
12:59:18.846 [FXGL Background Thread 3 ] DEBUG Engine               - isFullScreenAllowed: false
12:59:18.847 [FXGL Background Thread 3 ] DEBUG Engine               - isFullScreenFromStart: false
12:59:18.847 [FXGL Background Thread 3 ] DEBUG Engine               - isGameMenuEnabled: true
12:59:18.847 [FXGL Background Thread 3 ] DEBUG Engine               - isIOS: false
12:59:18.847 [FXGL Background Thread 3 ] DEBUG Engine               - isIntroEnabled: false
12:59:18.847 [FXGL Background Thread 3 ] DEBUG Engine               - isLinux: false
12:59:18.847 [FXGL Background Thread 3 ] DEBUG Engine               - isMac: false
12:59:18.847 [FXGL Background Thread 3 ] DEBUG Engine               - isMainMenuEnabled: false
12:59:18.847 [FXGL Background Thread 3 ] DEBUG Engine               - isManualResizeEnabled: false
12:59:18.847 [FXGL Background Thread 3 ] DEBUG Engine               - isMobile: false
12:59:18.847 [FXGL Background Thread 3 ] DEBUG Engine               - isNative: false
12:59:18.847 [FXGL Background Thread 3 ] DEBUG Engine               - isPauseMusicWhenMinimized: true
12:59:18.847 [FXGL Background Thread 3 ] DEBUG Engine               - isPreserveResizeRatio: false
12:59:18.847 [FXGL Background Thread 3 ] DEBUG Engine               - isProfilingEnabled: false
12:59:18.848 [FXGL Background Thread 3 ] DEBUG Engine               - isScaleAffectedOnResize: true
12:59:18.848 [FXGL Background Thread 3 ] DEBUG Engine               - isSingleStep: false
12:59:18.848 [FXGL Background Thread 3 ] DEBUG Engine               - isUserProfileEnabled: false
12:59:18.848 [FXGL Background Thread 3 ] DEBUG Engine               - isWindows: true
12:59:18.848 [FXGL Background Thread 3 ] DEBUG Engine               - language: ObjectProperty [value: ENGLISH]
12:59:18.848 [FXGL Background Thread 3 ] DEBUG Engine               - menuKey: ESCAPE
12:59:18.848 [FXGL Background Thread 3 ] DEBUG Engine               - mouseSensitivity: 0.2
12:59:18.848 [FXGL Background Thread 3 ] DEBUG Engine               - notificationViewClass: class com.almasb.fxgl.notification.view.XboxNotificationView
12:59:18.848 [FXGL Background Thread 3 ] DEBUG Engine               - pixelsPerMeter: 50.0
12:59:18.848 [FXGL Background Thread 3 ] DEBUG Engine               - platform: WINDOWS
12:59:18.848 [FXGL Background Thread 3 ] DEBUG Engine               - prefHeightProperty: ReadOnlyDoubleProperty [value: 720.0]
12:59:18.848 [FXGL Background Thread 3 ] DEBUG Engine               - prefWidthProperty: ReadOnlyDoubleProperty [value: 1280.0]
12:59:18.848 [FXGL Background Thread 3 ] DEBUG Engine               - profileDir: profiles/
12:59:18.849 [FXGL Background Thread 3 ] DEBUG Engine               - profileName: StringProperty [value: DEFAULT]
12:59:18.849 [FXGL Background Thread 3 ] DEBUG Engine               - randomSeed: -1
12:59:18.849 [FXGL Background Thread 3 ] DEBUG Engine               - runtimeInfo: RuntimeInfo(platform=WINDOWS, version=17.2, build=20.08.2022 16.50)
12:59:18.849 [FXGL Background Thread 3 ] DEBUG Engine               - saveFileExt: sav
12:59:18.849 [FXGL Background Thread 3 ] DEBUG Engine               - scaledHeightProp$fxgl: DoubleProperty [bound, value: 720.0]
12:59:18.849 [FXGL Background Thread 3 ] DEBUG Engine               - scaledWidthProp$fxgl: DoubleProperty [bound, value: 1280.0]
12:59:18.849 [FXGL Background Thread 3 ] DEBUG Engine               - sceneFactory: com.lgiacchetta.dungeon.DungeonApp$1@6891288a
12:59:18.849 [FXGL Background Thread 3 ] DEBUG Engine               - secondsIn24h: 60
12:59:18.849 [FXGL Background Thread 3 ] DEBUG Engine               - soundMenuBack: menu/back.wav
12:59:18.849 [FXGL Background Thread 3 ] DEBUG Engine               - soundMenuPress: menu/press.wav
12:59:18.850 [FXGL Background Thread 3 ] DEBUG Engine               - soundMenuSelect: menu/select.wav
12:59:18.850 [FXGL Background Thread 3 ] DEBUG Engine               - soundNotification: core/notification.wav
12:59:18.850 [FXGL Background Thread 3 ] DEBUG Engine               - stageStyle: DECORATED
12:59:18.850 [FXGL Background Thread 3 ] DEBUG Engine               - supportedLanguages: [ENGLISH, FRENCH, GERMAN, HUNGARIAN, RUSSIAN]
12:59:18.850 [FXGL Background Thread 3 ] DEBUG Engine               - ticksPerSecond: -1
12:59:18.850 [FXGL Background Thread 3 ] DEBUG Engine               - title: Untitled
12:59:18.850 [FXGL Background Thread 3 ] DEBUG Engine               - urlGithub: https://github.com/AlmasB/FXGL
12:59:18.850 [FXGL Background Thread 3 ] DEBUG Engine               - urlLeaderboard: http://fxgl-top.herokuapp.com/
12:59:18.850 [FXGL Background Thread 3 ] DEBUG Engine               - urlPOM: https://raw.githubusercontent.com/AlmasB/FXGL/release/README.md
12:59:18.850 [FXGL Background Thread 3 ] DEBUG Engine               - userAppClass: class com.lgiacchetta.dungeon.DungeonApp
12:59:18.850 [FXGL Background Thread 3 ] DEBUG Engine               - version: 0.0
12:59:18.850 [FXGL Background Thread 3 ] DEBUG Engine               - versionCheckDays: 7
12:59:18.850 [FXGL Background Thread 3 ] DEBUG Engine               - width: 1280
12:59:18.850 [FXGL Background Thread 3 ] DEBUG Engine               - Logging services
12:59:18.850 [FXGL Background Thread 3 ] DEBUG Engine               - class com.almasb.fxgl.app.services.FXGLAssetLoaderService
12:59:18.850 [FXGL Background Thread 3 ] DEBUG Engine               - class com.almasb.fxgl.app.FXGLApplication$GameApplicationService
12:59:18.851 [FXGL Background Thread 3 ] DEBUG Engine               - class com.almasb.fxgl.app.services.FXGLDialogService
12:59:18.851 [FXGL Background Thread 3 ] DEBUG Engine               - class com.almasb.fxgl.app.services.IOTaskExecutorService
12:59:18.851 [FXGL Background Thread 3 ] DEBUG Engine               - class com.almasb.fxgl.io.FileSystemService
12:59:18.851 [FXGL Background Thread 3 ] DEBUG Engine               - class com.almasb.fxgl.localization.LocalizationService
12:59:18.851 [FXGL Background Thread 3 ] DEBUG Engine               - class com.almasb.fxgl.app.services.SystemBundleService
12:59:18.851 [FXGL Background Thread 3 ] DEBUG Engine               - class com.almasb.fxgl.profile.SaveLoadService
12:59:18.851 [FXGL Background Thread 3 ] DEBUG Engine               - class com.almasb.fxgl.ui.FXGLUIFactoryServiceProvider
12:59:18.851 [FXGL Background Thread 3 ] DEBUG Engine               - class com.almasb.fxgl.ui.FXGLDialogFactoryServiceProvider
12:59:18.851 [FXGL Background Thread 3 ] DEBUG Engine               - class com.almasb.fxgl.audio.AudioPlayer
12:59:18.851 [FXGL Background Thread 3 ] DEBUG Engine               - class com.almasb.fxgl.notification.impl.NotificationServiceProvider
12:59:18.851 [FXGL Background Thread 3 ] DEBUG Engine               - class com.almasb.fxgl.achievement.AchievementService
12:59:18.851 [FXGL Background Thread 3 ] DEBUG Engine               - class com.almasb.fxgl.cutscene.CutsceneService
12:59:18.851 [FXGL Background Thread 3 ] DEBUG Engine               - class com.almasb.fxgl.minigames.MiniGameService
12:59:18.851 [FXGL Background Thread 3 ] DEBUG Engine               - class com.almasb.fxgl.net.NetService
12:59:18.851 [FXGL Background Thread 3 ] DEBUG Engine               - class com.almasb.fxgl.app.services.UpdaterService
12:59:18.852 [FXGL Background Thread 3 ] DEBUG Engine               - class com.almasb.fxgl.dev.DevService
12:59:20.473 [JavaFX Application Thread] WARN  FXGLAssetLoaderServi - Asset "/assets/textures/knight/knight_m_idle_anim_f0.png" was not found!
12:59:20.474 [JavaFX Application Thread] WARN  FXGLAssetLoaderServi - Failed to load IMAGE
12:59:20.475 [JavaFX Application Thread] DEBUG FXGLAssetLoaderServi - Loading from file system: jar:file:///C:/Users/lucag/IdeaProjects/Dungeon/build/libs/Dungeon-1.0-SNAPSHOT.jar!/assets/textures/heart/ui_heart_half.png
12:59:20.476 [JavaFX Application Thread] WARN  FXGLAssetLoaderServi - Asset "/assets/textures/knight/knight_f_idle_anim_f0.png" was not found!
12:59:20.476 [JavaFX Application Thread] WARN  FXGLAssetLoaderServi - Failed to load IMAGE
12:59:20.478 [JavaFX Application Thread] WARN  FXGLAssetLoaderServi - Asset "/assets/textures/knight/knight_m_idle_anim_f0.png" was not found!
12:59:20.479 [JavaFX Application Thread] WARN  FXGLAssetLoaderServi - Failed to load IMAGE
12:59:20.479 [JavaFX Application Thread] WARN  FXGLAssetLoaderServi - Asset "/assets/textures/knight/knight_f_idle_anim_f0.png" was not found!
12:59:20.480 [JavaFX Application Thread] WARN  FXGLAssetLoaderServi - Failed to load IMAGE
12:59:20.486 [JavaFX Application Thread] WARN  FXGLAssetLoaderServi - Asset "/assets/textures/knight/knight_m_idle_anim_f0.png" was not found!
12:59:20.487 [JavaFX Application Thread] WARN  FXGLAssetLoaderServi - Failed to load IMAGE
12:59:20.487 [JavaFX Application Thread] WARN  FXGLAssetLoaderServi - Asset "/assets/textures/knight/knight_f_idle_anim_f0.png" was not found!
12:59:20.487 [JavaFX Application Thread] WARN  FXGLAssetLoaderServi - Failed to load IMAGE
12:59:20.488 [JavaFX Application Thread] WARN  FXGLAssetLoaderServi - Asset "/assets/textures/knight/knight_m_idle_anim_f0.png" was not found!
12:59:20.488 [JavaFX Application Thread] WARN  FXGLAssetLoaderServi - Failed to load IMAGE
12:59:20.489 [JavaFX Application Thread] WARN  FXGLAssetLoaderServi - Asset "/assets/textures/knight/knight_f_idle_anim_f0.png" was not found!
12:59:20.489 [JavaFX Application Thread] WARN  FXGLAssetLoaderServi - Failed to load IMAGE
12:59:20.502 [JavaFX Application Thread] WARN  FXGLAssetLoaderServi - Asset "/assets/textures/knight/knight_m_idle_anim_f0.png" was not found!
12:59:20.502 [JavaFX Application Thread] WARN  FXGLAssetLoaderServi - Failed to load IMAGE
12:59:20.503 [JavaFX Application Thread] WARN  FXGLAssetLoaderServi - Asset "/assets/textures/knight/knight_f_idle_anim_f0.png" was not found!
12:59:20.503 [JavaFX Application Thread] WARN  FXGLAssetLoaderServi - Failed to load IMAGE
12:59:20.504 [JavaFX Application Thread] WARN  FXGLAssetLoaderServi - Asset "/assets/textures/knight/knight_m_idle_anim_f0.png" was not found!
12:59:20.504 [JavaFX Application Thread] WARN  FXGLAssetLoaderServi - Failed to load IMAGE
12:59:20.504 [JavaFX Application Thread] WARN  FXGLAssetLoaderServi - Asset "/assets/textures/knight/knight_f_idle_anim_f0.png" was not found!
12:59:20.504 [JavaFX Application Thread] WARN  FXGLAssetLoaderServi - Failed to load IMAGE
12:59:20.518 [JavaFX Application Thread] WARN  FXGLAssetLoaderServi - Asset "/assets/textures/knight/knight_m_idle_anim_f0.png" was not found!
12:59:20.518 [JavaFX Application Thread] WARN  FXGLAssetLoaderServi - Failed to load IMAGE
12:59:20.519 [JavaFX Application Thread] WARN  FXGLAssetLoaderServi - Asset "/assets/textures/knight/knight_f_idle_anim_f0.png" was not found!
12:59:20.519 [JavaFX Application Thread] WARN  FXGLAssetLoaderServi - Failed to load IMAGE
12:59:20.520 [JavaFX Application Thread] WARN  FXGLAssetLoaderServi - Asset "/assets/textures/knight/knight_m_idle_anim_f0.png" was not found!
12:59:20.520 [JavaFX Application Thread] WARN  FXGLAssetLoaderServi - Failed to load IMAGE
12:59:20.520 [JavaFX Application Thread] WARN  FXGLAssetLoaderServi - Asset "/assets/textures/knight/knight_f_idle_anim_f0.png" was not found!
12:59:20.520 [JavaFX Application Thread] WARN  FXGLAssetLoaderServi - Failed to load IMAGE
12:59:20.534 [JavaFX Application Thread] WARN  FXGLAssetLoaderServi - Asset "/assets/textures/knight/knight_m_idle_anim_f0.png" was not found!
12:59:20.534 [JavaFX Application Thread] WARN  FXGLAssetLoaderServi - Failed to load IMAGE
12:59:20.535 [JavaFX Application Thread] WARN  FXGLAssetLoaderServi - Asset "/assets/textures/knight/knight_f_idle_anim_f0.png" was not found!
12:59:20.535 [JavaFX Application Thread] WARN  FXGLAssetLoaderServi - Failed to load IMAGE
12:59:20.536 [JavaFX Application Thread] WARN  FXGLAssetLoaderServi - Asset "/assets/textures/knight/knight_m_idle_anim_f0.png" was not found!
12:59:20.536 [JavaFX Application Thread] WARN  FXGLAssetLoaderServi - Failed to load IMAGE
12:59:20.537 [JavaFX Application Thread] WARN  FXGLAssetLoaderServi - Asset "/assets/textures/knight/knight_f_idle_anim_f0.png" was not found!
12:59:20.537 [JavaFX Application Thread] WARN  FXGLAssetLoaderServi - Failed to load IMAGE
12:59:20.550 [JavaFX Application Thread] WARN  FXGLAssetLoaderServi - Asset "/assets/textures/knight/knight_m_idle_anim_f0.png" was not found!
12:59:20.551 [JavaFX Application Thread] WARN  FXGLAssetLoaderServi - Failed to load IMAGE
12:59:20.551 [JavaFX Application Thread] WARN  FXGLAssetLoaderServi - Asset "/assets/textures/knight/knight_f_idle_anim_f0.png" was not found!
12:59:20.551 [JavaFX Application Thread] WARN  FXGLAssetLoaderServi - Failed to load IMAGE
12:59:20.553 [JavaFX Application Thread] WARN  FXGLAssetLoaderServi - Asset "/assets/textures/knight/knight_m_idle_anim_f0.png" was not found!
12:59:20.553 [JavaFX Application Thread] WARN  FXGLAssetLoaderServi - Failed to load IMAGE
12:59:20.553 [JavaFX Application Thread] WARN  FXGLAssetLoaderServi - Asset "/assets/textures/knight/knight_f_idle_anim_f0.png" was not found!
12:59:20.553 [JavaFX Application Thread] WARN  FXGLAssetLoaderServi - Failed to load IMAGE
12:59:20.567 [JavaFX Application Thread] WARN  FXGLAssetLoaderServi - Asset "/assets/textures/knight/knight_m_idle_anim_f0.png" was not found!
12:59:20.567 [JavaFX Application Thread] WARN  FXGLAssetLoaderServi - Failed to load IMAGE
12:59:20.567 [JavaFX Application Thread] WARN  FXGLAssetLoaderServi - Asset "/assets/textures/knight/knight_f_idle_anim_f0.png" was not found!
12:59:20.567 [JavaFX Application Thread] WARN  FXGLAssetLoaderServi - Failed to load IMAGE
12:59:20.568 [JavaFX Application Thread] WARN  FXGLAssetLoaderServi - Asset "/assets/textures/knight/knight_m_idle_anim_f0.png" was not found!
12:59:20.568 [JavaFX Application Thread] WARN  FXGLAssetLoaderServi - Failed to load IMAGE
12:59:20.569 [JavaFX Application Thread] WARN  FXGLAssetLoaderServi - Asset "/assets/textures/knight/knight_f_idle_anim_f0.png" was not found!
12:59:20.569 [JavaFX Application Thread] WARN  FXGLAssetLoaderServi - Failed to load IMAGE
12:59:20.583 [JavaFX Application Thread] WARN  FXGLAssetLoaderServi - Asset "/assets/textures/knight/knight_m_idle_anim_f0.png" was not found!
12:59:20.583 [JavaFX Application Thread] WARN  FXGLAssetLoaderServi - Failed to load IMAGE
12:59:20.584 [JavaFX Application Thread] WARN  FXGLAssetLoaderServi - Asset "/assets/textures/knight/knight_f_idle_anim_f0.png" was not found!
12:59:20.584 [JavaFX Application Thread] WARN  FXGLAssetLoaderServi - Failed to load IMAGE
12:59:20.584 [JavaFX Application Thread] WARN  FXGLAssetLoaderServi - Asset "/assets/textures/knight/knight_m_idle_anim_f0.png" was not found!
12:59:20.584 [JavaFX Application Thread] WARN  FXGLAssetLoaderServi - Failed to load IMAGE
12:59:20.585 [JavaFX Application Thread] WARN  FXGLAssetLoaderServi - Asset "/assets/textures/knight/knight_f_idle_anim_f0.png" was not found!
12:59:20.585 [JavaFX Application Thread] WARN  FXGLAssetLoaderServi - Failed to load IMAGE
12:59:20.599 [JavaFX Application Thread] WARN  FXGLAssetLoaderServi - Asset "/assets/textures/knight/knight_m_idle_anim_f0.png" was not found!
12:59:20.599 [JavaFX Application Thread] WARN  FXGLAssetLoaderServi - Failed to load IMAGE
12:59:20.599 [JavaFX Application Thread] WARN  FXGLAssetLoaderServi - Asset "/assets/textures/knight/knight_f_idle_anim_f0.png" was not found!
12:59:20.600 [JavaFX Application Thread] WARN  FXGLAssetLoaderServi - Failed to load IMAGE
12:59:20.600 [JavaFX Application Thread] WARN  FXGLAssetLoaderServi - Asset "/assets/textures/knight/knight_m_idle_anim_f0.png" was not found!
12:59:20.600 [JavaFX Application Thread] WARN  FXGLAssetLoaderServi - Failed to load IMAGE
12:59:20.601 [JavaFX Application Thread] WARN  FXGLAssetLoaderServi - Asset "/assets/textures/knight/knight_f_idle_anim_f0.png" was not found!
12:59:20.601 [JavaFX Application Thread] WARN  FXGLAssetLoaderServi - Failed to load IMAGE
12:59:20.614 [JavaFX Application Thread] WARN  FXGLAssetLoaderServi - Asset "/assets/textures/knight/knight_m_idle_anim_f0.png" was not found!
12:59:20.614 [JavaFX Application Thread] WARN  FXGLAssetLoaderServi - Failed to load IMAGE
12:59:20.615 [JavaFX Application Thread] WARN  FXGLAssetLoaderServi - Asset "/assets/textures/knight/knight_f_idle_anim_f0.png" was not found!
12:59:20.615 [JavaFX Application Thread] WARN  FXGLAssetLoaderServi - Failed to load IMAGE
12:59:20.615 [JavaFX Application Thread] WARN  FXGLAssetLoaderServi - Asset "/assets/textures/knight/knight_m_idle_anim_f0.png" was not found!
12:59:20.616 [JavaFX Application Thread] WARN  FXGLAssetLoaderServi - Failed to load IMAGE
12:59:20.616 [JavaFX Application Thread] WARN  FXGLAssetLoaderServi - Asset "/assets/textures/knight/knight_f_idle_anim_f0.png" was not found!
12:59:20.616 [JavaFX Application Thread] WARN  FXGLAssetLoaderServi - Failed to load IMAGE
12:59:20.631 [JavaFX Application Thread] WARN  FXGLAssetLoaderServi - Asset "/assets/textures/knight/knight_m_idle_anim_f0.png" was not found!
12:59:20.632 [JavaFX Application Thread] WARN  FXGLAssetLoaderServi - Failed to load IMAGE
12:59:20.632 [JavaFX Application Thread] WARN  FXGLAssetLoaderServi - Asset "/assets/textures/knight/knight_f_idle_anim_f0.png" was not found!
12:59:20.632 [JavaFX Application Thread] WARN  FXGLAssetLoaderServi - Failed to load IMAGE
12:59:20.632 [JavaFX Application Thread] WARN  FXGLAssetLoaderServi - Asset "/assets/textures/knight/knight_m_idle_anim_f0.png" was not found!
12:59:20.632 [JavaFX Application Thread] WARN  FXGLAssetLoaderServi - Failed to load IMAGE
12:59:20.632 [JavaFX Application Thread] WARN  FXGLAssetLoaderServi - Asset "/assets/textures/knight/knight_f_idle_anim_f0.png" was not found!
12:59:20.632 [JavaFX Application Thread] WARN  FXGLAssetLoaderServi - Failed to load IMAGE
12:59:20.647 [JavaFX Application Thread] WARN  FXGLAssetLoaderServi - Asset "/assets/textures/knight/knight_m_idle_anim_f0.png" was not found!
12:59:20.647 [JavaFX Application Thread] WARN  FXGLAssetLoaderServi - Failed to load IMAGE
12:59:20.648 [JavaFX Application Thread] WARN  FXGLAssetLoaderServi - Asset "/assets/textures/knight/knight_f_idle_anim_f0.png" was not found!
12:59:20.648 [JavaFX Application Thread] WARN  FXGLAssetLoaderServi - Failed to load IMAGE
12:59:20.648 [JavaFX Application Thread] WARN  FXGLAssetLoaderServi - Asset "/assets/textures/knight/knight_m_idle_anim_f0.png" was not found!
12:59:20.648 [JavaFX Application Thread] WARN  FXGLAssetLoaderServi - Failed to load IMAGE
12:59:20.648 [JavaFX Application Thread] WARN  FXGLAssetLoaderServi - Asset "/assets/textures/knight/knight_f_idle_anim_f0.png" was not found!
12:59:20.648 [JavaFX Application Thread] WARN  FXGLAssetLoaderServi - Failed to load IMAGE
12:59:20.663 [JavaFX Application Thread] WARN  FXGLAssetLoaderServi - Asset "/assets/textures/knight/knight_m_idle_anim_f0.png" was not found!
12:59:20.664 [JavaFX Application Thread] WARN  FXGLAssetLoaderServi - Failed to load IMAGE
12:59:20.664 [JavaFX Application Thread] WARN  FXGLAssetLoaderServi - Asset "/assets/textures/knight/knight_f_idle_anim_f0.png" was not found!
12:59:20.664 [JavaFX Application Thread] WARN  FXGLAssetLoaderServi - Failed to load IMAGE
12:59:20.664 [JavaFX Application Thread] WARN  FXGLAssetLoaderServi - Asset "/assets/textures/knight/knight_m_idle_anim_f0.png" was not found!
12:59:20.664 [JavaFX Application Thread] WARN  FXGLAssetLoaderServi - Failed to load IMAGE
12:59:20.664 [JavaFX Application Thread] WARN  FXGLAssetLoaderServi - Asset "/assets/textures/knight/knight_f_idle_anim_f0.png" was not found!
12:59:20.664 [JavaFX Application Thread] WARN  FXGLAssetLoaderServi - Failed to load IMAGE
12:59:20.679 [JavaFX Application Thread] WARN  FXGLAssetLoaderServi - Asset "/assets/textures/knight/knight_m_idle_anim_f0.png" was not found!
12:59:20.679 [JavaFX Application Thread] WARN  FXGLAssetLoaderServi - Failed to load IMAGE
12:59:20.679 [JavaFX Application Thread] WARN  FXGLAssetLoaderServi - Asset "/assets/textures/knight/knight_f_idle_anim_f0.png" was not found!
12:59:20.679 [JavaFX Application Thread] WARN  FXGLAssetLoaderServi - Failed to load IMAGE
12:59:20.680 [JavaFX Application Thread] WARN  FXGLAssetLoaderServi - Asset "/assets/textures/knight/knight_m_idle_anim_f0.png" was not found!
12:59:20.680 [JavaFX Application Thread] WARN  FXGLAssetLoaderServi - Failed to load IMAGE
12:59:20.680 [JavaFX Application Thread] WARN  FXGLAssetLoaderServi - Asset "/assets/textures/knight/knight_f_idle_anim_f0.png" was not found!
12:59:20.680 [JavaFX Application Thread] WARN  FXGLAssetLoaderServi - Failed to load IMAGE
13:00:04.642 [JavaFX Application Thread] DEBUG FXGLApplication      - Exiting FXGL
13:00:04.642 [JavaFX Application Thread] DEBUG LoopRunner           - Stopping loop
13:00:04.643 [JavaFX Application Thread] DEBUG SystemBundleService  - Saving FXGL system data
13:00:04.648 [JavaFX Application Thread] DEBUG FileSystemAccess     - Writing to: C:\Users\lucag\IdeaProjects\Dungeon\system\fxgl.bundle
13:00:04.651 [JavaFX Application Thread] DEBUG Async                - Shutting down background threads
13:00:04.652 [JavaFX Application Thread] DEBUG PrimaryStageWindow   - Closing main window
13:00:04.674 [JavaFX Application Thread] DEBUG Logger               - Closing Logger
