20:21:22.981 [main                     ] DEBUG Logger               - Configured Logger
20:21:23.007 [main                     ] DEBUG GameApplication      - Logging settings
Title: Untitled
Version: 0.0
Width: 1280
Height: 720
Fullscreen: false
Intro: false
Profiling: false
Single step:false
App Mode: DEVELOPER
Menu Key: ESCAPE
Stage Style: DECORATED
Scene Factory: class com.lgiacchetta.dungeon.DungeonApp$1

20:21:23.317 [JavaFX Application Thread] DEBUG FXGLApplication      - Initializing FXGL
20:21:23.324 [JavaFX Application Thread] INFO  Engine               - FXGL-17.2 (20.08.2022 16.50) on WINDOWS (J:17.0.6 FX:17.0.2-ea)
20:21:23.324 [JavaFX Application Thread] DEBUG Engine               - JRE Vendor Name: Oracle Corporation
20:21:23.324 [JavaFX Application Thread] DEBUG Engine               - Running on OS: Windows 11 version 10.0
20:21:23.325 [JavaFX Application Thread] DEBUG Engine               - Architecture: amd64
20:21:23.325 [JavaFX Application Thread] INFO  Engine               - Source code and latest versions at: https://github.com/AlmasB/FXGL
20:21:23.325 [JavaFX Application Thread] INFO  Engine               -       Ask questions and discuss at: https://github.com/AlmasB/FXGL/discussions
20:21:23.325 [JavaFX Application Thread] INFO  Engine               -              Join the FXGL chat at: https://gitter.im/AlmasB/FXGL
20:21:23.413 [JavaFX Application Thread] DEBUG PrimaryStageWindow   - Creating a JavaFX scene
20:21:23.452 [JavaFX Application Thread] DEBUG PrimaryStageWindow   - Target settings size: 1280.0 x 720.0
20:21:23.453 [JavaFX Application Thread] DEBUG PrimaryStageWindow   - Scaled scene size:    1280.0 x 720.0
20:21:23.453 [JavaFX Application Thread] DEBUG PrimaryStageWindow   - Scaled ratio: (1.0, 1.0)
20:21:23.454 [JavaFX Application Thread] DEBUG PrimaryStageWindow   - Set initial scene to FXGLStartupScene
20:21:23.460 [JavaFX Application Thread] DEBUG PrimaryStageWindow   - Opening main window
20:21:23.564 [JavaFX Application Thread] DEBUG PrimaryStageWindow   - Window border size: (14.6666259765625, 37.33331298828125)
20:21:23.564 [JavaFX Application Thread] DEBUG PrimaryStageWindow   - Scaled size: 1280.0 x 720.0
20:21:23.564 [JavaFX Application Thread] DEBUG PrimaryStageWindow   - Scaled ratio: (1.0, 1.0)
20:21:23.564 [JavaFX Application Thread] DEBUG PrimaryStageWindow   - Scene size: 1280.0 x 720.0
20:21:23.565 [JavaFX Application Thread] DEBUG PrimaryStageWindow   - Stage size: 1294.6666259765625 x 757.3333129882812
20:21:23.573 [FXGL Background Thread 1 ] DEBUG Engine               - Initializing environment variables
20:21:23.620 [FXGL Background Thread 1 ] DEBUG FXGLAssetLoaderServi - User app class for loading assets: class com.lgiacchetta.dungeon.DungeonApp
20:21:23.620 [FXGL Background Thread 1 ] DEBUG GameApplicationServi - Applying CSS: fxgl_dark.css
20:21:23.621 [FXGL Background Thread 1 ] DEBUG FXGLAssetLoaderServi - Loading from file system: jar:file:///C:/Users/lucag/.gradle/caches/modules-2/files-2.1/com.github.almasb/fxgl/17.2/35db6ae960eec2dcfd19262d3b7f9c42f0e95bc3/fxgl-17.2.jar!/fxglassets/ui/css/fxgl_dark.css
20:21:23.679 [FXGL Background Thread 1 ] DEBUG GameApplicationServi - Initializing application scenes
20:21:23.680 [FXGL Background Thread 1 ] DEBUG FXGLAssetLoaderServi - Loading from file system: jar:file:///C:/Users/lucag/IdeaProjects/Dungeon/build/libs/Dungeon-1.0-SNAPSHOT.jar!/assets/textures/loading.jpg
20:21:23.741 [FXGL Background Thread 1 ] DEBUG FXGLAssetLoaderServi - Loading from file system: jar:file:///C:/Users/lucag/IdeaProjects/Dungeon/build/libs/Dungeon-1.0-SNAPSHOT.jar!/assets/ui/fonts/alagard.ttf
20:21:23.795 [FXGL Background Thread 1 ] DEBUG FXGLAssetLoaderServi - Loading from file system: jar:file:///C:/Users/lucag/IdeaProjects/Dungeon/build/libs/Dungeon-1.0-SNAPSHOT.jar!/assets/music/melody.wav
20:21:24.107 [FXGL Background Thread 1 ] DEBUG FXGLAssetLoaderServi - Loading from file system: jar:file:///C:/Users/lucag/IdeaProjects/Dungeon/build/libs/Dungeon-1.0-SNAPSHOT.jar!/assets/music/menu.wav
20:21:24.251 [FXGL Background Thread 1 ] DEBUG FXGLAssetLoaderServi - Loading from file system: jar:file:///C:/Users/lucag/IdeaProjects/Dungeon/build/libs/Dungeon-1.0-SNAPSHOT.jar!/assets/textures/orc/boss/ogre_run_anim_f0.png
20:21:24.256 [FXGL Background Thread 1 ] DEBUG FXGLAssetLoaderServi - Loading from file system: jar:file:///C:/Users/lucag/IdeaProjects/Dungeon/build/libs/Dungeon-1.0-SNAPSHOT.jar!/assets/textures/orc/boss/ogre_run_anim_f1.png
20:21:24.257 [FXGL Background Thread 1 ] DEBUG FXGLAssetLoaderServi - Loading from file system: jar:file:///C:/Users/lucag/IdeaProjects/Dungeon/build/libs/Dungeon-1.0-SNAPSHOT.jar!/assets/textures/orc/boss/ogre_run_anim_f2.png
20:21:24.259 [FXGL Background Thread 1 ] DEBUG FXGLAssetLoaderServi - Loading from file system: jar:file:///C:/Users/lucag/IdeaProjects/Dungeon/build/libs/Dungeon-1.0-SNAPSHOT.jar!/assets/textures/orc/boss/ogre_run_anim_f3.png
20:21:24.280 [FXGL Background Thread 1 ] DEBUG FXGLAssetLoaderServi - Loading from file system: jar:file:///C:/Users/lucag/IdeaProjects/Dungeon/build/libs/Dungeon-1.0-SNAPSHOT.jar!/assets/textures/demon/boss/big_demon_run_anim_f0.png
20:21:24.282 [FXGL Background Thread 1 ] DEBUG FXGLAssetLoaderServi - Loading from file system: jar:file:///C:/Users/lucag/IdeaProjects/Dungeon/build/libs/Dungeon-1.0-SNAPSHOT.jar!/assets/textures/demon/boss/big_demon_run_anim_f1.png
20:21:24.283 [FXGL Background Thread 1 ] DEBUG FXGLAssetLoaderServi - Loading from file system: jar:file:///C:/Users/lucag/IdeaProjects/Dungeon/build/libs/Dungeon-1.0-SNAPSHOT.jar!/assets/textures/demon/boss/big_demon_run_anim_f2.png
20:21:24.284 [FXGL Background Thread 1 ] DEBUG FXGLAssetLoaderServi - Loading from file system: jar:file:///C:/Users/lucag/IdeaProjects/Dungeon/build/libs/Dungeon-1.0-SNAPSHOT.jar!/assets/textures/demon/boss/big_demon_run_anim_f3.png
20:21:24.286 [FXGL Background Thread 1 ] DEBUG FXGLAssetLoaderServi - Loading from file system: jar:file:///C:/Users/lucag/IdeaProjects/Dungeon/build/libs/Dungeon-1.0-SNAPSHOT.jar!/assets/textures/undead/boss/big_zombie_run_anim_f0.png
20:21:24.288 [FXGL Background Thread 1 ] DEBUG FXGLAssetLoaderServi - Loading from file system: jar:file:///C:/Users/lucag/IdeaProjects/Dungeon/build/libs/Dungeon-1.0-SNAPSHOT.jar!/assets/textures/undead/boss/big_zombie_run_anim_f1.png
20:21:24.289 [FXGL Background Thread 1 ] DEBUG FXGLAssetLoaderServi - Loading from file system: jar:file:///C:/Users/lucag/IdeaProjects/Dungeon/build/libs/Dungeon-1.0-SNAPSHOT.jar!/assets/textures/undead/boss/big_zombie_run_anim_f2.png
20:21:24.291 [FXGL Background Thread 1 ] DEBUG FXGLAssetLoaderServi - Loading from file system: jar:file:///C:/Users/lucag/IdeaProjects/Dungeon/build/libs/Dungeon-1.0-SNAPSHOT.jar!/assets/textures/undead/boss/big_zombie_run_anim_f3.png
20:21:24.293 [FXGL Background Thread 1 ] DEBUG FXGLAssetLoaderServi - Loading from file system: jar:file:///C:/Users/lucag/IdeaProjects/Dungeon/build/libs/Dungeon-1.0-SNAPSHOT.jar!/assets/textures/hero/knight_m_run_anim_f0.png
20:21:24.294 [FXGL Background Thread 1 ] DEBUG FXGLAssetLoaderServi - Loading from file system: jar:file:///C:/Users/lucag/IdeaProjects/Dungeon/build/libs/Dungeon-1.0-SNAPSHOT.jar!/assets/textures/hero/knight_m_run_anim_f1.png
20:21:24.295 [FXGL Background Thread 1 ] DEBUG FXGLAssetLoaderServi - Loading from file system: jar:file:///C:/Users/lucag/IdeaProjects/Dungeon/build/libs/Dungeon-1.0-SNAPSHOT.jar!/assets/textures/hero/knight_m_run_anim_f2.png
20:21:24.296 [FXGL Background Thread 1 ] DEBUG FXGLAssetLoaderServi - Loading from file system: jar:file:///C:/Users/lucag/IdeaProjects/Dungeon/build/libs/Dungeon-1.0-SNAPSHOT.jar!/assets/textures/hero/knight_m_run_anim_f3.png
20:21:24.300 [FXGL Background Thread 1 ] DEBUG GameWorld            - Game world initialized
20:21:24.384 [FXGL Background Thread 1 ] DEBUG PhysicsWorld         - Physics world initialized: appHeight=720, physics.ppm=50,0
20:21:24.384 [FXGL Background Thread 1 ] DEBUG PhysicsWorld         - Using strategy: BRUTE_FORCE
20:21:24.390 [FXGL Background Thread 1 ] DEBUG GameScene            - Game scene initialized: 1280x720
20:21:24.408 [FXGL Background Thread 1 ] DEBUG GameApplicationServi - Application scenes initialized
20:21:24.425 [FXGL Background Thread 1 ] DEBUG SystemBundleService  - Loading FXGL system data
20:21:24.429 [FXGL Background Thread 1 ] DEBUG FileSystemAccess     - Reading from: C:\Users\lucag\IdeaProjects\Dungeon\system\fxgl.bundle
20:21:24.435 [FXGL Background Thread 1 ] DEBUG SystemBundleService  - Bundle FXGL: {}
20:21:24.435 [FXGL Background Thread 1 ] DEBUG UpdaterService       - Checking for updates
20:21:24.443 [FXGL Background Thread 4 ] DEBUG FXGLApplication      - Loading fonts
20:21:24.443 [FXGL Background Thread 4 ] DEBUG FXGLAssetLoaderServi - Loading from file system: jar:file:///C:/Users/lucag/.gradle/caches/modules-2/files-2.1/com.github.almasb/fxgl/17.2/35db6ae960eec2dcfd19262d3b7f9c42f0e95bc3/fxgl-17.2.jar!/fxglassets/ui/fonts/VarelaRound-Regular.ttf
20:21:24.444 [FXGL Background Thread 1 ] DEBUG FXGLApplication      - Loading default localization
20:21:24.444 [FXGL Background Thread 1 ] DEBUG FXGLAssetLoaderServi - Loading from file system: jar:file:///C:/Users/lucag/.gradle/caches/modules-2/files-2.1/com.github.almasb/fxgl/17.2/35db6ae960eec2dcfd19262d3b7f9c42f0e95bc3/fxgl-17.2.jar!/fxglassets/languages/english.lang
20:21:24.447 [FXGL Background Thread 4 ] DEBUG FXGLAssetLoaderServi - Loading from file system: jar:file:///C:/Users/lucag/.gradle/caches/modules-2/files-2.1/com.github.almasb/fxgl/17.2/35db6ae960eec2dcfd19262d3b7f9c42f0e95bc3/fxgl-17.2.jar!/fxglassets/ui/fonts/Abel-Regular.ttf
20:21:24.451 [FXGL Background Thread 4 ] DEBUG FXGLAssetLoaderServi - Loading from file system: jar:file:///C:/Users/lucag/.gradle/caches/modules-2/files-2.1/com.github.almasb/fxgl/17.2/35db6ae960eec2dcfd19262d3b7f9c42f0e95bc3/fxgl-17.2.jar!/fxglassets/ui/fonts/TerminalLandMono-Regular.otf
20:21:24.455 [FXGL Background Thread 4 ] DEBUG FXGLAssetLoaderServi - Loading from file system: jar:file:///C:/Users/lucag/.gradle/caches/modules-2/files-2.1/com.github.almasb/fxgl/17.2/35db6ae960eec2dcfd19262d3b7f9c42f0e95bc3/fxgl-17.2.jar!/fxglassets/ui/fonts/Courier-Prime.ttf
20:21:24.461 [JavaFX Application Thread] DEBUG FXGLApplication      - Registering font factories with UI factory
20:21:24.462 [FXGL Background Thread 1 ] INFO  FXGLApplication      - FXGL initialization took: 0,890 sec
20:21:24.472 [JavaFX Application Thread] DEBUG Input                - Registered new binding: Up1 - W
20:21:24.472 [JavaFX Application Thread] DEBUG Input                - Registered new binding: Left1 - A
20:21:24.472 [JavaFX Application Thread] DEBUG Input                - Registered new binding: Down1 - S
20:21:24.472 [JavaFX Application Thread] DEBUG Input                - Registered new binding: Right1 - D
20:21:24.473 [JavaFX Application Thread] DEBUG Input                - Registered new binding: Up2 - Up
20:21:24.473 [JavaFX Application Thread] DEBUG Input                - Registered new binding: Left2 - Left
20:21:24.473 [JavaFX Application Thread] DEBUG Input                - Registered new binding: Down2 - Down
20:21:24.473 [JavaFX Application Thread] DEBUG Input                - Registered new binding: Right2 - Right
20:21:24.474 [JavaFX Application Thread] DEBUG AudioPlayer          - Playing music com.almasb.fxgl.audio.Music@5eb8744f
20:21:24.490 [JavaFX Application Thread] DEBUG FXGLAssetLoaderServi - Loading from file system: jar:file:///C:/Users/lucag/.gradle/caches/modules-2/files-2.1/com.github.almasb/fxgl/17.2/35db6ae960eec2dcfd19262d3b7f9c42f0e95bc3/fxgl-17.2.jar!/fxglassets/textures/fxgl_icon.png
20:21:24.521 [JavaFX Application Thread] DEBUG FXGLAssetLoaderServi - Loading from file system: jar:file:///C:/Users/lucag/IdeaProjects/Dungeon/build/libs/Dungeon-1.0-SNAPSHOT.jar!/assets/textures/weapon_golden_sword.png
20:21:24.524 [JavaFX Application Thread] DEBUG Input                - Registered new binding: Screenshot - CTRL+8
20:21:24.524 [JavaFX Application Thread] DEBUG Input                - Registered new binding: System info dump - CTRL+9
20:21:24.525 [JavaFX Application Thread] DEBUG Input                - Registered new binding: Restart - CTRL+R
20:21:24.525 [JavaFX Application Thread] DEBUG Input                - Registered new binding: Toggle Debug Camera - CTRL+7
20:21:24.528 [JavaFX Application Thread] DEBUG LoopRunner           - Starting loop
20:21:24.528 [JavaFX Application Thread] DEBUG LoopRunner           - Initializing JavaFX AnimationTimerLoop
20:21:24.531 [JavaFX Application Thread] DEBUG Input                - Clearing active input actions
20:21:24.544 [JavaFX Application Thread] DEBUG GameApplicationServi - Removing overlay from FXGLStartupScene and adding to FXGLMainMenuDummyScene
20:21:24.544 [JavaFX Application Thread] DEBUG PrimaryStageWindow   - FXGLStartupScene -> FXGLMainMenuDummyScene
20:21:24.544 [JavaFX Application Thread] DEBUG PrimaryStageWindow   - Push state: MainMenu
20:21:24.545 [JavaFX Application Thread] DEBUG Input                - Clearing active input actions
20:21:24.553 [JavaFX Application Thread] DEBUG GameApplicationServi - Removing overlay from FXGLMainMenuDummyScene and adding to MainMenu
20:21:24.554 [JavaFX Application Thread] DEBUG PrimaryStageWindow   - FXGLMainMenuDummyScene -> MainMenu
20:21:25.201 [FXGL Background Thread 2 ] INFO  UpdaterService       - Your current version:  17.2
20:21:25.202 [FXGL Background Thread 2 ] INFO  UpdaterService       - Latest stable version: 17.3
20:21:27.441 [FXGL Background Thread 3 ] DEBUG Engine               - Logging environment variables
20:21:27.443 [FXGL Background Thread 3 ] DEBUG Engine               - achievements: []
20:21:27.444 [FXGL Background Thread 3 ] DEBUG Engine               - actualHeight: 720.0
20:21:27.444 [FXGL Background Thread 3 ] DEBUG Engine               - actualHeightProperty: ReadOnlyDoubleProperty [value: 720.0]
20:21:27.444 [FXGL Background Thread 3 ] DEBUG Engine               - actualWidth: 1280.0
20:21:27.444 [FXGL Background Thread 3 ] DEBUG Engine               - actualWidthProperty: ReadOnlyDoubleProperty [value: 1280.0]
20:21:27.445 [FXGL Background Thread 3 ] DEBUG Engine               - appIcon: fxgl_icon.png
20:21:27.445 [FXGL Background Thread 3 ] DEBUG Engine               - applicationMode: DEVELOPER
20:21:27.445 [FXGL Background Thread 3 ] DEBUG Engine               - cSSList: [fxgl_dark.css]
20:21:27.445 [FXGL Background Thread 3 ] DEBUG Engine               - collisionDetectionStrategy: BRUTE_FORCE
20:21:27.445 [FXGL Background Thread 3 ] DEBUG Engine               - configClass: Optional.empty
20:21:27.445 [FXGL Background Thread 3 ] DEBUG Engine               - credits: []
20:21:27.448 [FXGL Background Thread 3 ] DEBUG Engine               - defaultCursor: CursorInfo(imageName=weapon_golden_sword.png, hotspotX=10.0, hotspotY=22.0)
20:21:27.449 [FXGL Background Thread 3 ] DEBUG Engine               - devBBoxColorProperty: ObjectProperty [value: 0xff0000ff]
20:21:27.449 [FXGL Background Thread 3 ] DEBUG Engine               - devEnableDebugCameraProperty: BooleanProperty [value: false]
20:21:27.449 [FXGL Background Thread 3 ] DEBUG Engine               - devSensorColorProperty: ObjectProperty [value: 0xffff00ff]
20:21:27.449 [FXGL Background Thread 3 ] DEBUG Engine               - devShowBBoxProperty: BooleanProperty [value: false]
20:21:27.449 [FXGL Background Thread 3 ] DEBUG Engine               - devShowPositionProperty: BooleanProperty [value: false]
20:21:27.449 [FXGL Background Thread 3 ] DEBUG Engine               - enabledMenuItems: []
20:21:27.449 [FXGL Background Thread 3 ] DEBUG Engine               - engineServices: [class com.almasb.fxgl.app.services.FXGLAssetLoaderService, class com.almasb.fxgl.app.FXGLApplication$GameApplicationService, class com.almasb.fxgl.app.services.FXGLDialogService, class com.almasb.fxgl.app.services.IOTaskExecutorService, class com.almasb.fxgl.io.FileSystemService, class com.almasb.fxgl.localization.LocalizationService, class com.almasb.fxgl.app.services.SystemBundleService, class com.almasb.fxgl.profile.SaveLoadService, class com.almasb.fxgl.ui.FXGLUIFactoryServiceProvider, class com.almasb.fxgl.ui.FXGLDialogFactoryServiceProvider, class com.almasb.fxgl.audio.AudioPlayer, class com.almasb.fxgl.notification.impl.NotificationServiceProvider, class com.almasb.fxgl.achievement.AchievementService, class com.almasb.fxgl.cutscene.CutsceneService, class com.almasb.fxgl.minigames.MiniGameService, class com.almasb.fxgl.net.NetService, class com.almasb.fxgl.app.services.UpdaterService, class com.almasb.fxgl.dev.DevService]
20:21:27.449 [FXGL Background Thread 3 ] DEBUG Engine               - fontGame: Abel-Regular.ttf
20:21:27.449 [FXGL Background Thread 3 ] DEBUG Engine               - fontMono: TerminalLandMono-Regular.otf
20:21:27.450 [FXGL Background Thread 3 ] DEBUG Engine               - fontText: Courier-Prime.ttf
20:21:27.450 [FXGL Background Thread 3 ] DEBUG Engine               - fontUI: VarelaRound-Regular.ttf
20:21:27.450 [FXGL Background Thread 3 ] DEBUG Engine               - fullScreen: BooleanProperty [value: false]
20:21:27.450 [FXGL Background Thread 3 ] DEBUG Engine               - gameDifficulty: MEDIUM
20:21:27.450 [FXGL Background Thread 3 ] DEBUG Engine               - gameDifficultyProperty: ObjectProperty [value: MEDIUM]
20:21:27.450 [FXGL Background Thread 3 ] DEBUG Engine               - globalMusicVolume: 0.5
20:21:27.450 [FXGL Background Thread 3 ] DEBUG Engine               - globalMusicVolumeProperty: DoubleProperty [value: 0.25]
20:21:27.450 [FXGL Background Thread 3 ] DEBUG Engine               - globalSoundVolume: 0.5
20:21:27.450 [FXGL Background Thread 3 ] DEBUG Engine               - globalSoundVolumeProperty: DoubleProperty [value: 0.5]
20:21:27.450 [FXGL Background Thread 3 ] DEBUG Engine               - height: 720
20:21:27.450 [FXGL Background Thread 3 ] DEBUG Engine               - is3D: false
20:21:27.450 [FXGL Background Thread 3 ] DEBUG Engine               - isAndroid: false
20:21:27.451 [FXGL Background Thread 3 ] DEBUG Engine               - isBrowser: false
20:21:27.451 [FXGL Background Thread 3 ] DEBUG Engine               - isClickFeedbackEnabled: false
20:21:27.451 [FXGL Background Thread 3 ] DEBUG Engine               - isCloseConfirmation: false
20:21:27.451 [FXGL Background Thread 3 ] DEBUG Engine               - isDesktop: true
20:21:27.451 [FXGL Background Thread 3 ] DEBUG Engine               - isDeveloperMenuEnabled: false
20:21:27.451 [FXGL Background Thread 3 ] DEBUG Engine               - isEmbedded: false
20:21:27.451 [FXGL Background Thread 3 ] DEBUG Engine               - isEntityPreloadEnabled: true
20:21:27.451 [FXGL Background Thread 3 ] DEBUG Engine               - isExperimentalTiledLargeMap: false
20:21:27.451 [FXGL Background Thread 3 ] DEBUG Engine               - isFileSystemWriteAllowed: true
20:21:27.451 [FXGL Background Thread 3 ] DEBUG Engine               - isFullScreenAllowed: false
20:21:27.451 [FXGL Background Thread 3 ] DEBUG Engine               - isFullScreenFromStart: false
20:21:27.451 [FXGL Background Thread 3 ] DEBUG Engine               - isGameMenuEnabled: true
20:21:27.451 [FXGL Background Thread 3 ] DEBUG Engine               - isIOS: false
20:21:27.451 [FXGL Background Thread 3 ] DEBUG Engine               - isIntroEnabled: false
20:21:27.451 [FXGL Background Thread 3 ] DEBUG Engine               - isLinux: false
20:21:27.451 [FXGL Background Thread 3 ] DEBUG Engine               - isMac: false
20:21:27.451 [FXGL Background Thread 3 ] DEBUG Engine               - isMainMenuEnabled: true
20:21:27.451 [FXGL Background Thread 3 ] DEBUG Engine               - isManualResizeEnabled: false
20:21:27.451 [FXGL Background Thread 3 ] DEBUG Engine               - isMobile: false
20:21:27.451 [FXGL Background Thread 3 ] DEBUG Engine               - isNative: false
20:21:27.451 [FXGL Background Thread 3 ] DEBUG Engine               - isPauseMusicWhenMinimized: true
20:21:27.451 [FXGL Background Thread 3 ] DEBUG Engine               - isPreserveResizeRatio: false
20:21:27.451 [FXGL Background Thread 3 ] DEBUG Engine               - isProfilingEnabled: false
20:21:27.451 [FXGL Background Thread 3 ] DEBUG Engine               - isScaleAffectedOnResize: true
20:21:27.451 [FXGL Background Thread 3 ] DEBUG Engine               - isSingleStep: false
20:21:27.452 [FXGL Background Thread 3 ] DEBUG Engine               - isUserProfileEnabled: false
20:21:27.452 [FXGL Background Thread 3 ] DEBUG Engine               - isWindows: true
20:21:27.452 [FXGL Background Thread 3 ] DEBUG Engine               - language: ObjectProperty [value: ENGLISH]
20:21:27.452 [FXGL Background Thread 3 ] DEBUG Engine               - menuKey: ESCAPE
20:21:27.452 [FXGL Background Thread 3 ] DEBUG Engine               - mouseSensitivity: 0.2
20:21:27.452 [FXGL Background Thread 3 ] DEBUG Engine               - notificationViewClass: class com.almasb.fxgl.notification.view.XboxNotificationView
20:21:27.452 [FXGL Background Thread 3 ] DEBUG Engine               - pixelsPerMeter: 50.0
20:21:27.452 [FXGL Background Thread 3 ] DEBUG Engine               - platform: WINDOWS
20:21:27.452 [FXGL Background Thread 3 ] DEBUG Engine               - prefHeightProperty: ReadOnlyDoubleProperty [value: 720.0]
20:21:27.452 [FXGL Background Thread 3 ] DEBUG Engine               - prefWidthProperty: ReadOnlyDoubleProperty [value: 1280.0]
20:21:27.452 [FXGL Background Thread 3 ] DEBUG Engine               - profileDir: profiles/
20:21:27.452 [FXGL Background Thread 3 ] DEBUG Engine               - profileName: StringProperty [value: DEFAULT]
20:21:27.452 [FXGL Background Thread 3 ] DEBUG Engine               - randomSeed: -1
20:21:27.453 [FXGL Background Thread 3 ] DEBUG Engine               - runtimeInfo: RuntimeInfo(platform=WINDOWS, version=17.2, build=20.08.2022 16.50)
20:21:27.453 [FXGL Background Thread 3 ] DEBUG Engine               - saveFileExt: sav
20:21:27.453 [FXGL Background Thread 3 ] DEBUG Engine               - scaledHeightProp$fxgl: DoubleProperty [bound, value: 720.0]
20:21:27.453 [FXGL Background Thread 3 ] DEBUG Engine               - scaledWidthProp$fxgl: DoubleProperty [bound, value: 1280.0]
20:21:27.453 [FXGL Background Thread 3 ] DEBUG Engine               - sceneFactory: com.lgiacchetta.dungeon.DungeonApp$1@179f2b6f
20:21:27.453 [FXGL Background Thread 3 ] DEBUG Engine               - secondsIn24h: 60
20:21:27.453 [FXGL Background Thread 3 ] DEBUG Engine               - soundMenuBack: menu/back.wav
20:21:27.454 [FXGL Background Thread 3 ] DEBUG Engine               - soundMenuPress: menu/press.wav
20:21:27.454 [FXGL Background Thread 3 ] DEBUG Engine               - soundMenuSelect: menu/select.wav
20:21:27.454 [FXGL Background Thread 3 ] DEBUG Engine               - soundNotification: core/notification.wav
20:21:27.454 [FXGL Background Thread 3 ] DEBUG Engine               - stageStyle: DECORATED
20:21:27.454 [FXGL Background Thread 3 ] DEBUG Engine               - supportedLanguages: [ENGLISH, FRENCH, GERMAN, HUNGARIAN, RUSSIAN]
20:21:27.454 [FXGL Background Thread 3 ] DEBUG Engine               - ticksPerSecond: -1
20:21:27.454 [FXGL Background Thread 3 ] DEBUG Engine               - title: Untitled
20:21:27.454 [FXGL Background Thread 3 ] DEBUG Engine               - urlGithub: https://github.com/AlmasB/FXGL
20:21:27.454 [FXGL Background Thread 3 ] DEBUG Engine               - urlLeaderboard: http://fxgl-top.herokuapp.com/
20:21:27.454 [FXGL Background Thread 3 ] DEBUG Engine               - urlPOM: https://raw.githubusercontent.com/AlmasB/FXGL/release/README.md
20:21:27.454 [FXGL Background Thread 3 ] DEBUG Engine               - userAppClass: class com.lgiacchetta.dungeon.DungeonApp
20:21:27.454 [FXGL Background Thread 3 ] DEBUG Engine               - version: 0.0
20:21:27.454 [FXGL Background Thread 3 ] DEBUG Engine               - versionCheckDays: 7
20:21:27.454 [FXGL Background Thread 3 ] DEBUG Engine               - width: 1280
20:21:27.454 [FXGL Background Thread 3 ] DEBUG Engine               - Logging services
20:21:27.454 [FXGL Background Thread 3 ] DEBUG Engine               - class com.almasb.fxgl.app.services.FXGLAssetLoaderService
20:21:27.454 [FXGL Background Thread 3 ] DEBUG Engine               - class com.almasb.fxgl.app.FXGLApplication$GameApplicationService
20:21:27.454 [FXGL Background Thread 3 ] DEBUG Engine               - class com.almasb.fxgl.app.services.FXGLDialogService
20:21:27.455 [FXGL Background Thread 3 ] DEBUG Engine               - class com.almasb.fxgl.app.services.IOTaskExecutorService
20:21:27.455 [FXGL Background Thread 3 ] DEBUG Engine               - class com.almasb.fxgl.io.FileSystemService
20:21:27.455 [FXGL Background Thread 3 ] DEBUG Engine               - class com.almasb.fxgl.localization.LocalizationService
20:21:27.455 [FXGL Background Thread 3 ] DEBUG Engine               - class com.almasb.fxgl.app.services.SystemBundleService
20:21:27.455 [FXGL Background Thread 3 ] DEBUG Engine               - class com.almasb.fxgl.profile.SaveLoadService
20:21:27.455 [FXGL Background Thread 3 ] DEBUG Engine               - class com.almasb.fxgl.ui.FXGLUIFactoryServiceProvider
20:21:27.455 [FXGL Background Thread 3 ] DEBUG Engine               - class com.almasb.fxgl.ui.FXGLDialogFactoryServiceProvider
20:21:27.455 [FXGL Background Thread 3 ] DEBUG Engine               - class com.almasb.fxgl.audio.AudioPlayer
20:21:27.455 [FXGL Background Thread 3 ] DEBUG Engine               - class com.almasb.fxgl.notification.impl.NotificationServiceProvider
20:21:27.455 [FXGL Background Thread 3 ] DEBUG Engine               - class com.almasb.fxgl.achievement.AchievementService
20:21:27.455 [FXGL Background Thread 3 ] DEBUG Engine               - class com.almasb.fxgl.cutscene.CutsceneService
20:21:27.455 [FXGL Background Thread 3 ] DEBUG Engine               - class com.almasb.fxgl.minigames.MiniGameService
20:21:27.455 [FXGL Background Thread 3 ] DEBUG Engine               - class com.almasb.fxgl.net.NetService
20:21:27.455 [FXGL Background Thread 3 ] DEBUG Engine               - class com.almasb.fxgl.app.services.UpdaterService
20:21:27.455 [FXGL Background Thread 3 ] DEBUG Engine               - class com.almasb.fxgl.dev.DevService
20:22:22.493 [JavaFX Application Thread] DEBUG FXGLApplication      - Exiting FXGL
20:22:22.493 [JavaFX Application Thread] DEBUG LoopRunner           - Stopping loop
20:22:22.493 [JavaFX Application Thread] DEBUG SystemBundleService  - Saving FXGL system data
20:22:22.496 [JavaFX Application Thread] DEBUG FileSystemAccess     - Writing to: C:\Users\lucag\IdeaProjects\Dungeon\system\fxgl.bundle
20:22:22.499 [JavaFX Application Thread] DEBUG Async                - Shutting down background threads
20:22:22.499 [JavaFX Application Thread] DEBUG PrimaryStageWindow   - Closing main window
20:22:22.520 [JavaFX Application Thread] DEBUG Logger               - Closing Logger
