13:04:27.669 [main                     ] DEBUG Logger               - Configured Logger
13:04:27.694 [main                     ] DEBUG GameApplication      - Logging settings
Title: Untitled
Version: 0.0
Width: 1280
Height: 720
Fullscreen: false
Intro: false
Profiling: false
Single step:false
App Mode: DEVELOPER
Menu Key: ESCAPE
Stage Style: DECORATED
Scene Factory: class com.lgiacchetta.dungeon.DungeonApp$1

13:04:27.958 [JavaFX Application Thread] DEBUG FXGLApplication      - Initializing FXGL
13:04:27.964 [JavaFX Application Thread] INFO  Engine               - FXGL-17.2 (20.08.2022 16.50) on WINDOWS (J:17.0.6 FX:17.0.2-ea)
13:04:27.965 [JavaFX Application Thread] DEBUG Engine               - JRE Vendor Name: Oracle Corporation
13:04:27.965 [JavaFX Application Thread] DEBUG Engine               - Running on OS: Windows 11 version 10.0
13:04:27.965 [JavaFX Application Thread] DEBUG Engine               - Architecture: amd64
13:04:27.965 [JavaFX Application Thread] INFO  Engine               - Source code and latest versions at: https://github.com/AlmasB/FXGL
13:04:27.965 [JavaFX Application Thread] INFO  Engine               -       Ask questions and discuss at: https://github.com/AlmasB/FXGL/discussions
13:04:27.966 [JavaFX Application Thread] INFO  Engine               -              Join the FXGL chat at: https://gitter.im/AlmasB/FXGL
13:04:28.028 [JavaFX Application Thread] DEBUG PrimaryStageWindow   - Creating a JavaFX scene
13:04:28.059 [JavaFX Application Thread] DEBUG PrimaryStageWindow   - Target settings size: 1280.0 x 720.0
13:04:28.059 [JavaFX Application Thread] DEBUG PrimaryStageWindow   - Scaled scene size:    1280.0 x 720.0
13:04:28.059 [JavaFX Application Thread] DEBUG PrimaryStageWindow   - Scaled ratio: (1.0, 1.0)
13:04:28.060 [JavaFX Application Thread] DEBUG PrimaryStageWindow   - Set initial scene to FXGLStartupScene
13:04:28.065 [JavaFX Application Thread] DEBUG PrimaryStageWindow   - Opening main window
13:04:28.136 [JavaFX Application Thread] DEBUG PrimaryStageWindow   - Window border size: (14.6666259765625, 37.33331298828125)
13:04:28.136 [JavaFX Application Thread] DEBUG PrimaryStageWindow   - Scaled size: 1280.0 x 720.0
13:04:28.137 [JavaFX Application Thread] DEBUG PrimaryStageWindow   - Scaled ratio: (1.0, 1.0)
13:04:28.137 [JavaFX Application Thread] DEBUG PrimaryStageWindow   - Scene size: 1280.0 x 720.0
13:04:28.137 [JavaFX Application Thread] DEBUG PrimaryStageWindow   - Stage size: 1294.6666259765625 x 757.3333129882812
13:04:28.144 [FXGL Background Thread 1 ] DEBUG Engine               - Initializing environment variables
13:04:28.181 [FXGL Background Thread 1 ] DEBUG FXGLAssetLoaderServi - User app class for loading assets: class com.lgiacchetta.dungeon.DungeonApp
13:04:28.181 [FXGL Background Thread 1 ] DEBUG GameApplicationServi - Applying CSS: fxgl_dark.css
13:04:28.182 [FXGL Background Thread 1 ] DEBUG FXGLAssetLoaderServi - Loading from file system: jar:file:///C:/Users/lucag/.gradle/caches/modules-2/files-2.1/com.github.almasb/fxgl/17.2/35db6ae960eec2dcfd19262d3b7f9c42f0e95bc3/fxgl-17.2.jar!/fxglassets/ui/css/fxgl_dark.css
13:04:28.237 [FXGL Background Thread 1 ] DEBUG GameApplicationServi - Initializing application scenes
13:04:28.239 [FXGL Background Thread 1 ] DEBUG FXGLAssetLoaderServi - Loading from file system: jar:file:///C:/Users/lucag/IdeaProjects/Dungeon/build/libs/Dungeon-1.0-SNAPSHOT.jar!/assets/textures/loading.jpg
13:04:28.283 [FXGL Background Thread 1 ] DEBUG FXGLAssetLoaderServi - Loading from file system: jar:file:///C:/Users/lucag/IdeaProjects/Dungeon/build/libs/Dungeon-1.0-SNAPSHOT.jar!/assets/ui/fonts/a-charming-font.ttf
13:04:28.349 [FXGL Background Thread 1 ] DEBUG FXGLAssetLoaderServi - Loading from file system: jar:file:///C:/Users/lucag/IdeaProjects/Dungeon/build/libs/Dungeon-1.0-SNAPSHOT.jar!/assets/textures/orc/boss/ogre_run_anim_f0.png
13:04:28.352 [FXGL Background Thread 1 ] DEBUG FXGLAssetLoaderServi - Loading from file system: jar:file:///C:/Users/lucag/IdeaProjects/Dungeon/build/libs/Dungeon-1.0-SNAPSHOT.jar!/assets/textures/orc/boss/ogre_run_anim_f1.png
13:04:28.353 [FXGL Background Thread 1 ] DEBUG FXGLAssetLoaderServi - Loading from file system: jar:file:///C:/Users/lucag/IdeaProjects/Dungeon/build/libs/Dungeon-1.0-SNAPSHOT.jar!/assets/textures/orc/boss/ogre_run_anim_f2.png
13:04:28.353 [FXGL Background Thread 1 ] DEBUG FXGLAssetLoaderServi - Loading from file system: jar:file:///C:/Users/lucag/IdeaProjects/Dungeon/build/libs/Dungeon-1.0-SNAPSHOT.jar!/assets/textures/orc/boss/ogre_run_anim_f3.png
13:04:28.371 [FXGL Background Thread 1 ] DEBUG FXGLAssetLoaderServi - Loading from file system: jar:file:///C:/Users/lucag/IdeaProjects/Dungeon/build/libs/Dungeon-1.0-SNAPSHOT.jar!/assets/textures/demon/boss/big_demon_run_anim_f0.png
13:04:28.372 [FXGL Background Thread 1 ] DEBUG FXGLAssetLoaderServi - Loading from file system: jar:file:///C:/Users/lucag/IdeaProjects/Dungeon/build/libs/Dungeon-1.0-SNAPSHOT.jar!/assets/textures/demon/boss/big_demon_run_anim_f1.png
13:04:28.373 [FXGL Background Thread 1 ] DEBUG FXGLAssetLoaderServi - Loading from file system: jar:file:///C:/Users/lucag/IdeaProjects/Dungeon/build/libs/Dungeon-1.0-SNAPSHOT.jar!/assets/textures/demon/boss/big_demon_run_anim_f2.png
13:04:28.373 [FXGL Background Thread 1 ] DEBUG FXGLAssetLoaderServi - Loading from file system: jar:file:///C:/Users/lucag/IdeaProjects/Dungeon/build/libs/Dungeon-1.0-SNAPSHOT.jar!/assets/textures/demon/boss/big_demon_run_anim_f3.png
13:04:28.374 [FXGL Background Thread 1 ] DEBUG FXGLAssetLoaderServi - Loading from file system: jar:file:///C:/Users/lucag/IdeaProjects/Dungeon/build/libs/Dungeon-1.0-SNAPSHOT.jar!/assets/textures/undead/boss/big_zombie_run_anim_f0.png
13:04:28.375 [FXGL Background Thread 1 ] DEBUG FXGLAssetLoaderServi - Loading from file system: jar:file:///C:/Users/lucag/IdeaProjects/Dungeon/build/libs/Dungeon-1.0-SNAPSHOT.jar!/assets/textures/undead/boss/big_zombie_run_anim_f1.png
13:04:28.377 [FXGL Background Thread 1 ] DEBUG FXGLAssetLoaderServi - Loading from file system: jar:file:///C:/Users/lucag/IdeaProjects/Dungeon/build/libs/Dungeon-1.0-SNAPSHOT.jar!/assets/textures/undead/boss/big_zombie_run_anim_f2.png
13:04:28.377 [FXGL Background Thread 1 ] DEBUG FXGLAssetLoaderServi - Loading from file system: jar:file:///C:/Users/lucag/IdeaProjects/Dungeon/build/libs/Dungeon-1.0-SNAPSHOT.jar!/assets/textures/undead/boss/big_zombie_run_anim_f3.png
13:04:28.378 [FXGL Background Thread 1 ] WARN  FXGLAssetLoaderServi - Asset "/assets/textures/knight/knight_m_run_anim_f0.png" was not found!
13:04:28.378 [FXGL Background Thread 1 ] WARN  FXGLAssetLoaderServi - Failed to load IMAGE
13:04:28.388 [FXGL Background Thread 1 ] WARN  FXGLAssetLoaderServi - Asset "/assets/textures/knight/knight_m_run_anim_f1.png" was not found!
13:04:28.388 [FXGL Background Thread 1 ] WARN  FXGLAssetLoaderServi - Failed to load IMAGE
13:04:28.388 [FXGL Background Thread 1 ] WARN  FXGLAssetLoaderServi - Asset "/assets/textures/knight/knight_m_run_anim_f2.png" was not found!
13:04:28.388 [FXGL Background Thread 1 ] WARN  FXGLAssetLoaderServi - Failed to load IMAGE
13:04:28.388 [FXGL Background Thread 1 ] WARN  FXGLAssetLoaderServi - Asset "/assets/textures/knight/knight_m_run_anim_f3.png" was not found!
13:04:28.388 [FXGL Background Thread 1 ] WARN  FXGLAssetLoaderServi - Failed to load IMAGE
13:04:28.393 [FXGL Background Thread 1 ] DEBUG GameWorld            - Game world initialized
13:04:28.440 [FXGL Background Thread 1 ] DEBUG PhysicsWorld         - Physics world initialized: appHeight=720, physics.ppm=50,0
13:04:28.440 [FXGL Background Thread 1 ] DEBUG PhysicsWorld         - Using strategy: BRUTE_FORCE
13:04:28.445 [FXGL Background Thread 1 ] DEBUG GameScene            - Game scene initialized: 1280x720
13:04:28.458 [FXGL Background Thread 1 ] DEBUG FXGL.DefaultMenu     - createMenuBodyGameMenu()
13:04:28.475 [FXGL Background Thread 1 ] DEBUG FXGL.DefaultMenu     - createOptionsMenu()
13:04:28.488 [FXGL Background Thread 1 ] DEBUG FXGLAssetLoaderServi - Loading from file system: jar:file:///C:/Users/lucag/.gradle/caches/modules-2/files-2.1/com.github.almasb/fxgl/17.2/35db6ae960eec2dcfd19262d3b7f9c42f0e95bc3/fxgl-17.2.jar!/fxglassets/textures/particles/smoke.png
13:04:28.561 [FXGL Background Thread 1 ] DEBUG FXGLAssetLoaderServi - Loading from file system: jar:file:///C:/Users/lucag/.gradle/caches/modules-2/files-2.1/com.github.almasb/fxgl/17.2/35db6ae960eec2dcfd19262d3b7f9c42f0e95bc3/fxgl-17.2.jar!/fxglassets/textures/particles/trace_horizontal.png
13:04:28.616 [FXGL Background Thread 1 ] DEBUG GameApplicationServi - Application scenes initialized
13:04:28.624 [FXGL Background Thread 1 ] DEBUG SystemBundleService  - Loading FXGL system data
13:04:28.629 [FXGL Background Thread 1 ] DEBUG FileSystemAccess     - Reading from: C:\Users\lucag\IdeaProjects\Dungeon\system\fxgl.bundle
13:04:28.635 [FXGL Background Thread 1 ] DEBUG SystemBundleService  - Bundle FXGL: {}
13:04:28.635 [FXGL Background Thread 1 ] DEBUG UpdaterService       - Checking for updates
13:04:28.638 [FXGL Background Thread 4 ] DEBUG FXGLApplication      - Loading fonts
13:04:28.638 [FXGL Background Thread 4 ] DEBUG FXGLAssetLoaderServi - Loading from file system: jar:file:///C:/Users/lucag/.gradle/caches/modules-2/files-2.1/com.github.almasb/fxgl/17.2/35db6ae960eec2dcfd19262d3b7f9c42f0e95bc3/fxgl-17.2.jar!/fxglassets/ui/fonts/VarelaRound-Regular.ttf
13:04:28.639 [FXGL Background Thread 1 ] DEBUG FXGLApplication      - Loading default localization
13:04:28.639 [FXGL Background Thread 1 ] DEBUG FXGLAssetLoaderServi - Loading from file system: jar:file:///C:/Users/lucag/.gradle/caches/modules-2/files-2.1/com.github.almasb/fxgl/17.2/35db6ae960eec2dcfd19262d3b7f9c42f0e95bc3/fxgl-17.2.jar!/fxglassets/languages/english.lang
13:04:28.642 [FXGL Background Thread 4 ] DEBUG FXGLAssetLoaderServi - Loading from file system: jar:file:///C:/Users/lucag/.gradle/caches/modules-2/files-2.1/com.github.almasb/fxgl/17.2/35db6ae960eec2dcfd19262d3b7f9c42f0e95bc3/fxgl-17.2.jar!/fxglassets/ui/fonts/Abel-Regular.ttf
13:04:28.646 [FXGL Background Thread 4 ] DEBUG FXGLAssetLoaderServi - Loading from file system: jar:file:///C:/Users/lucag/.gradle/caches/modules-2/files-2.1/com.github.almasb/fxgl/17.2/35db6ae960eec2dcfd19262d3b7f9c42f0e95bc3/fxgl-17.2.jar!/fxglassets/ui/fonts/TerminalLandMono-Regular.otf
13:04:28.651 [FXGL Background Thread 4 ] DEBUG FXGLAssetLoaderServi - Loading from file system: jar:file:///C:/Users/lucag/.gradle/caches/modules-2/files-2.1/com.github.almasb/fxgl/17.2/35db6ae960eec2dcfd19262d3b7f9c42f0e95bc3/fxgl-17.2.jar!/fxglassets/ui/fonts/Courier-Prime.ttf
13:04:28.659 [FXGL Background Thread 1 ] INFO  FXGLApplication      - FXGL initialization took: 0,515 sec
13:04:28.670 [JavaFX Application Thread] DEBUG Input                - Registered new binding: Up1 - W
13:04:28.670 [JavaFX Application Thread] DEBUG Input                - Registered new binding: Left1 - A
13:04:28.670 [JavaFX Application Thread] DEBUG Input                - Registered new binding: Down1 - S
13:04:28.670 [JavaFX Application Thread] DEBUG Input                - Registered new binding: Right1 - D
13:04:28.670 [JavaFX Application Thread] DEBUG Input                - Registered new binding: Up2 - Up
13:04:28.670 [JavaFX Application Thread] DEBUG Input                - Registered new binding: Left2 - Left
13:04:28.670 [JavaFX Application Thread] DEBUG Input                - Registered new binding: Down2 - Down
13:04:28.670 [JavaFX Application Thread] DEBUG Input                - Registered new binding: Right2 - Right
13:04:28.670 [JavaFX Application Thread] DEBUG FXGLAssetLoaderServi - Loading from file system: jar:file:///C:/Users/lucag/.gradle/caches/modules-2/files-2.1/com.github.almasb/fxgl/17.2/35db6ae960eec2dcfd19262d3b7f9c42f0e95bc3/fxgl-17.2.jar!/fxglassets/textures/fxgl_icon.png
13:04:28.683 [JavaFX Application Thread] DEBUG FXGLAssetLoaderServi - Loading from file system: jar:file:///C:/Users/lucag/.gradle/caches/modules-2/files-2.1/com.github.almasb/fxgl/17.2/35db6ae960eec2dcfd19262d3b7f9c42f0e95bc3/fxgl-17.2.jar!/fxglassets/textures/fxgl_default_cursor.png
13:04:28.686 [JavaFX Application Thread] DEBUG Input                - Registered new binding: Screenshot - CTRL+8
13:04:28.687 [JavaFX Application Thread] DEBUG Input                - Registered new binding: System info dump - CTRL+9
13:04:28.687 [JavaFX Application Thread] DEBUG Input                - Registered new binding: Restart - CTRL+R
13:04:28.688 [JavaFX Application Thread] DEBUG Input                - Registered new binding: Toggle Debug Camera - CTRL+7
13:04:28.690 [JavaFX Application Thread] DEBUG LoopRunner           - Starting loop
13:04:28.691 [JavaFX Application Thread] DEBUG LoopRunner           - Initializing JavaFX AnimationTimerLoop
13:04:28.691 [JavaFX Application Thread] DEBUG GameApplicationServi - Starting new game
13:04:28.692 [JavaFX Application Thread] DEBUG Input                - Clearing active input actions
13:04:28.702 [JavaFX Application Thread] DEBUG GameApplicationServi - Removing overlay from FXGLStartupScene and adding to MainLoadingScene
13:04:28.702 [JavaFX Application Thread] DEBUG PrimaryStageWindow   - FXGLStartupScene -> MainLoadingScene
13:04:28.702 [JavaFX Application Thread] DEBUG GameApplicationServi - Clearing previous game
13:04:28.702 [JavaFX Application Thread] DEBUG GameScene            - Clearing game scene
13:04:28.702 [JavaFX Application Thread] DEBUG GameWorld            - Clearing game world
13:04:28.703 [JavaFX Application Thread] DEBUG PhysicsWorld         - Clearing physics world
13:04:28.704 [FXGL Background Thread 1 ] DEBUG FXGLApplication      - Initializing game
13:04:28.704 [JavaFX Application Thread] DEBUG FXGLApplication      - Registering font factories with UI factory
13:04:28.714 [FXGL Background Thread 1 ] DEBUG Input                - Registered new binding: Restart - Enter
13:04:28.757 [FXGL Background Thread 1 ] WARN  TMXLevelLoader       - TiledMap generated from 1.10.1. Supported version: 1.9.0. Some features may not be parsed fully.
13:04:28.777 [FXGL Background Thread 1 ] DEBUG TMXLevelLoader       - Parsed TiledMap: jar:file:///C:/Users/lucag/IdeaProjects/Dungeon/build/libs/Dungeon-1.0-SNAPSHOT.jar!/assets/levels/tmx/test-map-no-anim.tmx
13:04:28.780 [FXGL Background Thread 1 ] DEBUG TMXLevelLoader       - Creating tile layer entities
13:04:28.783 [FXGL Background Thread 1 ] DEBUG TilesetLoader        - Loading view for layer floor
13:04:28.784 [FXGL Background Thread 1 ] DEBUG TilesetLoader        - Created buffer with size 480.0x480.0
13:04:28.898 [FXGL Background Thread 1 ] DEBUG TilesetLoader        - Loading view for layer walls
13:04:28.898 [FXGL Background Thread 1 ] DEBUG TilesetLoader        - Created buffer with size 480.0x480.0
13:04:28.900 [FXGL Background Thread 1 ] DEBUG TilesetLoader        - Loading view for layer side-walls
13:04:28.900 [FXGL Background Thread 1 ] DEBUG TilesetLoader        - Created buffer with size 480.0x480.0
13:04:28.901 [FXGL Background Thread 1 ] DEBUG TMXLevelLoader       - Creating object layer entities
13:04:28.924 [FXGL Background Thread 1 ] DEBUG FXGLAssetLoaderServi - Loading from file system: jar:file:///C:/Users/lucag/IdeaProjects/Dungeon/build/libs/Dungeon-1.0-SNAPSHOT.jar!/assets/textures/spike/floor_spikes_anim_f0.png
13:04:28.925 [FXGL Background Thread 1 ] DEBUG FXGLAssetLoaderServi - Loading from file system: jar:file:///C:/Users/lucag/IdeaProjects/Dungeon/build/libs/Dungeon-1.0-SNAPSHOT.jar!/assets/textures/spike/floor_spikes_anim_f1.png
13:04:28.926 [FXGL Background Thread 1 ] DEBUG FXGLAssetLoaderServi - Loading from file system: jar:file:///C:/Users/lucag/IdeaProjects/Dungeon/build/libs/Dungeon-1.0-SNAPSHOT.jar!/assets/textures/spike/floor_spikes_anim_f2.png
13:04:28.926 [FXGL Background Thread 1 ] DEBUG FXGLAssetLoaderServi - Loading from file system: jar:file:///C:/Users/lucag/IdeaProjects/Dungeon/build/libs/Dungeon-1.0-SNAPSHOT.jar!/assets/textures/spike/floor_spikes_anim_f3.png
13:04:28.929 [FXGL Background Thread 1 ] DEBUG FXGLAssetLoaderServi - Loading from file system: jar:file:///C:/Users/lucag/IdeaProjects/Dungeon/build/libs/Dungeon-1.0-SNAPSHOT.jar!/assets/textures/spike/floor_spikes_anim_f4.png
13:04:28.930 [FXGL Background Thread 1 ] DEBUG FXGLAssetLoaderServi - Loading from file system: jar:file:///C:/Users/lucag/IdeaProjects/Dungeon/build/libs/Dungeon-1.0-SNAPSHOT.jar!/assets/textures/spike/floor_spikes_anim_f5.png
13:04:28.931 [FXGL Background Thread 1 ] DEBUG FXGLAssetLoaderServi - Loading from file system: jar:file:///C:/Users/lucag/IdeaProjects/Dungeon/build/libs/Dungeon-1.0-SNAPSHOT.jar!/assets/textures/spike/floor_spikes_anim_f6.png
13:04:28.933 [FXGL Background Thread 1 ] DEBUG FXGLAssetLoaderServi - Loading from file system: jar:file:///C:/Users/lucag/IdeaProjects/Dungeon/build/libs/Dungeon-1.0-SNAPSHOT.jar!/assets/textures/spike/floor_spikes_anim_f7.png
13:04:28.934 [FXGL Background Thread 1 ] DEBUG FXGLAssetLoaderServi - Loading from file system: jar:file:///C:/Users/lucag/IdeaProjects/Dungeon/build/libs/Dungeon-1.0-SNAPSHOT.jar!/assets/textures/spike/floor_spikes_danger_anim_f0.png
13:04:28.943 [FXGL Background Thread 1 ] DEBUG FXGLAssetLoaderServi - Loading from file system: jar:file:///C:/Users/lucag/IdeaProjects/Dungeon/build/libs/Dungeon-1.0-SNAPSHOT.jar!/assets/textures/ladder/floor_ladder.png
13:04:28.950 [FXGL Background Thread 1 ] DEBUG FXGLAssetLoaderServi - Loading from file system: jar:file:///C:/Users/lucag/IdeaProjects/Dungeon/build/libs/Dungeon-1.0-SNAPSHOT.jar!/assets/textures/plate/button_red_up.png
13:04:28.951 [FXGL Background Thread 1 ] DEBUG FXGLAssetLoaderServi - Loading from file system: jar:file:///C:/Users/lucag/IdeaProjects/Dungeon/build/libs/Dungeon-1.0-SNAPSHOT.jar!/assets/textures/plate/button_red_down.png
13:04:28.953 [FXGL Background Thread 1 ] DEBUG FXGLAssetLoaderServi - Loading from file system: jar:file:///C:/Users/lucag/IdeaProjects/Dungeon/build/libs/Dungeon-1.0-SNAPSHOT.jar!/assets/textures/plate/button_blue_up.png
13:04:28.954 [FXGL Background Thread 1 ] DEBUG FXGLAssetLoaderServi - Loading from file system: jar:file:///C:/Users/lucag/IdeaProjects/Dungeon/build/libs/Dungeon-1.0-SNAPSHOT.jar!/assets/textures/plate/button_blue_down.png
13:04:28.961 [FXGL Background Thread 1 ] DEBUG FXGLAssetLoaderServi - Loading from file system: jar:file:///C:/Users/lucag/IdeaProjects/Dungeon/build/libs/Dungeon-1.0-SNAPSHOT.jar!/assets/textures/door/doors_leaf_closed.png
13:04:28.963 [FXGL Background Thread 1 ] DEBUG FXGLAssetLoaderServi - Loading from file system: jar:file:///C:/Users/lucag/IdeaProjects/Dungeon/build/libs/Dungeon-1.0-SNAPSHOT.jar!/assets/textures/door/doors_leaf_open.png
13:04:28.967 [FXGL Background Thread 1 ] DEBUG FXGLAssetLoaderServi - Loading from file system: jar:file:///C:/Users/lucag/IdeaProjects/Dungeon/build/libs/Dungeon-1.0-SNAPSHOT.jar!/assets/textures/hero/knight_m_idle_anim_f0.png
13:04:28.968 [FXGL Background Thread 1 ] DEBUG FXGLAssetLoaderServi - Loading from file system: jar:file:///C:/Users/lucag/IdeaProjects/Dungeon/build/libs/Dungeon-1.0-SNAPSHOT.jar!/assets/textures/hero/knight_m_idle_anim_f1.png
13:04:28.969 [FXGL Background Thread 1 ] DEBUG FXGLAssetLoaderServi - Loading from file system: jar:file:///C:/Users/lucag/IdeaProjects/Dungeon/build/libs/Dungeon-1.0-SNAPSHOT.jar!/assets/textures/hero/knight_m_idle_anim_f2.png
13:04:28.969 [FXGL Background Thread 1 ] DEBUG FXGLAssetLoaderServi - Loading from file system: jar:file:///C:/Users/lucag/IdeaProjects/Dungeon/build/libs/Dungeon-1.0-SNAPSHOT.jar!/assets/textures/hero/knight_m_idle_anim_f3.png
13:04:28.970 [FXGL Background Thread 1 ] DEBUG FXGLAssetLoaderServi - Loading from file system: jar:file:///C:/Users/lucag/IdeaProjects/Dungeon/build/libs/Dungeon-1.0-SNAPSHOT.jar!/assets/textures/hero/knight_m_run_anim_f0.png
13:04:28.970 [FXGL Background Thread 1 ] DEBUG FXGLAssetLoaderServi - Loading from file system: jar:file:///C:/Users/lucag/IdeaProjects/Dungeon/build/libs/Dungeon-1.0-SNAPSHOT.jar!/assets/textures/hero/knight_m_run_anim_f1.png
13:04:28.971 [FXGL Background Thread 1 ] DEBUG FXGLAssetLoaderServi - Loading from file system: jar:file:///C:/Users/lucag/IdeaProjects/Dungeon/build/libs/Dungeon-1.0-SNAPSHOT.jar!/assets/textures/hero/knight_m_run_anim_f2.png
13:04:28.972 [FXGL Background Thread 1 ] DEBUG FXGLAssetLoaderServi - Loading from file system: jar:file:///C:/Users/lucag/IdeaProjects/Dungeon/build/libs/Dungeon-1.0-SNAPSHOT.jar!/assets/textures/hero/knight_m_run_anim_f3.png
13:04:28.974 [FXGL Background Thread 1 ] DEBUG FXGLAssetLoaderServi - Loading from file system: jar:file:///C:/Users/lucag/IdeaProjects/Dungeon/build/libs/Dungeon-1.0-SNAPSHOT.jar!/assets/textures/hero/knight_f_idle_anim_f0.png
13:04:28.974 [FXGL Background Thread 1 ] DEBUG FXGLAssetLoaderServi - Loading from file system: jar:file:///C:/Users/lucag/IdeaProjects/Dungeon/build/libs/Dungeon-1.0-SNAPSHOT.jar!/assets/textures/hero/knight_f_idle_anim_f1.png
13:04:28.975 [FXGL Background Thread 1 ] DEBUG FXGLAssetLoaderServi - Loading from file system: jar:file:///C:/Users/lucag/IdeaProjects/Dungeon/build/libs/Dungeon-1.0-SNAPSHOT.jar!/assets/textures/hero/knight_f_idle_anim_f2.png
13:04:28.975 [FXGL Background Thread 1 ] DEBUG FXGLAssetLoaderServi - Loading from file system: jar:file:///C:/Users/lucag/IdeaProjects/Dungeon/build/libs/Dungeon-1.0-SNAPSHOT.jar!/assets/textures/hero/knight_f_idle_anim_f3.png
13:04:28.976 [FXGL Background Thread 1 ] DEBUG FXGLAssetLoaderServi - Loading from file system: jar:file:///C:/Users/lucag/IdeaProjects/Dungeon/build/libs/Dungeon-1.0-SNAPSHOT.jar!/assets/textures/hero/knight_f_run_anim_f0.png
13:04:28.976 [FXGL Background Thread 1 ] DEBUG FXGLAssetLoaderServi - Loading from file system: jar:file:///C:/Users/lucag/IdeaProjects/Dungeon/build/libs/Dungeon-1.0-SNAPSHOT.jar!/assets/textures/hero/knight_f_run_anim_f1.png
13:04:28.977 [FXGL Background Thread 1 ] DEBUG FXGLAssetLoaderServi - Loading from file system: jar:file:///C:/Users/lucag/IdeaProjects/Dungeon/build/libs/Dungeon-1.0-SNAPSHOT.jar!/assets/textures/hero/knight_f_run_anim_f2.png
13:04:28.977 [FXGL Background Thread 1 ] DEBUG FXGLAssetLoaderServi - Loading from file system: jar:file:///C:/Users/lucag/IdeaProjects/Dungeon/build/libs/Dungeon-1.0-SNAPSHOT.jar!/assets/textures/hero/knight_f_run_anim_f3.png
13:04:28.980 [FXGL Background Thread 1 ] DEBUG GameWorld            - Clearing removable entities
13:04:28.981 [FXGL Background Thread 1 ] DEBUG GameWorld            - Setting level: com.almasb.fxgl.entity.level.Level@4c70b44f
13:04:28.999 [JavaFX Application Thread] DEBUG LoopRunner           - Stopping loop
13:04:29.001 [JavaFX Application Thread] FATAL FXGLApplication      - Uncaught Exception:
java.lang.RuntimeException: Initialization failed
	at com.almasb.fxgl.all@17.2/com.almasb.fxgl.app.FXGLApplication$InitAppTask.failed(FXGLApplication.kt:343)
	at javafx.graphics/javafx.concurrent.Task.setState(Task.java:710)
	at javafx.graphics/javafx.concurrent.Task$TaskCallable.lambda$call$2(Task.java:1456)
	at javafx.graphics/com.sun.javafx.application.PlatformImpl.lambda$runLater$10(PlatformImpl.java:457)
	at java.base/java.security.AccessController.doPrivileged(AccessController.java:399)
	at javafx.graphics/com.sun.javafx.application.PlatformImpl.lambda$runLater$11(PlatformImpl.java:456)
	at javafx.graphics/com.sun.glass.ui.InvokeLaterDispatcher$Future.run(InvokeLaterDispatcher.java:96)
	at javafx.graphics/com.sun.glass.ui.win.WinApplication._runLoop(Native Method)
	at javafx.graphics/com.sun.glass.ui.win.WinApplication.lambda$runLoop$3(WinApplication.java:184)
	at java.base/java.lang.Thread.run(Thread.java:833)
Caused by: java.lang.IllegalArgumentException: Property idlePlayer10.png does not exist
	at com.almasb.fxgl.core@17.2/com.almasb.fxgl.core.collection.PropertyMap.get(PropertyMap.kt:251)
	at com.almasb.fxgl.core@17.2/com.almasb.fxgl.core.collection.PropertyMap.stringProperty(PropertyMap.kt:166)
	at com.almasb.fxgl.core@17.2/com.almasb.fxgl.core.collection.PropertyMap.getString(PropertyMap.kt:156)
	at com.almasb.fxgl.all@17.2/com.almasb.fxgl.dsl.FXGL$Companion.gets(FXGL.kt:312)
	at com.almasb.fxgl.all@17.2/com.almasb.fxgl.dsl.FXGL.gets(FXGL.kt)
	at com.lgiacchetta.dungeon@1.0-SNAPSHOT/com.lgiacchetta.dungeon.DungeonApp.lambda$updateHealth$0(DungeonApp.java:209)
	at java.base/java.util.Spliterators$ArraySpliterator.forEachRemaining(Spliterators.java:992)
	at java.base/java.util.stream.ReferencePipeline$Head.forEach(ReferencePipeline.java:762)
	at com.lgiacchetta.dungeon@1.0-SNAPSHOT/com.lgiacchetta.dungeon.DungeonApp.updateHealth(DungeonApp.java:202)
	at com.lgiacchetta.dungeon@1.0-SNAPSHOT/com.lgiacchetta.dungeon.DungeonApp.setLevel(DungeonApp.java:245)
	at com.lgiacchetta.dungeon@1.0-SNAPSHOT/com.lgiacchetta.dungeon.DungeonApp.initGame(DungeonApp.java:257)
	at com.almasb.fxgl.all@17.2/com.almasb.fxgl.app.FXGLApplication$InitAppTask.initGame(FXGLApplication.kt:339)
	at com.almasb.fxgl.all@17.2/com.almasb.fxgl.app.FXGLApplication$InitAppTask.call(FXGLApplication.kt:319)
	at com.almasb.fxgl.all@17.2/com.almasb.fxgl.app.FXGLApplication$InitAppTask.call(FXGLApplication.kt:311)
	at javafx.graphics/javafx.concurrent.Task$TaskCallable.call(Task.java:1426)
	at java.base/java.util.concurrent.FutureTask.run(FutureTask.java:264)
	at java.base/java.util.concurrent.Executors$RunnableAdapter.call(Executors.java:539)
	at java.base/java.util.concurrent.FutureTask.run(FutureTask.java:264)
	at java.base/java.util.concurrent.ThreadPoolExecutor.runWorker(ThreadPoolExecutor.java:1136)
	at java.base/java.util.concurrent.ThreadPoolExecutor$Worker.run(ThreadPoolExecutor.java:635)
	... 1 more

13:04:29.001 [JavaFX Application Thread] FATAL FXGLApplication      - Application will now exit
13:04:29.025 [JavaFX Application Thread] DEBUG PrimaryStageWindow   - Push state: ErrorSubScene
13:04:29.025 [JavaFX Application Thread] DEBUG Input                - Clearing active input actions
13:04:29.033 [JavaFX Application Thread] DEBUG GameApplicationServi - Removing overlay from MainLoadingScene and adding to ErrorSubScene
13:04:29.033 [JavaFX Application Thread] DEBUG PrimaryStageWindow   - MainLoadingScene -> ErrorSubScene
13:04:29.081 [FXGL Background Thread 2 ] INFO  UpdaterService       - Your current version:  17.2
13:04:29.082 [FXGL Background Thread 2 ] INFO  UpdaterService       - Latest stable version: 17.3
13:04:31.090 [JavaFX Application Thread] DEBUG FXGLApplication      - Exiting FXGL
13:04:31.090 [JavaFX Application Thread] DEBUG Async                - Shutting down background threads
13:04:31.091 [JavaFX Application Thread] DEBUG PrimaryStageWindow   - Closing main window
13:04:31.126 [JavaFX Application Thread] DEBUG Logger               - Closing Logger
