20:18:47.432 [main                     ] DEBUG Logger               - Configured Logger
20:18:47.473 [main                     ] DEBUG GameApplication      - Logging settings
Title: Dungeon
Version: 1.0
Width: 1280
Height: 720
Fullscreen: false
Intro: false
Profiling: false
Single step:false
App Mode: DEVELOPER
Menu Key: ESCAPE
Stage Style: DECORATED
Scene Factory: class com.lgiacchetta.dungeon.DungeonApp$1

20:18:47.884 [JavaFX Application Thread] DEBUG FXGLApplication      - Initializing FXGL
20:18:47.892 [JavaFX Application Thread] INFO  Engine               - FXGL-17.2 (20.08.2022 16.50) on WINDOWS (J:17.0.6 FX:17.0.2-ea)
20:18:47.893 [JavaFX Application Thread] DEBUG Engine               - JRE Vendor Name: Oracle Corporation
20:18:47.893 [JavaFX Application Thread] DEBUG Engine               - Running on OS: Windows 11 version 10.0
20:18:47.893 [JavaFX Application Thread] DEBUG Engine               - Architecture: amd64
20:18:47.893 [JavaFX Application Thread] INFO  Engine               - Source code and latest versions at: https://github.com/AlmasB/FXGL
20:18:47.894 [JavaFX Application Thread] INFO  Engine               -       Ask questions and discuss at: https://github.com/AlmasB/FXGL/discussions
20:18:47.894 [JavaFX Application Thread] INFO  Engine               -              Join the FXGL chat at: https://gitter.im/AlmasB/FXGL
20:18:47.978 [JavaFX Application Thread] DEBUG PrimaryStageWindow   - Creating a JavaFX scene
20:18:48.027 [JavaFX Application Thread] DEBUG PrimaryStageWindow   - Target settings size: 1280.0 x 720.0
20:18:48.027 [JavaFX Application Thread] DEBUG PrimaryStageWindow   - Scaled scene size:    1280.0 x 720.0
20:18:48.028 [JavaFX Application Thread] DEBUG PrimaryStageWindow   - Scaled ratio: (1.0, 1.0)
20:18:48.029 [JavaFX Application Thread] DEBUG PrimaryStageWindow   - Set initial scene to FXGLStartupScene
20:18:48.036 [JavaFX Application Thread] DEBUG PrimaryStageWindow   - Opening main window
20:18:48.158 [JavaFX Application Thread] DEBUG PrimaryStageWindow   - Window border size: (14.6666259765625, 37.33331298828125)
20:18:48.160 [JavaFX Application Thread] DEBUG PrimaryStageWindow   - Scaled size: 1280.0 x 720.0
20:18:48.160 [JavaFX Application Thread] DEBUG PrimaryStageWindow   - Scaled ratio: (1.0, 1.0)
20:18:48.161 [JavaFX Application Thread] DEBUG PrimaryStageWindow   - Scene size: 1280.0 x 720.0
20:18:48.161 [JavaFX Application Thread] DEBUG PrimaryStageWindow   - Stage size: 1294.6666259765625 x 757.3333129882812
20:18:48.170 [FXGL Background Thread 1 ] DEBUG Engine               - Initializing environment variables
20:18:48.234 [FXGL Background Thread 1 ] DEBUG FXGLAssetLoaderServi - User app class for loading assets: class com.lgiacchetta.dungeon.DungeonApp
20:18:48.235 [FXGL Background Thread 1 ] DEBUG GameApplicationServi - Applying CSS: fxgl_dark.css
20:18:48.236 [FXGL Background Thread 1 ] DEBUG FXGLAssetLoaderServi - Loading from file system: jar:file:///C:/Users/lucag/.gradle/caches/modules-2/files-2.1/com.github.almasb/fxgl/17.2/35db6ae960eec2dcfd19262d3b7f9c42f0e95bc3/fxgl-17.2.jar!/fxglassets/ui/css/fxgl_dark.css
20:18:48.305 [FXGL Background Thread 1 ] DEBUG GameApplicationServi - Initializing application scenes
20:18:48.350 [FXGL Background Thread 1 ] DEBUG FXGLAssetLoaderServi - Loading from file system: jar:file:///C:/Users/lucag/IdeaProjects/Dungeon/build/libs/Dungeon-1.0-SNAPSHOT.jar!/assets/music/melody.wav
20:18:48.833 [FXGL Background Thread 1 ] DEBUG FXGLAssetLoaderServi - Loading from file system: jar:file:///C:/Users/lucag/IdeaProjects/Dungeon/build/libs/Dungeon-1.0-SNAPSHOT.jar!/assets/music/menu.wav
20:18:48.913 [FXGL Background Thread 1 ] DEBUG FXGLAssetLoaderServi - Loading from file system: jar:file:///C:/Users/lucag/IdeaProjects/Dungeon/build/libs/Dungeon-1.0-SNAPSHOT.jar!/assets/textures/orc/boss/ogre_run_anim_f0.png
20:18:48.927 [FXGL Background Thread 1 ] DEBUG FXGLAssetLoaderServi - Loading from file system: jar:file:///C:/Users/lucag/IdeaProjects/Dungeon/build/libs/Dungeon-1.0-SNAPSHOT.jar!/assets/textures/orc/boss/ogre_run_anim_f1.png
20:18:48.929 [FXGL Background Thread 1 ] DEBUG FXGLAssetLoaderServi - Loading from file system: jar:file:///C:/Users/lucag/IdeaProjects/Dungeon/build/libs/Dungeon-1.0-SNAPSHOT.jar!/assets/textures/orc/boss/ogre_run_anim_f2.png
20:18:48.930 [FXGL Background Thread 1 ] DEBUG FXGLAssetLoaderServi - Loading from file system: jar:file:///C:/Users/lucag/IdeaProjects/Dungeon/build/libs/Dungeon-1.0-SNAPSHOT.jar!/assets/textures/orc/boss/ogre_run_anim_f3.png
20:18:48.954 [FXGL Background Thread 1 ] DEBUG FXGLAssetLoaderServi - Loading from file system: jar:file:///C:/Users/lucag/IdeaProjects/Dungeon/build/libs/Dungeon-1.0-SNAPSHOT.jar!/assets/textures/demon/boss/big_demon_run_anim_f0.png
20:18:48.956 [FXGL Background Thread 1 ] DEBUG FXGLAssetLoaderServi - Loading from file system: jar:file:///C:/Users/lucag/IdeaProjects/Dungeon/build/libs/Dungeon-1.0-SNAPSHOT.jar!/assets/textures/demon/boss/big_demon_run_anim_f1.png
20:18:48.957 [FXGL Background Thread 1 ] DEBUG FXGLAssetLoaderServi - Loading from file system: jar:file:///C:/Users/lucag/IdeaProjects/Dungeon/build/libs/Dungeon-1.0-SNAPSHOT.jar!/assets/textures/demon/boss/big_demon_run_anim_f2.png
20:18:48.959 [FXGL Background Thread 1 ] DEBUG FXGLAssetLoaderServi - Loading from file system: jar:file:///C:/Users/lucag/IdeaProjects/Dungeon/build/libs/Dungeon-1.0-SNAPSHOT.jar!/assets/textures/demon/boss/big_demon_run_anim_f3.png
20:18:48.960 [FXGL Background Thread 1 ] DEBUG FXGLAssetLoaderServi - Loading from file system: jar:file:///C:/Users/lucag/IdeaProjects/Dungeon/build/libs/Dungeon-1.0-SNAPSHOT.jar!/assets/textures/undead/boss/big_zombie_run_anim_f0.png
20:18:48.961 [FXGL Background Thread 1 ] DEBUG FXGLAssetLoaderServi - Loading from file system: jar:file:///C:/Users/lucag/IdeaProjects/Dungeon/build/libs/Dungeon-1.0-SNAPSHOT.jar!/assets/textures/undead/boss/big_zombie_run_anim_f1.png
20:18:48.962 [FXGL Background Thread 1 ] DEBUG FXGLAssetLoaderServi - Loading from file system: jar:file:///C:/Users/lucag/IdeaProjects/Dungeon/build/libs/Dungeon-1.0-SNAPSHOT.jar!/assets/textures/undead/boss/big_zombie_run_anim_f2.png
20:18:48.963 [FXGL Background Thread 1 ] DEBUG FXGLAssetLoaderServi - Loading from file system: jar:file:///C:/Users/lucag/IdeaProjects/Dungeon/build/libs/Dungeon-1.0-SNAPSHOT.jar!/assets/textures/undead/boss/big_zombie_run_anim_f3.png
20:18:48.964 [FXGL Background Thread 1 ] DEBUG FXGLAssetLoaderServi - Loading from file system: jar:file:///C:/Users/lucag/IdeaProjects/Dungeon/build/libs/Dungeon-1.0-SNAPSHOT.jar!/assets/textures/hero/knight_m_run_anim_f0.png
20:18:48.965 [FXGL Background Thread 1 ] DEBUG FXGLAssetLoaderServi - Loading from file system: jar:file:///C:/Users/lucag/IdeaProjects/Dungeon/build/libs/Dungeon-1.0-SNAPSHOT.jar!/assets/textures/hero/knight_m_run_anim_f1.png
20:18:48.967 [FXGL Background Thread 1 ] DEBUG FXGLAssetLoaderServi - Loading from file system: jar:file:///C:/Users/lucag/IdeaProjects/Dungeon/build/libs/Dungeon-1.0-SNAPSHOT.jar!/assets/textures/hero/knight_m_run_anim_f2.png
20:18:48.967 [FXGL Background Thread 1 ] DEBUG FXGLAssetLoaderServi - Loading from file system: jar:file:///C:/Users/lucag/IdeaProjects/Dungeon/build/libs/Dungeon-1.0-SNAPSHOT.jar!/assets/textures/hero/knight_m_run_anim_f3.png
20:18:48.971 [FXGL Background Thread 1 ] DEBUG FXGLAssetLoaderServi - Loading from file system: jar:file:///C:/Users/lucag/IdeaProjects/Dungeon/build/libs/Dungeon-1.0-SNAPSHOT.jar!/assets/textures/loading.jpg
20:18:48.999 [FXGL Background Thread 1 ] DEBUG GameWorld            - Game world initialized
20:18:49.082 [FXGL Background Thread 1 ] DEBUG PhysicsWorld         - Physics world initialized: appHeight=720, physics.ppm=50,0
20:18:49.083 [FXGL Background Thread 1 ] DEBUG PhysicsWorld         - Using strategy: BRUTE_FORCE
20:18:49.091 [FXGL Background Thread 1 ] DEBUG GameScene            - Game scene initialized: 1280x720
20:18:49.116 [FXGL Background Thread 1 ] DEBUG GameApplicationServi - Application scenes initialized
20:18:49.141 [FXGL Background Thread 1 ] DEBUG SystemBundleService  - Loading FXGL system data
20:18:49.161 [FXGL Background Thread 1 ] DEBUG FileSystemAccess     - Reading from: C:\Users\lucag\IdeaProjects\Dungeon\system\fxgl.bundle
20:18:49.174 [FXGL Background Thread 1 ] DEBUG SystemBundleService  - Bundle FXGL: {}
20:18:49.174 [FXGL Background Thread 1 ] DEBUG UpdaterService       - Checking for updates
20:18:49.192 [FXGL Background Thread 4 ] DEBUG FXGLApplication      - Loading fonts
20:18:49.193 [FXGL Background Thread 4 ] DEBUG FXGLAssetLoaderServi - Loading from file system: jar:file:///C:/Users/lucag/IdeaProjects/Dungeon/build/libs/Dungeon-1.0-SNAPSHOT.jar!/assets/ui/fonts/alagard.ttf
20:18:49.193 [FXGL Background Thread 1 ] DEBUG FXGLApplication      - Loading default localization
20:18:49.196 [FXGL Background Thread 1 ] DEBUG FXGLAssetLoaderServi - Loading from file system: jar:file:///C:/Users/lucag/.gradle/caches/modules-2/files-2.1/com.github.almasb/fxgl/17.2/35db6ae960eec2dcfd19262d3b7f9c42f0e95bc3/fxgl-17.2.jar!/fxglassets/languages/english.lang
20:18:49.244 [FXGL Background Thread 1 ] INFO  FXGLApplication      - FXGL initialization took: 1,074 sec
20:18:49.269 [JavaFX Application Thread] DEBUG Input                - Registered new binding: Up1 - W
20:18:49.269 [JavaFX Application Thread] DEBUG Input                - Registered new binding: Left1 - A
20:18:49.269 [JavaFX Application Thread] DEBUG Input                - Registered new binding: Down1 - S
20:18:49.270 [JavaFX Application Thread] DEBUG Input                - Registered new binding: Right1 - D
20:18:49.270 [JavaFX Application Thread] DEBUG Input                - Registered new binding: Up2 - Up
20:18:49.270 [JavaFX Application Thread] DEBUG Input                - Registered new binding: Left2 - Left
20:18:49.270 [JavaFX Application Thread] DEBUG Input                - Registered new binding: Down2 - Down
20:18:49.271 [JavaFX Application Thread] DEBUG Input                - Registered new binding: Right2 - Right
20:18:49.271 [JavaFX Application Thread] DEBUG AudioPlayer          - Playing music com.almasb.fxgl.audio.Music@5abac72c
20:18:49.294 [JavaFX Application Thread] DEBUG FXGLAssetLoaderServi - Loading from file system: jar:file:///C:/Users/lucag/IdeaProjects/Dungeon/build/libs/Dungeon-1.0-SNAPSHOT.jar!/assets/textures/chest/chest_full_open_anim_f2.png
20:18:49.311 [JavaFX Application Thread] DEBUG FXGLAssetLoaderServi - Loading from file system: jar:file:///C:/Users/lucag/IdeaProjects/Dungeon/build/libs/Dungeon-1.0-SNAPSHOT.jar!/assets/textures/cursor.png
20:18:49.315 [JavaFX Application Thread] DEBUG Input                - Registered new binding: Screenshot - CTRL+8
20:18:49.316 [JavaFX Application Thread] DEBUG Input                - Registered new binding: System info dump - CTRL+9
20:18:49.317 [JavaFX Application Thread] DEBUG Input                - Registered new binding: Restart - CTRL+R
20:18:49.318 [JavaFX Application Thread] DEBUG Input                - Registered new binding: Toggle Debug Camera - CTRL+7
20:18:49.322 [JavaFX Application Thread] DEBUG LoopRunner           - Starting loop
20:18:49.322 [JavaFX Application Thread] DEBUG LoopRunner           - Initializing JavaFX AnimationTimerLoop
20:18:49.327 [JavaFX Application Thread] DEBUG Input                - Clearing active input actions
20:18:49.339 [JavaFX Application Thread] DEBUG GameApplicationServi - Removing overlay from FXGLStartupScene and adding to FXGLMainMenuDummyScene
20:18:49.340 [JavaFX Application Thread] DEBUG PrimaryStageWindow   - FXGLStartupScene -> FXGLMainMenuDummyScene
20:18:49.340 [JavaFX Application Thread] DEBUG PrimaryStageWindow   - Push state: MainMenu
20:18:49.340 [JavaFX Application Thread] DEBUG Input                - Clearing active input actions
20:18:49.346 [JavaFX Application Thread] DEBUG GameApplicationServi - Removing overlay from FXGLMainMenuDummyScene and adding to MainMenu
20:18:49.347 [JavaFX Application Thread] DEBUG PrimaryStageWindow   - FXGLMainMenuDummyScene -> MainMenu
20:18:49.347 [JavaFX Application Thread] DEBUG FXGLApplication      - Registering font factories with UI factory
20:18:50.174 [FXGL Background Thread 2 ] INFO  UpdaterService       - Your current version:  17.2
20:18:50.174 [FXGL Background Thread 2 ] INFO  UpdaterService       - Latest stable version: 17.3
20:18:51.597 [JavaFX Application Thread] DEBUG Menu                 - fireNewGame()
20:18:51.597 [JavaFX Application Thread] DEBUG GameApplicationServi - Starting new game
20:18:51.598 [JavaFX Application Thread] DEBUG PrimaryStageWindow   - Pop state: MainMenu
20:18:51.598 [JavaFX Application Thread] DEBUG Input                - Clearing active input actions
20:18:51.599 [JavaFX Application Thread] DEBUG GameApplicationServi - Removing overlay from MainMenu and adding to FXGLMainMenuDummyScene
20:18:51.600 [JavaFX Application Thread] DEBUG PrimaryStageWindow   - FXGLMainMenuDummyScene <- MainMenu
20:18:51.601 [JavaFX Application Thread] DEBUG Input                - Clearing active input actions
20:18:51.622 [JavaFX Application Thread] DEBUG GameApplicationServi - Removing overlay from FXGLMainMenuDummyScene and adding to MainLoadingScene
20:18:51.622 [JavaFX Application Thread] DEBUG PrimaryStageWindow   - FXGLMainMenuDummyScene -> MainLoadingScene
20:18:51.622 [JavaFX Application Thread] DEBUG GameApplicationServi - Clearing previous game
20:18:51.622 [JavaFX Application Thread] DEBUG GameScene            - Clearing game scene
20:18:51.622 [JavaFX Application Thread] DEBUG GameWorld            - Clearing game world
20:18:51.623 [JavaFX Application Thread] DEBUG PhysicsWorld         - Clearing physics world
20:18:51.624 [FXGL Background Thread 2 ] DEBUG FXGLApplication      - Initializing game
20:18:51.631 [FXGL Background Thread 2 ] DEBUG AudioPlayer          - Stopping music com.almasb.fxgl.audio.Music@5abac72c
20:18:51.633 [FXGL Background Thread 2 ] DEBUG AudioPlayer          - Playing music com.almasb.fxgl.audio.Music@46e6c97a
20:18:51.685 [FXGL Background Thread 2 ] WARN  TMXLevelLoader       - TiledMap generated from 1.10.1. Supported version: 1.9.0. Some features may not be parsed fully.
20:18:51.732 [FXGL Background Thread 2 ] DEBUG TMXLevelLoader       - Parsed TiledMap: jar:file:///C:/Users/lucag/IdeaProjects/Dungeon/build/libs/Dungeon-1.0-SNAPSHOT.jar!/assets/levels/tmx/level0.tmx
20:18:51.734 [FXGL Background Thread 2 ] DEBUG TMXLevelLoader       - Creating tile layer entities
20:18:51.736 [FXGL Background Thread 2 ] DEBUG TilesetLoader        - Loading view for layer floor
20:18:51.737 [FXGL Background Thread 2 ] DEBUG TilesetLoader        - Created buffer with size 640.0x640.0
20:18:51.953 [FXGL Background Thread 2 ] DEBUG TilesetLoader        - Loading view for layer walls
20:18:51.954 [FXGL Background Thread 2 ] DEBUG TilesetLoader        - Created buffer with size 640.0x640.0
20:18:51.958 [FXGL Background Thread 2 ] DEBUG TilesetLoader        - Loading view for layer side-walls
20:18:51.958 [FXGL Background Thread 2 ] DEBUG TilesetLoader        - Created buffer with size 640.0x640.0
20:18:51.961 [FXGL Background Thread 2 ] DEBUG TMXLevelLoader       - Creating object layer entities
20:18:51.963 [FXGL Background Thread 2 ] DEBUG FXGLAssetLoaderServi - Loading from file system: jar:file:///C:/Users/lucag/IdeaProjects/Dungeon/build/libs/Dungeon-1.0-SNAPSHOT.jar!/assets/textures/door/doors_leaf_open.png
20:18:51.964 [FXGL Background Thread 2 ] DEBUG FXGLAssetLoaderServi - Loading from file system: jar:file:///C:/Users/lucag/IdeaProjects/Dungeon/build/libs/Dungeon-1.0-SNAPSHOT.jar!/assets/textures/door/doors_leaf_closed.png
20:18:51.991 [FXGL Background Thread 2 ] DEBUG FXGLAssetLoaderServi - Loading from file system: jar:file:///C:/Users/lucag/IdeaProjects/Dungeon/build/libs/Dungeon-1.0-SNAPSHOT.jar!/assets/textures/ladder/floor_ladder.png
20:18:51.994 [FXGL Background Thread 2 ] DEBUG FXGLAssetLoaderServi - Loading from file system: jar:file:///C:/Users/lucag/IdeaProjects/Dungeon/build/libs/Dungeon-1.0-SNAPSHOT.jar!/assets/textures/plate/button_red_up.png
20:18:51.997 [FXGL Background Thread 2 ] DEBUG FXGLAssetLoaderServi - Loading from file system: jar:file:///C:/Users/lucag/IdeaProjects/Dungeon/build/libs/Dungeon-1.0-SNAPSHOT.jar!/assets/textures/plate/button_red_down.png
20:18:52.001 [FXGL Background Thread 2 ] DEBUG FXGLAssetLoaderServi - Loading from file system: jar:file:///C:/Users/lucag/IdeaProjects/Dungeon/build/libs/Dungeon-1.0-SNAPSHOT.jar!/assets/textures/plate/button_blue_up.png
20:18:52.001 [FXGL Background Thread 2 ] DEBUG FXGLAssetLoaderServi - Loading from file system: jar:file:///C:/Users/lucag/IdeaProjects/Dungeon/build/libs/Dungeon-1.0-SNAPSHOT.jar!/assets/textures/plate/button_blue_down.png
20:18:52.004 [FXGL Background Thread 2 ] DEBUG FXGLAssetLoaderServi - Loading from file system: jar:file:///C:/Users/lucag/IdeaProjects/Dungeon/build/libs/Dungeon-1.0-SNAPSHOT.jar!/assets/textures/spike/floor_spikes_anim_f0.png
20:18:52.004 [FXGL Background Thread 2 ] DEBUG FXGLAssetLoaderServi - Loading from file system: jar:file:///C:/Users/lucag/IdeaProjects/Dungeon/build/libs/Dungeon-1.0-SNAPSHOT.jar!/assets/textures/spike/floor_spikes_anim_f1.png
20:18:52.005 [FXGL Background Thread 2 ] DEBUG FXGLAssetLoaderServi - Loading from file system: jar:file:///C:/Users/lucag/IdeaProjects/Dungeon/build/libs/Dungeon-1.0-SNAPSHOT.jar!/assets/textures/spike/floor_spikes_anim_f2.png
20:18:52.006 [FXGL Background Thread 2 ] DEBUG FXGLAssetLoaderServi - Loading from file system: jar:file:///C:/Users/lucag/IdeaProjects/Dungeon/build/libs/Dungeon-1.0-SNAPSHOT.jar!/assets/textures/spike/floor_spikes_anim_f3.png
20:18:52.008 [FXGL Background Thread 2 ] DEBUG FXGLAssetLoaderServi - Loading from file system: jar:file:///C:/Users/lucag/IdeaProjects/Dungeon/build/libs/Dungeon-1.0-SNAPSHOT.jar!/assets/textures/spike/floor_spikes_anim_f4.png
20:18:52.009 [FXGL Background Thread 2 ] DEBUG FXGLAssetLoaderServi - Loading from file system: jar:file:///C:/Users/lucag/IdeaProjects/Dungeon/build/libs/Dungeon-1.0-SNAPSHOT.jar!/assets/textures/spike/floor_spikes_anim_f5.png
20:18:52.009 [FXGL Background Thread 2 ] DEBUG FXGLAssetLoaderServi - Loading from file system: jar:file:///C:/Users/lucag/IdeaProjects/Dungeon/build/libs/Dungeon-1.0-SNAPSHOT.jar!/assets/textures/spike/floor_spikes_anim_f6.png
20:18:52.010 [FXGL Background Thread 2 ] DEBUG FXGLAssetLoaderServi - Loading from file system: jar:file:///C:/Users/lucag/IdeaProjects/Dungeon/build/libs/Dungeon-1.0-SNAPSHOT.jar!/assets/textures/spike/floor_spikes_anim_f7.png
20:18:52.011 [FXGL Background Thread 2 ] DEBUG FXGLAssetLoaderServi - Loading from file system: jar:file:///C:/Users/lucag/IdeaProjects/Dungeon/build/libs/Dungeon-1.0-SNAPSHOT.jar!/assets/textures/spike/floor_spikes_danger_anim_f0.png
20:18:52.033 [FXGL Background Thread 2 ] DEBUG FXGLAssetLoaderServi - Loading from file system: jar:file:///C:/Users/lucag/IdeaProjects/Dungeon/build/libs/Dungeon-1.0-SNAPSHOT.jar!/assets/textures/potion/flask_big_green.png
20:18:52.051 [FXGL Background Thread 2 ] DEBUG FXGLAssetLoaderServi - Loading from file system: jar:file:///C:/Users/lucag/IdeaProjects/Dungeon/build/libs/Dungeon-1.0-SNAPSHOT.jar!/assets/textures/plate/button_yellow_up.png
20:18:52.052 [FXGL Background Thread 2 ] DEBUG FXGLAssetLoaderServi - Loading from file system: jar:file:///C:/Users/lucag/IdeaProjects/Dungeon/build/libs/Dungeon-1.0-SNAPSHOT.jar!/assets/textures/plate/button_yellow_down.png
20:18:52.099 [FXGL Background Thread 2 ] DEBUG FXGLAssetLoaderServi - Loading from file system: jar:file:///C:/Users/lucag/IdeaProjects/Dungeon/build/libs/Dungeon-1.0-SNAPSHOT.jar!/assets/textures/hero/knight_m_idle_anim_f0.png
20:18:52.100 [FXGL Background Thread 2 ] DEBUG FXGLAssetLoaderServi - Loading from file system: jar:file:///C:/Users/lucag/IdeaProjects/Dungeon/build/libs/Dungeon-1.0-SNAPSHOT.jar!/assets/textures/hero/knight_m_idle_anim_f1.png
20:18:52.101 [FXGL Background Thread 2 ] DEBUG FXGLAssetLoaderServi - Loading from file system: jar:file:///C:/Users/lucag/IdeaProjects/Dungeon/build/libs/Dungeon-1.0-SNAPSHOT.jar!/assets/textures/hero/knight_m_idle_anim_f2.png
20:18:52.101 [FXGL Background Thread 2 ] DEBUG FXGLAssetLoaderServi - Loading from file system: jar:file:///C:/Users/lucag/IdeaProjects/Dungeon/build/libs/Dungeon-1.0-SNAPSHOT.jar!/assets/textures/hero/knight_m_idle_anim_f3.png
20:18:52.104 [FXGL Background Thread 2 ] DEBUG FXGLAssetLoaderServi - Loading from file system: jar:file:///C:/Users/lucag/IdeaProjects/Dungeon/build/libs/Dungeon-1.0-SNAPSHOT.jar!/assets/textures/hero/knight_f_idle_anim_f0.png
20:18:52.104 [FXGL Background Thread 2 ] DEBUG FXGLAssetLoaderServi - Loading from file system: jar:file:///C:/Users/lucag/IdeaProjects/Dungeon/build/libs/Dungeon-1.0-SNAPSHOT.jar!/assets/textures/hero/knight_f_idle_anim_f1.png
20:18:52.105 [FXGL Background Thread 2 ] DEBUG FXGLAssetLoaderServi - Loading from file system: jar:file:///C:/Users/lucag/IdeaProjects/Dungeon/build/libs/Dungeon-1.0-SNAPSHOT.jar!/assets/textures/hero/knight_f_idle_anim_f2.png
20:18:52.106 [FXGL Background Thread 2 ] DEBUG FXGLAssetLoaderServi - Loading from file system: jar:file:///C:/Users/lucag/IdeaProjects/Dungeon/build/libs/Dungeon-1.0-SNAPSHOT.jar!/assets/textures/hero/knight_f_idle_anim_f3.png
20:18:52.107 [FXGL Background Thread 2 ] DEBUG FXGLAssetLoaderServi - Loading from file system: jar:file:///C:/Users/lucag/IdeaProjects/Dungeon/build/libs/Dungeon-1.0-SNAPSHOT.jar!/assets/textures/hero/knight_f_run_anim_f0.png
20:18:52.108 [FXGL Background Thread 2 ] DEBUG FXGLAssetLoaderServi - Loading from file system: jar:file:///C:/Users/lucag/IdeaProjects/Dungeon/build/libs/Dungeon-1.0-SNAPSHOT.jar!/assets/textures/hero/knight_f_run_anim_f1.png
20:18:52.109 [FXGL Background Thread 2 ] DEBUG FXGLAssetLoaderServi - Loading from file system: jar:file:///C:/Users/lucag/IdeaProjects/Dungeon/build/libs/Dungeon-1.0-SNAPSHOT.jar!/assets/textures/hero/knight_f_run_anim_f2.png
20:18:52.111 [FXGL Background Thread 2 ] DEBUG FXGLAssetLoaderServi - Loading from file system: jar:file:///C:/Users/lucag/IdeaProjects/Dungeon/build/libs/Dungeon-1.0-SNAPSHOT.jar!/assets/textures/hero/knight_f_run_anim_f3.png
20:18:52.113 [FXGL Background Thread 2 ] DEBUG GameWorld            - Clearing removable entities
20:18:52.114 [FXGL Background Thread 2 ] DEBUG GameWorld            - Setting level: com.almasb.fxgl.entity.level.Level@234df27d
20:18:52.149 [FXGL Background Thread 2 ] DEBUG FXGLAssetLoaderServi - Loading from file system: jar:file:///C:/Users/lucag/IdeaProjects/Dungeon/build/libs/Dungeon-1.0-SNAPSHOT.jar!/assets/textures/heart/ui_heart_full.png
20:18:52.157 [FXGL Background Thread 2 ] INFO  FXGLApplication      - Game initialization took: 0,533 sec
20:18:52.158 [JavaFX Application Thread] DEBUG Input                - Clearing active input actions
20:18:52.172 [JavaFX Application Thread] DEBUG GameApplicationServi - Removing overlay from MainLoadingScene and adding to GameScene
20:18:52.172 [JavaFX Application Thread] DEBUG PrimaryStageWindow   - MainLoadingScene -> GameScene
20:18:52.189 [FXGL Background Thread 3 ] DEBUG Engine               - Logging environment variables
20:18:52.191 [FXGL Background Thread 3 ] DEBUG Engine               - achievements: []
20:18:52.192 [FXGL Background Thread 3 ] DEBUG Engine               - actualHeight: 720.0
20:18:52.192 [FXGL Background Thread 3 ] DEBUG Engine               - actualHeightProperty: ReadOnlyDoubleProperty [value: 720.0]
20:18:52.192 [FXGL Background Thread 3 ] DEBUG Engine               - actualWidth: 1280.0
20:18:52.192 [FXGL Background Thread 3 ] DEBUG Engine               - actualWidthProperty: ReadOnlyDoubleProperty [value: 1280.0]
20:18:52.192 [FXGL Background Thread 3 ] DEBUG Engine               - appIcon: chest/chest_full_open_anim_f2.png
20:18:52.192 [FXGL Background Thread 3 ] DEBUG Engine               - applicationMode: DEVELOPER
20:18:52.192 [FXGL Background Thread 3 ] DEBUG Engine               - cSSList: [fxgl_dark.css]
20:18:52.192 [FXGL Background Thread 3 ] DEBUG Engine               - collisionDetectionStrategy: BRUTE_FORCE
20:18:52.192 [FXGL Background Thread 3 ] DEBUG Engine               - configClass: Optional.empty
20:18:52.192 [FXGL Background Thread 3 ] DEBUG Engine               - credits: []
20:18:52.196 [FXGL Background Thread 3 ] DEBUG Engine               - defaultCursor: CursorInfo(imageName=cursor.png, hotspotX=5.0, hotspotY=3.0)
20:18:52.197 [FXGL Background Thread 3 ] DEBUG Engine               - devBBoxColorProperty: ObjectProperty [value: 0xff0000ff]
20:18:52.197 [FXGL Background Thread 3 ] DEBUG Engine               - devEnableDebugCameraProperty: BooleanProperty [value: false]
20:18:52.197 [FXGL Background Thread 3 ] DEBUG Engine               - devSensorColorProperty: ObjectProperty [value: 0xffff00ff]
20:18:52.198 [FXGL Background Thread 3 ] DEBUG Engine               - devShowBBoxProperty: BooleanProperty [value: false]
20:18:52.198 [FXGL Background Thread 3 ] DEBUG Engine               - devShowPositionProperty: BooleanProperty [value: false]
20:18:52.198 [FXGL Background Thread 3 ] DEBUG Engine               - enabledMenuItems: []
20:18:52.199 [FXGL Background Thread 3 ] DEBUG Engine               - engineServices: [class com.almasb.fxgl.app.services.FXGLAssetLoaderService, class com.almasb.fxgl.app.FXGLApplication$GameApplicationService, class com.almasb.fxgl.app.services.FXGLDialogService, class com.almasb.fxgl.app.services.IOTaskExecutorService, class com.almasb.fxgl.io.FileSystemService, class com.almasb.fxgl.localization.LocalizationService, class com.almasb.fxgl.app.services.SystemBundleService, class com.almasb.fxgl.profile.SaveLoadService, class com.almasb.fxgl.ui.FXGLUIFactoryServiceProvider, class com.almasb.fxgl.ui.FXGLDialogFactoryServiceProvider, class com.almasb.fxgl.audio.AudioPlayer, class com.almasb.fxgl.notification.impl.NotificationServiceProvider, class com.almasb.fxgl.achievement.AchievementService, class com.almasb.fxgl.cutscene.CutsceneService, class com.almasb.fxgl.minigames.MiniGameService, class com.almasb.fxgl.net.NetService, class com.almasb.fxgl.app.services.UpdaterService, class com.almasb.fxgl.dev.DevService]
20:18:52.199 [FXGL Background Thread 3 ] DEBUG Engine               - fontGame: alagard.ttf
20:18:52.199 [FXGL Background Thread 3 ] DEBUG Engine               - fontMono: alagard.ttf
20:18:52.199 [FXGL Background Thread 3 ] DEBUG Engine               - fontText: alagard.ttf
20:18:52.199 [FXGL Background Thread 3 ] DEBUG Engine               - fontUI: alagard.ttf
20:18:52.199 [FXGL Background Thread 3 ] DEBUG Engine               - fullScreen: BooleanProperty [value: false]
20:18:52.200 [FXGL Background Thread 3 ] DEBUG Engine               - gameDifficulty: MEDIUM
20:18:52.201 [FXGL Background Thread 3 ] DEBUG Engine               - gameDifficultyProperty: ObjectProperty [value: MEDIUM]
20:18:52.201 [FXGL Background Thread 3 ] DEBUG Engine               - globalMusicVolume: 0.5
20:18:52.201 [FXGL Background Thread 3 ] DEBUG Engine               - globalMusicVolumeProperty: DoubleProperty [value: 0.5]
20:18:52.201 [FXGL Background Thread 3 ] DEBUG Engine               - globalSoundVolume: 0.5
20:18:52.201 [FXGL Background Thread 3 ] DEBUG Engine               - globalSoundVolumeProperty: DoubleProperty [value: 0.5]
20:18:52.201 [FXGL Background Thread 3 ] DEBUG Engine               - height: 720
20:18:52.201 [FXGL Background Thread 3 ] DEBUG Engine               - is3D: false
20:18:52.201 [FXGL Background Thread 3 ] DEBUG Engine               - isAndroid: false
20:18:52.201 [FXGL Background Thread 3 ] DEBUG Engine               - isBrowser: false
20:18:52.201 [FXGL Background Thread 3 ] DEBUG Engine               - isClickFeedbackEnabled: false
20:18:52.201 [FXGL Background Thread 3 ] DEBUG Engine               - isCloseConfirmation: false
20:18:52.202 [FXGL Background Thread 3 ] DEBUG Engine               - isDesktop: true
20:18:52.202 [FXGL Background Thread 3 ] DEBUG Engine               - isDeveloperMenuEnabled: false
20:18:52.202 [FXGL Background Thread 3 ] DEBUG Engine               - isEmbedded: false
20:18:52.202 [FXGL Background Thread 3 ] DEBUG Engine               - isEntityPreloadEnabled: true
20:18:52.202 [FXGL Background Thread 3 ] DEBUG Engine               - isExperimentalTiledLargeMap: false
20:18:52.202 [FXGL Background Thread 3 ] DEBUG Engine               - isFileSystemWriteAllowed: true
20:18:52.202 [FXGL Background Thread 3 ] DEBUG Engine               - isFullScreenAllowed: false
20:18:52.202 [FXGL Background Thread 3 ] DEBUG Engine               - isFullScreenFromStart: false
20:18:52.202 [FXGL Background Thread 3 ] DEBUG Engine               - isGameMenuEnabled: true
20:18:52.203 [FXGL Background Thread 3 ] DEBUG Engine               - isIOS: false
20:18:52.203 [FXGL Background Thread 3 ] DEBUG Engine               - isIntroEnabled: false
20:18:52.203 [FXGL Background Thread 3 ] DEBUG Engine               - isLinux: false
20:18:52.203 [FXGL Background Thread 3 ] DEBUG Engine               - isMac: false
20:18:52.203 [FXGL Background Thread 3 ] DEBUG Engine               - isMainMenuEnabled: true
20:18:52.203 [FXGL Background Thread 3 ] DEBUG Engine               - isManualResizeEnabled: false
20:18:52.204 [FXGL Background Thread 3 ] DEBUG Engine               - isMobile: false
20:18:52.204 [FXGL Background Thread 3 ] DEBUG Engine               - isNative: false
20:18:52.204 [FXGL Background Thread 3 ] DEBUG Engine               - isPauseMusicWhenMinimized: true
20:18:52.204 [FXGL Background Thread 3 ] DEBUG Engine               - isPreserveResizeRatio: false
20:18:52.204 [FXGL Background Thread 3 ] DEBUG Engine               - isProfilingEnabled: false
20:18:52.204 [FXGL Background Thread 3 ] DEBUG Engine               - isScaleAffectedOnResize: true
20:18:52.204 [FXGL Background Thread 3 ] DEBUG Engine               - isSingleStep: false
20:18:52.204 [FXGL Background Thread 3 ] DEBUG Engine               - isUserProfileEnabled: false
20:18:52.204 [FXGL Background Thread 3 ] DEBUG Engine               - isWindows: true
20:18:52.204 [FXGL Background Thread 3 ] DEBUG Engine               - language: ObjectProperty [value: ENGLISH]
20:18:52.205 [FXGL Background Thread 3 ] DEBUG Engine               - menuKey: ESCAPE
20:18:52.205 [FXGL Background Thread 3 ] DEBUG Engine               - mouseSensitivity: 0.2
20:18:52.205 [FXGL Background Thread 3 ] DEBUG Engine               - notificationViewClass: class com.almasb.fxgl.notification.view.XboxNotificationView
20:18:52.205 [FXGL Background Thread 3 ] DEBUG Engine               - pixelsPerMeter: 50.0
20:18:52.205 [FXGL Background Thread 3 ] DEBUG Engine               - platform: WINDOWS
20:18:52.205 [FXGL Background Thread 3 ] DEBUG Engine               - prefHeightProperty: ReadOnlyDoubleProperty [value: 720.0]
20:18:52.206 [FXGL Background Thread 3 ] DEBUG Engine               - prefWidthProperty: ReadOnlyDoubleProperty [value: 1280.0]
20:18:52.206 [FXGL Background Thread 3 ] DEBUG Engine               - profileDir: profiles/
20:18:52.206 [FXGL Background Thread 3 ] DEBUG Engine               - profileName: StringProperty [value: DEFAULT]
20:18:52.206 [FXGL Background Thread 3 ] DEBUG Engine               - randomSeed: -1
20:18:52.207 [FXGL Background Thread 3 ] DEBUG Engine               - runtimeInfo: RuntimeInfo(platform=WINDOWS, version=17.2, build=20.08.2022 16.50)
20:18:52.207 [FXGL Background Thread 3 ] DEBUG Engine               - saveFileExt: sav
20:18:52.207 [FXGL Background Thread 3 ] DEBUG Engine               - scaledHeightProp$fxgl: DoubleProperty [bound, value: 720.0]
20:18:52.207 [FXGL Background Thread 3 ] DEBUG Engine               - scaledWidthProp$fxgl: DoubleProperty [bound, value: 1280.0]
20:18:52.207 [FXGL Background Thread 3 ] DEBUG Engine               - sceneFactory: com.lgiacchetta.dungeon.DungeonApp$1@277d486c
20:18:52.207 [FXGL Background Thread 3 ] DEBUG Engine               - secondsIn24h: 60
20:18:52.207 [FXGL Background Thread 3 ] DEBUG Engine               - soundMenuBack: menu/back.wav
20:18:52.208 [FXGL Background Thread 3 ] DEBUG Engine               - soundMenuPress: menu/press.wav
20:18:52.208 [FXGL Background Thread 3 ] DEBUG Engine               - soundMenuSelect: menu/select.wav
20:18:52.208 [FXGL Background Thread 3 ] DEBUG Engine               - soundNotification: core/notification.wav
20:18:52.208 [FXGL Background Thread 3 ] DEBUG Engine               - stageStyle: DECORATED
20:18:52.208 [FXGL Background Thread 3 ] DEBUG Engine               - supportedLanguages: [ENGLISH, FRENCH, GERMAN, HUNGARIAN, RUSSIAN]
20:18:52.208 [FXGL Background Thread 3 ] DEBUG Engine               - ticksPerSecond: -1
20:18:52.208 [FXGL Background Thread 3 ] DEBUG Engine               - title: Dungeon
20:18:52.208 [FXGL Background Thread 3 ] DEBUG Engine               - urlGithub: https://github.com/AlmasB/FXGL
20:18:52.208 [FXGL Background Thread 3 ] DEBUG Engine               - urlLeaderboard: http://fxgl-top.herokuapp.com/
20:18:52.208 [FXGL Background Thread 3 ] DEBUG Engine               - urlPOM: https://raw.githubusercontent.com/AlmasB/FXGL/release/README.md
20:18:52.208 [FXGL Background Thread 3 ] DEBUG Engine               - userAppClass: class com.lgiacchetta.dungeon.DungeonApp
20:18:52.208 [FXGL Background Thread 3 ] DEBUG Engine               - version: 1.0
20:18:52.209 [FXGL Background Thread 3 ] DEBUG Engine               - versionCheckDays: 7
20:18:52.209 [FXGL Background Thread 3 ] DEBUG Engine               - width: 1280
20:18:52.209 [FXGL Background Thread 3 ] DEBUG Engine               - Logging services
20:18:52.209 [FXGL Background Thread 3 ] DEBUG Engine               - class com.almasb.fxgl.app.services.FXGLAssetLoaderService
20:18:52.209 [FXGL Background Thread 3 ] DEBUG Engine               - class com.almasb.fxgl.app.FXGLApplication$GameApplicationService
20:18:52.209 [FXGL Background Thread 3 ] DEBUG Engine               - class com.almasb.fxgl.app.services.FXGLDialogService
20:18:52.209 [FXGL Background Thread 3 ] DEBUG Engine               - class com.almasb.fxgl.app.services.IOTaskExecutorService
20:18:52.209 [FXGL Background Thread 3 ] DEBUG Engine               - class com.almasb.fxgl.io.FileSystemService
20:18:52.209 [FXGL Background Thread 3 ] DEBUG Engine               - class com.almasb.fxgl.localization.LocalizationService
20:18:52.209 [FXGL Background Thread 3 ] DEBUG Engine               - class com.almasb.fxgl.app.services.SystemBundleService
20:18:52.209 [FXGL Background Thread 3 ] DEBUG Engine               - class com.almasb.fxgl.profile.SaveLoadService
20:18:52.209 [FXGL Background Thread 3 ] DEBUG Engine               - class com.almasb.fxgl.ui.FXGLUIFactoryServiceProvider
20:18:52.210 [FXGL Background Thread 3 ] DEBUG Engine               - class com.almasb.fxgl.ui.FXGLDialogFactoryServiceProvider
20:18:52.210 [FXGL Background Thread 3 ] DEBUG Engine               - class com.almasb.fxgl.audio.AudioPlayer
20:18:52.210 [FXGL Background Thread 3 ] DEBUG Engine               - class com.almasb.fxgl.notification.impl.NotificationServiceProvider
20:18:52.210 [FXGL Background Thread 3 ] DEBUG Engine               - class com.almasb.fxgl.achievement.AchievementService
20:18:52.210 [FXGL Background Thread 3 ] DEBUG Engine               - class com.almasb.fxgl.cutscene.CutsceneService
20:18:52.210 [FXGL Background Thread 3 ] DEBUG Engine               - class com.almasb.fxgl.minigames.MiniGameService
20:18:52.210 [FXGL Background Thread 3 ] DEBUG Engine               - class com.almasb.fxgl.net.NetService
20:18:52.210 [FXGL Background Thread 3 ] DEBUG Engine               - class com.almasb.fxgl.app.services.UpdaterService
20:18:52.210 [FXGL Background Thread 3 ] DEBUG Engine               - class com.almasb.fxgl.dev.DevService
20:18:52.665 [JavaFX Application Thread] DEBUG PrimaryStageWindow   - Push state: GameMenu
20:18:52.666 [JavaFX Application Thread] DEBUG Input                - Clearing active input actions
20:18:52.673 [JavaFX Application Thread] DEBUG GameApplicationServi - Removing overlay from GameScene and adding to GameMenu
20:18:52.674 [JavaFX Application Thread] DEBUG PrimaryStageWindow   - GameScene -> GameMenu
20:18:55.175 [JavaFX Application Thread] DEBUG PrimaryStageWindow   - Pop state: GameMenu
20:18:55.176 [JavaFX Application Thread] DEBUG Input                - Clearing active input actions
20:18:55.177 [JavaFX Application Thread] DEBUG GameApplicationServi - Removing overlay from GameMenu and adding to GameScene
20:18:55.178 [JavaFX Application Thread] DEBUG PrimaryStageWindow   - GameScene <- GameMenu
20:18:55.577 [JavaFX Application Thread] DEBUG PrimaryStageWindow   - Push state: GameMenu
20:18:55.577 [JavaFX Application Thread] DEBUG Input                - Clearing active input actions
20:18:55.582 [JavaFX Application Thread] DEBUG GameApplicationServi - Removing overlay from GameScene and adding to GameMenu
20:18:55.582 [JavaFX Application Thread] DEBUG PrimaryStageWindow   - GameScene -> GameMenu
20:18:56.939 [JavaFX Application Thread] DEBUG PrimaryStageWindow   - Pop state: GameMenu
20:18:56.939 [JavaFX Application Thread] DEBUG Input                - Clearing active input actions
20:18:56.941 [JavaFX Application Thread] DEBUG GameApplicationServi - Removing overlay from GameMenu and adding to GameScene
20:18:56.941 [JavaFX Application Thread] DEBUG PrimaryStageWindow   - GameScene <- GameMenu
20:18:57.325 [JavaFX Application Thread] DEBUG PrimaryStageWindow   - Push state: GameMenu
20:18:57.326 [JavaFX Application Thread] DEBUG Input                - Clearing active input actions
20:18:57.330 [JavaFX Application Thread] DEBUG GameApplicationServi - Removing overlay from GameScene and adding to GameMenu
20:18:57.330 [JavaFX Application Thread] DEBUG PrimaryStageWindow   - GameScene -> GameMenu
20:18:59.923 [JavaFX Application Thread] DEBUG PrimaryStageWindow   - Pop state: GameMenu
20:18:59.923 [JavaFX Application Thread] DEBUG Input                - Clearing active input actions
20:18:59.924 [JavaFX Application Thread] DEBUG GameApplicationServi - Removing overlay from GameMenu and adding to GameScene
20:18:59.925 [JavaFX Application Thread] DEBUG PrimaryStageWindow   - GameScene <- GameMenu
20:19:00.408 [JavaFX Application Thread] DEBUG PrimaryStageWindow   - Push state: GameMenu
20:19:00.409 [JavaFX Application Thread] DEBUG Input                - Clearing active input actions
20:19:00.411 [JavaFX Application Thread] DEBUG GameApplicationServi - Removing overlay from GameScene and adding to GameMenu
20:19:00.411 [JavaFX Application Thread] DEBUG PrimaryStageWindow   - GameScene -> GameMenu
20:19:03.160 [JavaFX Application Thread] DEBUG Menu                 - fireResume()
20:19:03.160 [JavaFX Application Thread] DEBUG PrimaryStageWindow   - Pop state: GameMenu
20:19:03.160 [JavaFX Application Thread] DEBUG Input                - Clearing active input actions
20:19:03.161 [JavaFX Application Thread] DEBUG GameApplicationServi - Removing overlay from GameMenu and adding to GameScene
20:19:03.161 [JavaFX Application Thread] DEBUG PrimaryStageWindow   - GameScene <- GameMenu
20:19:04.398 [JavaFX Application Thread] DEBUG FXGLAssetLoaderServi - Loading from file system: jar:file:///C:/Users/lucag/IdeaProjects/Dungeon/build/libs/Dungeon-1.0-SNAPSHOT.jar!/assets/sounds/door-open.wav
20:19:05.612 [JavaFX Application Thread] DEBUG FXGLAssetLoaderServi - Loading from file system: jar:file:///C:/Users/lucag/IdeaProjects/Dungeon/build/libs/Dungeon-1.0-SNAPSHOT.jar!/assets/sounds/spike.wav
20:19:08.981 [JavaFX Application Thread] DEBUG PrimaryStageWindow   - Push state: GameMenu
20:19:08.981 [JavaFX Application Thread] DEBUG Input                - Clearing active input actions
20:19:08.983 [JavaFX Application Thread] DEBUG GameApplicationServi - Removing overlay from GameScene and adding to GameMenu
20:19:08.984 [JavaFX Application Thread] DEBUG PrimaryStageWindow   - GameScene -> GameMenu
20:19:10.278 [JavaFX Application Thread] DEBUG PrimaryStageWindow   - Pop state: GameMenu
20:19:10.279 [JavaFX Application Thread] DEBUG Input                - Clearing active input actions
20:19:10.279 [JavaFX Application Thread] DEBUG GameApplicationServi - Removing overlay from GameMenu and adding to GameScene
20:19:10.280 [JavaFX Application Thread] DEBUG PrimaryStageWindow   - GameScene <- GameMenu
20:19:10.280 [JavaFX Application Thread] DEBUG Input                - Clearing active input actions
20:19:10.290 [JavaFX Application Thread] DEBUG GameApplicationServi - Removing overlay from GameScene and adding to FXGLMainMenuDummyScene
20:19:10.290 [JavaFX Application Thread] DEBUG PrimaryStageWindow   - GameScene -> FXGLMainMenuDummyScene
20:19:10.290 [JavaFX Application Thread] DEBUG PrimaryStageWindow   - Push state: MainMenu
20:19:10.290 [JavaFX Application Thread] DEBUG Input                - Clearing active input actions
20:19:10.291 [JavaFX Application Thread] DEBUG GameApplicationServi - Removing overlay from FXGLMainMenuDummyScene and adding to MainMenu
20:19:10.291 [JavaFX Application Thread] DEBUG PrimaryStageWindow   - FXGLMainMenuDummyScene -> MainMenu
20:19:10.291 [JavaFX Application Thread] DEBUG AudioPlayer          - Stopping music com.almasb.fxgl.audio.Music@46e6c97a
20:19:10.292 [JavaFX Application Thread] DEBUG AudioPlayer          - Playing music com.almasb.fxgl.audio.Music@5abac72c
20:19:11.173 [JavaFX Application Thread] DEBUG FXGLApplication      - Exiting FXGL
20:19:11.173 [JavaFX Application Thread] DEBUG LoopRunner           - Stopping loop
20:19:11.173 [JavaFX Application Thread] DEBUG SystemBundleService  - Saving FXGL system data
20:19:11.179 [JavaFX Application Thread] DEBUG FileSystemAccess     - Writing to: C:\Users\lucag\IdeaProjects\Dungeon\system\fxgl.bundle
20:19:11.182 [JavaFX Application Thread] DEBUG Async                - Shutting down background threads
20:19:11.183 [JavaFX Application Thread] DEBUG PrimaryStageWindow   - Closing main window
20:19:11.216 [JavaFX Application Thread] DEBUG Logger               - Closing Logger
