11:30:38.823 [main                     ] DEBUG Logger               - Configured Logger
11:30:38.850 [main                     ] DEBUG GameApplication      - Logging settings
Title: Dungeon
Version: 1.0
Width: 1280
Height: 720
Fullscreen: false
Intro: false
Profiling: false
Single step:false
App Mode: DEVELOPER
Menu Key: ESCAPE
Stage Style: DECORATED
Scene Factory: class com.lgiacchetta.dungeon.DungeonApp$1

11:30:39.264 [JavaFX Application Thread] DEBUG FXGLApplication      - Initializing FXGL
11:30:39.275 [JavaFX Application Thread] INFO  Engine               - FXGL-17.2 (20.08.2022 16.50) on WINDOWS (J:17.0.6 FX:17.0.2-ea)
11:30:39.275 [JavaFX Application Thread] DEBUG Engine               - JRE Vendor Name: Oracle Corporation
11:30:39.275 [JavaFX Application Thread] DEBUG Engine               - Running on OS: Windows 11 version 10.0
11:30:39.275 [JavaFX Application Thread] DEBUG Engine               - Architecture: amd64
11:30:39.275 [JavaFX Application Thread] INFO  Engine               - Source code and latest versions at: https://github.com/AlmasB/FXGL
11:30:39.276 [JavaFX Application Thread] INFO  Engine               -       Ask questions and discuss at: https://github.com/AlmasB/FXGL/discussions
11:30:39.276 [JavaFX Application Thread] INFO  Engine               -              Join the FXGL chat at: https://gitter.im/AlmasB/FXGL
11:30:39.364 [JavaFX Application Thread] DEBUG PrimaryStageWindow   - Creating a JavaFX scene
11:30:39.407 [JavaFX Application Thread] DEBUG PrimaryStageWindow   - Target settings size: 1280.0 x 720.0
11:30:39.407 [JavaFX Application Thread] DEBUG PrimaryStageWindow   - Scaled scene size:    1280.0 x 720.0
11:30:39.407 [JavaFX Application Thread] DEBUG PrimaryStageWindow   - Scaled ratio: (1.0, 1.0)
11:30:39.408 [JavaFX Application Thread] DEBUG PrimaryStageWindow   - Set initial scene to FXGLStartupScene
11:30:39.413 [JavaFX Application Thread] DEBUG PrimaryStageWindow   - Opening main window
11:30:39.510 [JavaFX Application Thread] DEBUG PrimaryStageWindow   - Window border size: (14.6666259765625, 37.33331298828125)
11:30:39.511 [JavaFX Application Thread] DEBUG PrimaryStageWindow   - Scaled size: 1280.0 x 720.0
11:30:39.512 [JavaFX Application Thread] DEBUG PrimaryStageWindow   - Scaled ratio: (1.0, 1.0)
11:30:39.512 [JavaFX Application Thread] DEBUG PrimaryStageWindow   - Scene size: 1280.0 x 720.0
11:30:39.512 [JavaFX Application Thread] DEBUG PrimaryStageWindow   - Stage size: 1294.6666259765625 x 757.3333129882812
11:30:39.519 [FXGL Background Thread 1 ] DEBUG Engine               - Initializing environment variables
11:30:39.568 [FXGL Background Thread 1 ] DEBUG FXGLAssetLoaderServi - User app class for loading assets: class com.lgiacchetta.dungeon.DungeonApp
11:30:39.569 [FXGL Background Thread 1 ] DEBUG GameApplicationServi - Applying CSS: fxgl_dark.css
11:30:39.570 [FXGL Background Thread 1 ] DEBUG FXGLAssetLoaderServi - Loading from file system: jar:file:///C:/Users/lucag/.gradle/caches/modules-2/files-2.1/com.github.almasb/fxgl/17.2/35db6ae960eec2dcfd19262d3b7f9c42f0e95bc3/fxgl-17.2.jar!/fxglassets/ui/css/fxgl_dark.css
11:30:39.625 [FXGL Background Thread 1 ] DEBUG GameApplicationServi - Initializing application scenes
11:30:39.664 [FXGL Background Thread 1 ] DEBUG FXGLAssetLoaderServi - Loading from file system: jar:file:///C:/Users/lucag/IdeaProjects/Dungeon/build/libs/Dungeon-1.0-SNAPSHOT.jar!/assets/music/melody.wav
11:30:40.216 [FXGL Background Thread 1 ] DEBUG FXGLAssetLoaderServi - Loading from file system: jar:file:///C:/Users/lucag/IdeaProjects/Dungeon/build/libs/Dungeon-1.0-SNAPSHOT.jar!/assets/music/menu.wav
11:30:40.266 [FXGL Background Thread 1 ] DEBUG FXGLAssetLoaderServi - Loading from file system: jar:file:///C:/Users/lucag/IdeaProjects/Dungeon/build/libs/Dungeon-1.0-SNAPSHOT.jar!/assets/textures/orc/boss/ogre_run_anim_f0.png
11:30:40.279 [FXGL Background Thread 1 ] DEBUG FXGLAssetLoaderServi - Loading from file system: jar:file:///C:/Users/lucag/IdeaProjects/Dungeon/build/libs/Dungeon-1.0-SNAPSHOT.jar!/assets/textures/orc/boss/ogre_run_anim_f1.png
11:30:40.280 [FXGL Background Thread 1 ] DEBUG FXGLAssetLoaderServi - Loading from file system: jar:file:///C:/Users/lucag/IdeaProjects/Dungeon/build/libs/Dungeon-1.0-SNAPSHOT.jar!/assets/textures/orc/boss/ogre_run_anim_f2.png
11:30:40.281 [FXGL Background Thread 1 ] DEBUG FXGLAssetLoaderServi - Loading from file system: jar:file:///C:/Users/lucag/IdeaProjects/Dungeon/build/libs/Dungeon-1.0-SNAPSHOT.jar!/assets/textures/orc/boss/ogre_run_anim_f3.png
11:30:40.296 [FXGL Background Thread 1 ] DEBUG FXGLAssetLoaderServi - Loading from file system: jar:file:///C:/Users/lucag/IdeaProjects/Dungeon/build/libs/Dungeon-1.0-SNAPSHOT.jar!/assets/textures/demon/boss/big_demon_run_anim_f0.png
11:30:40.298 [FXGL Background Thread 1 ] DEBUG FXGLAssetLoaderServi - Loading from file system: jar:file:///C:/Users/lucag/IdeaProjects/Dungeon/build/libs/Dungeon-1.0-SNAPSHOT.jar!/assets/textures/demon/boss/big_demon_run_anim_f1.png
11:30:40.298 [FXGL Background Thread 1 ] DEBUG FXGLAssetLoaderServi - Loading from file system: jar:file:///C:/Users/lucag/IdeaProjects/Dungeon/build/libs/Dungeon-1.0-SNAPSHOT.jar!/assets/textures/demon/boss/big_demon_run_anim_f2.png
11:30:40.299 [FXGL Background Thread 1 ] DEBUG FXGLAssetLoaderServi - Loading from file system: jar:file:///C:/Users/lucag/IdeaProjects/Dungeon/build/libs/Dungeon-1.0-SNAPSHOT.jar!/assets/textures/demon/boss/big_demon_run_anim_f3.png
11:30:40.300 [FXGL Background Thread 1 ] DEBUG FXGLAssetLoaderServi - Loading from file system: jar:file:///C:/Users/lucag/IdeaProjects/Dungeon/build/libs/Dungeon-1.0-SNAPSHOT.jar!/assets/textures/undead/boss/big_zombie_run_anim_f0.png
11:30:40.301 [FXGL Background Thread 1 ] DEBUG FXGLAssetLoaderServi - Loading from file system: jar:file:///C:/Users/lucag/IdeaProjects/Dungeon/build/libs/Dungeon-1.0-SNAPSHOT.jar!/assets/textures/undead/boss/big_zombie_run_anim_f1.png
11:30:40.302 [FXGL Background Thread 1 ] DEBUG FXGLAssetLoaderServi - Loading from file system: jar:file:///C:/Users/lucag/IdeaProjects/Dungeon/build/libs/Dungeon-1.0-SNAPSHOT.jar!/assets/textures/undead/boss/big_zombie_run_anim_f2.png
11:30:40.302 [FXGL Background Thread 1 ] DEBUG FXGLAssetLoaderServi - Loading from file system: jar:file:///C:/Users/lucag/IdeaProjects/Dungeon/build/libs/Dungeon-1.0-SNAPSHOT.jar!/assets/textures/undead/boss/big_zombie_run_anim_f3.png
11:30:40.303 [FXGL Background Thread 1 ] DEBUG FXGLAssetLoaderServi - Loading from file system: jar:file:///C:/Users/lucag/IdeaProjects/Dungeon/build/libs/Dungeon-1.0-SNAPSHOT.jar!/assets/textures/hero/knight_m_run_anim_f0.png
11:30:40.304 [FXGL Background Thread 1 ] DEBUG FXGLAssetLoaderServi - Loading from file system: jar:file:///C:/Users/lucag/IdeaProjects/Dungeon/build/libs/Dungeon-1.0-SNAPSHOT.jar!/assets/textures/hero/knight_m_run_anim_f1.png
11:30:40.304 [FXGL Background Thread 1 ] DEBUG FXGLAssetLoaderServi - Loading from file system: jar:file:///C:/Users/lucag/IdeaProjects/Dungeon/build/libs/Dungeon-1.0-SNAPSHOT.jar!/assets/textures/hero/knight_m_run_anim_f2.png
11:30:40.305 [FXGL Background Thread 1 ] DEBUG FXGLAssetLoaderServi - Loading from file system: jar:file:///C:/Users/lucag/IdeaProjects/Dungeon/build/libs/Dungeon-1.0-SNAPSHOT.jar!/assets/textures/hero/knight_m_run_anim_f3.png
11:30:40.308 [FXGL Background Thread 1 ] DEBUG FXGLAssetLoaderServi - Loading from file system: jar:file:///C:/Users/lucag/IdeaProjects/Dungeon/build/libs/Dungeon-1.0-SNAPSHOT.jar!/assets/textures/loading.jpg
11:30:40.329 [FXGL Background Thread 1 ] DEBUG GameWorld            - Game world initialized
11:30:40.367 [FXGL Background Thread 1 ] DEBUG PhysicsWorld         - Physics world initialized: appHeight=720, physics.ppm=50,0
11:30:40.368 [FXGL Background Thread 1 ] DEBUG PhysicsWorld         - Using strategy: BRUTE_FORCE
11:30:40.372 [FXGL Background Thread 1 ] DEBUG GameScene            - Game scene initialized: 1280x720
11:30:40.392 [FXGL Background Thread 1 ] DEBUG GameApplicationServi - Application scenes initialized
11:30:40.403 [FXGL Background Thread 1 ] DEBUG SystemBundleService  - Loading FXGL system data
11:30:40.409 [FXGL Background Thread 1 ] DEBUG FileSystemAccess     - Reading from: C:\Users\lucag\IdeaProjects\Dungeon\system\fxgl.bundle
11:30:40.418 [FXGL Background Thread 1 ] DEBUG SystemBundleService  - Bundle FXGL: {}
11:30:40.418 [FXGL Background Thread 1 ] DEBUG UpdaterService       - Checking for updates
11:30:40.427 [FXGL Background Thread 4 ] DEBUG FXGLApplication      - Loading fonts
11:30:40.427 [FXGL Background Thread 4 ] DEBUG FXGLAssetLoaderServi - Loading from file system: jar:file:///C:/Users/lucag/IdeaProjects/Dungeon/build/libs/Dungeon-1.0-SNAPSHOT.jar!/assets/ui/fonts/alagard.ttf
11:30:40.428 [FXGL Background Thread 1 ] DEBUG FXGLApplication      - Loading default localization
11:30:40.428 [FXGL Background Thread 1 ] DEBUG FXGLAssetLoaderServi - Loading from file system: jar:file:///C:/Users/lucag/.gradle/caches/modules-2/files-2.1/com.github.almasb/fxgl/17.2/35db6ae960eec2dcfd19262d3b7f9c42f0e95bc3/fxgl-17.2.jar!/fxglassets/languages/english.lang
11:30:40.452 [FXGL Background Thread 1 ] INFO  FXGLApplication      - FXGL initialization took: 0,931 sec
11:30:40.464 [JavaFX Application Thread] DEBUG Input                - Registered new binding: Up1 - W
11:30:40.465 [JavaFX Application Thread] DEBUG Input                - Registered new binding: Left1 - A
11:30:40.465 [JavaFX Application Thread] DEBUG Input                - Registered new binding: Down1 - S
11:30:40.465 [JavaFX Application Thread] DEBUG Input                - Registered new binding: Right1 - D
11:30:40.465 [JavaFX Application Thread] DEBUG Input                - Registered new binding: Up2 - Up
11:30:40.466 [JavaFX Application Thread] DEBUG Input                - Registered new binding: Left2 - Left
11:30:40.466 [JavaFX Application Thread] DEBUG Input                - Registered new binding: Down2 - Down
11:30:40.466 [JavaFX Application Thread] DEBUG Input                - Registered new binding: Right2 - Right
11:30:40.467 [JavaFX Application Thread] DEBUG AudioPlayer          - Playing music com.almasb.fxgl.audio.Music@fbe9824
11:30:40.485 [JavaFX Application Thread] DEBUG FXGLAssetLoaderServi - Loading from file system: jar:file:///C:/Users/lucag/IdeaProjects/Dungeon/build/libs/Dungeon-1.0-SNAPSHOT.jar!/assets/textures/hero/knight_m_idle_anim_f0.png
11:30:40.496 [JavaFX Application Thread] DEBUG FXGLAssetLoaderServi - Loading from file system: jar:file:///C:/Users/lucag/IdeaProjects/Dungeon/build/libs/Dungeon-1.0-SNAPSHOT.jar!/assets/textures/cursor.png
11:30:40.499 [JavaFX Application Thread] DEBUG Input                - Registered new binding: Screenshot - CTRL+8
11:30:40.500 [JavaFX Application Thread] DEBUG Input                - Registered new binding: System info dump - CTRL+9
11:30:40.500 [JavaFX Application Thread] DEBUG Input                - Registered new binding: Restart - CTRL+R
11:30:40.502 [JavaFX Application Thread] DEBUG Input                - Registered new binding: Toggle Debug Camera - CTRL+7
11:30:40.504 [JavaFX Application Thread] DEBUG LoopRunner           - Starting loop
11:30:40.505 [JavaFX Application Thread] DEBUG LoopRunner           - Initializing JavaFX AnimationTimerLoop
11:30:40.508 [JavaFX Application Thread] DEBUG Input                - Clearing active input actions
11:30:40.519 [JavaFX Application Thread] DEBUG GameApplicationServi - Removing overlay from FXGLStartupScene and adding to FXGLMainMenuDummyScene
11:30:40.520 [JavaFX Application Thread] DEBUG PrimaryStageWindow   - FXGLStartupScene -> FXGLMainMenuDummyScene
11:30:40.520 [JavaFX Application Thread] DEBUG PrimaryStageWindow   - Push state: MainMenu
11:30:40.520 [JavaFX Application Thread] DEBUG Input                - Clearing active input actions
11:30:40.524 [JavaFX Application Thread] DEBUG GameApplicationServi - Removing overlay from FXGLMainMenuDummyScene and adding to MainMenu
11:30:40.524 [JavaFX Application Thread] DEBUG PrimaryStageWindow   - FXGLMainMenuDummyScene -> MainMenu
11:30:40.713 [JavaFX Application Thread] DEBUG FXGLApplication      - Registering font factories with UI factory
11:30:41.069 [FXGL Background Thread 2 ] INFO  UpdaterService       - Your current version:  17.2
11:30:41.070 [FXGL Background Thread 2 ] INFO  UpdaterService       - Latest stable version: 17.3
11:30:43.426 [FXGL Background Thread 3 ] DEBUG Engine               - Logging environment variables
11:30:43.427 [FXGL Background Thread 3 ] DEBUG Engine               - achievements: []
11:30:43.427 [FXGL Background Thread 3 ] DEBUG Engine               - actualHeight: 720.0
11:30:43.427 [FXGL Background Thread 3 ] DEBUG Engine               - actualHeightProperty: ReadOnlyDoubleProperty [value: 720.0]
11:30:43.427 [FXGL Background Thread 3 ] DEBUG Engine               - actualWidth: 1280.0
11:30:43.427 [FXGL Background Thread 3 ] DEBUG Engine               - actualWidthProperty: ReadOnlyDoubleProperty [value: 1280.0]
11:30:43.428 [FXGL Background Thread 3 ] DEBUG Engine               - appIcon: hero/knight_m_idle_anim_f0.png
11:30:43.428 [FXGL Background Thread 3 ] DEBUG Engine               - applicationMode: DEVELOPER
11:30:43.428 [FXGL Background Thread 3 ] DEBUG Engine               - cSSList: [fxgl_dark.css]
11:30:43.428 [FXGL Background Thread 3 ] DEBUG Engine               - collisionDetectionStrategy: BRUTE_FORCE
11:30:43.428 [FXGL Background Thread 3 ] DEBUG Engine               - configClass: Optional.empty
11:30:43.428 [FXGL Background Thread 3 ] DEBUG Engine               - credits: []
11:30:43.432 [FXGL Background Thread 3 ] DEBUG Engine               - defaultCursor: CursorInfo(imageName=cursor.png, hotspotX=5.0, hotspotY=3.0)
11:30:43.432 [FXGL Background Thread 3 ] DEBUG Engine               - devBBoxColorProperty: ObjectProperty [value: 0xff0000ff]
11:30:43.433 [FXGL Background Thread 3 ] DEBUG Engine               - devEnableDebugCameraProperty: BooleanProperty [value: false]
11:30:43.433 [FXGL Background Thread 3 ] DEBUG Engine               - devSensorColorProperty: ObjectProperty [value: 0xffff00ff]
11:30:43.433 [FXGL Background Thread 3 ] DEBUG Engine               - devShowBBoxProperty: BooleanProperty [value: false]
11:30:43.433 [FXGL Background Thread 3 ] DEBUG Engine               - devShowPositionProperty: BooleanProperty [value: false]
11:30:43.433 [FXGL Background Thread 3 ] DEBUG Engine               - enabledMenuItems: []
11:30:43.434 [FXGL Background Thread 3 ] DEBUG Engine               - engineServices: [class com.almasb.fxgl.app.services.FXGLAssetLoaderService, class com.almasb.fxgl.app.FXGLApplication$GameApplicationService, class com.almasb.fxgl.app.services.FXGLDialogService, class com.almasb.fxgl.app.services.IOTaskExecutorService, class com.almasb.fxgl.io.FileSystemService, class com.almasb.fxgl.localization.LocalizationService, class com.almasb.fxgl.app.services.SystemBundleService, class com.almasb.fxgl.profile.SaveLoadService, class com.almasb.fxgl.ui.FXGLUIFactoryServiceProvider, class com.almasb.fxgl.ui.FXGLDialogFactoryServiceProvider, class com.almasb.fxgl.audio.AudioPlayer, class com.almasb.fxgl.notification.impl.NotificationServiceProvider, class com.almasb.fxgl.achievement.AchievementService, class com.almasb.fxgl.cutscene.CutsceneService, class com.almasb.fxgl.minigames.MiniGameService, class com.almasb.fxgl.net.NetService, class com.almasb.fxgl.app.services.UpdaterService, class com.almasb.fxgl.dev.DevService]
11:30:43.434 [FXGL Background Thread 3 ] DEBUG Engine               - fontGame: alagard.ttf
11:30:43.434 [FXGL Background Thread 3 ] DEBUG Engine               - fontMono: alagard.ttf
11:30:43.434 [FXGL Background Thread 3 ] DEBUG Engine               - fontText: alagard.ttf
11:30:43.434 [FXGL Background Thread 3 ] DEBUG Engine               - fontUI: alagard.ttf
11:30:43.434 [FXGL Background Thread 3 ] DEBUG Engine               - fullScreen: BooleanProperty [value: false]
11:30:43.435 [FXGL Background Thread 3 ] DEBUG Engine               - gameDifficulty: MEDIUM
11:30:43.435 [FXGL Background Thread 3 ] DEBUG Engine               - gameDifficultyProperty: ObjectProperty [value: MEDIUM]
11:30:43.435 [FXGL Background Thread 3 ] DEBUG Engine               - globalMusicVolume: 0.5
11:30:43.435 [FXGL Background Thread 3 ] DEBUG Engine               - globalMusicVolumeProperty: DoubleProperty [value: 0.5]
11:30:43.435 [FXGL Background Thread 3 ] DEBUG Engine               - globalSoundVolume: 0.5
11:30:43.435 [FXGL Background Thread 3 ] DEBUG Engine               - globalSoundVolumeProperty: DoubleProperty [value: 0.5]
11:30:43.435 [FXGL Background Thread 3 ] DEBUG Engine               - height: 720
11:30:43.435 [FXGL Background Thread 3 ] DEBUG Engine               - is3D: false
11:30:43.435 [FXGL Background Thread 3 ] DEBUG Engine               - isAndroid: false
11:30:43.435 [FXGL Background Thread 3 ] DEBUG Engine               - isBrowser: false
11:30:43.435 [FXGL Background Thread 3 ] DEBUG Engine               - isClickFeedbackEnabled: false
11:30:43.437 [FXGL Background Thread 3 ] DEBUG Engine               - isCloseConfirmation: false
11:30:43.437 [FXGL Background Thread 3 ] DEBUG Engine               - isDesktop: true
11:30:43.437 [FXGL Background Thread 3 ] DEBUG Engine               - isDeveloperMenuEnabled: false
11:30:43.437 [FXGL Background Thread 3 ] DEBUG Engine               - isEmbedded: false
11:30:43.437 [FXGL Background Thread 3 ] DEBUG Engine               - isEntityPreloadEnabled: true
11:30:43.437 [FXGL Background Thread 3 ] DEBUG Engine               - isExperimentalTiledLargeMap: false
11:30:43.437 [FXGL Background Thread 3 ] DEBUG Engine               - isFileSystemWriteAllowed: true
11:30:43.438 [FXGL Background Thread 3 ] DEBUG Engine               - isFullScreenAllowed: false
11:30:43.438 [FXGL Background Thread 3 ] DEBUG Engine               - isFullScreenFromStart: false
11:30:43.438 [FXGL Background Thread 3 ] DEBUG Engine               - isGameMenuEnabled: true
11:30:43.438 [FXGL Background Thread 3 ] DEBUG Engine               - isIOS: false
11:30:43.438 [FXGL Background Thread 3 ] DEBUG Engine               - isIntroEnabled: false
11:30:43.438 [FXGL Background Thread 3 ] DEBUG Engine               - isLinux: false
11:30:43.438 [FXGL Background Thread 3 ] DEBUG Engine               - isMac: false
11:30:43.438 [FXGL Background Thread 3 ] DEBUG Engine               - isMainMenuEnabled: true
11:30:43.439 [FXGL Background Thread 3 ] DEBUG Engine               - isManualResizeEnabled: false
11:30:43.439 [FXGL Background Thread 3 ] DEBUG Engine               - isMobile: false
11:30:43.439 [FXGL Background Thread 3 ] DEBUG Engine               - isNative: false
11:30:43.439 [FXGL Background Thread 3 ] DEBUG Engine               - isPauseMusicWhenMinimized: true
11:30:43.439 [FXGL Background Thread 3 ] DEBUG Engine               - isPreserveResizeRatio: false
11:30:43.439 [FXGL Background Thread 3 ] DEBUG Engine               - isProfilingEnabled: false
11:30:43.439 [FXGL Background Thread 3 ] DEBUG Engine               - isScaleAffectedOnResize: true
11:30:43.439 [FXGL Background Thread 3 ] DEBUG Engine               - isSingleStep: false
11:30:43.439 [FXGL Background Thread 3 ] DEBUG Engine               - isUserProfileEnabled: false
11:30:43.440 [FXGL Background Thread 3 ] DEBUG Engine               - isWindows: true
11:30:43.440 [FXGL Background Thread 3 ] DEBUG Engine               - language: ObjectProperty [value: ENGLISH]
11:30:43.440 [FXGL Background Thread 3 ] DEBUG Engine               - menuKey: ESCAPE
11:30:43.440 [FXGL Background Thread 3 ] DEBUG Engine               - mouseSensitivity: 0.2
11:30:43.440 [FXGL Background Thread 3 ] DEBUG Engine               - notificationViewClass: class com.almasb.fxgl.notification.view.XboxNotificationView
11:30:43.440 [FXGL Background Thread 3 ] DEBUG Engine               - pixelsPerMeter: 50.0
11:30:43.440 [FXGL Background Thread 3 ] DEBUG Engine               - platform: WINDOWS
11:30:43.440 [FXGL Background Thread 3 ] DEBUG Engine               - prefHeightProperty: ReadOnlyDoubleProperty [value: 720.0]
11:30:43.440 [FXGL Background Thread 3 ] DEBUG Engine               - prefWidthProperty: ReadOnlyDoubleProperty [value: 1280.0]
11:30:43.441 [FXGL Background Thread 3 ] DEBUG Engine               - profileDir: profiles/
11:30:43.441 [FXGL Background Thread 3 ] DEBUG Engine               - profileName: StringProperty [value: DEFAULT]
11:30:43.441 [FXGL Background Thread 3 ] DEBUG Engine               - randomSeed: -1
11:30:43.441 [FXGL Background Thread 3 ] DEBUG Engine               - runtimeInfo: RuntimeInfo(platform=WINDOWS, version=17.2, build=20.08.2022 16.50)
11:30:43.441 [FXGL Background Thread 3 ] DEBUG Engine               - saveFileExt: sav
11:30:43.441 [FXGL Background Thread 3 ] DEBUG Engine               - scaledHeightProp$fxgl: DoubleProperty [bound, value: 720.0]
11:30:43.441 [FXGL Background Thread 3 ] DEBUG Engine               - scaledWidthProp$fxgl: DoubleProperty [bound, value: 1280.0]
11:30:43.442 [FXGL Background Thread 3 ] DEBUG Engine               - sceneFactory: com.lgiacchetta.dungeon.DungeonApp$1@6d375738
11:30:43.442 [FXGL Background Thread 3 ] DEBUG Engine               - secondsIn24h: 60
11:30:43.442 [FXGL Background Thread 3 ] DEBUG Engine               - soundMenuBack: menu/back.wav
11:30:43.442 [FXGL Background Thread 3 ] DEBUG Engine               - soundMenuPress: menu/press.wav
11:30:43.442 [FXGL Background Thread 3 ] DEBUG Engine               - soundMenuSelect: menu/select.wav
11:30:43.442 [FXGL Background Thread 3 ] DEBUG Engine               - soundNotification: core/notification.wav
11:30:43.442 [FXGL Background Thread 3 ] DEBUG Engine               - stageStyle: DECORATED
11:30:43.442 [FXGL Background Thread 3 ] DEBUG Engine               - supportedLanguages: [ENGLISH, FRENCH, GERMAN, HUNGARIAN, RUSSIAN]
11:30:43.442 [FXGL Background Thread 3 ] DEBUG Engine               - ticksPerSecond: -1
11:30:43.442 [FXGL Background Thread 3 ] DEBUG Engine               - title: Dungeon
11:30:43.442 [FXGL Background Thread 3 ] DEBUG Engine               - urlGithub: https://github.com/AlmasB/FXGL
11:30:43.442 [FXGL Background Thread 3 ] DEBUG Engine               - urlLeaderboard: http://fxgl-top.herokuapp.com/
11:30:43.443 [FXGL Background Thread 3 ] DEBUG Engine               - urlPOM: https://raw.githubusercontent.com/AlmasB/FXGL/release/README.md
11:30:43.443 [FXGL Background Thread 3 ] DEBUG Engine               - userAppClass: class com.lgiacchetta.dungeon.DungeonApp
11:30:43.443 [FXGL Background Thread 3 ] DEBUG Engine               - version: 1.0
11:30:43.443 [FXGL Background Thread 3 ] DEBUG Engine               - versionCheckDays: 7
11:30:43.443 [FXGL Background Thread 3 ] DEBUG Engine               - width: 1280
11:30:43.443 [FXGL Background Thread 3 ] DEBUG Engine               - Logging services
11:30:43.443 [FXGL Background Thread 3 ] DEBUG Engine               - class com.almasb.fxgl.app.services.FXGLAssetLoaderService
11:30:43.443 [FXGL Background Thread 3 ] DEBUG Engine               - class com.almasb.fxgl.app.FXGLApplication$GameApplicationService
11:30:43.443 [FXGL Background Thread 3 ] DEBUG Engine               - class com.almasb.fxgl.app.services.FXGLDialogService
11:30:43.443 [FXGL Background Thread 3 ] DEBUG Engine               - class com.almasb.fxgl.app.services.IOTaskExecutorService
11:30:43.443 [FXGL Background Thread 3 ] DEBUG Engine               - class com.almasb.fxgl.io.FileSystemService
11:30:43.443 [FXGL Background Thread 3 ] DEBUG Engine               - class com.almasb.fxgl.localization.LocalizationService
11:30:43.443 [FXGL Background Thread 3 ] DEBUG Engine               - class com.almasb.fxgl.app.services.SystemBundleService
11:30:43.443 [FXGL Background Thread 3 ] DEBUG Engine               - class com.almasb.fxgl.profile.SaveLoadService
11:30:43.443 [FXGL Background Thread 3 ] DEBUG Engine               - class com.almasb.fxgl.ui.FXGLUIFactoryServiceProvider
11:30:43.444 [FXGL Background Thread 3 ] DEBUG Engine               - class com.almasb.fxgl.ui.FXGLDialogFactoryServiceProvider
11:30:43.444 [FXGL Background Thread 3 ] DEBUG Engine               - class com.almasb.fxgl.audio.AudioPlayer
11:30:43.444 [FXGL Background Thread 3 ] DEBUG Engine               - class com.almasb.fxgl.notification.impl.NotificationServiceProvider
11:30:43.444 [FXGL Background Thread 3 ] DEBUG Engine               - class com.almasb.fxgl.achievement.AchievementService
11:30:43.444 [FXGL Background Thread 3 ] DEBUG Engine               - class com.almasb.fxgl.cutscene.CutsceneService
11:30:43.444 [FXGL Background Thread 3 ] DEBUG Engine               - class com.almasb.fxgl.minigames.MiniGameService
11:30:43.444 [FXGL Background Thread 3 ] DEBUG Engine               - class com.almasb.fxgl.net.NetService
11:30:43.444 [FXGL Background Thread 3 ] DEBUG Engine               - class com.almasb.fxgl.app.services.UpdaterService
11:30:43.444 [FXGL Background Thread 3 ] DEBUG Engine               - class com.almasb.fxgl.dev.DevService
11:30:53.402 [JavaFX Application Thread] DEBUG FXGLApplication      - Exiting FXGL
11:30:53.402 [JavaFX Application Thread] DEBUG LoopRunner           - Stopping loop
11:30:53.403 [JavaFX Application Thread] DEBUG SystemBundleService  - Saving FXGL system data
11:30:53.407 [JavaFX Application Thread] DEBUG FileSystemAccess     - Writing to: C:\Users\lucag\IdeaProjects\Dungeon\system\fxgl.bundle
11:30:53.411 [JavaFX Application Thread] DEBUG Async                - Shutting down background threads
11:30:53.411 [JavaFX Application Thread] DEBUG PrimaryStageWindow   - Closing main window
11:30:53.447 [JavaFX Application Thread] DEBUG Logger               - Closing Logger
