20:08:29.662 [main                     ] DEBUG Logger               - Configured Logger
20:08:29.695 [main                     ] DEBUG GameApplication      - Logging settings
Title: Dungeon
Version: 1.0
Width: 1280
Height: 720
Fullscreen: false
Intro: false
Profiling: false
Single step:false
App Mode: DEVELOPER
Menu Key: ESCAPE
Stage Style: DECORATED
Scene Factory: class com.lgiacchetta.dungeon.DungeonApp$1

20:08:30.128 [JavaFX Application Thread] DEBUG FXGLApplication      - Initializing FXGL
20:08:30.134 [JavaFX Application Thread] INFO  Engine               - FXGL-17.2 (20.08.2022 16.50) on WINDOWS (J:17.0.6 FX:17.0.2-ea)
20:08:30.135 [JavaFX Application Thread] DEBUG Engine               - JRE Vendor Name: Oracle Corporation
20:08:30.135 [JavaFX Application Thread] DEBUG Engine               - Running on OS: Windows 11 version 10.0
20:08:30.135 [JavaFX Application Thread] DEBUG Engine               - Architecture: amd64
20:08:30.135 [JavaFX Application Thread] INFO  Engine               - Source code and latest versions at: https://github.com/AlmasB/FXGL
20:08:30.135 [JavaFX Application Thread] INFO  Engine               -       Ask questions and discuss at: https://github.com/AlmasB/FXGL/discussions
20:08:30.136 [JavaFX Application Thread] INFO  Engine               -              Join the FXGL chat at: https://gitter.im/AlmasB/FXGL
20:08:30.219 [JavaFX Application Thread] DEBUG PrimaryStageWindow   - Creating a JavaFX scene
20:08:30.268 [JavaFX Application Thread] DEBUG PrimaryStageWindow   - Target settings size: 1280.0 x 720.0
20:08:30.269 [JavaFX Application Thread] DEBUG PrimaryStageWindow   - Scaled scene size:    1280.0 x 720.0
20:08:30.269 [JavaFX Application Thread] DEBUG PrimaryStageWindow   - Scaled ratio: (1.0, 1.0)
20:08:30.270 [JavaFX Application Thread] DEBUG PrimaryStageWindow   - Set initial scene to FXGLStartupScene
20:08:30.276 [JavaFX Application Thread] DEBUG PrimaryStageWindow   - Opening main window
20:08:30.394 [JavaFX Application Thread] DEBUG PrimaryStageWindow   - Window border size: (14.6666259765625, 37.33331298828125)
20:08:30.394 [JavaFX Application Thread] DEBUG PrimaryStageWindow   - Scaled size: 1280.0 x 720.0
20:08:30.396 [JavaFX Application Thread] DEBUG PrimaryStageWindow   - Scaled ratio: (1.0, 1.0)
20:08:30.397 [JavaFX Application Thread] DEBUG PrimaryStageWindow   - Scene size: 1280.0 x 720.0
20:08:30.397 [JavaFX Application Thread] DEBUG PrimaryStageWindow   - Stage size: 1294.6666259765625 x 757.3333129882812
20:08:30.408 [FXGL Background Thread 1 ] DEBUG Engine               - Initializing environment variables
20:08:30.470 [FXGL Background Thread 1 ] DEBUG FXGLAssetLoaderServi - User app class for loading assets: class com.lgiacchetta.dungeon.DungeonApp
20:08:30.471 [FXGL Background Thread 1 ] DEBUG GameApplicationServi - Applying CSS: fxgl_dark.css
20:08:30.472 [FXGL Background Thread 1 ] DEBUG FXGLAssetLoaderServi - Loading from file system: jar:file:///C:/Users/lucag/.gradle/caches/modules-2/files-2.1/com.github.almasb/fxgl/17.2/35db6ae960eec2dcfd19262d3b7f9c42f0e95bc3/fxgl-17.2.jar!/fxglassets/ui/css/fxgl_dark.css
20:08:30.540 [FXGL Background Thread 1 ] DEBUG GameApplicationServi - Initializing application scenes
20:08:30.596 [FXGL Background Thread 1 ] DEBUG FXGLAssetLoaderServi - Loading from file system: jar:file:///C:/Users/lucag/IdeaProjects/Dungeon/build/libs/Dungeon-1.0-SNAPSHOT.jar!/assets/music/melody.wav
20:08:31.355 [FXGL Background Thread 1 ] DEBUG FXGLAssetLoaderServi - Loading from file system: jar:file:///C:/Users/lucag/IdeaProjects/Dungeon/build/libs/Dungeon-1.0-SNAPSHOT.jar!/assets/music/menu.wav
20:08:31.406 [FXGL Background Thread 1 ] DEBUG FXGLAssetLoaderServi - Loading from file system: jar:file:///C:/Users/lucag/IdeaProjects/Dungeon/build/libs/Dungeon-1.0-SNAPSHOT.jar!/assets/textures/orc/boss/ogre_run_anim_f0.png
20:08:31.423 [FXGL Background Thread 1 ] DEBUG FXGLAssetLoaderServi - Loading from file system: jar:file:///C:/Users/lucag/IdeaProjects/Dungeon/build/libs/Dungeon-1.0-SNAPSHOT.jar!/assets/textures/orc/boss/ogre_run_anim_f1.png
20:08:31.425 [FXGL Background Thread 1 ] DEBUG FXGLAssetLoaderServi - Loading from file system: jar:file:///C:/Users/lucag/IdeaProjects/Dungeon/build/libs/Dungeon-1.0-SNAPSHOT.jar!/assets/textures/orc/boss/ogre_run_anim_f2.png
20:08:31.427 [FXGL Background Thread 1 ] DEBUG FXGLAssetLoaderServi - Loading from file system: jar:file:///C:/Users/lucag/IdeaProjects/Dungeon/build/libs/Dungeon-1.0-SNAPSHOT.jar!/assets/textures/orc/boss/ogre_run_anim_f3.png
20:08:31.453 [FXGL Background Thread 1 ] DEBUG FXGLAssetLoaderServi - Loading from file system: jar:file:///C:/Users/lucag/IdeaProjects/Dungeon/build/libs/Dungeon-1.0-SNAPSHOT.jar!/assets/textures/demon/boss/big_demon_run_anim_f0.png
20:08:31.454 [FXGL Background Thread 1 ] DEBUG FXGLAssetLoaderServi - Loading from file system: jar:file:///C:/Users/lucag/IdeaProjects/Dungeon/build/libs/Dungeon-1.0-SNAPSHOT.jar!/assets/textures/demon/boss/big_demon_run_anim_f1.png
20:08:31.456 [FXGL Background Thread 1 ] DEBUG FXGLAssetLoaderServi - Loading from file system: jar:file:///C:/Users/lucag/IdeaProjects/Dungeon/build/libs/Dungeon-1.0-SNAPSHOT.jar!/assets/textures/demon/boss/big_demon_run_anim_f2.png
20:08:31.458 [FXGL Background Thread 1 ] DEBUG FXGLAssetLoaderServi - Loading from file system: jar:file:///C:/Users/lucag/IdeaProjects/Dungeon/build/libs/Dungeon-1.0-SNAPSHOT.jar!/assets/textures/demon/boss/big_demon_run_anim_f3.png
20:08:31.460 [FXGL Background Thread 1 ] DEBUG FXGLAssetLoaderServi - Loading from file system: jar:file:///C:/Users/lucag/IdeaProjects/Dungeon/build/libs/Dungeon-1.0-SNAPSHOT.jar!/assets/textures/undead/boss/big_zombie_run_anim_f0.png
20:08:31.462 [FXGL Background Thread 1 ] DEBUG FXGLAssetLoaderServi - Loading from file system: jar:file:///C:/Users/lucag/IdeaProjects/Dungeon/build/libs/Dungeon-1.0-SNAPSHOT.jar!/assets/textures/undead/boss/big_zombie_run_anim_f1.png
20:08:31.464 [FXGL Background Thread 1 ] DEBUG FXGLAssetLoaderServi - Loading from file system: jar:file:///C:/Users/lucag/IdeaProjects/Dungeon/build/libs/Dungeon-1.0-SNAPSHOT.jar!/assets/textures/undead/boss/big_zombie_run_anim_f2.png
20:08:31.466 [FXGL Background Thread 1 ] DEBUG FXGLAssetLoaderServi - Loading from file system: jar:file:///C:/Users/lucag/IdeaProjects/Dungeon/build/libs/Dungeon-1.0-SNAPSHOT.jar!/assets/textures/undead/boss/big_zombie_run_anim_f3.png
20:08:31.467 [FXGL Background Thread 1 ] DEBUG FXGLAssetLoaderServi - Loading from file system: jar:file:///C:/Users/lucag/IdeaProjects/Dungeon/build/libs/Dungeon-1.0-SNAPSHOT.jar!/assets/textures/hero/knight_m_run_anim_f0.png
20:08:31.468 [FXGL Background Thread 1 ] DEBUG FXGLAssetLoaderServi - Loading from file system: jar:file:///C:/Users/lucag/IdeaProjects/Dungeon/build/libs/Dungeon-1.0-SNAPSHOT.jar!/assets/textures/hero/knight_m_run_anim_f1.png
20:08:31.469 [FXGL Background Thread 1 ] DEBUG FXGLAssetLoaderServi - Loading from file system: jar:file:///C:/Users/lucag/IdeaProjects/Dungeon/build/libs/Dungeon-1.0-SNAPSHOT.jar!/assets/textures/hero/knight_m_run_anim_f2.png
20:08:31.470 [FXGL Background Thread 1 ] DEBUG FXGLAssetLoaderServi - Loading from file system: jar:file:///C:/Users/lucag/IdeaProjects/Dungeon/build/libs/Dungeon-1.0-SNAPSHOT.jar!/assets/textures/hero/knight_m_run_anim_f3.png
20:08:31.476 [FXGL Background Thread 1 ] DEBUG FXGLAssetLoaderServi - Loading from file system: jar:file:///C:/Users/lucag/IdeaProjects/Dungeon/build/libs/Dungeon-1.0-SNAPSHOT.jar!/assets/textures/loading.jpg
20:08:31.515 [FXGL Background Thread 1 ] DEBUG GameWorld            - Game world initialized
20:08:31.570 [FXGL Background Thread 1 ] DEBUG PhysicsWorld         - Physics world initialized: appHeight=720, physics.ppm=50,0
20:08:31.571 [FXGL Background Thread 1 ] DEBUG PhysicsWorld         - Using strategy: BRUTE_FORCE
20:08:31.574 [FXGL Background Thread 1 ] DEBUG GameScene            - Game scene initialized: 1280x720
20:08:31.598 [FXGL Background Thread 1 ] DEBUG GameApplicationServi - Application scenes initialized
20:08:31.617 [FXGL Background Thread 1 ] DEBUG SystemBundleService  - Loading FXGL system data
20:08:31.626 [FXGL Background Thread 1 ] DEBUG FileSystemAccess     - Reading from: C:\Users\lucag\IdeaProjects\Dungeon\system\fxgl.bundle
20:08:31.640 [FXGL Background Thread 1 ] DEBUG SystemBundleService  - Bundle FXGL: {}
20:08:31.641 [FXGL Background Thread 1 ] DEBUG UpdaterService       - Checking for updates
20:08:31.655 [FXGL Background Thread 1 ] DEBUG FXGLApplication      - Loading default localization
20:08:31.656 [FXGL Background Thread 4 ] DEBUG FXGLApplication      - Loading fonts
20:08:31.656 [FXGL Background Thread 1 ] DEBUG FXGLAssetLoaderServi - Loading from file system: jar:file:///C:/Users/lucag/.gradle/caches/modules-2/files-2.1/com.github.almasb/fxgl/17.2/35db6ae960eec2dcfd19262d3b7f9c42f0e95bc3/fxgl-17.2.jar!/fxglassets/languages/english.lang
20:08:31.656 [FXGL Background Thread 4 ] DEBUG FXGLAssetLoaderServi - Loading from file system: jar:file:///C:/Users/lucag/IdeaProjects/Dungeon/build/libs/Dungeon-1.0-SNAPSHOT.jar!/assets/ui/fonts/alagard.ttf
20:08:31.702 [FXGL Background Thread 1 ] INFO  FXGLApplication      - FXGL initialization took: 1,293 sec
20:08:31.716 [JavaFX Application Thread] DEBUG Input                - Registered new binding: Up1 - W
20:08:31.716 [JavaFX Application Thread] DEBUG Input                - Registered new binding: Left1 - A
20:08:31.717 [JavaFX Application Thread] DEBUG Input                - Registered new binding: Down1 - S
20:08:31.717 [JavaFX Application Thread] DEBUG Input                - Registered new binding: Right1 - D
20:08:31.717 [JavaFX Application Thread] DEBUG Input                - Registered new binding: Up2 - Up
20:08:31.717 [JavaFX Application Thread] DEBUG Input                - Registered new binding: Left2 - Left
20:08:31.717 [JavaFX Application Thread] DEBUG Input                - Registered new binding: Down2 - Down
20:08:31.717 [JavaFX Application Thread] DEBUG Input                - Registered new binding: Right2 - Right
20:08:31.718 [JavaFX Application Thread] DEBUG AudioPlayer          - Playing music com.almasb.fxgl.audio.Music@7b1a9b2a
20:08:31.759 [JavaFX Application Thread] DEBUG FXGLAssetLoaderServi - Loading from file system: jar:file:///C:/Users/lucag/IdeaProjects/Dungeon/build/libs/Dungeon-1.0-SNAPSHOT.jar!/assets/textures/chest/chest_full_open_anim_f2.png
20:08:31.780 [JavaFX Application Thread] DEBUG FXGLAssetLoaderServi - Loading from file system: jar:file:///C:/Users/lucag/IdeaProjects/Dungeon/build/libs/Dungeon-1.0-SNAPSHOT.jar!/assets/textures/cursor.png
20:08:31.786 [JavaFX Application Thread] DEBUG Input                - Registered new binding: Screenshot - CTRL+8
20:08:31.786 [JavaFX Application Thread] DEBUG Input                - Registered new binding: System info dump - CTRL+9
20:08:31.787 [JavaFX Application Thread] DEBUG Input                - Registered new binding: Restart - CTRL+R
20:08:31.788 [JavaFX Application Thread] DEBUG Input                - Registered new binding: Toggle Debug Camera - CTRL+7
20:08:31.791 [JavaFX Application Thread] DEBUG LoopRunner           - Starting loop
20:08:31.791 [JavaFX Application Thread] DEBUG LoopRunner           - Initializing JavaFX AnimationTimerLoop
20:08:31.795 [JavaFX Application Thread] DEBUG Input                - Clearing active input actions
20:08:31.807 [JavaFX Application Thread] DEBUG GameApplicationServi - Removing overlay from FXGLStartupScene and adding to FXGLMainMenuDummyScene
20:08:31.808 [JavaFX Application Thread] DEBUG PrimaryStageWindow   - FXGLStartupScene -> FXGLMainMenuDummyScene
20:08:31.809 [JavaFX Application Thread] DEBUG PrimaryStageWindow   - Push state: MainMenu
20:08:31.809 [JavaFX Application Thread] DEBUG Input                - Clearing active input actions
20:08:31.814 [JavaFX Application Thread] DEBUG GameApplicationServi - Removing overlay from FXGLMainMenuDummyScene and adding to MainMenu
20:08:31.815 [JavaFX Application Thread] DEBUG PrimaryStageWindow   - FXGLMainMenuDummyScene -> MainMenu
20:08:31.818 [JavaFX Application Thread] DEBUG FXGLApplication      - Registering font factories with UI factory
20:08:32.624 [FXGL Background Thread 2 ] INFO  UpdaterService       - Your current version:  17.2
20:08:32.624 [FXGL Background Thread 2 ] INFO  UpdaterService       - Latest stable version: 17.3
20:08:33.669 [JavaFX Application Thread] DEBUG FXGLAssetLoaderServi - Loading from file system: jar:file:///C:/Users/lucag/IdeaProjects/Dungeon/build/libs/Dungeon-1.0-SNAPSHOT.jar!/assets/textures/hero/knight_m_idle_anim_f0.png
20:08:33.670 [JavaFX Application Thread] DEBUG FXGLAssetLoaderServi - Loading from file system: jar:file:///C:/Users/lucag/IdeaProjects/Dungeon/build/libs/Dungeon-1.0-SNAPSHOT.jar!/assets/textures/hero/knight_m_idle_anim_f1.png
20:08:33.672 [JavaFX Application Thread] DEBUG FXGLAssetLoaderServi - Loading from file system: jar:file:///C:/Users/lucag/IdeaProjects/Dungeon/build/libs/Dungeon-1.0-SNAPSHOT.jar!/assets/textures/hero/knight_m_idle_anim_f2.png
20:08:33.673 [JavaFX Application Thread] DEBUG FXGLAssetLoaderServi - Loading from file system: jar:file:///C:/Users/lucag/IdeaProjects/Dungeon/build/libs/Dungeon-1.0-SNAPSHOT.jar!/assets/textures/hero/knight_m_idle_anim_f3.png
20:08:33.680 [JavaFX Application Thread] DEBUG FXGLAssetLoaderServi - Loading from file system: jar:file:///C:/Users/lucag/IdeaProjects/Dungeon/build/libs/Dungeon-1.0-SNAPSHOT.jar!/assets/textures/hero/knight_f_idle_anim_f0.png
20:08:33.681 [JavaFX Application Thread] DEBUG FXGLAssetLoaderServi - Loading from file system: jar:file:///C:/Users/lucag/IdeaProjects/Dungeon/build/libs/Dungeon-1.0-SNAPSHOT.jar!/assets/textures/hero/knight_f_idle_anim_f1.png
20:08:33.683 [JavaFX Application Thread] DEBUG FXGLAssetLoaderServi - Loading from file system: jar:file:///C:/Users/lucag/IdeaProjects/Dungeon/build/libs/Dungeon-1.0-SNAPSHOT.jar!/assets/textures/hero/knight_f_idle_anim_f2.png
20:08:33.684 [JavaFX Application Thread] DEBUG FXGLAssetLoaderServi - Loading from file system: jar:file:///C:/Users/lucag/IdeaProjects/Dungeon/build/libs/Dungeon-1.0-SNAPSHOT.jar!/assets/textures/hero/knight_f_idle_anim_f3.png
20:08:34.640 [JavaFX Application Thread] DEBUG FXGLAssetLoaderServi - Loading from file system: jar:file:///C:/Users/lucag/IdeaProjects/Dungeon/build/libs/Dungeon-1.0-SNAPSHOT.jar!/assets/textures/hero/dwarf_m_idle_anim_f0.png
20:08:34.643 [JavaFX Application Thread] DEBUG FXGLAssetLoaderServi - Loading from file system: jar:file:///C:/Users/lucag/IdeaProjects/Dungeon/build/libs/Dungeon-1.0-SNAPSHOT.jar!/assets/textures/hero/dwarf_m_idle_anim_f1.png
20:08:34.645 [JavaFX Application Thread] DEBUG FXGLAssetLoaderServi - Loading from file system: jar:file:///C:/Users/lucag/IdeaProjects/Dungeon/build/libs/Dungeon-1.0-SNAPSHOT.jar!/assets/textures/hero/dwarf_m_idle_anim_f2.png
20:08:34.645 [JavaFX Application Thread] DEBUG FXGLAssetLoaderServi - Loading from file system: jar:file:///C:/Users/lucag/IdeaProjects/Dungeon/build/libs/Dungeon-1.0-SNAPSHOT.jar!/assets/textures/hero/dwarf_m_idle_anim_f3.png
20:08:34.651 [FXGL Background Thread 3 ] DEBUG Engine               - Logging environment variables
20:08:34.651 [FXGL Background Thread 3 ] DEBUG Engine               - achievements: []
20:08:34.651 [FXGL Background Thread 3 ] DEBUG Engine               - actualHeight: 720.0
20:08:34.651 [FXGL Background Thread 3 ] DEBUG Engine               - actualHeightProperty: ReadOnlyDoubleProperty [value: 720.0]
20:08:34.653 [FXGL Background Thread 3 ] DEBUG Engine               - actualWidth: 1280.0
20:08:34.653 [FXGL Background Thread 3 ] DEBUG Engine               - actualWidthProperty: ReadOnlyDoubleProperty [value: 1280.0]
20:08:34.653 [FXGL Background Thread 3 ] DEBUG Engine               - appIcon: chest/chest_full_open_anim_f2.png
20:08:34.653 [FXGL Background Thread 3 ] DEBUG Engine               - applicationMode: DEVELOPER
20:08:34.653 [FXGL Background Thread 3 ] DEBUG Engine               - cSSList: [fxgl_dark.css]
20:08:34.653 [FXGL Background Thread 3 ] DEBUG Engine               - collisionDetectionStrategy: BRUTE_FORCE
20:08:34.653 [FXGL Background Thread 3 ] DEBUG Engine               - configClass: Optional.empty
20:08:34.654 [FXGL Background Thread 3 ] DEBUG Engine               - credits: []
20:08:34.658 [FXGL Background Thread 3 ] DEBUG Engine               - defaultCursor: CursorInfo(imageName=cursor.png, hotspotX=5.0, hotspotY=3.0)
20:08:34.659 [FXGL Background Thread 3 ] DEBUG Engine               - devBBoxColorProperty: ObjectProperty [value: 0xff0000ff]
20:08:34.659 [FXGL Background Thread 3 ] DEBUG Engine               - devEnableDebugCameraProperty: BooleanProperty [value: false]
20:08:34.659 [FXGL Background Thread 3 ] DEBUG Engine               - devSensorColorProperty: ObjectProperty [value: 0xffff00ff]
20:08:34.659 [FXGL Background Thread 3 ] DEBUG Engine               - devShowBBoxProperty: BooleanProperty [value: false]
20:08:34.660 [FXGL Background Thread 3 ] DEBUG Engine               - devShowPositionProperty: BooleanProperty [value: false]
20:08:34.660 [FXGL Background Thread 3 ] DEBUG Engine               - enabledMenuItems: []
20:08:34.660 [FXGL Background Thread 3 ] DEBUG Engine               - engineServices: [class com.almasb.fxgl.app.services.FXGLAssetLoaderService, class com.almasb.fxgl.app.FXGLApplication$GameApplicationService, class com.almasb.fxgl.app.services.FXGLDialogService, class com.almasb.fxgl.app.services.IOTaskExecutorService, class com.almasb.fxgl.io.FileSystemService, class com.almasb.fxgl.localization.LocalizationService, class com.almasb.fxgl.app.services.SystemBundleService, class com.almasb.fxgl.profile.SaveLoadService, class com.almasb.fxgl.ui.FXGLUIFactoryServiceProvider, class com.almasb.fxgl.ui.FXGLDialogFactoryServiceProvider, class com.almasb.fxgl.audio.AudioPlayer, class com.almasb.fxgl.notification.impl.NotificationServiceProvider, class com.almasb.fxgl.achievement.AchievementService, class com.almasb.fxgl.cutscene.CutsceneService, class com.almasb.fxgl.minigames.MiniGameService, class com.almasb.fxgl.net.NetService, class com.almasb.fxgl.app.services.UpdaterService, class com.almasb.fxgl.dev.DevService]
20:08:34.660 [FXGL Background Thread 3 ] DEBUG Engine               - fontGame: alagard.ttf
20:08:34.660 [FXGL Background Thread 3 ] DEBUG Engine               - fontMono: alagard.ttf
20:08:34.661 [FXGL Background Thread 3 ] DEBUG Engine               - fontText: alagard.ttf
20:08:34.661 [FXGL Background Thread 3 ] DEBUG Engine               - fontUI: alagard.ttf
20:08:34.661 [FXGL Background Thread 3 ] DEBUG Engine               - fullScreen: BooleanProperty [value: false]
20:08:34.661 [FXGL Background Thread 3 ] DEBUG Engine               - gameDifficulty: MEDIUM
20:08:34.661 [FXGL Background Thread 3 ] DEBUG Engine               - gameDifficultyProperty: ObjectProperty [value: MEDIUM]
20:08:34.661 [FXGL Background Thread 3 ] DEBUG Engine               - globalMusicVolume: 0.5
20:08:34.661 [FXGL Background Thread 3 ] DEBUG Engine               - globalMusicVolumeProperty: DoubleProperty [value: 0.5]
20:08:34.661 [FXGL Background Thread 3 ] DEBUG Engine               - globalSoundVolume: 0.5
20:08:34.661 [FXGL Background Thread 3 ] DEBUG Engine               - globalSoundVolumeProperty: DoubleProperty [value: 0.5]
20:08:34.662 [FXGL Background Thread 3 ] DEBUG Engine               - height: 720
20:08:34.662 [FXGL Background Thread 3 ] DEBUG Engine               - is3D: false
20:08:34.662 [FXGL Background Thread 3 ] DEBUG Engine               - isAndroid: false
20:08:34.662 [FXGL Background Thread 3 ] DEBUG Engine               - isBrowser: false
20:08:34.662 [FXGL Background Thread 3 ] DEBUG Engine               - isClickFeedbackEnabled: false
20:08:34.662 [FXGL Background Thread 3 ] DEBUG Engine               - isCloseConfirmation: false
20:08:34.662 [FXGL Background Thread 3 ] DEBUG Engine               - isDesktop: true
20:08:34.662 [FXGL Background Thread 3 ] DEBUG Engine               - isDeveloperMenuEnabled: false
20:08:34.662 [FXGL Background Thread 3 ] DEBUG Engine               - isEmbedded: false
20:08:34.662 [FXGL Background Thread 3 ] DEBUG Engine               - isEntityPreloadEnabled: true
20:08:34.662 [FXGL Background Thread 3 ] DEBUG Engine               - isExperimentalTiledLargeMap: false
20:08:34.662 [FXGL Background Thread 3 ] DEBUG Engine               - isFileSystemWriteAllowed: true
20:08:34.663 [FXGL Background Thread 3 ] DEBUG Engine               - isFullScreenAllowed: false
20:08:34.663 [FXGL Background Thread 3 ] DEBUG Engine               - isFullScreenFromStart: false
20:08:34.663 [FXGL Background Thread 3 ] DEBUG Engine               - isGameMenuEnabled: true
20:08:34.663 [FXGL Background Thread 3 ] DEBUG Engine               - isIOS: false
20:08:34.663 [FXGL Background Thread 3 ] DEBUG Engine               - isIntroEnabled: false
20:08:34.663 [FXGL Background Thread 3 ] DEBUG Engine               - isLinux: false
20:08:34.663 [FXGL Background Thread 3 ] DEBUG Engine               - isMac: false
20:08:34.663 [FXGL Background Thread 3 ] DEBUG Engine               - isMainMenuEnabled: true
20:08:34.663 [FXGL Background Thread 3 ] DEBUG Engine               - isManualResizeEnabled: false
20:08:34.663 [FXGL Background Thread 3 ] DEBUG Engine               - isMobile: false
20:08:34.663 [FXGL Background Thread 3 ] DEBUG Engine               - isNative: false
20:08:34.663 [FXGL Background Thread 3 ] DEBUG Engine               - isPauseMusicWhenMinimized: true
20:08:34.663 [FXGL Background Thread 3 ] DEBUG Engine               - isPreserveResizeRatio: false
20:08:34.664 [FXGL Background Thread 3 ] DEBUG Engine               - isProfilingEnabled: false
20:08:34.664 [FXGL Background Thread 3 ] DEBUG Engine               - isScaleAffectedOnResize: true
20:08:34.664 [FXGL Background Thread 3 ] DEBUG Engine               - isSingleStep: false
20:08:34.664 [FXGL Background Thread 3 ] DEBUG Engine               - isUserProfileEnabled: false
20:08:34.664 [FXGL Background Thread 3 ] DEBUG Engine               - isWindows: true
20:08:34.664 [FXGL Background Thread 3 ] DEBUG Engine               - language: ObjectProperty [value: ENGLISH]
20:08:34.664 [FXGL Background Thread 3 ] DEBUG Engine               - menuKey: ESCAPE
20:08:34.664 [FXGL Background Thread 3 ] DEBUG Engine               - mouseSensitivity: 0.2
20:08:34.664 [FXGL Background Thread 3 ] DEBUG Engine               - notificationViewClass: class com.almasb.fxgl.notification.view.XboxNotificationView
20:08:34.664 [FXGL Background Thread 3 ] DEBUG Engine               - pixelsPerMeter: 50.0
20:08:34.664 [FXGL Background Thread 3 ] DEBUG Engine               - platform: WINDOWS
20:08:34.664 [FXGL Background Thread 3 ] DEBUG Engine               - prefHeightProperty: ReadOnlyDoubleProperty [value: 720.0]
20:08:34.664 [FXGL Background Thread 3 ] DEBUG Engine               - prefWidthProperty: ReadOnlyDoubleProperty [value: 1280.0]
20:08:34.664 [FXGL Background Thread 3 ] DEBUG Engine               - profileDir: profiles/
20:08:34.664 [FXGL Background Thread 3 ] DEBUG Engine               - profileName: StringProperty [value: DEFAULT]
20:08:34.664 [FXGL Background Thread 3 ] DEBUG Engine               - randomSeed: -1
20:08:34.666 [FXGL Background Thread 3 ] DEBUG Engine               - runtimeInfo: RuntimeInfo(platform=WINDOWS, version=17.2, build=20.08.2022 16.50)
20:08:34.666 [FXGL Background Thread 3 ] DEBUG Engine               - saveFileExt: sav
20:08:34.666 [FXGL Background Thread 3 ] DEBUG Engine               - scaledHeightProp$fxgl: DoubleProperty [bound, value: 720.0]
20:08:34.666 [FXGL Background Thread 3 ] DEBUG Engine               - scaledWidthProp$fxgl: DoubleProperty [bound, value: 1280.0]
20:08:34.666 [FXGL Background Thread 3 ] DEBUG Engine               - sceneFactory: com.lgiacchetta.dungeon.DungeonApp$1@34198013
20:08:34.666 [FXGL Background Thread 3 ] DEBUG Engine               - secondsIn24h: 60
20:08:34.667 [FXGL Background Thread 3 ] DEBUG Engine               - soundMenuBack: menu/back.wav
20:08:34.667 [FXGL Background Thread 3 ] DEBUG Engine               - soundMenuPress: menu/press.wav
20:08:34.667 [FXGL Background Thread 3 ] DEBUG Engine               - soundMenuSelect: menu/select.wav
20:08:34.667 [FXGL Background Thread 3 ] DEBUG Engine               - soundNotification: core/notification.wav
20:08:34.667 [FXGL Background Thread 3 ] DEBUG Engine               - stageStyle: DECORATED
20:08:34.667 [FXGL Background Thread 3 ] DEBUG Engine               - supportedLanguages: [ENGLISH, FRENCH, GERMAN, HUNGARIAN, RUSSIAN]
20:08:34.667 [FXGL Background Thread 3 ] DEBUG Engine               - ticksPerSecond: -1
20:08:34.667 [FXGL Background Thread 3 ] DEBUG Engine               - title: Dungeon
20:08:34.667 [FXGL Background Thread 3 ] DEBUG Engine               - urlGithub: https://github.com/AlmasB/FXGL
20:08:34.667 [FXGL Background Thread 3 ] DEBUG Engine               - urlLeaderboard: http://fxgl-top.herokuapp.com/
20:08:34.667 [FXGL Background Thread 3 ] DEBUG Engine               - urlPOM: https://raw.githubusercontent.com/AlmasB/FXGL/release/README.md
20:08:34.667 [FXGL Background Thread 3 ] DEBUG Engine               - userAppClass: class com.lgiacchetta.dungeon.DungeonApp
20:08:34.667 [FXGL Background Thread 3 ] DEBUG Engine               - version: 1.0
20:08:34.667 [FXGL Background Thread 3 ] DEBUG Engine               - versionCheckDays: 7
20:08:34.667 [FXGL Background Thread 3 ] DEBUG Engine               - width: 1280
20:08:34.668 [FXGL Background Thread 3 ] DEBUG Engine               - Logging services
20:08:34.668 [FXGL Background Thread 3 ] DEBUG Engine               - class com.almasb.fxgl.app.services.FXGLAssetLoaderService
20:08:34.668 [FXGL Background Thread 3 ] DEBUG Engine               - class com.almasb.fxgl.app.FXGLApplication$GameApplicationService
20:08:34.668 [FXGL Background Thread 3 ] DEBUG Engine               - class com.almasb.fxgl.app.services.FXGLDialogService
20:08:34.668 [FXGL Background Thread 3 ] DEBUG Engine               - class com.almasb.fxgl.app.services.IOTaskExecutorService
20:08:34.668 [FXGL Background Thread 3 ] DEBUG Engine               - class com.almasb.fxgl.io.FileSystemService
20:08:34.668 [FXGL Background Thread 3 ] DEBUG Engine               - class com.almasb.fxgl.localization.LocalizationService
20:08:34.668 [FXGL Background Thread 3 ] DEBUG Engine               - class com.almasb.fxgl.app.services.SystemBundleService
20:08:34.668 [FXGL Background Thread 3 ] DEBUG Engine               - class com.almasb.fxgl.profile.SaveLoadService
20:08:34.668 [FXGL Background Thread 3 ] DEBUG Engine               - class com.almasb.fxgl.ui.FXGLUIFactoryServiceProvider
20:08:34.668 [FXGL Background Thread 3 ] DEBUG Engine               - class com.almasb.fxgl.ui.FXGLDialogFactoryServiceProvider
20:08:34.668 [FXGL Background Thread 3 ] DEBUG Engine               - class com.almasb.fxgl.audio.AudioPlayer
20:08:34.668 [FXGL Background Thread 3 ] DEBUG Engine               - class com.almasb.fxgl.notification.impl.NotificationServiceProvider
20:08:34.668 [FXGL Background Thread 3 ] DEBUG Engine               - class com.almasb.fxgl.achievement.AchievementService
20:08:34.668 [FXGL Background Thread 3 ] DEBUG Engine               - class com.almasb.fxgl.cutscene.CutsceneService
20:08:34.668 [FXGL Background Thread 3 ] DEBUG Engine               - class com.almasb.fxgl.minigames.MiniGameService
20:08:34.668 [FXGL Background Thread 3 ] DEBUG Engine               - class com.almasb.fxgl.net.NetService
20:08:34.669 [FXGL Background Thread 3 ] DEBUG Engine               - class com.almasb.fxgl.app.services.UpdaterService
20:08:34.669 [FXGL Background Thread 3 ] DEBUG Engine               - class com.almasb.fxgl.dev.DevService
20:08:34.808 [JavaFX Application Thread] DEBUG FXGLAssetLoaderServi - Loading from file system: jar:file:///C:/Users/lucag/IdeaProjects/Dungeon/build/libs/Dungeon-1.0-SNAPSHOT.jar!/assets/textures/hero/dwarf_f_idle_anim_f0.png
20:08:34.811 [JavaFX Application Thread] DEBUG FXGLAssetLoaderServi - Loading from file system: jar:file:///C:/Users/lucag/IdeaProjects/Dungeon/build/libs/Dungeon-1.0-SNAPSHOT.jar!/assets/textures/hero/dwarf_f_idle_anim_f1.png
20:08:34.812 [JavaFX Application Thread] DEBUG FXGLAssetLoaderServi - Loading from file system: jar:file:///C:/Users/lucag/IdeaProjects/Dungeon/build/libs/Dungeon-1.0-SNAPSHOT.jar!/assets/textures/hero/dwarf_f_idle_anim_f2.png
20:08:34.813 [JavaFX Application Thread] DEBUG FXGLAssetLoaderServi - Loading from file system: jar:file:///C:/Users/lucag/IdeaProjects/Dungeon/build/libs/Dungeon-1.0-SNAPSHOT.jar!/assets/textures/hero/dwarf_f_idle_anim_f3.png
20:08:36.506 [JavaFX Application Thread] DEBUG FXGLApplication      - Exiting FXGL
20:08:36.507 [JavaFX Application Thread] DEBUG LoopRunner           - Stopping loop
20:08:36.507 [JavaFX Application Thread] DEBUG SystemBundleService  - Saving FXGL system data
20:08:36.511 [JavaFX Application Thread] DEBUG FileSystemAccess     - Writing to: C:\Users\lucag\IdeaProjects\Dungeon\system\fxgl.bundle
20:08:36.515 [JavaFX Application Thread] DEBUG Async                - Shutting down background threads
20:08:36.515 [JavaFX Application Thread] DEBUG PrimaryStageWindow   - Closing main window
20:08:36.543 [JavaFX Application Thread] DEBUG Logger               - Closing Logger
