17:15:52.019 [main                     ] DEBUG Logger               - Configured Logger
17:15:52.060 [main                     ] DEBUG GameApplication      - Logging settings
Title: Untitled
Version: 0.0
Width: 1280
Height: 720
Fullscreen: false
Intro: false
Profiling: false
Single step:false
App Mode: DEVELOPER
Menu Key: ESCAPE
Stage Style: DECORATED
Scene Factory: class com.lgiacchetta.dungeon.DungeonApp$1

17:15:52.441 [JavaFX Application Thread] DEBUG FXGLApplication      - Initializing FXGL
17:15:52.449 [JavaFX Application Thread] INFO  Engine               - FXGL-17.2 (20.08.2022 16.50) on WINDOWS (J:17.0.6 FX:17.0.2-ea)
17:15:52.449 [JavaFX Application Thread] DEBUG Engine               - JRE Vendor Name: Oracle Corporation
17:15:52.450 [JavaFX Application Thread] DEBUG Engine               - Running on OS: Windows 11 version 10.0
17:15:52.450 [JavaFX Application Thread] DEBUG Engine               - Architecture: amd64
17:15:52.450 [JavaFX Application Thread] INFO  Engine               - Source code and latest versions at: https://github.com/AlmasB/FXGL
17:15:52.450 [JavaFX Application Thread] INFO  Engine               -       Ask questions and discuss at: https://github.com/AlmasB/FXGL/discussions
17:15:52.450 [JavaFX Application Thread] INFO  Engine               -              Join the FXGL chat at: https://gitter.im/AlmasB/FXGL
17:15:52.520 [JavaFX Application Thread] DEBUG PrimaryStageWindow   - Creating a JavaFX scene
17:15:52.555 [JavaFX Application Thread] DEBUG PrimaryStageWindow   - Target settings size: 1280.0 x 720.0
17:15:52.556 [JavaFX Application Thread] DEBUG PrimaryStageWindow   - Scaled scene size:    1280.0 x 720.0
17:15:52.556 [JavaFX Application Thread] DEBUG PrimaryStageWindow   - Scaled ratio: (1.0, 1.0)
17:15:52.557 [JavaFX Application Thread] DEBUG PrimaryStageWindow   - Set initial scene to FXGLStartupScene
17:15:52.563 [JavaFX Application Thread] DEBUG PrimaryStageWindow   - Opening main window
17:15:52.646 [JavaFX Application Thread] DEBUG PrimaryStageWindow   - Window border size: (14.6666259765625, 37.33331298828125)
17:15:52.646 [JavaFX Application Thread] DEBUG PrimaryStageWindow   - Scaled size: 1280.0 x 720.0
17:15:52.647 [JavaFX Application Thread] DEBUG PrimaryStageWindow   - Scaled ratio: (1.0, 1.0)
17:15:52.647 [JavaFX Application Thread] DEBUG PrimaryStageWindow   - Scene size: 1280.0 x 720.0
17:15:52.647 [JavaFX Application Thread] DEBUG PrimaryStageWindow   - Stage size: 1294.6666259765625 x 757.3333129882812
17:15:52.656 [FXGL Background Thread 1 ] DEBUG Engine               - Initializing environment variables
17:15:52.709 [FXGL Background Thread 1 ] DEBUG FXGLAssetLoaderServi - User app class for loading assets: class com.lgiacchetta.dungeon.DungeonApp
17:15:52.709 [FXGL Background Thread 1 ] DEBUG GameApplicationServi - Applying CSS: fxgl_dark.css
17:15:52.710 [FXGL Background Thread 1 ] DEBUG FXGLAssetLoaderServi - Loading from file system: jar:file:///C:/Users/lucag/.gradle/caches/modules-2/files-2.1/com.github.almasb/fxgl/17.2/35db6ae960eec2dcfd19262d3b7f9c42f0e95bc3/fxgl-17.2.jar!/fxglassets/ui/css/fxgl_dark.css
17:15:52.767 [FXGL Background Thread 1 ] DEBUG GameApplicationServi - Initializing application scenes
17:15:52.769 [FXGL Background Thread 1 ] DEBUG FXGLAssetLoaderServi - Loading from file system: jar:file:///C:/Users/lucag/IdeaProjects/Dungeon/build/libs/Dungeon-1.0-SNAPSHOT.jar!/assets/textures/loading.jpg
17:15:52.840 [FXGL Background Thread 1 ] DEBUG FXGLAssetLoaderServi - Loading from file system: jar:file:///C:/Users/lucag/IdeaProjects/Dungeon/build/libs/Dungeon-1.0-SNAPSHOT.jar!/assets/ui/fonts/a-charming-font.ttf
17:15:52.932 [FXGL Background Thread 1 ] DEBUG FXGLAssetLoaderServi - Loading from file system: jar:file:///C:/Users/lucag/IdeaProjects/Dungeon/build/libs/Dungeon-1.0-SNAPSHOT.jar!/assets/textures/orc/boss/ogre_run_anim_f0.png
17:15:52.938 [FXGL Background Thread 1 ] DEBUG FXGLAssetLoaderServi - Loading from file system: jar:file:///C:/Users/lucag/IdeaProjects/Dungeon/build/libs/Dungeon-1.0-SNAPSHOT.jar!/assets/textures/orc/boss/ogre_run_anim_f1.png
17:15:52.940 [FXGL Background Thread 1 ] DEBUG FXGLAssetLoaderServi - Loading from file system: jar:file:///C:/Users/lucag/IdeaProjects/Dungeon/build/libs/Dungeon-1.0-SNAPSHOT.jar!/assets/textures/orc/boss/ogre_run_anim_f2.png
17:15:52.942 [FXGL Background Thread 1 ] DEBUG FXGLAssetLoaderServi - Loading from file system: jar:file:///C:/Users/lucag/IdeaProjects/Dungeon/build/libs/Dungeon-1.0-SNAPSHOT.jar!/assets/textures/orc/boss/ogre_run_anim_f3.png
17:15:52.974 [FXGL Background Thread 1 ] DEBUG FXGLAssetLoaderServi - Loading from file system: jar:file:///C:/Users/lucag/IdeaProjects/Dungeon/build/libs/Dungeon-1.0-SNAPSHOT.jar!/assets/textures/demon/boss/big_demon_run_anim_f0.png
17:15:52.975 [FXGL Background Thread 1 ] DEBUG FXGLAssetLoaderServi - Loading from file system: jar:file:///C:/Users/lucag/IdeaProjects/Dungeon/build/libs/Dungeon-1.0-SNAPSHOT.jar!/assets/textures/demon/boss/big_demon_run_anim_f1.png
17:15:52.977 [FXGL Background Thread 1 ] DEBUG FXGLAssetLoaderServi - Loading from file system: jar:file:///C:/Users/lucag/IdeaProjects/Dungeon/build/libs/Dungeon-1.0-SNAPSHOT.jar!/assets/textures/demon/boss/big_demon_run_anim_f2.png
17:15:52.978 [FXGL Background Thread 1 ] DEBUG FXGLAssetLoaderServi - Loading from file system: jar:file:///C:/Users/lucag/IdeaProjects/Dungeon/build/libs/Dungeon-1.0-SNAPSHOT.jar!/assets/textures/demon/boss/big_demon_run_anim_f3.png
17:15:52.980 [FXGL Background Thread 1 ] DEBUG FXGLAssetLoaderServi - Loading from file system: jar:file:///C:/Users/lucag/IdeaProjects/Dungeon/build/libs/Dungeon-1.0-SNAPSHOT.jar!/assets/textures/undead/boss/big_zombie_run_anim_f0.png
17:15:52.981 [FXGL Background Thread 1 ] DEBUG FXGLAssetLoaderServi - Loading from file system: jar:file:///C:/Users/lucag/IdeaProjects/Dungeon/build/libs/Dungeon-1.0-SNAPSHOT.jar!/assets/textures/undead/boss/big_zombie_run_anim_f1.png
17:15:52.982 [FXGL Background Thread 1 ] DEBUG FXGLAssetLoaderServi - Loading from file system: jar:file:///C:/Users/lucag/IdeaProjects/Dungeon/build/libs/Dungeon-1.0-SNAPSHOT.jar!/assets/textures/undead/boss/big_zombie_run_anim_f2.png
17:15:52.983 [FXGL Background Thread 1 ] DEBUG FXGLAssetLoaderServi - Loading from file system: jar:file:///C:/Users/lucag/IdeaProjects/Dungeon/build/libs/Dungeon-1.0-SNAPSHOT.jar!/assets/textures/undead/boss/big_zombie_run_anim_f3.png
17:15:52.985 [FXGL Background Thread 1 ] DEBUG FXGLAssetLoaderServi - Loading from file system: jar:file:///C:/Users/lucag/IdeaProjects/Dungeon/build/libs/Dungeon-1.0-SNAPSHOT.jar!/assets/textures/hero/knight_m_run_anim_f0.png
17:15:52.986 [FXGL Background Thread 1 ] DEBUG FXGLAssetLoaderServi - Loading from file system: jar:file:///C:/Users/lucag/IdeaProjects/Dungeon/build/libs/Dungeon-1.0-SNAPSHOT.jar!/assets/textures/hero/knight_m_run_anim_f1.png
17:15:52.987 [FXGL Background Thread 1 ] DEBUG FXGLAssetLoaderServi - Loading from file system: jar:file:///C:/Users/lucag/IdeaProjects/Dungeon/build/libs/Dungeon-1.0-SNAPSHOT.jar!/assets/textures/hero/knight_m_run_anim_f2.png
17:15:52.988 [FXGL Background Thread 1 ] DEBUG FXGLAssetLoaderServi - Loading from file system: jar:file:///C:/Users/lucag/IdeaProjects/Dungeon/build/libs/Dungeon-1.0-SNAPSHOT.jar!/assets/textures/hero/knight_m_run_anim_f3.png
17:15:52.993 [FXGL Background Thread 1 ] DEBUG GameWorld            - Game world initialized
17:15:53.058 [FXGL Background Thread 1 ] DEBUG PhysicsWorld         - Physics world initialized: appHeight=720, physics.ppm=50,0
17:15:53.058 [FXGL Background Thread 1 ] DEBUG PhysicsWorld         - Using strategy: BRUTE_FORCE
17:15:53.061 [FXGL Background Thread 1 ] DEBUG GameScene            - Game scene initialized: 1280x720
17:15:53.073 [FXGL Background Thread 1 ] DEBUG FXGL.DefaultMenu     - createMenuBodyGameMenu()
17:15:53.095 [FXGL Background Thread 1 ] DEBUG FXGL.DefaultMenu     - createOptionsMenu()
17:15:53.111 [FXGL Background Thread 1 ] DEBUG FXGLAssetLoaderServi - Loading from file system: jar:file:///C:/Users/lucag/.gradle/caches/modules-2/files-2.1/com.github.almasb/fxgl/17.2/35db6ae960eec2dcfd19262d3b7f9c42f0e95bc3/fxgl-17.2.jar!/fxglassets/textures/particles/smoke.png
17:15:53.203 [FXGL Background Thread 1 ] DEBUG FXGLAssetLoaderServi - Loading from file system: jar:file:///C:/Users/lucag/.gradle/caches/modules-2/files-2.1/com.github.almasb/fxgl/17.2/35db6ae960eec2dcfd19262d3b7f9c42f0e95bc3/fxgl-17.2.jar!/fxglassets/textures/particles/trace_horizontal.png
17:15:53.242 [FXGL Background Thread 1 ] DEBUG GameApplicationServi - Application scenes initialized
17:15:53.258 [FXGL Background Thread 1 ] DEBUG SystemBundleService  - Loading FXGL system data
17:15:53.264 [FXGL Background Thread 1 ] DEBUG FileSystemAccess     - Reading from: C:\Users\lucag\IdeaProjects\Dungeon\system\fxgl.bundle
17:15:53.273 [FXGL Background Thread 1 ] DEBUG SystemBundleService  - Bundle FXGL: {}
17:15:53.274 [FXGL Background Thread 1 ] DEBUG UpdaterService       - Checking for updates
17:15:53.282 [FXGL Background Thread 1 ] DEBUG FXGLApplication      - Loading default localization
17:15:53.283 [FXGL Background Thread 4 ] DEBUG FXGLApplication      - Loading fonts
17:15:53.283 [FXGL Background Thread 4 ] DEBUG FXGLAssetLoaderServi - Loading from file system: jar:file:///C:/Users/lucag/.gradle/caches/modules-2/files-2.1/com.github.almasb/fxgl/17.2/35db6ae960eec2dcfd19262d3b7f9c42f0e95bc3/fxgl-17.2.jar!/fxglassets/ui/fonts/VarelaRound-Regular.ttf
17:15:53.283 [FXGL Background Thread 1 ] DEBUG FXGLAssetLoaderServi - Loading from file system: jar:file:///C:/Users/lucag/.gradle/caches/modules-2/files-2.1/com.github.almasb/fxgl/17.2/35db6ae960eec2dcfd19262d3b7f9c42f0e95bc3/fxgl-17.2.jar!/fxglassets/languages/english.lang
17:15:53.290 [FXGL Background Thread 4 ] DEBUG FXGLAssetLoaderServi - Loading from file system: jar:file:///C:/Users/lucag/.gradle/caches/modules-2/files-2.1/com.github.almasb/fxgl/17.2/35db6ae960eec2dcfd19262d3b7f9c42f0e95bc3/fxgl-17.2.jar!/fxglassets/ui/fonts/Abel-Regular.ttf
17:15:53.295 [FXGL Background Thread 4 ] DEBUG FXGLAssetLoaderServi - Loading from file system: jar:file:///C:/Users/lucag/.gradle/caches/modules-2/files-2.1/com.github.almasb/fxgl/17.2/35db6ae960eec2dcfd19262d3b7f9c42f0e95bc3/fxgl-17.2.jar!/fxglassets/ui/fonts/TerminalLandMono-Regular.otf
17:15:53.300 [FXGL Background Thread 4 ] DEBUG FXGLAssetLoaderServi - Loading from file system: jar:file:///C:/Users/lucag/.gradle/caches/modules-2/files-2.1/com.github.almasb/fxgl/17.2/35db6ae960eec2dcfd19262d3b7f9c42f0e95bc3/fxgl-17.2.jar!/fxglassets/ui/fonts/Courier-Prime.ttf
17:15:53.310 [JavaFX Application Thread] DEBUG FXGLApplication      - Registering font factories with UI factory
17:15:53.313 [FXGL Background Thread 1 ] INFO  FXGLApplication      - FXGL initialization took: 0,657 sec
17:15:53.326 [JavaFX Application Thread] DEBUG Input                - Registered new binding: Up1 - W
17:15:53.327 [JavaFX Application Thread] DEBUG Input                - Registered new binding: Left1 - A
17:15:53.327 [JavaFX Application Thread] DEBUG Input                - Registered new binding: Down1 - S
17:15:53.327 [JavaFX Application Thread] DEBUG Input                - Registered new binding: Right1 - D
17:15:53.328 [JavaFX Application Thread] DEBUG Input                - Registered new binding: Up2 - Up
17:15:53.328 [JavaFX Application Thread] DEBUG Input                - Registered new binding: Left2 - Left
17:15:53.328 [JavaFX Application Thread] DEBUG Input                - Registered new binding: Down2 - Down
17:15:53.328 [JavaFX Application Thread] DEBUG Input                - Registered new binding: Right2 - Right
17:15:53.328 [JavaFX Application Thread] DEBUG FXGLAssetLoaderServi - Loading from file system: jar:file:///C:/Users/lucag/.gradle/caches/modules-2/files-2.1/com.github.almasb/fxgl/17.2/35db6ae960eec2dcfd19262d3b7f9c42f0e95bc3/fxgl-17.2.jar!/fxglassets/textures/fxgl_icon.png
17:15:53.349 [JavaFX Application Thread] DEBUG FXGLAssetLoaderServi - Loading from file system: jar:file:///C:/Users/lucag/.gradle/caches/modules-2/files-2.1/com.github.almasb/fxgl/17.2/35db6ae960eec2dcfd19262d3b7f9c42f0e95bc3/fxgl-17.2.jar!/fxglassets/textures/fxgl_default_cursor.png
17:15:53.352 [JavaFX Application Thread] DEBUG Input                - Registered new binding: Screenshot - CTRL+8
17:15:53.352 [JavaFX Application Thread] DEBUG Input                - Registered new binding: System info dump - CTRL+9
17:15:53.352 [JavaFX Application Thread] DEBUG Input                - Registered new binding: Restart - CTRL+R
17:15:53.353 [JavaFX Application Thread] DEBUG Input                - Registered new binding: Toggle Debug Camera - CTRL+7
17:15:53.357 [JavaFX Application Thread] DEBUG LoopRunner           - Starting loop
17:15:53.358 [JavaFX Application Thread] DEBUG LoopRunner           - Initializing JavaFX AnimationTimerLoop
17:15:53.360 [JavaFX Application Thread] DEBUG GameApplicationServi - Starting new game
17:15:53.360 [JavaFX Application Thread] DEBUG Input                - Clearing active input actions
17:15:53.372 [JavaFX Application Thread] DEBUG GameApplicationServi - Removing overlay from FXGLStartupScene and adding to MainLoadingScene
17:15:53.372 [JavaFX Application Thread] DEBUG PrimaryStageWindow   - FXGLStartupScene -> MainLoadingScene
17:15:53.373 [JavaFX Application Thread] DEBUG GameApplicationServi - Clearing previous game
17:15:53.373 [JavaFX Application Thread] DEBUG GameScene            - Clearing game scene
17:15:53.373 [JavaFX Application Thread] DEBUG GameWorld            - Clearing game world
17:15:53.373 [JavaFX Application Thread] DEBUG PhysicsWorld         - Clearing physics world
17:15:53.374 [FXGL Background Thread 1 ] DEBUG FXGLApplication      - Initializing game
17:15:53.388 [FXGL Background Thread 1 ] DEBUG Input                - Registered new binding: Restart - Enter
17:15:53.438 [FXGL Background Thread 1 ] WARN  TMXLevelLoader       - TiledMap generated from 1.10.1. Supported version: 1.9.0. Some features may not be parsed fully.
17:15:53.463 [FXGL Background Thread 1 ] DEBUG TMXLevelLoader       - Parsed TiledMap: jar:file:///C:/Users/lucag/IdeaProjects/Dungeon/build/libs/Dungeon-1.0-SNAPSHOT.jar!/assets/levels/tmx/test-map-no-anim.tmx
17:15:53.465 [FXGL Background Thread 1 ] DEBUG TMXLevelLoader       - Creating tile layer entities
17:15:53.468 [FXGL Background Thread 1 ] DEBUG TilesetLoader        - Loading view for layer floor
17:15:53.468 [FXGL Background Thread 1 ] DEBUG TilesetLoader        - Created buffer with size 480.0x480.0
17:15:53.597 [FXGL Background Thread 1 ] DEBUG TilesetLoader        - Loading view for layer walls
17:15:53.598 [FXGL Background Thread 1 ] DEBUG TilesetLoader        - Created buffer with size 480.0x480.0
17:15:53.600 [FXGL Background Thread 1 ] DEBUG TilesetLoader        - Loading view for layer side-walls
17:15:53.601 [FXGL Background Thread 1 ] DEBUG TilesetLoader        - Created buffer with size 480.0x480.0
17:15:53.602 [FXGL Background Thread 1 ] DEBUG TMXLevelLoader       - Creating object layer entities
17:15:53.629 [FXGL Background Thread 1 ] DEBUG FXGLAssetLoaderServi - Loading from file system: jar:file:///C:/Users/lucag/IdeaProjects/Dungeon/build/libs/Dungeon-1.0-SNAPSHOT.jar!/assets/textures/spike/floor_spikes_anim_f0.png
17:15:53.630 [FXGL Background Thread 1 ] DEBUG FXGLAssetLoaderServi - Loading from file system: jar:file:///C:/Users/lucag/IdeaProjects/Dungeon/build/libs/Dungeon-1.0-SNAPSHOT.jar!/assets/textures/spike/floor_spikes_anim_f1.png
17:15:53.631 [FXGL Background Thread 1 ] DEBUG FXGLAssetLoaderServi - Loading from file system: jar:file:///C:/Users/lucag/IdeaProjects/Dungeon/build/libs/Dungeon-1.0-SNAPSHOT.jar!/assets/textures/spike/floor_spikes_anim_f2.png
17:15:53.631 [FXGL Background Thread 1 ] DEBUG FXGLAssetLoaderServi - Loading from file system: jar:file:///C:/Users/lucag/IdeaProjects/Dungeon/build/libs/Dungeon-1.0-SNAPSHOT.jar!/assets/textures/spike/floor_spikes_anim_f3.png
17:15:53.632 [FXGL Background Thread 1 ] DEBUG FXGLAssetLoaderServi - Loading from file system: jar:file:///C:/Users/lucag/IdeaProjects/Dungeon/build/libs/Dungeon-1.0-SNAPSHOT.jar!/assets/textures/spike/floor_spikes_anim_f4.png
17:15:53.633 [FXGL Background Thread 1 ] DEBUG FXGLAssetLoaderServi - Loading from file system: jar:file:///C:/Users/lucag/IdeaProjects/Dungeon/build/libs/Dungeon-1.0-SNAPSHOT.jar!/assets/textures/spike/floor_spikes_anim_f5.png
17:15:53.633 [FXGL Background Thread 1 ] DEBUG FXGLAssetLoaderServi - Loading from file system: jar:file:///C:/Users/lucag/IdeaProjects/Dungeon/build/libs/Dungeon-1.0-SNAPSHOT.jar!/assets/textures/spike/floor_spikes_anim_f6.png
17:15:53.634 [FXGL Background Thread 1 ] DEBUG FXGLAssetLoaderServi - Loading from file system: jar:file:///C:/Users/lucag/IdeaProjects/Dungeon/build/libs/Dungeon-1.0-SNAPSHOT.jar!/assets/textures/spike/floor_spikes_anim_f7.png
17:15:53.635 [FXGL Background Thread 1 ] DEBUG FXGLAssetLoaderServi - Loading from file system: jar:file:///C:/Users/lucag/IdeaProjects/Dungeon/build/libs/Dungeon-1.0-SNAPSHOT.jar!/assets/textures/spike/floor_spikes_danger_anim_f0.png
17:15:53.648 [FXGL Background Thread 1 ] DEBUG FXGLAssetLoaderServi - Loading from file system: jar:file:///C:/Users/lucag/IdeaProjects/Dungeon/build/libs/Dungeon-1.0-SNAPSHOT.jar!/assets/textures/ladder/floor_ladder.png
17:15:53.651 [FXGL Background Thread 1 ] DEBUG FXGLAssetLoaderServi - Loading from file system: jar:file:///C:/Users/lucag/IdeaProjects/Dungeon/build/libs/Dungeon-1.0-SNAPSHOT.jar!/assets/textures/plate/button_red_up.png
17:15:53.653 [FXGL Background Thread 1 ] DEBUG FXGLAssetLoaderServi - Loading from file system: jar:file:///C:/Users/lucag/IdeaProjects/Dungeon/build/libs/Dungeon-1.0-SNAPSHOT.jar!/assets/textures/plate/button_red_down.png
17:15:53.655 [FXGL Background Thread 1 ] DEBUG FXGLAssetLoaderServi - Loading from file system: jar:file:///C:/Users/lucag/IdeaProjects/Dungeon/build/libs/Dungeon-1.0-SNAPSHOT.jar!/assets/textures/plate/button_blue_up.png
17:15:53.656 [FXGL Background Thread 1 ] DEBUG FXGLAssetLoaderServi - Loading from file system: jar:file:///C:/Users/lucag/IdeaProjects/Dungeon/build/libs/Dungeon-1.0-SNAPSHOT.jar!/assets/textures/plate/button_blue_down.png
17:15:53.660 [FXGL Background Thread 1 ] DEBUG FXGLAssetLoaderServi - Loading from file system: jar:file:///C:/Users/lucag/IdeaProjects/Dungeon/build/libs/Dungeon-1.0-SNAPSHOT.jar!/assets/textures/door/doors_leaf_closed.png
17:15:53.661 [FXGL Background Thread 1 ] DEBUG FXGLAssetLoaderServi - Loading from file system: jar:file:///C:/Users/lucag/IdeaProjects/Dungeon/build/libs/Dungeon-1.0-SNAPSHOT.jar!/assets/textures/door/doors_leaf_open.png
17:15:53.665 [FXGL Background Thread 1 ] DEBUG FXGLAssetLoaderServi - Loading from file system: jar:file:///C:/Users/lucag/IdeaProjects/Dungeon/build/libs/Dungeon-1.0-SNAPSHOT.jar!/assets/textures/hero/knight_m_idle_anim_f0.png
17:15:53.666 [FXGL Background Thread 1 ] DEBUG FXGLAssetLoaderServi - Loading from file system: jar:file:///C:/Users/lucag/IdeaProjects/Dungeon/build/libs/Dungeon-1.0-SNAPSHOT.jar!/assets/textures/hero/knight_m_idle_anim_f1.png
17:15:53.666 [FXGL Background Thread 1 ] DEBUG FXGLAssetLoaderServi - Loading from file system: jar:file:///C:/Users/lucag/IdeaProjects/Dungeon/build/libs/Dungeon-1.0-SNAPSHOT.jar!/assets/textures/hero/knight_m_idle_anim_f2.png
17:15:53.667 [FXGL Background Thread 1 ] DEBUG FXGLAssetLoaderServi - Loading from file system: jar:file:///C:/Users/lucag/IdeaProjects/Dungeon/build/libs/Dungeon-1.0-SNAPSHOT.jar!/assets/textures/hero/knight_m_idle_anim_f3.png
17:15:53.670 [FXGL Background Thread 1 ] DEBUG FXGLAssetLoaderServi - Loading from file system: jar:file:///C:/Users/lucag/IdeaProjects/Dungeon/build/libs/Dungeon-1.0-SNAPSHOT.jar!/assets/textures/hero/knight_f_idle_anim_f0.png
17:15:53.671 [FXGL Background Thread 1 ] DEBUG FXGLAssetLoaderServi - Loading from file system: jar:file:///C:/Users/lucag/IdeaProjects/Dungeon/build/libs/Dungeon-1.0-SNAPSHOT.jar!/assets/textures/hero/knight_f_idle_anim_f1.png
17:15:53.672 [FXGL Background Thread 1 ] DEBUG FXGLAssetLoaderServi - Loading from file system: jar:file:///C:/Users/lucag/IdeaProjects/Dungeon/build/libs/Dungeon-1.0-SNAPSHOT.jar!/assets/textures/hero/knight_f_idle_anim_f2.png
17:15:53.673 [FXGL Background Thread 1 ] DEBUG FXGLAssetLoaderServi - Loading from file system: jar:file:///C:/Users/lucag/IdeaProjects/Dungeon/build/libs/Dungeon-1.0-SNAPSHOT.jar!/assets/textures/hero/knight_f_idle_anim_f3.png
17:15:53.673 [FXGL Background Thread 1 ] DEBUG FXGLAssetLoaderServi - Loading from file system: jar:file:///C:/Users/lucag/IdeaProjects/Dungeon/build/libs/Dungeon-1.0-SNAPSHOT.jar!/assets/textures/hero/knight_f_run_anim_f0.png
17:15:53.674 [FXGL Background Thread 1 ] DEBUG FXGLAssetLoaderServi - Loading from file system: jar:file:///C:/Users/lucag/IdeaProjects/Dungeon/build/libs/Dungeon-1.0-SNAPSHOT.jar!/assets/textures/hero/knight_f_run_anim_f1.png
17:15:53.675 [FXGL Background Thread 1 ] DEBUG FXGLAssetLoaderServi - Loading from file system: jar:file:///C:/Users/lucag/IdeaProjects/Dungeon/build/libs/Dungeon-1.0-SNAPSHOT.jar!/assets/textures/hero/knight_f_run_anim_f2.png
17:15:53.675 [FXGL Background Thread 1 ] DEBUG FXGLAssetLoaderServi - Loading from file system: jar:file:///C:/Users/lucag/IdeaProjects/Dungeon/build/libs/Dungeon-1.0-SNAPSHOT.jar!/assets/textures/hero/knight_f_run_anim_f3.png
17:15:53.677 [FXGL Background Thread 1 ] DEBUG GameWorld            - Clearing removable entities
17:15:53.677 [FXGL Background Thread 1 ] DEBUG GameWorld            - Setting level: com.almasb.fxgl.entity.level.Level@20d9f52b
17:15:53.691 [FXGL Background Thread 1 ] DEBUG FXGLAssetLoaderServi - Loading from file system: jar:file:///C:/Users/lucag/IdeaProjects/Dungeon/build/libs/Dungeon-1.0-SNAPSHOT.jar!/assets/textures/heart/ui_heart_full.png
17:15:53.693 [FXGL Background Thread 1 ] INFO  FXGLApplication      - Game initialization took: 0,319 sec
17:15:53.694 [JavaFX Application Thread] DEBUG Input                - Clearing active input actions
17:15:53.705 [JavaFX Application Thread] DEBUG GameApplicationServi - Removing overlay from MainLoadingScene and adding to GameScene
17:15:53.705 [JavaFX Application Thread] DEBUG PrimaryStageWindow   - MainLoadingScene -> GameScene
17:15:54.164 [FXGL Background Thread 2 ] INFO  UpdaterService       - Your current version:  17.2
17:15:54.164 [FXGL Background Thread 2 ] INFO  UpdaterService       - Latest stable version: 17.3
17:15:56.279 [FXGL Background Thread 3 ] DEBUG Engine               - Logging environment variables
17:15:56.280 [FXGL Background Thread 3 ] DEBUG Engine               - achievements: []
17:15:56.281 [FXGL Background Thread 3 ] DEBUG Engine               - actualHeight: 720.0
17:15:56.281 [FXGL Background Thread 3 ] DEBUG Engine               - actualHeightProperty: ReadOnlyDoubleProperty [value: 720.0]
17:15:56.281 [FXGL Background Thread 3 ] DEBUG Engine               - actualWidth: 1280.0
17:15:56.281 [FXGL Background Thread 3 ] DEBUG Engine               - actualWidthProperty: ReadOnlyDoubleProperty [value: 1280.0]
17:15:56.282 [FXGL Background Thread 3 ] DEBUG Engine               - appIcon: fxgl_icon.png
17:15:56.282 [FXGL Background Thread 3 ] DEBUG Engine               - applicationMode: DEVELOPER
17:15:56.283 [FXGL Background Thread 3 ] DEBUG Engine               - cSSList: [fxgl_dark.css]
17:15:56.283 [FXGL Background Thread 3 ] DEBUG Engine               - collisionDetectionStrategy: BRUTE_FORCE
17:15:56.283 [FXGL Background Thread 3 ] DEBUG Engine               - configClass: Optional.empty
17:15:56.283 [FXGL Background Thread 3 ] DEBUG Engine               - credits: []
17:15:56.284 [FXGL Background Thread 3 ] DEBUG Engine               - defaultCursor: CursorInfo(imageName=fxgl_default_cursor.png, hotspotX=7.0, hotspotY=6.0)
17:15:56.285 [FXGL Background Thread 3 ] DEBUG Engine               - devBBoxColorProperty: ObjectProperty [value: 0xff0000ff]
17:15:56.285 [FXGL Background Thread 3 ] DEBUG Engine               - devEnableDebugCameraProperty: BooleanProperty [value: false]
17:15:56.288 [FXGL Background Thread 3 ] DEBUG Engine               - devSensorColorProperty: ObjectProperty [value: 0xffff00ff]
17:15:56.288 [FXGL Background Thread 3 ] DEBUG Engine               - devShowBBoxProperty: BooleanProperty [value: false]
17:15:56.288 [FXGL Background Thread 3 ] DEBUG Engine               - devShowPositionProperty: BooleanProperty [value: false]
17:15:56.288 [FXGL Background Thread 3 ] DEBUG Engine               - enabledMenuItems: []
17:15:56.289 [FXGL Background Thread 3 ] DEBUG Engine               - engineServices: [class com.almasb.fxgl.app.services.FXGLAssetLoaderService, class com.almasb.fxgl.app.FXGLApplication$GameApplicationService, class com.almasb.fxgl.app.services.FXGLDialogService, class com.almasb.fxgl.app.services.IOTaskExecutorService, class com.almasb.fxgl.io.FileSystemService, class com.almasb.fxgl.localization.LocalizationService, class com.almasb.fxgl.app.services.SystemBundleService, class com.almasb.fxgl.profile.SaveLoadService, class com.almasb.fxgl.ui.FXGLUIFactoryServiceProvider, class com.almasb.fxgl.ui.FXGLDialogFactoryServiceProvider, class com.almasb.fxgl.audio.AudioPlayer, class com.almasb.fxgl.notification.impl.NotificationServiceProvider, class com.almasb.fxgl.achievement.AchievementService, class com.almasb.fxgl.cutscene.CutsceneService, class com.almasb.fxgl.minigames.MiniGameService, class com.almasb.fxgl.net.NetService, class com.almasb.fxgl.app.services.UpdaterService, class com.almasb.fxgl.dev.DevService]
17:15:56.289 [FXGL Background Thread 3 ] DEBUG Engine               - fontGame: Abel-Regular.ttf
17:15:56.289 [FXGL Background Thread 3 ] DEBUG Engine               - fontMono: TerminalLandMono-Regular.otf
17:15:56.289 [FXGL Background Thread 3 ] DEBUG Engine               - fontText: Courier-Prime.ttf
17:15:56.289 [FXGL Background Thread 3 ] DEBUG Engine               - fontUI: VarelaRound-Regular.ttf
17:15:56.290 [FXGL Background Thread 3 ] DEBUG Engine               - fullScreen: BooleanProperty [value: false]
17:15:56.290 [FXGL Background Thread 3 ] DEBUG Engine               - gameDifficulty: MEDIUM
17:15:56.290 [FXGL Background Thread 3 ] DEBUG Engine               - gameDifficultyProperty: ObjectProperty [value: MEDIUM]
17:15:56.290 [FXGL Background Thread 3 ] DEBUG Engine               - globalMusicVolume: 0.5
17:15:56.290 [FXGL Background Thread 3 ] DEBUG Engine               - globalMusicVolumeProperty: DoubleProperty [value: 0.5]
17:15:56.291 [FXGL Background Thread 3 ] DEBUG Engine               - globalSoundVolume: 0.5
17:15:56.291 [FXGL Background Thread 3 ] DEBUG Engine               - globalSoundVolumeProperty: DoubleProperty [value: 0.5]
17:15:56.291 [FXGL Background Thread 3 ] DEBUG Engine               - height: 720
17:15:56.291 [FXGL Background Thread 3 ] DEBUG Engine               - is3D: false
17:15:56.291 [FXGL Background Thread 3 ] DEBUG Engine               - isAndroid: false
17:15:56.291 [FXGL Background Thread 3 ] DEBUG Engine               - isBrowser: false
17:15:56.291 [FXGL Background Thread 3 ] DEBUG Engine               - isClickFeedbackEnabled: false
17:15:56.291 [FXGL Background Thread 3 ] DEBUG Engine               - isCloseConfirmation: false
17:15:56.291 [FXGL Background Thread 3 ] DEBUG Engine               - isDesktop: true
17:15:56.292 [FXGL Background Thread 3 ] DEBUG Engine               - isDeveloperMenuEnabled: false
17:15:56.292 [FXGL Background Thread 3 ] DEBUG Engine               - isEmbedded: false
17:15:56.292 [FXGL Background Thread 3 ] DEBUG Engine               - isEntityPreloadEnabled: true
17:15:56.292 [FXGL Background Thread 3 ] DEBUG Engine               - isExperimentalTiledLargeMap: false
17:15:56.292 [FXGL Background Thread 3 ] DEBUG Engine               - isFileSystemWriteAllowed: true
17:15:56.292 [FXGL Background Thread 3 ] DEBUG Engine               - isFullScreenAllowed: false
17:15:56.292 [FXGL Background Thread 3 ] DEBUG Engine               - isFullScreenFromStart: false
17:15:56.292 [FXGL Background Thread 3 ] DEBUG Engine               - isGameMenuEnabled: true
17:15:56.292 [FXGL Background Thread 3 ] DEBUG Engine               - isIOS: false
17:15:56.292 [FXGL Background Thread 3 ] DEBUG Engine               - isIntroEnabled: false
17:15:56.292 [FXGL Background Thread 3 ] DEBUG Engine               - isLinux: false
17:15:56.292 [FXGL Background Thread 3 ] DEBUG Engine               - isMac: false
17:15:56.293 [FXGL Background Thread 3 ] DEBUG Engine               - isMainMenuEnabled: false
17:15:56.293 [FXGL Background Thread 3 ] DEBUG Engine               - isManualResizeEnabled: false
17:15:56.293 [FXGL Background Thread 3 ] DEBUG Engine               - isMobile: false
17:15:56.293 [FXGL Background Thread 3 ] DEBUG Engine               - isNative: false
17:15:56.293 [FXGL Background Thread 3 ] DEBUG Engine               - isPauseMusicWhenMinimized: true
17:15:56.293 [FXGL Background Thread 3 ] DEBUG Engine               - isPreserveResizeRatio: false
17:15:56.293 [FXGL Background Thread 3 ] DEBUG Engine               - isProfilingEnabled: false
17:15:56.293 [FXGL Background Thread 3 ] DEBUG Engine               - isScaleAffectedOnResize: true
17:15:56.293 [FXGL Background Thread 3 ] DEBUG Engine               - isSingleStep: false
17:15:56.293 [FXGL Background Thread 3 ] DEBUG Engine               - isUserProfileEnabled: false
17:15:56.293 [FXGL Background Thread 3 ] DEBUG Engine               - isWindows: true
17:15:56.293 [FXGL Background Thread 3 ] DEBUG Engine               - language: ObjectProperty [value: ENGLISH]
17:15:56.293 [FXGL Background Thread 3 ] DEBUG Engine               - menuKey: ESCAPE
17:15:56.293 [FXGL Background Thread 3 ] DEBUG Engine               - mouseSensitivity: 0.2
17:15:56.293 [FXGL Background Thread 3 ] DEBUG Engine               - notificationViewClass: class com.almasb.fxgl.notification.view.XboxNotificationView
17:15:56.294 [FXGL Background Thread 3 ] DEBUG Engine               - pixelsPerMeter: 50.0
17:15:56.294 [FXGL Background Thread 3 ] DEBUG Engine               - platform: WINDOWS
17:15:56.294 [FXGL Background Thread 3 ] DEBUG Engine               - prefHeightProperty: ReadOnlyDoubleProperty [value: 720.0]
17:15:56.294 [FXGL Background Thread 3 ] DEBUG Engine               - prefWidthProperty: ReadOnlyDoubleProperty [value: 1280.0]
17:15:56.294 [FXGL Background Thread 3 ] DEBUG Engine               - profileDir: profiles/
17:15:56.294 [FXGL Background Thread 3 ] DEBUG Engine               - profileName: StringProperty [value: DEFAULT]
17:15:56.294 [FXGL Background Thread 3 ] DEBUG Engine               - randomSeed: -1
17:15:56.295 [FXGL Background Thread 3 ] DEBUG Engine               - runtimeInfo: RuntimeInfo(platform=WINDOWS, version=17.2, build=20.08.2022 16.50)
17:15:56.295 [FXGL Background Thread 3 ] DEBUG Engine               - saveFileExt: sav
17:15:56.295 [FXGL Background Thread 3 ] DEBUG Engine               - scaledHeightProp$fxgl: DoubleProperty [bound, value: 720.0]
17:15:56.295 [FXGL Background Thread 3 ] DEBUG Engine               - scaledWidthProp$fxgl: DoubleProperty [bound, value: 1280.0]
17:15:56.295 [FXGL Background Thread 3 ] DEBUG Engine               - sceneFactory: com.lgiacchetta.dungeon.DungeonApp$1@31fc96db
17:15:56.295 [FXGL Background Thread 3 ] DEBUG Engine               - secondsIn24h: 60
17:15:56.295 [FXGL Background Thread 3 ] DEBUG Engine               - soundMenuBack: menu/back.wav
17:15:56.295 [FXGL Background Thread 3 ] DEBUG Engine               - soundMenuPress: menu/press.wav
17:15:56.295 [FXGL Background Thread 3 ] DEBUG Engine               - soundMenuSelect: menu/select.wav
17:15:56.295 [FXGL Background Thread 3 ] DEBUG Engine               - soundNotification: core/notification.wav
17:15:56.295 [FXGL Background Thread 3 ] DEBUG Engine               - stageStyle: DECORATED
17:15:56.295 [FXGL Background Thread 3 ] DEBUG Engine               - supportedLanguages: [ENGLISH, FRENCH, GERMAN, HUNGARIAN, RUSSIAN]
17:15:56.295 [FXGL Background Thread 3 ] DEBUG Engine               - ticksPerSecond: -1
17:15:56.295 [FXGL Background Thread 3 ] DEBUG Engine               - title: Untitled
17:15:56.295 [FXGL Background Thread 3 ] DEBUG Engine               - urlGithub: https://github.com/AlmasB/FXGL
17:15:56.295 [FXGL Background Thread 3 ] DEBUG Engine               - urlLeaderboard: http://fxgl-top.herokuapp.com/
17:15:56.295 [FXGL Background Thread 3 ] DEBUG Engine               - urlPOM: https://raw.githubusercontent.com/AlmasB/FXGL/release/README.md
17:15:56.296 [FXGL Background Thread 3 ] DEBUG Engine               - userAppClass: class com.lgiacchetta.dungeon.DungeonApp
17:15:56.296 [FXGL Background Thread 3 ] DEBUG Engine               - version: 0.0
17:15:56.296 [FXGL Background Thread 3 ] DEBUG Engine               - versionCheckDays: 7
17:15:56.296 [FXGL Background Thread 3 ] DEBUG Engine               - width: 1280
17:15:56.296 [FXGL Background Thread 3 ] DEBUG Engine               - Logging services
17:15:56.296 [FXGL Background Thread 3 ] DEBUG Engine               - class com.almasb.fxgl.app.services.FXGLAssetLoaderService
17:15:56.296 [FXGL Background Thread 3 ] DEBUG Engine               - class com.almasb.fxgl.app.FXGLApplication$GameApplicationService
17:15:56.296 [FXGL Background Thread 3 ] DEBUG Engine               - class com.almasb.fxgl.app.services.FXGLDialogService
17:15:56.296 [FXGL Background Thread 3 ] DEBUG Engine               - class com.almasb.fxgl.app.services.IOTaskExecutorService
17:15:56.296 [FXGL Background Thread 3 ] DEBUG Engine               - class com.almasb.fxgl.io.FileSystemService
17:15:56.296 [FXGL Background Thread 3 ] DEBUG Engine               - class com.almasb.fxgl.localization.LocalizationService
17:15:56.296 [FXGL Background Thread 3 ] DEBUG Engine               - class com.almasb.fxgl.app.services.SystemBundleService
17:15:56.296 [FXGL Background Thread 3 ] DEBUG Engine               - class com.almasb.fxgl.profile.SaveLoadService
17:15:56.296 [FXGL Background Thread 3 ] DEBUG Engine               - class com.almasb.fxgl.ui.FXGLUIFactoryServiceProvider
17:15:56.296 [FXGL Background Thread 3 ] DEBUG Engine               - class com.almasb.fxgl.ui.FXGLDialogFactoryServiceProvider
17:15:56.296 [FXGL Background Thread 3 ] DEBUG Engine               - class com.almasb.fxgl.audio.AudioPlayer
17:15:56.296 [FXGL Background Thread 3 ] DEBUG Engine               - class com.almasb.fxgl.notification.impl.NotificationServiceProvider
17:15:56.296 [FXGL Background Thread 3 ] DEBUG Engine               - class com.almasb.fxgl.achievement.AchievementService
17:15:56.296 [FXGL Background Thread 3 ] DEBUG Engine               - class com.almasb.fxgl.cutscene.CutsceneService
17:15:56.296 [FXGL Background Thread 3 ] DEBUG Engine               - class com.almasb.fxgl.minigames.MiniGameService
17:15:56.296 [FXGL Background Thread 3 ] DEBUG Engine               - class com.almasb.fxgl.net.NetService
17:15:56.296 [FXGL Background Thread 3 ] DEBUG Engine               - class com.almasb.fxgl.app.services.UpdaterService
17:15:56.296 [FXGL Background Thread 3 ] DEBUG Engine               - class com.almasb.fxgl.dev.DevService
17:16:04.801 [JavaFX Application Thread] DEBUG FXGLAssetLoaderServi - Loading from file system: jar:file:///C:/Users/lucag/IdeaProjects/Dungeon/build/libs/Dungeon-1.0-SNAPSHOT.jar!/assets/textures/heart/ui_heart_half.png
17:17:47.873 [JavaFX Application Thread] DEBUG FXGLAssetLoaderServi - Loading from file system: jar:file:///C:/Users/lucag/IdeaProjects/Dungeon/build/libs/Dungeon-1.0-SNAPSHOT.jar!/assets/textures/heart/ui_heart_empty.png
17:20:46.719 [JavaFX Application Thread] DEBUG PrimaryStageWindow   - Push state: GameOverScene
17:20:46.719 [JavaFX Application Thread] DEBUG Input                - Clearing active input actions
17:20:46.720 [JavaFX Application Thread] DEBUG GameApplicationServi - Removing overlay from GameScene and adding to GameOverScene
17:20:46.721 [JavaFX Application Thread] DEBUG PrimaryStageWindow   - GameScene -> GameOverScene
17:20:46.724 [JavaFX Application Thread] WARN  TMXLevelLoader       - TiledMap generated from 1.10.1. Supported version: 1.9.0. Some features may not be parsed fully.
17:20:46.734 [JavaFX Application Thread] DEBUG TMXLevelLoader       - Parsed TiledMap: jar:file:///C:/Users/lucag/IdeaProjects/Dungeon/build/libs/Dungeon-1.0-SNAPSHOT.jar!/assets/levels/tmx/test-map-no-anim.tmx
17:20:46.734 [JavaFX Application Thread] DEBUG TMXLevelLoader       - Creating tile layer entities
17:20:46.734 [JavaFX Application Thread] DEBUG TilesetLoader        - Loading view for layer floor
17:20:46.735 [JavaFX Application Thread] DEBUG TilesetLoader        - Created buffer with size 480.0x480.0
17:20:46.766 [JavaFX Application Thread] DEBUG TilesetLoader        - Loading view for layer walls
17:20:46.766 [JavaFX Application Thread] DEBUG TilesetLoader        - Created buffer with size 480.0x480.0
17:20:46.767 [JavaFX Application Thread] DEBUG TilesetLoader        - Loading view for layer side-walls
17:20:46.767 [JavaFX Application Thread] DEBUG TilesetLoader        - Created buffer with size 480.0x480.0
17:20:46.767 [JavaFX Application Thread] DEBUG TMXLevelLoader       - Creating object layer entities
17:20:46.779 [JavaFX Application Thread] DEBUG GameWorld            - Clearing removable entities
17:20:46.798 [JavaFX Application Thread] DEBUG GameWorld            - Setting level: com.almasb.fxgl.entity.level.Level@6556b6e5
17:21:09.163 [JavaFX Application Thread] DEBUG PrimaryStageWindow   - Pop state: GameOverScene
17:21:09.163 [JavaFX Application Thread] DEBUG Input                - Clearing active input actions
17:21:09.163 [JavaFX Application Thread] DEBUG GameApplicationServi - Removing overlay from GameOverScene and adding to GameScene
17:21:09.163 [JavaFX Application Thread] DEBUG PrimaryStageWindow   - GameScene <- GameOverScene
17:22:37.039 [JavaFX Application Thread] DEBUG PrimaryStageWindow   - Push state: GameOverScene
17:22:37.039 [JavaFX Application Thread] DEBUG Input                - Clearing active input actions
17:22:37.039 [JavaFX Application Thread] DEBUG GameApplicationServi - Removing overlay from GameScene and adding to GameOverScene
17:22:37.039 [JavaFX Application Thread] DEBUG PrimaryStageWindow   - GameScene -> GameOverScene
17:22:37.043 [JavaFX Application Thread] WARN  TMXLevelLoader       - TiledMap generated from 1.10.1. Supported version: 1.9.0. Some features may not be parsed fully.
17:22:37.053 [JavaFX Application Thread] DEBUG TMXLevelLoader       - Parsed TiledMap: jar:file:///C:/Users/lucag/IdeaProjects/Dungeon/build/libs/Dungeon-1.0-SNAPSHOT.jar!/assets/levels/tmx/test-map-no-anim.tmx
17:22:37.053 [JavaFX Application Thread] DEBUG TMXLevelLoader       - Creating tile layer entities
17:22:37.053 [JavaFX Application Thread] DEBUG TilesetLoader        - Loading view for layer floor
17:22:37.054 [JavaFX Application Thread] DEBUG TilesetLoader        - Created buffer with size 480.0x480.0
17:22:37.082 [JavaFX Application Thread] DEBUG TilesetLoader        - Loading view for layer walls
17:22:37.082 [JavaFX Application Thread] DEBUG TilesetLoader        - Created buffer with size 480.0x480.0
17:22:37.083 [JavaFX Application Thread] DEBUG TilesetLoader        - Loading view for layer side-walls
17:22:37.083 [JavaFX Application Thread] DEBUG TilesetLoader        - Created buffer with size 480.0x480.0
17:22:37.084 [JavaFX Application Thread] DEBUG TMXLevelLoader       - Creating object layer entities
17:22:37.091 [JavaFX Application Thread] DEBUG GameWorld            - Clearing removable entities
17:22:37.093 [JavaFX Application Thread] DEBUG GameWorld            - Setting level: com.almasb.fxgl.entity.level.Level@946e48d
17:22:39.861 [JavaFX Application Thread] DEBUG PrimaryStageWindow   - Pop state: GameOverScene
17:22:39.861 [JavaFX Application Thread] DEBUG Input                - Clearing active input actions
17:22:39.861 [JavaFX Application Thread] DEBUG GameApplicationServi - Removing overlay from GameOverScene and adding to GameScene
17:22:39.861 [JavaFX Application Thread] DEBUG PrimaryStageWindow   - GameScene <- GameOverScene
17:22:50.426 [JavaFX Application Thread] DEBUG FXGLApplication      - Exiting FXGL
17:22:50.426 [JavaFX Application Thread] DEBUG LoopRunner           - Stopping loop
17:22:50.426 [JavaFX Application Thread] DEBUG SystemBundleService  - Saving FXGL system data
17:22:50.429 [JavaFX Application Thread] DEBUG FileSystemAccess     - Writing to: C:\Users\lucag\IdeaProjects\Dungeon\system\fxgl.bundle
17:22:50.432 [JavaFX Application Thread] DEBUG Async                - Shutting down background threads
17:22:50.432 [JavaFX Application Thread] DEBUG PrimaryStageWindow   - Closing main window
17:22:50.452 [JavaFX Application Thread] DEBUG Logger               - Closing Logger
