12:54:51.762 [main                     ] DEBUG Logger               - Configured Logger
12:54:51.786 [main                     ] DEBUG GameApplication      - Logging settings
Title: Untitled
Version: 0.0
Width: 1280
Height: 720
Fullscreen: false
Intro: false
Profiling: false
Single step:false
App Mode: DEVELOPER
Menu Key: ESCAPE
Stage Style: DECORATED
Scene Factory: class com.lgiacchetta.dungeon.DungeonApp$1

12:54:52.106 [JavaFX Application Thread] DEBUG FXGLApplication      - Initializing FXGL
12:54:52.112 [JavaFX Application Thread] INFO  Engine               - FXGL-17.2 (20.08.2022 16.50) on WINDOWS (J:17.0.6 FX:17.0.2-ea)
12:54:52.113 [JavaFX Application Thread] DEBUG Engine               - JRE Vendor Name: Oracle Corporation
12:54:52.113 [JavaFX Application Thread] DEBUG Engine               - Running on OS: Windows 11 version 10.0
12:54:52.113 [JavaFX Application Thread] DEBUG Engine               - Architecture: amd64
12:54:52.113 [JavaFX Application Thread] INFO  Engine               - Source code and latest versions at: https://github.com/AlmasB/FXGL
12:54:52.113 [JavaFX Application Thread] INFO  Engine               -       Ask questions and discuss at: https://github.com/AlmasB/FXGL/discussions
12:54:52.113 [JavaFX Application Thread] INFO  Engine               -              Join the FXGL chat at: https://gitter.im/AlmasB/FXGL
12:54:52.190 [JavaFX Application Thread] DEBUG PrimaryStageWindow   - Creating a JavaFX scene
12:54:52.234 [JavaFX Application Thread] DEBUG PrimaryStageWindow   - Target settings size: 1280.0 x 720.0
12:54:52.234 [JavaFX Application Thread] DEBUG PrimaryStageWindow   - Scaled scene size:    1280.0 x 720.0
12:54:52.234 [JavaFX Application Thread] DEBUG PrimaryStageWindow   - Scaled ratio: (1.0, 1.0)
12:54:52.235 [JavaFX Application Thread] DEBUG PrimaryStageWindow   - Set initial scene to FXGLStartupScene
12:54:52.241 [JavaFX Application Thread] DEBUG PrimaryStageWindow   - Opening main window
12:54:52.328 [JavaFX Application Thread] DEBUG PrimaryStageWindow   - Window border size: (14.6666259765625, 37.33331298828125)
12:54:52.328 [JavaFX Application Thread] DEBUG PrimaryStageWindow   - Scaled size: 1280.0 x 720.0
12:54:52.329 [JavaFX Application Thread] DEBUG PrimaryStageWindow   - Scaled ratio: (1.0, 1.0)
12:54:52.329 [JavaFX Application Thread] DEBUG PrimaryStageWindow   - Scene size: 1280.0 x 720.0
12:54:52.329 [JavaFX Application Thread] DEBUG PrimaryStageWindow   - Stage size: 1294.6666259765625 x 757.3333129882812
12:54:52.337 [FXGL Background Thread 1 ] DEBUG Engine               - Initializing environment variables
12:54:52.380 [FXGL Background Thread 1 ] DEBUG FXGLAssetLoaderServi - User app class for loading assets: class com.lgiacchetta.dungeon.DungeonApp
12:54:52.380 [FXGL Background Thread 1 ] DEBUG GameApplicationServi - Applying CSS: fxgl_dark.css
12:54:52.381 [FXGL Background Thread 1 ] DEBUG FXGLAssetLoaderServi - Loading from file system: jar:file:///C:/Users/lucag/.gradle/caches/modules-2/files-2.1/com.github.almasb/fxgl/17.2/35db6ae960eec2dcfd19262d3b7f9c42f0e95bc3/fxgl-17.2.jar!/fxglassets/ui/css/fxgl_dark.css
12:54:52.429 [FXGL Background Thread 1 ] DEBUG GameApplicationServi - Initializing application scenes
12:54:52.432 [FXGL Background Thread 1 ] DEBUG FXGLAssetLoaderServi - Loading from file system: jar:file:///C:/Users/lucag/IdeaProjects/Dungeon/build/libs/Dungeon-1.0-SNAPSHOT.jar!/assets/textures/loading.jpg
12:54:52.487 [FXGL Background Thread 1 ] DEBUG FXGLAssetLoaderServi - Loading from file system: jar:file:///C:/Users/lucag/IdeaProjects/Dungeon/build/libs/Dungeon-1.0-SNAPSHOT.jar!/assets/ui/fonts/a-charming-font.ttf
12:54:52.560 [FXGL Background Thread 1 ] DEBUG FXGLAssetLoaderServi - Loading from file system: jar:file:///C:/Users/lucag/IdeaProjects/Dungeon/build/libs/Dungeon-1.0-SNAPSHOT.jar!/assets/textures/orc/boss/ogre_run_anim_f0.png
12:54:52.564 [FXGL Background Thread 1 ] DEBUG FXGLAssetLoaderServi - Loading from file system: jar:file:///C:/Users/lucag/IdeaProjects/Dungeon/build/libs/Dungeon-1.0-SNAPSHOT.jar!/assets/textures/orc/boss/ogre_run_anim_f1.png
12:54:52.564 [FXGL Background Thread 1 ] DEBUG FXGLAssetLoaderServi - Loading from file system: jar:file:///C:/Users/lucag/IdeaProjects/Dungeon/build/libs/Dungeon-1.0-SNAPSHOT.jar!/assets/textures/orc/boss/ogre_run_anim_f2.png
12:54:52.565 [FXGL Background Thread 1 ] DEBUG FXGLAssetLoaderServi - Loading from file system: jar:file:///C:/Users/lucag/IdeaProjects/Dungeon/build/libs/Dungeon-1.0-SNAPSHOT.jar!/assets/textures/orc/boss/ogre_run_anim_f3.png
12:54:52.583 [FXGL Background Thread 1 ] DEBUG FXGLAssetLoaderServi - Loading from file system: jar:file:///C:/Users/lucag/IdeaProjects/Dungeon/build/libs/Dungeon-1.0-SNAPSHOT.jar!/assets/textures/demon/boss/big_demon_run_anim_f0.png
12:54:52.584 [FXGL Background Thread 1 ] DEBUG FXGLAssetLoaderServi - Loading from file system: jar:file:///C:/Users/lucag/IdeaProjects/Dungeon/build/libs/Dungeon-1.0-SNAPSHOT.jar!/assets/textures/demon/boss/big_demon_run_anim_f1.png
12:54:52.585 [FXGL Background Thread 1 ] DEBUG FXGLAssetLoaderServi - Loading from file system: jar:file:///C:/Users/lucag/IdeaProjects/Dungeon/build/libs/Dungeon-1.0-SNAPSHOT.jar!/assets/textures/demon/boss/big_demon_run_anim_f2.png
12:54:52.585 [FXGL Background Thread 1 ] DEBUG FXGLAssetLoaderServi - Loading from file system: jar:file:///C:/Users/lucag/IdeaProjects/Dungeon/build/libs/Dungeon-1.0-SNAPSHOT.jar!/assets/textures/demon/boss/big_demon_run_anim_f3.png
12:54:52.586 [FXGL Background Thread 1 ] DEBUG FXGLAssetLoaderServi - Loading from file system: jar:file:///C:/Users/lucag/IdeaProjects/Dungeon/build/libs/Dungeon-1.0-SNAPSHOT.jar!/assets/textures/undead/boss/big_zombie_run_anim_f0.png
12:54:52.587 [FXGL Background Thread 1 ] DEBUG FXGLAssetLoaderServi - Loading from file system: jar:file:///C:/Users/lucag/IdeaProjects/Dungeon/build/libs/Dungeon-1.0-SNAPSHOT.jar!/assets/textures/undead/boss/big_zombie_run_anim_f1.png
12:54:52.587 [FXGL Background Thread 1 ] DEBUG FXGLAssetLoaderServi - Loading from file system: jar:file:///C:/Users/lucag/IdeaProjects/Dungeon/build/libs/Dungeon-1.0-SNAPSHOT.jar!/assets/textures/undead/boss/big_zombie_run_anim_f2.png
12:54:52.588 [FXGL Background Thread 1 ] DEBUG FXGLAssetLoaderServi - Loading from file system: jar:file:///C:/Users/lucag/IdeaProjects/Dungeon/build/libs/Dungeon-1.0-SNAPSHOT.jar!/assets/textures/undead/boss/big_zombie_run_anim_f3.png
12:54:52.589 [FXGL Background Thread 1 ] DEBUG FXGLAssetLoaderServi - Loading from file system: jar:file:///C:/Users/lucag/IdeaProjects/Dungeon/build/libs/Dungeon-1.0-SNAPSHOT.jar!/assets/textures/knight/knight_m_run_anim_f0.png
12:54:52.590 [FXGL Background Thread 1 ] DEBUG FXGLAssetLoaderServi - Loading from file system: jar:file:///C:/Users/lucag/IdeaProjects/Dungeon/build/libs/Dungeon-1.0-SNAPSHOT.jar!/assets/textures/knight/knight_m_run_anim_f1.png
12:54:52.590 [FXGL Background Thread 1 ] DEBUG FXGLAssetLoaderServi - Loading from file system: jar:file:///C:/Users/lucag/IdeaProjects/Dungeon/build/libs/Dungeon-1.0-SNAPSHOT.jar!/assets/textures/knight/knight_m_run_anim_f2.png
12:54:52.591 [FXGL Background Thread 1 ] DEBUG FXGLAssetLoaderServi - Loading from file system: jar:file:///C:/Users/lucag/IdeaProjects/Dungeon/build/libs/Dungeon-1.0-SNAPSHOT.jar!/assets/textures/knight/knight_m_run_anim_f3.png
12:54:52.594 [FXGL Background Thread 1 ] DEBUG GameWorld            - Game world initialized
12:54:52.655 [FXGL Background Thread 1 ] DEBUG PhysicsWorld         - Physics world initialized: appHeight=720, physics.ppm=50,0
12:54:52.656 [FXGL Background Thread 1 ] DEBUG PhysicsWorld         - Using strategy: BRUTE_FORCE
12:54:52.660 [FXGL Background Thread 1 ] DEBUG GameScene            - Game scene initialized: 1280x720
12:54:52.676 [FXGL Background Thread 1 ] DEBUG FXGL.DefaultMenu     - createMenuBodyGameMenu()
12:54:52.693 [FXGL Background Thread 1 ] DEBUG FXGL.DefaultMenu     - createOptionsMenu()
12:54:52.704 [FXGL Background Thread 1 ] DEBUG FXGLAssetLoaderServi - Loading from file system: jar:file:///C:/Users/lucag/.gradle/caches/modules-2/files-2.1/com.github.almasb/fxgl/17.2/35db6ae960eec2dcfd19262d3b7f9c42f0e95bc3/fxgl-17.2.jar!/fxglassets/textures/particles/smoke.png
12:54:52.770 [FXGL Background Thread 1 ] DEBUG FXGLAssetLoaderServi - Loading from file system: jar:file:///C:/Users/lucag/.gradle/caches/modules-2/files-2.1/com.github.almasb/fxgl/17.2/35db6ae960eec2dcfd19262d3b7f9c42f0e95bc3/fxgl-17.2.jar!/fxglassets/textures/particles/trace_horizontal.png
12:54:52.793 [FXGL Background Thread 1 ] DEBUG GameApplicationServi - Application scenes initialized
12:54:52.805 [FXGL Background Thread 1 ] DEBUG SystemBundleService  - Loading FXGL system data
12:54:52.811 [FXGL Background Thread 1 ] DEBUG FileSystemAccess     - Reading from: C:\Users\lucag\IdeaProjects\Dungeon\system\fxgl.bundle
12:54:52.817 [FXGL Background Thread 1 ] DEBUG SystemBundleService  - Bundle FXGL: {}
12:54:52.817 [FXGL Background Thread 1 ] DEBUG UpdaterService       - Checking for updates
12:54:52.822 [FXGL Background Thread 4 ] DEBUG FXGLApplication      - Loading fonts
12:54:52.823 [FXGL Background Thread 4 ] DEBUG FXGLAssetLoaderServi - Loading from file system: jar:file:///C:/Users/lucag/.gradle/caches/modules-2/files-2.1/com.github.almasb/fxgl/17.2/35db6ae960eec2dcfd19262d3b7f9c42f0e95bc3/fxgl-17.2.jar!/fxglassets/ui/fonts/VarelaRound-Regular.ttf
12:54:52.824 [FXGL Background Thread 1 ] DEBUG FXGLApplication      - Loading default localization
12:54:52.825 [FXGL Background Thread 1 ] DEBUG FXGLAssetLoaderServi - Loading from file system: jar:file:///C:/Users/lucag/.gradle/caches/modules-2/files-2.1/com.github.almasb/fxgl/17.2/35db6ae960eec2dcfd19262d3b7f9c42f0e95bc3/fxgl-17.2.jar!/fxglassets/languages/english.lang
12:54:52.828 [FXGL Background Thread 4 ] DEBUG FXGLAssetLoaderServi - Loading from file system: jar:file:///C:/Users/lucag/.gradle/caches/modules-2/files-2.1/com.github.almasb/fxgl/17.2/35db6ae960eec2dcfd19262d3b7f9c42f0e95bc3/fxgl-17.2.jar!/fxglassets/ui/fonts/Abel-Regular.ttf
12:54:52.834 [FXGL Background Thread 4 ] DEBUG FXGLAssetLoaderServi - Loading from file system: jar:file:///C:/Users/lucag/.gradle/caches/modules-2/files-2.1/com.github.almasb/fxgl/17.2/35db6ae960eec2dcfd19262d3b7f9c42f0e95bc3/fxgl-17.2.jar!/fxglassets/ui/fonts/TerminalLandMono-Regular.otf
12:54:52.837 [FXGL Background Thread 4 ] DEBUG FXGLAssetLoaderServi - Loading from file system: jar:file:///C:/Users/lucag/.gradle/caches/modules-2/files-2.1/com.github.almasb/fxgl/17.2/35db6ae960eec2dcfd19262d3b7f9c42f0e95bc3/fxgl-17.2.jar!/fxglassets/ui/fonts/Courier-Prime.ttf
12:54:52.843 [FXGL Background Thread 1 ] INFO  FXGLApplication      - FXGL initialization took: 0,506 sec
12:54:52.853 [JavaFX Application Thread] DEBUG Input                - Registered new binding: Up1 - W
12:54:52.854 [JavaFX Application Thread] DEBUG Input                - Registered new binding: Left1 - A
12:54:52.854 [JavaFX Application Thread] DEBUG Input                - Registered new binding: Down1 - S
12:54:52.854 [JavaFX Application Thread] DEBUG Input                - Registered new binding: Right1 - D
12:54:52.854 [JavaFX Application Thread] DEBUG Input                - Registered new binding: Up2 - Up
12:54:52.854 [JavaFX Application Thread] DEBUG Input                - Registered new binding: Left2 - Left
12:54:52.855 [JavaFX Application Thread] DEBUG Input                - Registered new binding: Down2 - Down
12:54:52.855 [JavaFX Application Thread] DEBUG Input                - Registered new binding: Right2 - Right
12:54:52.855 [JavaFX Application Thread] DEBUG FXGLAssetLoaderServi - Loading from file system: jar:file:///C:/Users/lucag/.gradle/caches/modules-2/files-2.1/com.github.almasb/fxgl/17.2/35db6ae960eec2dcfd19262d3b7f9c42f0e95bc3/fxgl-17.2.jar!/fxglassets/textures/fxgl_icon.png
12:54:52.873 [JavaFX Application Thread] DEBUG FXGLAssetLoaderServi - Loading from file system: jar:file:///C:/Users/lucag/.gradle/caches/modules-2/files-2.1/com.github.almasb/fxgl/17.2/35db6ae960eec2dcfd19262d3b7f9c42f0e95bc3/fxgl-17.2.jar!/fxglassets/textures/fxgl_default_cursor.png
12:54:52.875 [JavaFX Application Thread] DEBUG Input                - Registered new binding: Screenshot - CTRL+8
12:54:52.875 [JavaFX Application Thread] DEBUG Input                - Registered new binding: System info dump - CTRL+9
12:54:52.876 [JavaFX Application Thread] DEBUG Input                - Registered new binding: Restart - CTRL+R
12:54:52.876 [JavaFX Application Thread] DEBUG Input                - Registered new binding: Toggle Debug Camera - CTRL+7
12:54:52.879 [JavaFX Application Thread] DEBUG LoopRunner           - Starting loop
12:54:52.879 [JavaFX Application Thread] DEBUG LoopRunner           - Initializing JavaFX AnimationTimerLoop
12:54:52.880 [JavaFX Application Thread] DEBUG GameApplicationServi - Starting new game
12:54:52.881 [JavaFX Application Thread] DEBUG Input                - Clearing active input actions
12:54:52.889 [JavaFX Application Thread] DEBUG GameApplicationServi - Removing overlay from FXGLStartupScene and adding to MainLoadingScene
12:54:52.890 [JavaFX Application Thread] DEBUG PrimaryStageWindow   - FXGLStartupScene -> MainLoadingScene
12:54:52.890 [JavaFX Application Thread] DEBUG GameApplicationServi - Clearing previous game
12:54:52.890 [JavaFX Application Thread] DEBUG GameScene            - Clearing game scene
12:54:52.890 [JavaFX Application Thread] DEBUG GameWorld            - Clearing game world
12:54:52.890 [JavaFX Application Thread] DEBUG PhysicsWorld         - Clearing physics world
12:54:52.891 [JavaFX Application Thread] DEBUG FXGLApplication      - Registering font factories with UI factory
12:54:52.891 [FXGL Background Thread 4 ] DEBUG FXGLApplication      - Initializing game
12:54:52.899 [FXGL Background Thread 4 ] DEBUG Input                - Registered new binding: Restart - Enter
12:54:52.929 [FXGL Background Thread 4 ] WARN  TMXLevelLoader       - TiledMap generated from 1.10.1. Supported version: 1.9.0. Some features may not be parsed fully.
12:54:52.954 [FXGL Background Thread 4 ] DEBUG TMXLevelLoader       - Parsed TiledMap: jar:file:///C:/Users/lucag/IdeaProjects/Dungeon/build/libs/Dungeon-1.0-SNAPSHOT.jar!/assets/levels/tmx/test-map-no-anim.tmx
12:54:52.955 [FXGL Background Thread 4 ] DEBUG TMXLevelLoader       - Creating tile layer entities
12:54:52.957 [FXGL Background Thread 4 ] DEBUG TilesetLoader        - Loading view for layer floor
12:54:52.958 [FXGL Background Thread 4 ] DEBUG TilesetLoader        - Created buffer with size 480.0x480.0
12:54:53.068 [FXGL Background Thread 4 ] DEBUG TilesetLoader        - Loading view for layer walls
12:54:53.069 [FXGL Background Thread 4 ] DEBUG TilesetLoader        - Created buffer with size 480.0x480.0
12:54:53.070 [FXGL Background Thread 4 ] DEBUG TilesetLoader        - Loading view for layer side-walls
12:54:53.071 [FXGL Background Thread 4 ] DEBUG TilesetLoader        - Created buffer with size 480.0x480.0
12:54:53.071 [FXGL Background Thread 4 ] DEBUG TMXLevelLoader       - Creating object layer entities
12:54:53.090 [FXGL Background Thread 4 ] DEBUG FXGLAssetLoaderServi - Loading from file system: jar:file:///C:/Users/lucag/IdeaProjects/Dungeon/build/libs/Dungeon-1.0-SNAPSHOT.jar!/assets/textures/spike/floor_spikes_anim_f0.png
12:54:53.091 [FXGL Background Thread 4 ] DEBUG FXGLAssetLoaderServi - Loading from file system: jar:file:///C:/Users/lucag/IdeaProjects/Dungeon/build/libs/Dungeon-1.0-SNAPSHOT.jar!/assets/textures/spike/floor_spikes_anim_f1.png
12:54:53.091 [FXGL Background Thread 4 ] DEBUG FXGLAssetLoaderServi - Loading from file system: jar:file:///C:/Users/lucag/IdeaProjects/Dungeon/build/libs/Dungeon-1.0-SNAPSHOT.jar!/assets/textures/spike/floor_spikes_anim_f2.png
12:54:53.092 [FXGL Background Thread 4 ] DEBUG FXGLAssetLoaderServi - Loading from file system: jar:file:///C:/Users/lucag/IdeaProjects/Dungeon/build/libs/Dungeon-1.0-SNAPSHOT.jar!/assets/textures/spike/floor_spikes_anim_f3.png
12:54:53.093 [FXGL Background Thread 4 ] DEBUG FXGLAssetLoaderServi - Loading from file system: jar:file:///C:/Users/lucag/IdeaProjects/Dungeon/build/libs/Dungeon-1.0-SNAPSHOT.jar!/assets/textures/spike/floor_spikes_anim_f4.png
12:54:53.093 [FXGL Background Thread 4 ] DEBUG FXGLAssetLoaderServi - Loading from file system: jar:file:///C:/Users/lucag/IdeaProjects/Dungeon/build/libs/Dungeon-1.0-SNAPSHOT.jar!/assets/textures/spike/floor_spikes_anim_f5.png
12:54:53.094 [FXGL Background Thread 4 ] DEBUG FXGLAssetLoaderServi - Loading from file system: jar:file:///C:/Users/lucag/IdeaProjects/Dungeon/build/libs/Dungeon-1.0-SNAPSHOT.jar!/assets/textures/spike/floor_spikes_anim_f6.png
12:54:53.094 [FXGL Background Thread 4 ] DEBUG FXGLAssetLoaderServi - Loading from file system: jar:file:///C:/Users/lucag/IdeaProjects/Dungeon/build/libs/Dungeon-1.0-SNAPSHOT.jar!/assets/textures/spike/floor_spikes_anim_f7.png
12:54:53.095 [FXGL Background Thread 4 ] DEBUG FXGLAssetLoaderServi - Loading from file system: jar:file:///C:/Users/lucag/IdeaProjects/Dungeon/build/libs/Dungeon-1.0-SNAPSHOT.jar!/assets/textures/spike/floor_spikes_danger_anim_f0.png
12:54:53.103 [FXGL Background Thread 4 ] DEBUG FXGLAssetLoaderServi - Loading from file system: jar:file:///C:/Users/lucag/IdeaProjects/Dungeon/build/libs/Dungeon-1.0-SNAPSHOT.jar!/assets/textures/ladder/floor_ladder.png
12:54:53.105 [FXGL Background Thread 4 ] DEBUG FXGLAssetLoaderServi - Loading from file system: jar:file:///C:/Users/lucag/IdeaProjects/Dungeon/build/libs/Dungeon-1.0-SNAPSHOT.jar!/assets/textures/plate/button_red_up.png
12:54:53.106 [FXGL Background Thread 4 ] DEBUG FXGLAssetLoaderServi - Loading from file system: jar:file:///C:/Users/lucag/IdeaProjects/Dungeon/build/libs/Dungeon-1.0-SNAPSHOT.jar!/assets/textures/plate/button_red_down.png
12:54:53.109 [FXGL Background Thread 4 ] DEBUG FXGLAssetLoaderServi - Loading from file system: jar:file:///C:/Users/lucag/IdeaProjects/Dungeon/build/libs/Dungeon-1.0-SNAPSHOT.jar!/assets/textures/plate/button_blue_up.png
12:54:53.110 [FXGL Background Thread 4 ] DEBUG FXGLAssetLoaderServi - Loading from file system: jar:file:///C:/Users/lucag/IdeaProjects/Dungeon/build/libs/Dungeon-1.0-SNAPSHOT.jar!/assets/textures/plate/button_blue_down.png
12:54:53.115 [FXGL Background Thread 4 ] DEBUG FXGLAssetLoaderServi - Loading from file system: jar:file:///C:/Users/lucag/IdeaProjects/Dungeon/build/libs/Dungeon-1.0-SNAPSHOT.jar!/assets/textures/door/doors_leaf_closed.png
12:54:53.115 [FXGL Background Thread 4 ] DEBUG FXGLAssetLoaderServi - Loading from file system: jar:file:///C:/Users/lucag/IdeaProjects/Dungeon/build/libs/Dungeon-1.0-SNAPSHOT.jar!/assets/textures/door/doors_leaf_open.png
12:54:53.123 [FXGL Background Thread 4 ] DEBUG FXGLAssetLoaderServi - Loading from file system: jar:file:///C:/Users/lucag/IdeaProjects/Dungeon/build/libs/Dungeon-1.0-SNAPSHOT.jar!/assets/textures/knight/knight_m_idle_anim_f0.png
12:54:53.124 [FXGL Background Thread 4 ] DEBUG FXGLAssetLoaderServi - Loading from file system: jar:file:///C:/Users/lucag/IdeaProjects/Dungeon/build/libs/Dungeon-1.0-SNAPSHOT.jar!/assets/textures/knight/knight_m_idle_anim_f1.png
12:54:53.124 [FXGL Background Thread 4 ] DEBUG FXGLAssetLoaderServi - Loading from file system: jar:file:///C:/Users/lucag/IdeaProjects/Dungeon/build/libs/Dungeon-1.0-SNAPSHOT.jar!/assets/textures/knight/knight_m_idle_anim_f2.png
12:54:53.125 [FXGL Background Thread 4 ] DEBUG FXGLAssetLoaderServi - Loading from file system: jar:file:///C:/Users/lucag/IdeaProjects/Dungeon/build/libs/Dungeon-1.0-SNAPSHOT.jar!/assets/textures/knight/knight_m_idle_anim_f3.png
12:54:53.128 [FXGL Background Thread 4 ] DEBUG FXGLAssetLoaderServi - Loading from file system: jar:file:///C:/Users/lucag/IdeaProjects/Dungeon/build/libs/Dungeon-1.0-SNAPSHOT.jar!/assets/textures/knight/knight_f_idle_anim_f0.png
12:54:53.129 [FXGL Background Thread 4 ] DEBUG FXGLAssetLoaderServi - Loading from file system: jar:file:///C:/Users/lucag/IdeaProjects/Dungeon/build/libs/Dungeon-1.0-SNAPSHOT.jar!/assets/textures/knight/knight_f_idle_anim_f1.png
12:54:53.130 [FXGL Background Thread 4 ] DEBUG FXGLAssetLoaderServi - Loading from file system: jar:file:///C:/Users/lucag/IdeaProjects/Dungeon/build/libs/Dungeon-1.0-SNAPSHOT.jar!/assets/textures/knight/knight_f_idle_anim_f2.png
12:54:53.130 [FXGL Background Thread 4 ] DEBUG FXGLAssetLoaderServi - Loading from file system: jar:file:///C:/Users/lucag/IdeaProjects/Dungeon/build/libs/Dungeon-1.0-SNAPSHOT.jar!/assets/textures/knight/knight_f_idle_anim_f3.png
12:54:53.131 [FXGL Background Thread 4 ] DEBUG FXGLAssetLoaderServi - Loading from file system: jar:file:///C:/Users/lucag/IdeaProjects/Dungeon/build/libs/Dungeon-1.0-SNAPSHOT.jar!/assets/textures/knight/knight_f_run_anim_f0.png
12:54:53.132 [FXGL Background Thread 4 ] DEBUG FXGLAssetLoaderServi - Loading from file system: jar:file:///C:/Users/lucag/IdeaProjects/Dungeon/build/libs/Dungeon-1.0-SNAPSHOT.jar!/assets/textures/knight/knight_f_run_anim_f1.png
12:54:53.133 [FXGL Background Thread 4 ] DEBUG FXGLAssetLoaderServi - Loading from file system: jar:file:///C:/Users/lucag/IdeaProjects/Dungeon/build/libs/Dungeon-1.0-SNAPSHOT.jar!/assets/textures/knight/knight_f_run_anim_f2.png
12:54:53.133 [FXGL Background Thread 4 ] DEBUG FXGLAssetLoaderServi - Loading from file system: jar:file:///C:/Users/lucag/IdeaProjects/Dungeon/build/libs/Dungeon-1.0-SNAPSHOT.jar!/assets/textures/knight/knight_f_run_anim_f3.png
12:54:53.134 [FXGL Background Thread 4 ] DEBUG GameWorld            - Clearing removable entities
12:54:53.135 [FXGL Background Thread 4 ] DEBUG GameWorld            - Setting level: com.almasb.fxgl.entity.level.Level@331d53e0
12:54:53.147 [FXGL Background Thread 4 ] DEBUG FXGLAssetLoaderServi - Loading from file system: jar:file:///C:/Users/lucag/IdeaProjects/Dungeon/build/libs/Dungeon-1.0-SNAPSHOT.jar!/assets/textures/heart/ui_heart_full.png
12:54:53.149 [FXGL Background Thread 4 ] INFO  FXGLApplication      - Game initialization took: 0,258 sec
12:54:53.150 [JavaFX Application Thread] DEBUG Input                - Clearing active input actions
12:54:53.157 [JavaFX Application Thread] DEBUG GameApplicationServi - Removing overlay from MainLoadingScene and adding to GameScene
12:54:53.158 [JavaFX Application Thread] DEBUG PrimaryStageWindow   - MainLoadingScene -> GameScene
12:54:53.339 [FXGL Background Thread 2 ] INFO  UpdaterService       - Your current version:  17.2
12:54:53.339 [FXGL Background Thread 2 ] INFO  UpdaterService       - Latest stable version: 17.3
12:54:55.822 [FXGL Background Thread 3 ] DEBUG Engine               - Logging environment variables
12:54:55.823 [FXGL Background Thread 3 ] DEBUG Engine               - achievements: []
12:54:55.824 [FXGL Background Thread 3 ] DEBUG Engine               - actualHeight: 720.0
12:54:55.824 [FXGL Background Thread 3 ] DEBUG Engine               - actualHeightProperty: ReadOnlyDoubleProperty [value: 720.0]
12:54:55.824 [FXGL Background Thread 3 ] DEBUG Engine               - actualWidth: 1280.0
12:54:55.824 [FXGL Background Thread 3 ] DEBUG Engine               - actualWidthProperty: ReadOnlyDoubleProperty [value: 1280.0]
12:54:55.825 [FXGL Background Thread 3 ] DEBUG Engine               - appIcon: fxgl_icon.png
12:54:55.825 [FXGL Background Thread 3 ] DEBUG Engine               - applicationMode: DEVELOPER
12:54:55.825 [FXGL Background Thread 3 ] DEBUG Engine               - cSSList: [fxgl_dark.css]
12:54:55.825 [FXGL Background Thread 3 ] DEBUG Engine               - collisionDetectionStrategy: BRUTE_FORCE
12:54:55.825 [FXGL Background Thread 3 ] DEBUG Engine               - configClass: Optional.empty
12:54:55.826 [FXGL Background Thread 3 ] DEBUG Engine               - credits: []
12:54:55.827 [FXGL Background Thread 3 ] DEBUG Engine               - defaultCursor: CursorInfo(imageName=fxgl_default_cursor.png, hotspotX=7.0, hotspotY=6.0)
12:54:55.827 [FXGL Background Thread 3 ] DEBUG Engine               - devBBoxColorProperty: ObjectProperty [value: 0xff0000ff]
12:54:55.828 [FXGL Background Thread 3 ] DEBUG Engine               - devEnableDebugCameraProperty: BooleanProperty [value: false]
12:54:55.828 [FXGL Background Thread 3 ] DEBUG Engine               - devSensorColorProperty: ObjectProperty [value: 0xffff00ff]
12:54:55.828 [FXGL Background Thread 3 ] DEBUG Engine               - devShowBBoxProperty: BooleanProperty [value: false]
12:54:55.829 [FXGL Background Thread 3 ] DEBUG Engine               - devShowPositionProperty: BooleanProperty [value: false]
12:54:55.829 [FXGL Background Thread 3 ] DEBUG Engine               - enabledMenuItems: []
12:54:55.829 [FXGL Background Thread 3 ] DEBUG Engine               - engineServices: [class com.almasb.fxgl.app.services.FXGLAssetLoaderService, class com.almasb.fxgl.app.FXGLApplication$GameApplicationService, class com.almasb.fxgl.app.services.FXGLDialogService, class com.almasb.fxgl.app.services.IOTaskExecutorService, class com.almasb.fxgl.io.FileSystemService, class com.almasb.fxgl.localization.LocalizationService, class com.almasb.fxgl.app.services.SystemBundleService, class com.almasb.fxgl.profile.SaveLoadService, class com.almasb.fxgl.ui.FXGLUIFactoryServiceProvider, class com.almasb.fxgl.ui.FXGLDialogFactoryServiceProvider, class com.almasb.fxgl.audio.AudioPlayer, class com.almasb.fxgl.notification.impl.NotificationServiceProvider, class com.almasb.fxgl.achievement.AchievementService, class com.almasb.fxgl.cutscene.CutsceneService, class com.almasb.fxgl.minigames.MiniGameService, class com.almasb.fxgl.net.NetService, class com.almasb.fxgl.app.services.UpdaterService, class com.almasb.fxgl.dev.DevService]
12:54:55.829 [FXGL Background Thread 3 ] DEBUG Engine               - fontGame: Abel-Regular.ttf
12:54:55.829 [FXGL Background Thread 3 ] DEBUG Engine               - fontMono: TerminalLandMono-Regular.otf
12:54:55.830 [FXGL Background Thread 3 ] DEBUG Engine               - fontText: Courier-Prime.ttf
12:54:55.830 [FXGL Background Thread 3 ] DEBUG Engine               - fontUI: VarelaRound-Regular.ttf
12:54:55.830 [FXGL Background Thread 3 ] DEBUG Engine               - fullScreen: BooleanProperty [value: false]
12:54:55.830 [FXGL Background Thread 3 ] DEBUG Engine               - gameDifficulty: MEDIUM
12:54:55.831 [FXGL Background Thread 3 ] DEBUG Engine               - gameDifficultyProperty: ObjectProperty [value: MEDIUM]
12:54:55.831 [FXGL Background Thread 3 ] DEBUG Engine               - globalMusicVolume: 0.5
12:54:55.831 [FXGL Background Thread 3 ] DEBUG Engine               - globalMusicVolumeProperty: DoubleProperty [value: 0.5]
12:54:55.831 [FXGL Background Thread 3 ] DEBUG Engine               - globalSoundVolume: 0.5
12:54:55.831 [FXGL Background Thread 3 ] DEBUG Engine               - globalSoundVolumeProperty: DoubleProperty [value: 0.5]
12:54:55.831 [FXGL Background Thread 3 ] DEBUG Engine               - height: 720
12:54:55.832 [FXGL Background Thread 3 ] DEBUG Engine               - is3D: false
12:54:55.832 [FXGL Background Thread 3 ] DEBUG Engine               - isAndroid: false
12:54:55.832 [FXGL Background Thread 3 ] DEBUG Engine               - isBrowser: false
12:54:55.832 [FXGL Background Thread 3 ] DEBUG Engine               - isClickFeedbackEnabled: false
12:54:55.832 [FXGL Background Thread 3 ] DEBUG Engine               - isCloseConfirmation: false
12:54:55.832 [FXGL Background Thread 3 ] DEBUG Engine               - isDesktop: true
12:54:55.832 [FXGL Background Thread 3 ] DEBUG Engine               - isDeveloperMenuEnabled: false
12:54:55.832 [FXGL Background Thread 3 ] DEBUG Engine               - isEmbedded: false
12:54:55.832 [FXGL Background Thread 3 ] DEBUG Engine               - isEntityPreloadEnabled: true
12:54:55.833 [FXGL Background Thread 3 ] DEBUG Engine               - isExperimentalTiledLargeMap: false
12:54:55.833 [FXGL Background Thread 3 ] DEBUG Engine               - isFileSystemWriteAllowed: true
12:54:55.833 [FXGL Background Thread 3 ] DEBUG Engine               - isFullScreenAllowed: false
12:54:55.833 [FXGL Background Thread 3 ] DEBUG Engine               - isFullScreenFromStart: false
12:54:55.833 [FXGL Background Thread 3 ] DEBUG Engine               - isGameMenuEnabled: true
12:54:55.833 [FXGL Background Thread 3 ] DEBUG Engine               - isIOS: false
12:54:55.833 [FXGL Background Thread 3 ] DEBUG Engine               - isIntroEnabled: false
12:54:55.833 [FXGL Background Thread 3 ] DEBUG Engine               - isLinux: false
12:54:55.833 [FXGL Background Thread 3 ] DEBUG Engine               - isMac: false
12:54:55.833 [FXGL Background Thread 3 ] DEBUG Engine               - isMainMenuEnabled: false
12:54:55.833 [FXGL Background Thread 3 ] DEBUG Engine               - isManualResizeEnabled: false
12:54:55.834 [FXGL Background Thread 3 ] DEBUG Engine               - isMobile: false
12:54:55.834 [FXGL Background Thread 3 ] DEBUG Engine               - isNative: false
12:54:55.834 [FXGL Background Thread 3 ] DEBUG Engine               - isPauseMusicWhenMinimized: true
12:54:55.834 [FXGL Background Thread 3 ] DEBUG Engine               - isPreserveResizeRatio: false
12:54:55.834 [FXGL Background Thread 3 ] DEBUG Engine               - isProfilingEnabled: false
12:54:55.834 [FXGL Background Thread 3 ] DEBUG Engine               - isScaleAffectedOnResize: true
12:54:55.834 [FXGL Background Thread 3 ] DEBUG Engine               - isSingleStep: false
12:54:55.834 [FXGL Background Thread 3 ] DEBUG Engine               - isUserProfileEnabled: false
12:54:55.834 [FXGL Background Thread 3 ] DEBUG Engine               - isWindows: true
12:54:55.834 [FXGL Background Thread 3 ] DEBUG Engine               - language: ObjectProperty [value: ENGLISH]
12:54:55.834 [FXGL Background Thread 3 ] DEBUG Engine               - menuKey: ESCAPE
12:54:55.834 [FXGL Background Thread 3 ] DEBUG Engine               - mouseSensitivity: 0.2
12:54:55.834 [FXGL Background Thread 3 ] DEBUG Engine               - notificationViewClass: class com.almasb.fxgl.notification.view.XboxNotificationView
12:54:55.834 [FXGL Background Thread 3 ] DEBUG Engine               - pixelsPerMeter: 50.0
12:54:55.835 [FXGL Background Thread 3 ] DEBUG Engine               - platform: WINDOWS
12:54:55.835 [FXGL Background Thread 3 ] DEBUG Engine               - prefHeightProperty: ReadOnlyDoubleProperty [value: 720.0]
12:54:55.835 [FXGL Background Thread 3 ] DEBUG Engine               - prefWidthProperty: ReadOnlyDoubleProperty [value: 1280.0]
12:54:55.835 [FXGL Background Thread 3 ] DEBUG Engine               - profileDir: profiles/
12:54:55.835 [FXGL Background Thread 3 ] DEBUG Engine               - profileName: StringProperty [value: DEFAULT]
12:54:55.835 [FXGL Background Thread 3 ] DEBUG Engine               - randomSeed: -1
12:54:55.835 [FXGL Background Thread 3 ] DEBUG Engine               - runtimeInfo: RuntimeInfo(platform=WINDOWS, version=17.2, build=20.08.2022 16.50)
12:54:55.835 [FXGL Background Thread 3 ] DEBUG Engine               - saveFileExt: sav
12:54:55.835 [FXGL Background Thread 3 ] DEBUG Engine               - scaledHeightProp$fxgl: DoubleProperty [bound, value: 720.0]
12:54:55.836 [FXGL Background Thread 3 ] DEBUG Engine               - scaledWidthProp$fxgl: DoubleProperty [bound, value: 1280.0]
12:54:55.836 [FXGL Background Thread 3 ] DEBUG Engine               - sceneFactory: com.lgiacchetta.dungeon.DungeonApp$1@1006a3ab
12:54:55.836 [FXGL Background Thread 3 ] DEBUG Engine               - secondsIn24h: 60
12:54:55.836 [FXGL Background Thread 3 ] DEBUG Engine               - soundMenuBack: menu/back.wav
12:54:55.836 [FXGL Background Thread 3 ] DEBUG Engine               - soundMenuPress: menu/press.wav
12:54:55.836 [FXGL Background Thread 3 ] DEBUG Engine               - soundMenuSelect: menu/select.wav
12:54:55.836 [FXGL Background Thread 3 ] DEBUG Engine               - soundNotification: core/notification.wav
12:54:55.836 [FXGL Background Thread 3 ] DEBUG Engine               - stageStyle: DECORATED
12:54:55.836 [FXGL Background Thread 3 ] DEBUG Engine               - supportedLanguages: [ENGLISH, FRENCH, GERMAN, HUNGARIAN, RUSSIAN]
12:54:55.836 [FXGL Background Thread 3 ] DEBUG Engine               - ticksPerSecond: -1
12:54:55.836 [FXGL Background Thread 3 ] DEBUG Engine               - title: Untitled
12:54:55.836 [FXGL Background Thread 3 ] DEBUG Engine               - urlGithub: https://github.com/AlmasB/FXGL
12:54:55.837 [FXGL Background Thread 3 ] DEBUG Engine               - urlLeaderboard: http://fxgl-top.herokuapp.com/
12:54:55.837 [FXGL Background Thread 3 ] DEBUG Engine               - urlPOM: https://raw.githubusercontent.com/AlmasB/FXGL/release/README.md
12:54:55.837 [FXGL Background Thread 3 ] DEBUG Engine               - userAppClass: class com.lgiacchetta.dungeon.DungeonApp
12:54:55.837 [FXGL Background Thread 3 ] DEBUG Engine               - version: 0.0
12:54:55.837 [FXGL Background Thread 3 ] DEBUG Engine               - versionCheckDays: 7
12:54:55.837 [FXGL Background Thread 3 ] DEBUG Engine               - width: 1280
12:54:55.837 [FXGL Background Thread 3 ] DEBUG Engine               - Logging services
12:54:55.837 [FXGL Background Thread 3 ] DEBUG Engine               - class com.almasb.fxgl.app.services.FXGLAssetLoaderService
12:54:55.837 [FXGL Background Thread 3 ] DEBUG Engine               - class com.almasb.fxgl.app.FXGLApplication$GameApplicationService
12:54:55.837 [FXGL Background Thread 3 ] DEBUG Engine               - class com.almasb.fxgl.app.services.FXGLDialogService
12:54:55.837 [FXGL Background Thread 3 ] DEBUG Engine               - class com.almasb.fxgl.app.services.IOTaskExecutorService
12:54:55.837 [FXGL Background Thread 3 ] DEBUG Engine               - class com.almasb.fxgl.io.FileSystemService
12:54:55.837 [FXGL Background Thread 3 ] DEBUG Engine               - class com.almasb.fxgl.localization.LocalizationService
12:54:55.837 [FXGL Background Thread 3 ] DEBUG Engine               - class com.almasb.fxgl.app.services.SystemBundleService
12:54:55.837 [FXGL Background Thread 3 ] DEBUG Engine               - class com.almasb.fxgl.profile.SaveLoadService
12:54:55.837 [FXGL Background Thread 3 ] DEBUG Engine               - class com.almasb.fxgl.ui.FXGLUIFactoryServiceProvider
12:54:55.837 [FXGL Background Thread 3 ] DEBUG Engine               - class com.almasb.fxgl.ui.FXGLDialogFactoryServiceProvider
12:54:55.837 [FXGL Background Thread 3 ] DEBUG Engine               - class com.almasb.fxgl.audio.AudioPlayer
12:54:55.837 [FXGL Background Thread 3 ] DEBUG Engine               - class com.almasb.fxgl.notification.impl.NotificationServiceProvider
12:54:55.837 [FXGL Background Thread 3 ] DEBUG Engine               - class com.almasb.fxgl.achievement.AchievementService
12:54:55.837 [FXGL Background Thread 3 ] DEBUG Engine               - class com.almasb.fxgl.cutscene.CutsceneService
12:54:55.838 [FXGL Background Thread 3 ] DEBUG Engine               - class com.almasb.fxgl.minigames.MiniGameService
12:54:55.838 [FXGL Background Thread 3 ] DEBUG Engine               - class com.almasb.fxgl.net.NetService
12:54:55.838 [FXGL Background Thread 3 ] DEBUG Engine               - class com.almasb.fxgl.app.services.UpdaterService
12:54:55.838 [FXGL Background Thread 3 ] DEBUG Engine               - class com.almasb.fxgl.dev.DevService
12:54:57.571 [JavaFX Application Thread] DEBUG FXGLAssetLoaderServi - Loading from file system: jar:file:///C:/Users/lucag/IdeaProjects/Dungeon/build/libs/Dungeon-1.0-SNAPSHOT.jar!/assets/textures/heart/ui_heart_half.png
12:55:03.250 [JavaFX Application Thread] DEBUG FXGLAssetLoaderServi - Loading from file system: jar:file:///C:/Users/lucag/IdeaProjects/Dungeon/build/libs/Dungeon-1.0-SNAPSHOT.jar!/assets/textures/heart/ui_heart_empty.png
12:55:05.851 [JavaFX Application Thread] DEBUG FXGLApplication      - Exiting FXGL
12:55:05.851 [JavaFX Application Thread] DEBUG LoopRunner           - Stopping loop
12:55:05.852 [JavaFX Application Thread] DEBUG SystemBundleService  - Saving FXGL system data
12:55:05.856 [JavaFX Application Thread] DEBUG FileSystemAccess     - Writing to: C:\Users\lucag\IdeaProjects\Dungeon\system\fxgl.bundle
12:55:05.858 [JavaFX Application Thread] DEBUG Async                - Shutting down background threads
12:55:05.859 [JavaFX Application Thread] DEBUG PrimaryStageWindow   - Closing main window
12:55:05.878 [JavaFX Application Thread] DEBUG Logger               - Closing Logger
