20:08:56.862 [main                     ] DEBUG Logger               - Configured Logger
20:08:56.917 [main                     ] DEBUG GameApplication      - Logging settings
Title: Dungeon
Version: 1.0
Width: 1280
Height: 720
Fullscreen: false
Intro: false
Profiling: false
Single step:false
App Mode: DEVELOPER
Menu Key: ESCAPE
Stage Style: DECORATED
Scene Factory: class com.lgiacchetta.dungeon.DungeonApp$1

20:08:57.303 [JavaFX Application Thread] DEBUG FXGLApplication      - Initializing FXGL
20:08:57.309 [JavaFX Application Thread] INFO  Engine               - FXGL-17.2 (20.08.2022 16.50) on WINDOWS (J:17.0.6 FX:17.0.2-ea)
20:08:57.310 [JavaFX Application Thread] DEBUG Engine               - JRE Vendor Name: Oracle Corporation
20:08:57.310 [JavaFX Application Thread] DEBUG Engine               - Running on OS: Windows 11 version 10.0
20:08:57.311 [JavaFX Application Thread] DEBUG Engine               - Architecture: amd64
20:08:57.311 [JavaFX Application Thread] INFO  Engine               - Source code and latest versions at: https://github.com/AlmasB/FXGL
20:08:57.311 [JavaFX Application Thread] INFO  Engine               -       Ask questions and discuss at: https://github.com/AlmasB/FXGL/discussions
20:08:57.311 [JavaFX Application Thread] INFO  Engine               -              Join the FXGL chat at: https://gitter.im/AlmasB/FXGL
20:08:57.388 [JavaFX Application Thread] DEBUG PrimaryStageWindow   - Creating a JavaFX scene
20:08:57.431 [JavaFX Application Thread] DEBUG PrimaryStageWindow   - Target settings size: 1280.0 x 720.0
20:08:57.431 [JavaFX Application Thread] DEBUG PrimaryStageWindow   - Scaled scene size:    1280.0 x 720.0
20:08:57.431 [JavaFX Application Thread] DEBUG PrimaryStageWindow   - Scaled ratio: (1.0, 1.0)
20:08:57.432 [JavaFX Application Thread] DEBUG PrimaryStageWindow   - Set initial scene to FXGLStartupScene
20:08:57.438 [JavaFX Application Thread] DEBUG PrimaryStageWindow   - Opening main window
20:08:57.535 [JavaFX Application Thread] DEBUG PrimaryStageWindow   - Window border size: (14.6666259765625, 37.33331298828125)
20:08:57.536 [JavaFX Application Thread] DEBUG PrimaryStageWindow   - Scaled size: 1280.0 x 720.0
20:08:57.536 [JavaFX Application Thread] DEBUG PrimaryStageWindow   - Scaled ratio: (1.0, 1.0)
20:08:57.536 [JavaFX Application Thread] DEBUG PrimaryStageWindow   - Scene size: 1280.0 x 720.0
20:08:57.537 [JavaFX Application Thread] DEBUG PrimaryStageWindow   - Stage size: 1294.6666259765625 x 757.3333129882812
20:08:57.548 [FXGL Background Thread 1 ] DEBUG Engine               - Initializing environment variables
20:08:57.612 [FXGL Background Thread 1 ] DEBUG FXGLAssetLoaderServi - User app class for loading assets: class com.lgiacchetta.dungeon.DungeonApp
20:08:57.613 [FXGL Background Thread 1 ] DEBUG GameApplicationServi - Applying CSS: fxgl_dark.css
20:08:57.614 [FXGL Background Thread 1 ] DEBUG FXGLAssetLoaderServi - Loading from file system: jar:file:///C:/Users/lucag/.gradle/caches/modules-2/files-2.1/com.github.almasb/fxgl/17.2/35db6ae960eec2dcfd19262d3b7f9c42f0e95bc3/fxgl-17.2.jar!/fxglassets/ui/css/fxgl_dark.css
20:08:57.685 [FXGL Background Thread 1 ] DEBUG GameApplicationServi - Initializing application scenes
20:08:57.729 [FXGL Background Thread 1 ] DEBUG FXGLAssetLoaderServi - Loading from file system: jar:file:///C:/Users/lucag/IdeaProjects/Dungeon/build/libs/Dungeon-1.0-SNAPSHOT.jar!/assets/music/melody.wav
20:08:58.189 [FXGL Background Thread 1 ] DEBUG FXGLAssetLoaderServi - Loading from file system: jar:file:///C:/Users/lucag/IdeaProjects/Dungeon/build/libs/Dungeon-1.0-SNAPSHOT.jar!/assets/music/menu.wav
20:08:58.279 [FXGL Background Thread 1 ] DEBUG FXGLAssetLoaderServi - Loading from file system: jar:file:///C:/Users/lucag/IdeaProjects/Dungeon/build/libs/Dungeon-1.0-SNAPSHOT.jar!/assets/textures/orc/boss/ogre_run_anim_f0.png
20:08:58.300 [FXGL Background Thread 1 ] DEBUG FXGLAssetLoaderServi - Loading from file system: jar:file:///C:/Users/lucag/IdeaProjects/Dungeon/build/libs/Dungeon-1.0-SNAPSHOT.jar!/assets/textures/orc/boss/ogre_run_anim_f1.png
20:08:58.302 [FXGL Background Thread 1 ] DEBUG FXGLAssetLoaderServi - Loading from file system: jar:file:///C:/Users/lucag/IdeaProjects/Dungeon/build/libs/Dungeon-1.0-SNAPSHOT.jar!/assets/textures/orc/boss/ogre_run_anim_f2.png
20:08:58.304 [FXGL Background Thread 1 ] DEBUG FXGLAssetLoaderServi - Loading from file system: jar:file:///C:/Users/lucag/IdeaProjects/Dungeon/build/libs/Dungeon-1.0-SNAPSHOT.jar!/assets/textures/orc/boss/ogre_run_anim_f3.png
20:08:58.334 [FXGL Background Thread 1 ] DEBUG FXGLAssetLoaderServi - Loading from file system: jar:file:///C:/Users/lucag/IdeaProjects/Dungeon/build/libs/Dungeon-1.0-SNAPSHOT.jar!/assets/textures/demon/boss/big_demon_run_anim_f0.png
20:08:58.336 [FXGL Background Thread 1 ] DEBUG FXGLAssetLoaderServi - Loading from file system: jar:file:///C:/Users/lucag/IdeaProjects/Dungeon/build/libs/Dungeon-1.0-SNAPSHOT.jar!/assets/textures/demon/boss/big_demon_run_anim_f1.png
20:08:58.339 [FXGL Background Thread 1 ] DEBUG FXGLAssetLoaderServi - Loading from file system: jar:file:///C:/Users/lucag/IdeaProjects/Dungeon/build/libs/Dungeon-1.0-SNAPSHOT.jar!/assets/textures/demon/boss/big_demon_run_anim_f2.png
20:08:58.340 [FXGL Background Thread 1 ] DEBUG FXGLAssetLoaderServi - Loading from file system: jar:file:///C:/Users/lucag/IdeaProjects/Dungeon/build/libs/Dungeon-1.0-SNAPSHOT.jar!/assets/textures/demon/boss/big_demon_run_anim_f3.png
20:08:58.342 [FXGL Background Thread 1 ] DEBUG FXGLAssetLoaderServi - Loading from file system: jar:file:///C:/Users/lucag/IdeaProjects/Dungeon/build/libs/Dungeon-1.0-SNAPSHOT.jar!/assets/textures/undead/boss/big_zombie_run_anim_f0.png
20:08:58.344 [FXGL Background Thread 1 ] DEBUG FXGLAssetLoaderServi - Loading from file system: jar:file:///C:/Users/lucag/IdeaProjects/Dungeon/build/libs/Dungeon-1.0-SNAPSHOT.jar!/assets/textures/undead/boss/big_zombie_run_anim_f1.png
20:08:58.346 [FXGL Background Thread 1 ] DEBUG FXGLAssetLoaderServi - Loading from file system: jar:file:///C:/Users/lucag/IdeaProjects/Dungeon/build/libs/Dungeon-1.0-SNAPSHOT.jar!/assets/textures/undead/boss/big_zombie_run_anim_f2.png
20:08:58.347 [FXGL Background Thread 1 ] DEBUG FXGLAssetLoaderServi - Loading from file system: jar:file:///C:/Users/lucag/IdeaProjects/Dungeon/build/libs/Dungeon-1.0-SNAPSHOT.jar!/assets/textures/undead/boss/big_zombie_run_anim_f3.png
20:08:58.349 [FXGL Background Thread 1 ] DEBUG FXGLAssetLoaderServi - Loading from file system: jar:file:///C:/Users/lucag/IdeaProjects/Dungeon/build/libs/Dungeon-1.0-SNAPSHOT.jar!/assets/textures/hero/knight_m_run_anim_f0.png
20:08:58.350 [FXGL Background Thread 1 ] DEBUG FXGLAssetLoaderServi - Loading from file system: jar:file:///C:/Users/lucag/IdeaProjects/Dungeon/build/libs/Dungeon-1.0-SNAPSHOT.jar!/assets/textures/hero/knight_m_run_anim_f1.png
20:08:58.351 [FXGL Background Thread 1 ] DEBUG FXGLAssetLoaderServi - Loading from file system: jar:file:///C:/Users/lucag/IdeaProjects/Dungeon/build/libs/Dungeon-1.0-SNAPSHOT.jar!/assets/textures/hero/knight_m_run_anim_f2.png
20:08:58.353 [FXGL Background Thread 1 ] DEBUG FXGLAssetLoaderServi - Loading from file system: jar:file:///C:/Users/lucag/IdeaProjects/Dungeon/build/libs/Dungeon-1.0-SNAPSHOT.jar!/assets/textures/hero/knight_m_run_anim_f3.png
20:08:58.358 [FXGL Background Thread 1 ] DEBUG FXGLAssetLoaderServi - Loading from file system: jar:file:///C:/Users/lucag/IdeaProjects/Dungeon/build/libs/Dungeon-1.0-SNAPSHOT.jar!/assets/textures/loading.jpg
20:08:58.401 [FXGL Background Thread 1 ] DEBUG GameWorld            - Game world initialized
20:08:58.470 [FXGL Background Thread 1 ] DEBUG PhysicsWorld         - Physics world initialized: appHeight=720, physics.ppm=50,0
20:08:58.470 [FXGL Background Thread 1 ] DEBUG PhysicsWorld         - Using strategy: BRUTE_FORCE
20:08:58.474 [FXGL Background Thread 1 ] DEBUG GameScene            - Game scene initialized: 1280x720
20:08:58.495 [FXGL Background Thread 1 ] DEBUG GameApplicationServi - Application scenes initialized
20:08:58.511 [FXGL Background Thread 1 ] DEBUG SystemBundleService  - Loading FXGL system data
20:08:58.518 [FXGL Background Thread 1 ] DEBUG FileSystemAccess     - Reading from: C:\Users\lucag\IdeaProjects\Dungeon\system\fxgl.bundle
20:08:58.536 [FXGL Background Thread 1 ] DEBUG SystemBundleService  - Bundle FXGL: {}
20:08:58.536 [FXGL Background Thread 1 ] DEBUG UpdaterService       - Checking for updates
20:08:58.561 [FXGL Background Thread 4 ] DEBUG FXGLApplication      - Loading fonts
20:08:58.561 [FXGL Background Thread 4 ] DEBUG FXGLAssetLoaderServi - Loading from file system: jar:file:///C:/Users/lucag/IdeaProjects/Dungeon/build/libs/Dungeon-1.0-SNAPSHOT.jar!/assets/ui/fonts/alagard.ttf
20:08:58.565 [FXGL Background Thread 1 ] DEBUG FXGLApplication      - Loading default localization
20:08:58.568 [FXGL Background Thread 1 ] DEBUG FXGLAssetLoaderServi - Loading from file system: jar:file:///C:/Users/lucag/.gradle/caches/modules-2/files-2.1/com.github.almasb/fxgl/17.2/35db6ae960eec2dcfd19262d3b7f9c42f0e95bc3/fxgl-17.2.jar!/fxglassets/languages/english.lang
20:08:58.602 [FXGL Background Thread 1 ] INFO  FXGLApplication      - FXGL initialization took: 1,055 sec
20:08:58.623 [JavaFX Application Thread] DEBUG Input                - Registered new binding: Up1 - W
20:08:58.623 [JavaFX Application Thread] DEBUG Input                - Registered new binding: Left1 - A
20:08:58.624 [JavaFX Application Thread] DEBUG Input                - Registered new binding: Down1 - S
20:08:58.624 [JavaFX Application Thread] DEBUG Input                - Registered new binding: Right1 - D
20:08:58.624 [JavaFX Application Thread] DEBUG Input                - Registered new binding: Up2 - Up
20:08:58.625 [JavaFX Application Thread] DEBUG Input                - Registered new binding: Left2 - Left
20:08:58.626 [JavaFX Application Thread] DEBUG Input                - Registered new binding: Down2 - Down
20:08:58.626 [JavaFX Application Thread] DEBUG Input                - Registered new binding: Right2 - Right
20:08:58.628 [JavaFX Application Thread] DEBUG AudioPlayer          - Playing music com.almasb.fxgl.audio.Music@1558ce2
20:08:58.652 [JavaFX Application Thread] DEBUG FXGLAssetLoaderServi - Loading from file system: jar:file:///C:/Users/lucag/IdeaProjects/Dungeon/build/libs/Dungeon-1.0-SNAPSHOT.jar!/assets/textures/chest/chest_full_open_anim_f2.png
20:08:58.663 [JavaFX Application Thread] DEBUG FXGLAssetLoaderServi - Loading from file system: jar:file:///C:/Users/lucag/IdeaProjects/Dungeon/build/libs/Dungeon-1.0-SNAPSHOT.jar!/assets/textures/cursor.png
20:08:58.666 [JavaFX Application Thread] DEBUG Input                - Registered new binding: Screenshot - CTRL+8
20:08:58.668 [JavaFX Application Thread] DEBUG Input                - Registered new binding: System info dump - CTRL+9
20:08:58.669 [JavaFX Application Thread] DEBUG Input                - Registered new binding: Restart - CTRL+R
20:08:58.672 [JavaFX Application Thread] DEBUG Input                - Registered new binding: Toggle Debug Camera - CTRL+7
20:08:58.675 [JavaFX Application Thread] DEBUG LoopRunner           - Starting loop
20:08:58.675 [JavaFX Application Thread] DEBUG LoopRunner           - Initializing JavaFX AnimationTimerLoop
20:08:58.681 [JavaFX Application Thread] DEBUG Input                - Clearing active input actions
20:08:58.695 [JavaFX Application Thread] DEBUG GameApplicationServi - Removing overlay from FXGLStartupScene and adding to FXGLMainMenuDummyScene
20:08:58.696 [JavaFX Application Thread] DEBUG PrimaryStageWindow   - FXGLStartupScene -> FXGLMainMenuDummyScene
20:08:58.696 [JavaFX Application Thread] DEBUG PrimaryStageWindow   - Push state: MainMenu
20:08:58.696 [JavaFX Application Thread] DEBUG Input                - Clearing active input actions
20:08:58.700 [JavaFX Application Thread] DEBUG GameApplicationServi - Removing overlay from FXGLMainMenuDummyScene and adding to MainMenu
20:08:58.701 [JavaFX Application Thread] DEBUG PrimaryStageWindow   - FXGLMainMenuDummyScene -> MainMenu
20:08:58.765 [JavaFX Application Thread] DEBUG FXGLApplication      - Registering font factories with UI factory
20:08:59.214 [FXGL Background Thread 2 ] INFO  UpdaterService       - Your current version:  17.2
20:08:59.215 [FXGL Background Thread 2 ] INFO  UpdaterService       - Latest stable version: 17.3
20:09:00.209 [JavaFX Application Thread] DEBUG FXGLAssetLoaderServi - Loading from file system: jar:file:///C:/Users/lucag/IdeaProjects/Dungeon/build/libs/Dungeon-1.0-SNAPSHOT.jar!/assets/textures/hero/knight_m_idle_anim_f0.png
20:09:00.211 [JavaFX Application Thread] DEBUG FXGLAssetLoaderServi - Loading from file system: jar:file:///C:/Users/lucag/IdeaProjects/Dungeon/build/libs/Dungeon-1.0-SNAPSHOT.jar!/assets/textures/hero/knight_m_idle_anim_f1.png
20:09:00.213 [JavaFX Application Thread] DEBUG FXGLAssetLoaderServi - Loading from file system: jar:file:///C:/Users/lucag/IdeaProjects/Dungeon/build/libs/Dungeon-1.0-SNAPSHOT.jar!/assets/textures/hero/knight_m_idle_anim_f2.png
20:09:00.214 [JavaFX Application Thread] DEBUG FXGLAssetLoaderServi - Loading from file system: jar:file:///C:/Users/lucag/IdeaProjects/Dungeon/build/libs/Dungeon-1.0-SNAPSHOT.jar!/assets/textures/hero/knight_m_idle_anim_f3.png
20:09:00.221 [JavaFX Application Thread] DEBUG FXGLAssetLoaderServi - Loading from file system: jar:file:///C:/Users/lucag/IdeaProjects/Dungeon/build/libs/Dungeon-1.0-SNAPSHOT.jar!/assets/textures/hero/knight_f_idle_anim_f0.png
20:09:00.223 [JavaFX Application Thread] DEBUG FXGLAssetLoaderServi - Loading from file system: jar:file:///C:/Users/lucag/IdeaProjects/Dungeon/build/libs/Dungeon-1.0-SNAPSHOT.jar!/assets/textures/hero/knight_f_idle_anim_f1.png
20:09:00.224 [JavaFX Application Thread] DEBUG FXGLAssetLoaderServi - Loading from file system: jar:file:///C:/Users/lucag/IdeaProjects/Dungeon/build/libs/Dungeon-1.0-SNAPSHOT.jar!/assets/textures/hero/knight_f_idle_anim_f2.png
20:09:00.225 [JavaFX Application Thread] DEBUG FXGLAssetLoaderServi - Loading from file system: jar:file:///C:/Users/lucag/IdeaProjects/Dungeon/build/libs/Dungeon-1.0-SNAPSHOT.jar!/assets/textures/hero/knight_f_idle_anim_f3.png
20:09:01.556 [FXGL Background Thread 3 ] DEBUG Engine               - Logging environment variables
20:09:01.558 [FXGL Background Thread 3 ] DEBUG Engine               - achievements: []
20:09:01.559 [FXGL Background Thread 3 ] DEBUG Engine               - actualHeight: 720.0
20:09:01.559 [FXGL Background Thread 3 ] DEBUG Engine               - actualHeightProperty: ReadOnlyDoubleProperty [value: 720.0]
20:09:01.559 [FXGL Background Thread 3 ] DEBUG Engine               - actualWidth: 1280.0
20:09:01.560 [FXGL Background Thread 3 ] DEBUG Engine               - actualWidthProperty: ReadOnlyDoubleProperty [value: 1280.0]
20:09:01.560 [FXGL Background Thread 3 ] DEBUG Engine               - appIcon: chest/chest_full_open_anim_f2.png
20:09:01.560 [FXGL Background Thread 3 ] DEBUG Engine               - applicationMode: DEVELOPER
20:09:01.560 [FXGL Background Thread 3 ] DEBUG Engine               - cSSList: [fxgl_dark.css]
20:09:01.560 [FXGL Background Thread 3 ] DEBUG Engine               - collisionDetectionStrategy: BRUTE_FORCE
20:09:01.560 [FXGL Background Thread 3 ] DEBUG Engine               - configClass: Optional.empty
20:09:01.560 [FXGL Background Thread 3 ] DEBUG Engine               - credits: []
20:09:01.564 [FXGL Background Thread 3 ] DEBUG Engine               - defaultCursor: CursorInfo(imageName=cursor.png, hotspotX=5.0, hotspotY=3.0)
20:09:01.564 [FXGL Background Thread 3 ] DEBUG Engine               - devBBoxColorProperty: ObjectProperty [value: 0xff0000ff]
20:09:01.564 [FXGL Background Thread 3 ] DEBUG Engine               - devEnableDebugCameraProperty: BooleanProperty [value: false]
20:09:01.564 [FXGL Background Thread 3 ] DEBUG Engine               - devSensorColorProperty: ObjectProperty [value: 0xffff00ff]
20:09:01.564 [FXGL Background Thread 3 ] DEBUG Engine               - devShowBBoxProperty: BooleanProperty [value: false]
20:09:01.565 [FXGL Background Thread 3 ] DEBUG Engine               - devShowPositionProperty: BooleanProperty [value: false]
20:09:01.565 [FXGL Background Thread 3 ] DEBUG Engine               - enabledMenuItems: []
20:09:01.565 [FXGL Background Thread 3 ] DEBUG Engine               - engineServices: [class com.almasb.fxgl.app.services.FXGLAssetLoaderService, class com.almasb.fxgl.app.FXGLApplication$GameApplicationService, class com.almasb.fxgl.app.services.FXGLDialogService, class com.almasb.fxgl.app.services.IOTaskExecutorService, class com.almasb.fxgl.io.FileSystemService, class com.almasb.fxgl.localization.LocalizationService, class com.almasb.fxgl.app.services.SystemBundleService, class com.almasb.fxgl.profile.SaveLoadService, class com.almasb.fxgl.ui.FXGLUIFactoryServiceProvider, class com.almasb.fxgl.ui.FXGLDialogFactoryServiceProvider, class com.almasb.fxgl.audio.AudioPlayer, class com.almasb.fxgl.notification.impl.NotificationServiceProvider, class com.almasb.fxgl.achievement.AchievementService, class com.almasb.fxgl.cutscene.CutsceneService, class com.almasb.fxgl.minigames.MiniGameService, class com.almasb.fxgl.net.NetService, class com.almasb.fxgl.app.services.UpdaterService, class com.almasb.fxgl.dev.DevService]
20:09:01.565 [FXGL Background Thread 3 ] DEBUG Engine               - fontGame: alagard.ttf
20:09:01.565 [FXGL Background Thread 3 ] DEBUG Engine               - fontMono: alagard.ttf
20:09:01.565 [FXGL Background Thread 3 ] DEBUG Engine               - fontText: alagard.ttf
20:09:01.565 [FXGL Background Thread 3 ] DEBUG Engine               - fontUI: alagard.ttf
20:09:01.567 [FXGL Background Thread 3 ] DEBUG Engine               - fullScreen: BooleanProperty [value: false]
20:09:01.567 [FXGL Background Thread 3 ] DEBUG Engine               - gameDifficulty: MEDIUM
20:09:01.567 [FXGL Background Thread 3 ] DEBUG Engine               - gameDifficultyProperty: ObjectProperty [value: MEDIUM]
20:09:01.567 [FXGL Background Thread 3 ] DEBUG Engine               - globalMusicVolume: 0.5
20:09:01.567 [FXGL Background Thread 3 ] DEBUG Engine               - globalMusicVolumeProperty: DoubleProperty [value: 0.5]
20:09:01.567 [FXGL Background Thread 3 ] DEBUG Engine               - globalSoundVolume: 0.5
20:09:01.567 [FXGL Background Thread 3 ] DEBUG Engine               - globalSoundVolumeProperty: DoubleProperty [value: 0.5]
20:09:01.567 [FXGL Background Thread 3 ] DEBUG Engine               - height: 720
20:09:01.567 [FXGL Background Thread 3 ] DEBUG Engine               - is3D: false
20:09:01.567 [FXGL Background Thread 3 ] DEBUG Engine               - isAndroid: false
20:09:01.567 [FXGL Background Thread 3 ] DEBUG Engine               - isBrowser: false
20:09:01.567 [FXGL Background Thread 3 ] DEBUG Engine               - isClickFeedbackEnabled: false
20:09:01.568 [FXGL Background Thread 3 ] DEBUG Engine               - isCloseConfirmation: false
20:09:01.568 [FXGL Background Thread 3 ] DEBUG Engine               - isDesktop: true
20:09:01.568 [FXGL Background Thread 3 ] DEBUG Engine               - isDeveloperMenuEnabled: false
20:09:01.568 [FXGL Background Thread 3 ] DEBUG Engine               - isEmbedded: false
20:09:01.568 [FXGL Background Thread 3 ] DEBUG Engine               - isEntityPreloadEnabled: true
20:09:01.568 [FXGL Background Thread 3 ] DEBUG Engine               - isExperimentalTiledLargeMap: false
20:09:01.568 [FXGL Background Thread 3 ] DEBUG Engine               - isFileSystemWriteAllowed: true
20:09:01.568 [FXGL Background Thread 3 ] DEBUG Engine               - isFullScreenAllowed: false
20:09:01.568 [FXGL Background Thread 3 ] DEBUG Engine               - isFullScreenFromStart: false
20:09:01.568 [FXGL Background Thread 3 ] DEBUG Engine               - isGameMenuEnabled: true
20:09:01.569 [FXGL Background Thread 3 ] DEBUG Engine               - isIOS: false
20:09:01.569 [FXGL Background Thread 3 ] DEBUG Engine               - isIntroEnabled: false
20:09:01.569 [FXGL Background Thread 3 ] DEBUG Engine               - isLinux: false
20:09:01.569 [FXGL Background Thread 3 ] DEBUG Engine               - isMac: false
20:09:01.569 [FXGL Background Thread 3 ] DEBUG Engine               - isMainMenuEnabled: true
20:09:01.570 [FXGL Background Thread 3 ] DEBUG Engine               - isManualResizeEnabled: false
20:09:01.570 [FXGL Background Thread 3 ] DEBUG Engine               - isMobile: false
20:09:01.570 [FXGL Background Thread 3 ] DEBUG Engine               - isNative: false
20:09:01.570 [FXGL Background Thread 3 ] DEBUG Engine               - isPauseMusicWhenMinimized: true
20:09:01.570 [FXGL Background Thread 3 ] DEBUG Engine               - isPreserveResizeRatio: false
20:09:01.570 [FXGL Background Thread 3 ] DEBUG Engine               - isProfilingEnabled: false
20:09:01.571 [FXGL Background Thread 3 ] DEBUG Engine               - isScaleAffectedOnResize: true
20:09:01.571 [FXGL Background Thread 3 ] DEBUG Engine               - isSingleStep: false
20:09:01.571 [FXGL Background Thread 3 ] DEBUG Engine               - isUserProfileEnabled: false
20:09:01.571 [FXGL Background Thread 3 ] DEBUG Engine               - isWindows: true
20:09:01.571 [FXGL Background Thread 3 ] DEBUG Engine               - language: ObjectProperty [value: ENGLISH]
20:09:01.571 [FXGL Background Thread 3 ] DEBUG Engine               - menuKey: ESCAPE
20:09:01.571 [FXGL Background Thread 3 ] DEBUG Engine               - mouseSensitivity: 0.2
20:09:01.571 [FXGL Background Thread 3 ] DEBUG Engine               - notificationViewClass: class com.almasb.fxgl.notification.view.XboxNotificationView
20:09:01.572 [FXGL Background Thread 3 ] DEBUG Engine               - pixelsPerMeter: 50.0
20:09:01.572 [FXGL Background Thread 3 ] DEBUG Engine               - platform: WINDOWS
20:09:01.572 [FXGL Background Thread 3 ] DEBUG Engine               - prefHeightProperty: ReadOnlyDoubleProperty [value: 720.0]
20:09:01.572 [FXGL Background Thread 3 ] DEBUG Engine               - prefWidthProperty: ReadOnlyDoubleProperty [value: 1280.0]
20:09:01.572 [FXGL Background Thread 3 ] DEBUG Engine               - profileDir: profiles/
20:09:01.572 [FXGL Background Thread 3 ] DEBUG Engine               - profileName: StringProperty [value: DEFAULT]
20:09:01.573 [FXGL Background Thread 3 ] DEBUG Engine               - randomSeed: -1
20:09:01.573 [FXGL Background Thread 3 ] DEBUG Engine               - runtimeInfo: RuntimeInfo(platform=WINDOWS, version=17.2, build=20.08.2022 16.50)
20:09:01.574 [FXGL Background Thread 3 ] DEBUG Engine               - saveFileExt: sav
20:09:01.574 [FXGL Background Thread 3 ] DEBUG Engine               - scaledHeightProp$fxgl: DoubleProperty [bound, value: 720.0]
20:09:01.574 [FXGL Background Thread 3 ] DEBUG Engine               - scaledWidthProp$fxgl: DoubleProperty [bound, value: 1280.0]
20:09:01.574 [FXGL Background Thread 3 ] DEBUG Engine               - sceneFactory: com.lgiacchetta.dungeon.DungeonApp$1@10332244
20:09:01.574 [FXGL Background Thread 3 ] DEBUG Engine               - secondsIn24h: 60
20:09:01.575 [FXGL Background Thread 3 ] DEBUG Engine               - soundMenuBack: menu/back.wav
20:09:01.575 [FXGL Background Thread 3 ] DEBUG Engine               - soundMenuPress: menu/press.wav
20:09:01.575 [FXGL Background Thread 3 ] DEBUG Engine               - soundMenuSelect: menu/select.wav
20:09:01.575 [FXGL Background Thread 3 ] DEBUG Engine               - soundNotification: core/notification.wav
20:09:01.575 [FXGL Background Thread 3 ] DEBUG Engine               - stageStyle: DECORATED
20:09:01.576 [FXGL Background Thread 3 ] DEBUG Engine               - supportedLanguages: [ENGLISH, FRENCH, GERMAN, HUNGARIAN, RUSSIAN]
20:09:01.576 [FXGL Background Thread 3 ] DEBUG Engine               - ticksPerSecond: -1
20:09:01.576 [FXGL Background Thread 3 ] DEBUG Engine               - title: Dungeon
20:09:01.576 [FXGL Background Thread 3 ] DEBUG Engine               - urlGithub: https://github.com/AlmasB/FXGL
20:09:01.576 [FXGL Background Thread 3 ] DEBUG Engine               - urlLeaderboard: http://fxgl-top.herokuapp.com/
20:09:01.576 [FXGL Background Thread 3 ] DEBUG Engine               - urlPOM: https://raw.githubusercontent.com/AlmasB/FXGL/release/README.md
20:09:01.576 [FXGL Background Thread 3 ] DEBUG Engine               - userAppClass: class com.lgiacchetta.dungeon.DungeonApp
20:09:01.576 [FXGL Background Thread 3 ] DEBUG Engine               - version: 1.0
20:09:01.576 [FXGL Background Thread 3 ] DEBUG Engine               - versionCheckDays: 7
20:09:01.577 [FXGL Background Thread 3 ] DEBUG Engine               - width: 1280
20:09:01.577 [FXGL Background Thread 3 ] DEBUG Engine               - Logging services
20:09:01.577 [FXGL Background Thread 3 ] DEBUG Engine               - class com.almasb.fxgl.app.services.FXGLAssetLoaderService
20:09:01.577 [FXGL Background Thread 3 ] DEBUG Engine               - class com.almasb.fxgl.app.FXGLApplication$GameApplicationService
20:09:01.577 [FXGL Background Thread 3 ] DEBUG Engine               - class com.almasb.fxgl.app.services.FXGLDialogService
20:09:01.577 [FXGL Background Thread 3 ] DEBUG Engine               - class com.almasb.fxgl.app.services.IOTaskExecutorService
20:09:01.577 [FXGL Background Thread 3 ] DEBUG Engine               - class com.almasb.fxgl.io.FileSystemService
20:09:01.577 [FXGL Background Thread 3 ] DEBUG Engine               - class com.almasb.fxgl.localization.LocalizationService
20:09:01.577 [FXGL Background Thread 3 ] DEBUG Engine               - class com.almasb.fxgl.app.services.SystemBundleService
20:09:01.578 [FXGL Background Thread 3 ] DEBUG Engine               - class com.almasb.fxgl.profile.SaveLoadService
20:09:01.578 [FXGL Background Thread 3 ] DEBUG Engine               - class com.almasb.fxgl.ui.FXGLUIFactoryServiceProvider
20:09:01.578 [FXGL Background Thread 3 ] DEBUG Engine               - class com.almasb.fxgl.ui.FXGLDialogFactoryServiceProvider
20:09:01.578 [FXGL Background Thread 3 ] DEBUG Engine               - class com.almasb.fxgl.audio.AudioPlayer
20:09:01.578 [FXGL Background Thread 3 ] DEBUG Engine               - class com.almasb.fxgl.notification.impl.NotificationServiceProvider
20:09:01.578 [FXGL Background Thread 3 ] DEBUG Engine               - class com.almasb.fxgl.achievement.AchievementService
20:09:01.578 [FXGL Background Thread 3 ] DEBUG Engine               - class com.almasb.fxgl.cutscene.CutsceneService
20:09:01.578 [FXGL Background Thread 3 ] DEBUG Engine               - class com.almasb.fxgl.minigames.MiniGameService
20:09:01.578 [FXGL Background Thread 3 ] DEBUG Engine               - class com.almasb.fxgl.net.NetService
20:09:01.578 [FXGL Background Thread 3 ] DEBUG Engine               - class com.almasb.fxgl.app.services.UpdaterService
20:09:01.578 [FXGL Background Thread 3 ] DEBUG Engine               - class com.almasb.fxgl.dev.DevService
20:09:01.674 [JavaFX Application Thread] DEBUG FXGLAssetLoaderServi - Loading from file system: jar:file:///C:/Users/lucag/IdeaProjects/Dungeon/build/libs/Dungeon-1.0-SNAPSHOT.jar!/assets/textures/hero/dwarf_m_idle_anim_f0.png
20:09:01.678 [JavaFX Application Thread] DEBUG FXGLAssetLoaderServi - Loading from file system: jar:file:///C:/Users/lucag/IdeaProjects/Dungeon/build/libs/Dungeon-1.0-SNAPSHOT.jar!/assets/textures/hero/dwarf_m_idle_anim_f1.png
20:09:01.679 [JavaFX Application Thread] DEBUG FXGLAssetLoaderServi - Loading from file system: jar:file:///C:/Users/lucag/IdeaProjects/Dungeon/build/libs/Dungeon-1.0-SNAPSHOT.jar!/assets/textures/hero/dwarf_m_idle_anim_f2.png
20:09:01.681 [JavaFX Application Thread] DEBUG FXGLAssetLoaderServi - Loading from file system: jar:file:///C:/Users/lucag/IdeaProjects/Dungeon/build/libs/Dungeon-1.0-SNAPSHOT.jar!/assets/textures/hero/dwarf_m_idle_anim_f3.png
20:09:01.818 [JavaFX Application Thread] DEBUG FXGLAssetLoaderServi - Loading from file system: jar:file:///C:/Users/lucag/IdeaProjects/Dungeon/build/libs/Dungeon-1.0-SNAPSHOT.jar!/assets/textures/hero/dwarf_f_idle_anim_f0.png
20:09:01.819 [JavaFX Application Thread] DEBUG FXGLAssetLoaderServi - Loading from file system: jar:file:///C:/Users/lucag/IdeaProjects/Dungeon/build/libs/Dungeon-1.0-SNAPSHOT.jar!/assets/textures/hero/dwarf_f_idle_anim_f1.png
20:09:01.821 [JavaFX Application Thread] DEBUG FXGLAssetLoaderServi - Loading from file system: jar:file:///C:/Users/lucag/IdeaProjects/Dungeon/build/libs/Dungeon-1.0-SNAPSHOT.jar!/assets/textures/hero/dwarf_f_idle_anim_f2.png
20:09:01.823 [JavaFX Application Thread] DEBUG FXGLAssetLoaderServi - Loading from file system: jar:file:///C:/Users/lucag/IdeaProjects/Dungeon/build/libs/Dungeon-1.0-SNAPSHOT.jar!/assets/textures/hero/dwarf_f_idle_anim_f3.png
20:09:02.924 [JavaFX Application Thread] DEBUG FXGLAssetLoaderServi - Loading from file system: jar:file:///C:/Users/lucag/IdeaProjects/Dungeon/build/libs/Dungeon-1.0-SNAPSHOT.jar!/assets/textures/hero/wizzard_f_idle_anim_f0.png
20:09:02.926 [JavaFX Application Thread] DEBUG FXGLAssetLoaderServi - Loading from file system: jar:file:///C:/Users/lucag/IdeaProjects/Dungeon/build/libs/Dungeon-1.0-SNAPSHOT.jar!/assets/textures/hero/wizzard_f_idle_anim_f1.png
20:09:02.928 [JavaFX Application Thread] DEBUG FXGLAssetLoaderServi - Loading from file system: jar:file:///C:/Users/lucag/IdeaProjects/Dungeon/build/libs/Dungeon-1.0-SNAPSHOT.jar!/assets/textures/hero/wizzard_f_idle_anim_f2.png
20:09:02.929 [JavaFX Application Thread] DEBUG FXGLAssetLoaderServi - Loading from file system: jar:file:///C:/Users/lucag/IdeaProjects/Dungeon/build/libs/Dungeon-1.0-SNAPSHOT.jar!/assets/textures/hero/wizzard_f_idle_anim_f3.png
20:09:06.011 [JavaFX Application Thread] DEBUG Menu                 - fireNewGame()
20:09:06.011 [JavaFX Application Thread] DEBUG GameApplicationServi - Starting new game
20:09:06.012 [JavaFX Application Thread] DEBUG PrimaryStageWindow   - Pop state: MainMenu
20:09:06.012 [JavaFX Application Thread] DEBUG Input                - Clearing active input actions
20:09:06.013 [JavaFX Application Thread] DEBUG GameApplicationServi - Removing overlay from MainMenu and adding to FXGLMainMenuDummyScene
20:09:06.014 [JavaFX Application Thread] DEBUG PrimaryStageWindow   - FXGLMainMenuDummyScene <- MainMenu
20:09:06.014 [JavaFX Application Thread] DEBUG Input                - Clearing active input actions
20:09:06.028 [JavaFX Application Thread] DEBUG GameApplicationServi - Removing overlay from FXGLMainMenuDummyScene and adding to MainLoadingScene
20:09:06.029 [JavaFX Application Thread] DEBUG PrimaryStageWindow   - FXGLMainMenuDummyScene -> MainLoadingScene
20:09:06.029 [JavaFX Application Thread] DEBUG GameApplicationServi - Clearing previous game
20:09:06.029 [JavaFX Application Thread] DEBUG GameScene            - Clearing game scene
20:09:06.029 [JavaFX Application Thread] DEBUG GameWorld            - Clearing game world
20:09:06.029 [JavaFX Application Thread] DEBUG PhysicsWorld         - Clearing physics world
20:09:06.031 [FXGL Background Thread 2 ] DEBUG FXGLApplication      - Initializing game
20:09:06.043 [FXGL Background Thread 2 ] DEBUG AudioPlayer          - Stopping music com.almasb.fxgl.audio.Music@1558ce2
20:09:06.047 [FXGL Background Thread 2 ] DEBUG AudioPlayer          - Playing music com.almasb.fxgl.audio.Music@25b42cc
20:09:06.147 [FXGL Background Thread 2 ] WARN  TMXLevelLoader       - TiledMap generated from 1.10.1. Supported version: 1.9.0. Some features may not be parsed fully.
20:09:06.192 [FXGL Background Thread 2 ] DEBUG TMXLevelLoader       - Parsed TiledMap: jar:file:///C:/Users/lucag/IdeaProjects/Dungeon/build/libs/Dungeon-1.0-SNAPSHOT.jar!/assets/levels/tmx/level0.tmx
20:09:06.194 [FXGL Background Thread 2 ] DEBUG TMXLevelLoader       - Creating tile layer entities
20:09:06.196 [FXGL Background Thread 2 ] DEBUG TilesetLoader        - Loading view for layer floor
20:09:06.197 [FXGL Background Thread 2 ] DEBUG TilesetLoader        - Created buffer with size 640.0x640.0
20:09:06.352 [FXGL Background Thread 2 ] DEBUG TilesetLoader        - Loading view for layer walls
20:09:06.352 [FXGL Background Thread 2 ] DEBUG TilesetLoader        - Created buffer with size 640.0x640.0
20:09:06.358 [FXGL Background Thread 2 ] DEBUG TilesetLoader        - Loading view for layer side-walls
20:09:06.358 [FXGL Background Thread 2 ] DEBUG TilesetLoader        - Created buffer with size 640.0x640.0
20:09:06.361 [FXGL Background Thread 2 ] DEBUG TMXLevelLoader       - Creating object layer entities
20:09:06.362 [FXGL Background Thread 2 ] DEBUG FXGLAssetLoaderServi - Loading from file system: jar:file:///C:/Users/lucag/IdeaProjects/Dungeon/build/libs/Dungeon-1.0-SNAPSHOT.jar!/assets/textures/door/doors_leaf_open.png
20:09:06.363 [FXGL Background Thread 2 ] DEBUG FXGLAssetLoaderServi - Loading from file system: jar:file:///C:/Users/lucag/IdeaProjects/Dungeon/build/libs/Dungeon-1.0-SNAPSHOT.jar!/assets/textures/door/doors_leaf_closed.png
20:09:06.443 [FXGL Background Thread 2 ] DEBUG FXGLAssetLoaderServi - Loading from file system: jar:file:///C:/Users/lucag/IdeaProjects/Dungeon/build/libs/Dungeon-1.0-SNAPSHOT.jar!/assets/textures/ladder/floor_ladder.png
20:09:06.445 [FXGL Background Thread 2 ] DEBUG FXGLAssetLoaderServi - Loading from file system: jar:file:///C:/Users/lucag/IdeaProjects/Dungeon/build/libs/Dungeon-1.0-SNAPSHOT.jar!/assets/textures/plate/button_red_up.png
20:09:06.446 [FXGL Background Thread 2 ] DEBUG FXGLAssetLoaderServi - Loading from file system: jar:file:///C:/Users/lucag/IdeaProjects/Dungeon/build/libs/Dungeon-1.0-SNAPSHOT.jar!/assets/textures/plate/button_red_down.png
20:09:06.449 [FXGL Background Thread 2 ] DEBUG FXGLAssetLoaderServi - Loading from file system: jar:file:///C:/Users/lucag/IdeaProjects/Dungeon/build/libs/Dungeon-1.0-SNAPSHOT.jar!/assets/textures/plate/button_blue_up.png
20:09:06.450 [FXGL Background Thread 2 ] DEBUG FXGLAssetLoaderServi - Loading from file system: jar:file:///C:/Users/lucag/IdeaProjects/Dungeon/build/libs/Dungeon-1.0-SNAPSHOT.jar!/assets/textures/plate/button_blue_down.png
20:09:06.452 [FXGL Background Thread 2 ] DEBUG FXGLAssetLoaderServi - Loading from file system: jar:file:///C:/Users/lucag/IdeaProjects/Dungeon/build/libs/Dungeon-1.0-SNAPSHOT.jar!/assets/textures/spike/floor_spikes_anim_f0.png
20:09:06.453 [FXGL Background Thread 2 ] DEBUG FXGLAssetLoaderServi - Loading from file system: jar:file:///C:/Users/lucag/IdeaProjects/Dungeon/build/libs/Dungeon-1.0-SNAPSHOT.jar!/assets/textures/spike/floor_spikes_anim_f1.png
20:09:06.454 [FXGL Background Thread 2 ] DEBUG FXGLAssetLoaderServi - Loading from file system: jar:file:///C:/Users/lucag/IdeaProjects/Dungeon/build/libs/Dungeon-1.0-SNAPSHOT.jar!/assets/textures/spike/floor_spikes_anim_f2.png
20:09:06.454 [FXGL Background Thread 2 ] DEBUG FXGLAssetLoaderServi - Loading from file system: jar:file:///C:/Users/lucag/IdeaProjects/Dungeon/build/libs/Dungeon-1.0-SNAPSHOT.jar!/assets/textures/spike/floor_spikes_anim_f3.png
20:09:06.456 [FXGL Background Thread 2 ] DEBUG FXGLAssetLoaderServi - Loading from file system: jar:file:///C:/Users/lucag/IdeaProjects/Dungeon/build/libs/Dungeon-1.0-SNAPSHOT.jar!/assets/textures/spike/floor_spikes_anim_f4.png
20:09:06.457 [FXGL Background Thread 2 ] DEBUG FXGLAssetLoaderServi - Loading from file system: jar:file:///C:/Users/lucag/IdeaProjects/Dungeon/build/libs/Dungeon-1.0-SNAPSHOT.jar!/assets/textures/spike/floor_spikes_anim_f5.png
20:09:06.459 [FXGL Background Thread 2 ] DEBUG FXGLAssetLoaderServi - Loading from file system: jar:file:///C:/Users/lucag/IdeaProjects/Dungeon/build/libs/Dungeon-1.0-SNAPSHOT.jar!/assets/textures/spike/floor_spikes_anim_f6.png
20:09:06.460 [FXGL Background Thread 2 ] DEBUG FXGLAssetLoaderServi - Loading from file system: jar:file:///C:/Users/lucag/IdeaProjects/Dungeon/build/libs/Dungeon-1.0-SNAPSHOT.jar!/assets/textures/spike/floor_spikes_anim_f7.png
20:09:06.461 [FXGL Background Thread 2 ] DEBUG FXGLAssetLoaderServi - Loading from file system: jar:file:///C:/Users/lucag/IdeaProjects/Dungeon/build/libs/Dungeon-1.0-SNAPSHOT.jar!/assets/textures/spike/floor_spikes_danger_anim_f0.png
20:09:06.482 [FXGL Background Thread 2 ] DEBUG FXGLAssetLoaderServi - Loading from file system: jar:file:///C:/Users/lucag/IdeaProjects/Dungeon/build/libs/Dungeon-1.0-SNAPSHOT.jar!/assets/textures/potion/flask_big_green.png
20:09:06.498 [FXGL Background Thread 2 ] DEBUG FXGLAssetLoaderServi - Loading from file system: jar:file:///C:/Users/lucag/IdeaProjects/Dungeon/build/libs/Dungeon-1.0-SNAPSHOT.jar!/assets/textures/plate/button_yellow_up.png
20:09:06.499 [FXGL Background Thread 2 ] DEBUG FXGLAssetLoaderServi - Loading from file system: jar:file:///C:/Users/lucag/IdeaProjects/Dungeon/build/libs/Dungeon-1.0-SNAPSHOT.jar!/assets/textures/plate/button_yellow_down.png
20:09:06.538 [FXGL Background Thread 2 ] DEBUG FXGLAssetLoaderServi - Loading from file system: jar:file:///C:/Users/lucag/IdeaProjects/Dungeon/build/libs/Dungeon-1.0-SNAPSHOT.jar!/assets/textures/hero/wizzard_f_run_anim_f0.png
20:09:06.540 [FXGL Background Thread 2 ] DEBUG FXGLAssetLoaderServi - Loading from file system: jar:file:///C:/Users/lucag/IdeaProjects/Dungeon/build/libs/Dungeon-1.0-SNAPSHOT.jar!/assets/textures/hero/wizzard_f_run_anim_f1.png
20:09:06.541 [FXGL Background Thread 2 ] DEBUG FXGLAssetLoaderServi - Loading from file system: jar:file:///C:/Users/lucag/IdeaProjects/Dungeon/build/libs/Dungeon-1.0-SNAPSHOT.jar!/assets/textures/hero/wizzard_f_run_anim_f2.png
20:09:06.542 [FXGL Background Thread 2 ] DEBUG FXGLAssetLoaderServi - Loading from file system: jar:file:///C:/Users/lucag/IdeaProjects/Dungeon/build/libs/Dungeon-1.0-SNAPSHOT.jar!/assets/textures/hero/wizzard_f_run_anim_f3.png
20:09:06.546 [FXGL Background Thread 2 ] DEBUG FXGLAssetLoaderServi - Loading from file system: jar:file:///C:/Users/lucag/IdeaProjects/Dungeon/build/libs/Dungeon-1.0-SNAPSHOT.jar!/assets/textures/hero/dwarf_f_run_anim_f0.png
20:09:06.546 [FXGL Background Thread 2 ] DEBUG FXGLAssetLoaderServi - Loading from file system: jar:file:///C:/Users/lucag/IdeaProjects/Dungeon/build/libs/Dungeon-1.0-SNAPSHOT.jar!/assets/textures/hero/dwarf_f_run_anim_f1.png
20:09:06.546 [FXGL Background Thread 2 ] DEBUG FXGLAssetLoaderServi - Loading from file system: jar:file:///C:/Users/lucag/IdeaProjects/Dungeon/build/libs/Dungeon-1.0-SNAPSHOT.jar!/assets/textures/hero/dwarf_f_run_anim_f2.png
20:09:06.547 [FXGL Background Thread 2 ] DEBUG FXGLAssetLoaderServi - Loading from file system: jar:file:///C:/Users/lucag/IdeaProjects/Dungeon/build/libs/Dungeon-1.0-SNAPSHOT.jar!/assets/textures/hero/dwarf_f_run_anim_f3.png
20:09:06.549 [FXGL Background Thread 2 ] DEBUG GameWorld            - Clearing removable entities
20:09:06.550 [FXGL Background Thread 2 ] DEBUG GameWorld            - Setting level: com.almasb.fxgl.entity.level.Level@11a845f8
20:09:06.580 [FXGL Background Thread 2 ] DEBUG FXGLAssetLoaderServi - Loading from file system: jar:file:///C:/Users/lucag/IdeaProjects/Dungeon/build/libs/Dungeon-1.0-SNAPSHOT.jar!/assets/textures/heart/ui_heart_full.png
20:09:06.589 [FXGL Background Thread 2 ] INFO  FXGLApplication      - Game initialization took: 0,557 sec
20:09:06.590 [JavaFX Application Thread] DEBUG Input                - Clearing active input actions
20:09:06.600 [JavaFX Application Thread] DEBUG GameApplicationServi - Removing overlay from MainLoadingScene and adding to GameScene
20:09:06.601 [JavaFX Application Thread] DEBUG PrimaryStageWindow   - MainLoadingScene -> GameScene
20:09:09.644 [JavaFX Application Thread] DEBUG FXGLAssetLoaderServi - Loading from file system: jar:file:///C:/Users/lucag/IdeaProjects/Dungeon/build/libs/Dungeon-1.0-SNAPSHOT.jar!/assets/sounds/door-open.wav
20:09:10.716 [JavaFX Application Thread] DEBUG FXGLAssetLoaderServi - Loading from file system: jar:file:///C:/Users/lucag/IdeaProjects/Dungeon/build/libs/Dungeon-1.0-SNAPSHOT.jar!/assets/sounds/spike.wav
20:09:13.709 [JavaFX Application Thread] DEBUG FXGLAssetLoaderServi - Loading from file system: jar:file:///C:/Users/lucag/IdeaProjects/Dungeon/build/libs/Dungeon-1.0-SNAPSHOT.jar!/assets/sounds/ladder.wav
20:09:16.734 [JavaFX Application Thread] DEBUG FXGLAssetLoaderServi - Loading from file system: jar:file:///C:/Users/lucag/IdeaProjects/Dungeon/build/libs/Dungeon-1.0-SNAPSHOT.jar!/assets/textures/heart/ui_heart_half.png
20:09:16.741 [JavaFX Application Thread] DEBUG FXGLAssetLoaderServi - Loading from file system: jar:file:///C:/Users/lucag/IdeaProjects/Dungeon/build/libs/Dungeon-1.0-SNAPSHOT.jar!/assets/sounds/damage.wav
20:09:17.836 [JavaFX Application Thread] DEBUG FXGLAssetLoaderServi - Loading from file system: jar:file:///C:/Users/lucag/IdeaProjects/Dungeon/build/libs/Dungeon-1.0-SNAPSHOT.jar!/assets/textures/heart/ui_heart_empty.png
20:09:19.133 [JavaFX Application Thread] DEBUG FXGLAssetLoaderServi - Loading from file system: jar:file:///C:/Users/lucag/IdeaProjects/Dungeon/build/libs/Dungeon-1.0-SNAPSHOT.jar!/assets/sounds/heal.wav
20:09:25.985 [JavaFX Application Thread] DEBUG FXGLAssetLoaderServi - Loading from file system: jar:file:///C:/Users/lucag/IdeaProjects/Dungeon/build/libs/Dungeon-1.0-SNAPSHOT.jar!/assets/textures/chest/chest_full_open_anim_f0.png
20:09:25.987 [JavaFX Application Thread] DEBUG FXGLAssetLoaderServi - Loading from file system: jar:file:///C:/Users/lucag/IdeaProjects/Dungeon/build/libs/Dungeon-1.0-SNAPSHOT.jar!/assets/textures/chest/chest_full_open_anim_f1.png
20:09:25.992 [JavaFX Application Thread] DEBUG Input                - Registered new binding: Go to the next Level - Enter
20:09:25.992 [JavaFX Application Thread] DEBUG PrimaryStageWindow   - Push state: LevelEndScene
20:09:25.993 [JavaFX Application Thread] DEBUG Input                - Clearing active input actions
20:09:25.993 [JavaFX Application Thread] DEBUG GameApplicationServi - Removing overlay from GameScene and adding to LevelEndScene
20:09:25.993 [JavaFX Application Thread] DEBUG PrimaryStageWindow   - GameScene -> LevelEndScene
20:09:25.994 [JavaFX Application Thread] DEBUG AudioPlayer          - Stopping music com.almasb.fxgl.audio.Music@25b42cc
20:09:25.995 [JavaFX Application Thread] DEBUG FXGLAssetLoaderServi - Loading from file system: jar:file:///C:/Users/lucag/IdeaProjects/Dungeon/build/libs/Dungeon-1.0-SNAPSHOT.jar!/assets/sounds/level-win.wav
20:09:29.904 [JavaFX Application Thread] DEBUG PrimaryStageWindow   - Pop state: LevelEndScene
20:09:29.905 [JavaFX Application Thread] DEBUG Input                - Clearing active input actions
20:09:29.905 [JavaFX Application Thread] DEBUG GameApplicationServi - Removing overlay from LevelEndScene and adding to GameScene
20:09:29.905 [JavaFX Application Thread] DEBUG PrimaryStageWindow   - GameScene <- LevelEndScene
20:09:29.906 [JavaFX Application Thread] DEBUG AudioPlayer          - Playing music com.almasb.fxgl.audio.Music@25b42cc
20:09:29.908 [JavaFX Application Thread] WARN  TMXLevelLoader       - TiledMap generated from 1.10.1. Supported version: 1.9.0. Some features may not be parsed fully.
20:09:29.950 [JavaFX Application Thread] DEBUG TMXLevelLoader       - Parsed TiledMap: jar:file:///C:/Users/lucag/IdeaProjects/Dungeon/build/libs/Dungeon-1.0-SNAPSHOT.jar!/assets/levels/tmx/level1.tmx
20:09:29.950 [JavaFX Application Thread] DEBUG TMXLevelLoader       - Creating tile layer entities
20:09:29.951 [JavaFX Application Thread] DEBUG TilesetLoader        - Loading view for layer floor
20:09:29.957 [JavaFX Application Thread] DEBUG TilesetLoader        - Created buffer with size 960.0x960.0
20:09:29.987 [JavaFX Application Thread] DEBUG TilesetLoader        - Loading view for layer walls
20:09:29.988 [JavaFX Application Thread] DEBUG TilesetLoader        - Created buffer with size 960.0x960.0
20:09:29.991 [JavaFX Application Thread] DEBUG TilesetLoader        - Loading view for layer side-walls
20:09:29.991 [JavaFX Application Thread] DEBUG TilesetLoader        - Created buffer with size 960.0x960.0
20:09:29.993 [JavaFX Application Thread] DEBUG TMXLevelLoader       - Creating object layer entities
20:09:30.151 [JavaFX Application Thread] DEBUG GameWorld            - Clearing removable entities
20:09:30.190 [JavaFX Application Thread] DEBUG GameWorld            - Setting level: com.almasb.fxgl.entity.level.Level@647f463
20:09:31.771 [JavaFX Application Thread] DEBUG PrimaryStageWindow   - Push state: GameMenu
20:09:31.772 [JavaFX Application Thread] DEBUG Input                - Clearing active input actions
20:09:31.779 [JavaFX Application Thread] DEBUG GameApplicationServi - Removing overlay from GameScene and adding to GameMenu
20:09:31.779 [JavaFX Application Thread] DEBUG PrimaryStageWindow   - GameScene -> GameMenu
20:09:32.820 [JavaFX Application Thread] DEBUG PrimaryStageWindow   - Pop state: GameMenu
20:09:32.820 [JavaFX Application Thread] DEBUG Input                - Clearing active input actions
20:09:32.821 [JavaFX Application Thread] DEBUG GameApplicationServi - Removing overlay from GameMenu and adding to GameScene
20:09:32.821 [JavaFX Application Thread] DEBUG PrimaryStageWindow   - GameScene <- GameMenu
20:09:32.821 [JavaFX Application Thread] DEBUG Input                - Clearing active input actions
20:09:32.834 [JavaFX Application Thread] DEBUG GameApplicationServi - Removing overlay from GameScene and adding to FXGLMainMenuDummyScene
20:09:32.834 [JavaFX Application Thread] DEBUG PrimaryStageWindow   - GameScene -> FXGLMainMenuDummyScene
20:09:32.834 [JavaFX Application Thread] DEBUG PrimaryStageWindow   - Push state: MainMenu
20:09:32.834 [JavaFX Application Thread] DEBUG Input                - Clearing active input actions
20:09:32.836 [JavaFX Application Thread] DEBUG GameApplicationServi - Removing overlay from FXGLMainMenuDummyScene and adding to MainMenu
20:09:32.836 [JavaFX Application Thread] DEBUG PrimaryStageWindow   - FXGLMainMenuDummyScene -> MainMenu
20:09:32.836 [JavaFX Application Thread] DEBUG AudioPlayer          - Stopping music com.almasb.fxgl.audio.Music@25b42cc
20:09:32.838 [JavaFX Application Thread] DEBUG AudioPlayer          - Playing music com.almasb.fxgl.audio.Music@1558ce2
20:09:34.158 [JavaFX Application Thread] DEBUG FXGLApplication      - Exiting FXGL
20:09:34.158 [JavaFX Application Thread] DEBUG LoopRunner           - Stopping loop
20:09:34.159 [JavaFX Application Thread] DEBUG SystemBundleService  - Saving FXGL system data
20:09:34.166 [JavaFX Application Thread] DEBUG FileSystemAccess     - Writing to: C:\Users\lucag\IdeaProjects\Dungeon\system\fxgl.bundle
20:09:34.171 [JavaFX Application Thread] DEBUG Async                - Shutting down background threads
20:09:34.171 [JavaFX Application Thread] DEBUG PrimaryStageWindow   - Closing main window
20:09:34.204 [JavaFX Application Thread] DEBUG Logger               - Closing Logger
