10:45:23.959 [main                     ] DEBUG Logger               - Configured Logger
10:45:23.985 [main                     ] DEBUG GameApplication      - Logging settings
Title: Untitled
Version: 0.0
Width: 1280
Height: 720
Fullscreen: false
Intro: false
Profiling: false
Single step:false
App Mode: DEVELOPER
Menu Key: ESCAPE
Stage Style: DECORATED
Scene Factory: class com.lgiacchetta.dungeon.DungeonApp$1

10:45:24.362 [JavaFX Application Thread] DEBUG FXGLApplication      - Initializing FXGL
10:45:24.369 [JavaFX Application Thread] INFO  Engine               - FXGL-17.2 (20.08.2022 16.50) on WINDOWS (J:17.0.6 FX:17.0.2-ea)
10:45:24.369 [JavaFX Application Thread] DEBUG Engine               - JRE Vendor Name: Oracle Corporation
10:45:24.370 [JavaFX Application Thread] DEBUG Engine               - Running on OS: Windows 11 version 10.0
10:45:24.370 [JavaFX Application Thread] DEBUG Engine               - Architecture: amd64
10:45:24.370 [JavaFX Application Thread] INFO  Engine               - Source code and latest versions at: https://github.com/AlmasB/FXGL
10:45:24.370 [JavaFX Application Thread] INFO  Engine               -       Ask questions and discuss at: https://github.com/AlmasB/FXGL/discussions
10:45:24.370 [JavaFX Application Thread] INFO  Engine               -              Join the FXGL chat at: https://gitter.im/AlmasB/FXGL
10:45:24.464 [JavaFX Application Thread] DEBUG PrimaryStageWindow   - Creating a JavaFX scene
10:45:24.504 [JavaFX Application Thread] DEBUG PrimaryStageWindow   - Target settings size: 1280.0 x 720.0
10:45:24.504 [JavaFX Application Thread] DEBUG PrimaryStageWindow   - Scaled scene size:    1280.0 x 720.0
10:45:24.504 [JavaFX Application Thread] DEBUG PrimaryStageWindow   - Scaled ratio: (1.0, 1.0)
10:45:24.505 [JavaFX Application Thread] DEBUG PrimaryStageWindow   - Set initial scene to FXGLStartupScene
10:45:24.510 [JavaFX Application Thread] DEBUG PrimaryStageWindow   - Opening main window
10:45:24.602 [JavaFX Application Thread] DEBUG PrimaryStageWindow   - Window border size: (14.6666259765625, 37.33331298828125)
10:45:24.603 [JavaFX Application Thread] DEBUG PrimaryStageWindow   - Scaled size: 1280.0 x 720.0
10:45:24.603 [JavaFX Application Thread] DEBUG PrimaryStageWindow   - Scaled ratio: (1.0, 1.0)
10:45:24.604 [JavaFX Application Thread] DEBUG PrimaryStageWindow   - Scene size: 1280.0 x 720.0
10:45:24.604 [JavaFX Application Thread] DEBUG PrimaryStageWindow   - Stage size: 1294.6666259765625 x 757.3333129882812
10:45:24.613 [FXGL Background Thread 1 ] DEBUG Engine               - Initializing environment variables
10:45:24.660 [FXGL Background Thread 1 ] DEBUG FXGLAssetLoaderServi - User app class for loading assets: class com.lgiacchetta.dungeon.DungeonApp
10:45:24.661 [FXGL Background Thread 1 ] DEBUG GameApplicationServi - Applying CSS: fxgl_dark.css
10:45:24.662 [FXGL Background Thread 1 ] DEBUG FXGLAssetLoaderServi - Loading from file system: jar:file:///C:/Users/lucag/.gradle/caches/modules-2/files-2.1/com.github.almasb/fxgl/17.2/35db6ae960eec2dcfd19262d3b7f9c42f0e95bc3/fxgl-17.2.jar!/fxglassets/ui/css/fxgl_dark.css
10:45:24.719 [FXGL Background Thread 1 ] DEBUG GameApplicationServi - Initializing application scenes
10:45:24.758 [FXGL Background Thread 1 ] DEBUG FXGLAssetLoaderServi - Loading from file system: jar:file:///C:/Users/lucag/IdeaProjects/Dungeon/build/libs/Dungeon-1.0-SNAPSHOT.jar!/assets/music/melody.wav
10:45:25.113 [FXGL Background Thread 1 ] DEBUG FXGLAssetLoaderServi - Loading from file system: jar:file:///C:/Users/lucag/IdeaProjects/Dungeon/build/libs/Dungeon-1.0-SNAPSHOT.jar!/assets/music/menu.wav
10:45:25.172 [FXGL Background Thread 1 ] DEBUG FXGLAssetLoaderServi - Loading from file system: jar:file:///C:/Users/lucag/IdeaProjects/Dungeon/build/libs/Dungeon-1.0-SNAPSHOT.jar!/assets/textures/orc/boss/ogre_run_anim_f0.png
10:45:25.187 [FXGL Background Thread 1 ] DEBUG FXGLAssetLoaderServi - Loading from file system: jar:file:///C:/Users/lucag/IdeaProjects/Dungeon/build/libs/Dungeon-1.0-SNAPSHOT.jar!/assets/textures/orc/boss/ogre_run_anim_f1.png
10:45:25.189 [FXGL Background Thread 1 ] DEBUG FXGLAssetLoaderServi - Loading from file system: jar:file:///C:/Users/lucag/IdeaProjects/Dungeon/build/libs/Dungeon-1.0-SNAPSHOT.jar!/assets/textures/orc/boss/ogre_run_anim_f2.png
10:45:25.190 [FXGL Background Thread 1 ] DEBUG FXGLAssetLoaderServi - Loading from file system: jar:file:///C:/Users/lucag/IdeaProjects/Dungeon/build/libs/Dungeon-1.0-SNAPSHOT.jar!/assets/textures/orc/boss/ogre_run_anim_f3.png
10:45:25.210 [FXGL Background Thread 1 ] DEBUG FXGLAssetLoaderServi - Loading from file system: jar:file:///C:/Users/lucag/IdeaProjects/Dungeon/build/libs/Dungeon-1.0-SNAPSHOT.jar!/assets/textures/demon/boss/big_demon_run_anim_f0.png
10:45:25.211 [FXGL Background Thread 1 ] DEBUG FXGLAssetLoaderServi - Loading from file system: jar:file:///C:/Users/lucag/IdeaProjects/Dungeon/build/libs/Dungeon-1.0-SNAPSHOT.jar!/assets/textures/demon/boss/big_demon_run_anim_f1.png
10:45:25.213 [FXGL Background Thread 1 ] DEBUG FXGLAssetLoaderServi - Loading from file system: jar:file:///C:/Users/lucag/IdeaProjects/Dungeon/build/libs/Dungeon-1.0-SNAPSHOT.jar!/assets/textures/demon/boss/big_demon_run_anim_f2.png
10:45:25.214 [FXGL Background Thread 1 ] DEBUG FXGLAssetLoaderServi - Loading from file system: jar:file:///C:/Users/lucag/IdeaProjects/Dungeon/build/libs/Dungeon-1.0-SNAPSHOT.jar!/assets/textures/demon/boss/big_demon_run_anim_f3.png
10:45:25.216 [FXGL Background Thread 1 ] DEBUG FXGLAssetLoaderServi - Loading from file system: jar:file:///C:/Users/lucag/IdeaProjects/Dungeon/build/libs/Dungeon-1.0-SNAPSHOT.jar!/assets/textures/undead/boss/big_zombie_run_anim_f0.png
10:45:25.217 [FXGL Background Thread 1 ] DEBUG FXGLAssetLoaderServi - Loading from file system: jar:file:///C:/Users/lucag/IdeaProjects/Dungeon/build/libs/Dungeon-1.0-SNAPSHOT.jar!/assets/textures/undead/boss/big_zombie_run_anim_f1.png
10:45:25.218 [FXGL Background Thread 1 ] DEBUG FXGLAssetLoaderServi - Loading from file system: jar:file:///C:/Users/lucag/IdeaProjects/Dungeon/build/libs/Dungeon-1.0-SNAPSHOT.jar!/assets/textures/undead/boss/big_zombie_run_anim_f2.png
10:45:25.219 [FXGL Background Thread 1 ] DEBUG FXGLAssetLoaderServi - Loading from file system: jar:file:///C:/Users/lucag/IdeaProjects/Dungeon/build/libs/Dungeon-1.0-SNAPSHOT.jar!/assets/textures/undead/boss/big_zombie_run_anim_f3.png
10:45:25.220 [FXGL Background Thread 1 ] DEBUG FXGLAssetLoaderServi - Loading from file system: jar:file:///C:/Users/lucag/IdeaProjects/Dungeon/build/libs/Dungeon-1.0-SNAPSHOT.jar!/assets/textures/hero/knight_m_run_anim_f0.png
10:45:25.221 [FXGL Background Thread 1 ] DEBUG FXGLAssetLoaderServi - Loading from file system: jar:file:///C:/Users/lucag/IdeaProjects/Dungeon/build/libs/Dungeon-1.0-SNAPSHOT.jar!/assets/textures/hero/knight_m_run_anim_f1.png
10:45:25.222 [FXGL Background Thread 1 ] DEBUG FXGLAssetLoaderServi - Loading from file system: jar:file:///C:/Users/lucag/IdeaProjects/Dungeon/build/libs/Dungeon-1.0-SNAPSHOT.jar!/assets/textures/hero/knight_m_run_anim_f2.png
10:45:25.223 [FXGL Background Thread 1 ] DEBUG FXGLAssetLoaderServi - Loading from file system: jar:file:///C:/Users/lucag/IdeaProjects/Dungeon/build/libs/Dungeon-1.0-SNAPSHOT.jar!/assets/textures/hero/knight_m_run_anim_f3.png
10:45:25.228 [FXGL Background Thread 1 ] DEBUG FXGLAssetLoaderServi - Loading from file system: jar:file:///C:/Users/lucag/IdeaProjects/Dungeon/build/libs/Dungeon-1.0-SNAPSHOT.jar!/assets/textures/loading.jpg
10:45:25.268 [FXGL Background Thread 1 ] DEBUG GameWorld            - Game world initialized
10:45:25.350 [FXGL Background Thread 1 ] DEBUG PhysicsWorld         - Physics world initialized: appHeight=720, physics.ppm=50,0
10:45:25.350 [FXGL Background Thread 1 ] DEBUG PhysicsWorld         - Using strategy: BRUTE_FORCE
10:45:25.355 [FXGL Background Thread 1 ] DEBUG GameScene            - Game scene initialized: 1280x720
10:45:25.387 [FXGL Background Thread 1 ] DEBUG GameApplicationServi - Application scenes initialized
10:45:25.403 [FXGL Background Thread 1 ] DEBUG SystemBundleService  - Loading FXGL system data
10:45:25.415 [FXGL Background Thread 1 ] DEBUG FileSystemAccess     - Reading from: C:\Users\lucag\IdeaProjects\Dungeon\system\fxgl.bundle
10:45:25.432 [FXGL Background Thread 1 ] DEBUG SystemBundleService  - Bundle FXGL: {}
10:45:25.432 [FXGL Background Thread 1 ] DEBUG UpdaterService       - Checking for updates
10:45:25.446 [FXGL Background Thread 1 ] DEBUG FXGLApplication      - Loading default localization
10:45:25.447 [FXGL Background Thread 1 ] DEBUG FXGLAssetLoaderServi - Loading from file system: jar:file:///C:/Users/lucag/.gradle/caches/modules-2/files-2.1/com.github.almasb/fxgl/17.2/35db6ae960eec2dcfd19262d3b7f9c42f0e95bc3/fxgl-17.2.jar!/fxglassets/languages/english.lang
10:45:25.447 [FXGL Background Thread 4 ] DEBUG FXGLApplication      - Loading fonts
10:45:25.448 [FXGL Background Thread 4 ] DEBUG FXGLAssetLoaderServi - Loading from file system: jar:file:///C:/Users/lucag/IdeaProjects/Dungeon/build/libs/Dungeon-1.0-SNAPSHOT.jar!/assets/ui/fonts/alagard.ttf
10:45:25.478 [FXGL Background Thread 1 ] INFO  FXGLApplication      - FXGL initialization took: 0,864 sec
10:45:25.491 [JavaFX Application Thread] DEBUG Input                - Registered new binding: Up1 - W
10:45:25.492 [JavaFX Application Thread] DEBUG Input                - Registered new binding: Left1 - A
10:45:25.492 [JavaFX Application Thread] DEBUG Input                - Registered new binding: Down1 - S
10:45:25.492 [JavaFX Application Thread] DEBUG Input                - Registered new binding: Right1 - D
10:45:25.492 [JavaFX Application Thread] DEBUG Input                - Registered new binding: Up2 - Up
10:45:25.492 [JavaFX Application Thread] DEBUG Input                - Registered new binding: Left2 - Left
10:45:25.493 [JavaFX Application Thread] DEBUG Input                - Registered new binding: Down2 - Down
10:45:25.493 [JavaFX Application Thread] DEBUG Input                - Registered new binding: Right2 - Right
10:45:25.493 [JavaFX Application Thread] DEBUG AudioPlayer          - Playing music com.almasb.fxgl.audio.Music@52278923
10:45:25.558 [JavaFX Application Thread] DEBUG FXGLAssetLoaderServi - Loading from file system: jar:file:///C:/Users/lucag/.gradle/caches/modules-2/files-2.1/com.github.almasb/fxgl/17.2/35db6ae960eec2dcfd19262d3b7f9c42f0e95bc3/fxgl-17.2.jar!/fxglassets/textures/fxgl_icon.png
10:45:25.608 [JavaFX Application Thread] DEBUG FXGLAssetLoaderServi - Loading from file system: jar:file:///C:/Users/lucag/IdeaProjects/Dungeon/build/libs/Dungeon-1.0-SNAPSHOT.jar!/assets/textures/cursor.png
10:45:25.611 [JavaFX Application Thread] DEBUG Input                - Registered new binding: Screenshot - CTRL+8
10:45:25.613 [JavaFX Application Thread] DEBUG Input                - Registered new binding: System info dump - CTRL+9
10:45:25.613 [JavaFX Application Thread] DEBUG Input                - Registered new binding: Restart - CTRL+R
10:45:25.614 [JavaFX Application Thread] DEBUG Input                - Registered new binding: Toggle Debug Camera - CTRL+7
10:45:25.621 [JavaFX Application Thread] DEBUG LoopRunner           - Starting loop
10:45:25.621 [JavaFX Application Thread] DEBUG LoopRunner           - Initializing JavaFX AnimationTimerLoop
10:45:25.624 [JavaFX Application Thread] DEBUG Input                - Clearing active input actions
10:45:25.634 [JavaFX Application Thread] DEBUG GameApplicationServi - Removing overlay from FXGLStartupScene and adding to FXGLMainMenuDummyScene
10:45:25.634 [JavaFX Application Thread] DEBUG PrimaryStageWindow   - FXGLStartupScene -> FXGLMainMenuDummyScene
10:45:25.635 [JavaFX Application Thread] DEBUG PrimaryStageWindow   - Push state: MainMenu
10:45:25.635 [JavaFX Application Thread] DEBUG Input                - Clearing active input actions
10:45:25.640 [JavaFX Application Thread] DEBUG GameApplicationServi - Removing overlay from FXGLMainMenuDummyScene and adding to MainMenu
10:45:25.641 [JavaFX Application Thread] DEBUG PrimaryStageWindow   - FXGLMainMenuDummyScene -> MainMenu
10:45:25.673 [JavaFX Application Thread] DEBUG FXGLApplication      - Registering font factories with UI factory
10:45:26.008 [FXGL Background Thread 2 ] INFO  UpdaterService       - Your current version:  17.2
10:45:26.008 [FXGL Background Thread 2 ] INFO  UpdaterService       - Latest stable version: 17.3
10:45:28.439 [FXGL Background Thread 3 ] DEBUG Engine               - Logging environment variables
10:45:28.439 [FXGL Background Thread 3 ] DEBUG Engine               - achievements: []
10:45:28.439 [FXGL Background Thread 3 ] DEBUG Engine               - actualHeight: 720.0
10:45:28.440 [FXGL Background Thread 3 ] DEBUG Engine               - actualHeightProperty: ReadOnlyDoubleProperty [value: 720.0]
10:45:28.440 [FXGL Background Thread 3 ] DEBUG Engine               - actualWidth: 1280.0
10:45:28.440 [FXGL Background Thread 3 ] DEBUG Engine               - actualWidthProperty: ReadOnlyDoubleProperty [value: 1280.0]
10:45:28.440 [FXGL Background Thread 3 ] DEBUG Engine               - appIcon: fxgl_icon.png
10:45:28.440 [FXGL Background Thread 3 ] DEBUG Engine               - applicationMode: DEVELOPER
10:45:28.440 [FXGL Background Thread 3 ] DEBUG Engine               - cSSList: [fxgl_dark.css]
10:45:28.441 [FXGL Background Thread 3 ] DEBUG Engine               - collisionDetectionStrategy: BRUTE_FORCE
10:45:28.441 [FXGL Background Thread 3 ] DEBUG Engine               - configClass: Optional.empty
10:45:28.441 [FXGL Background Thread 3 ] DEBUG Engine               - credits: []
10:45:28.443 [FXGL Background Thread 3 ] DEBUG Engine               - defaultCursor: CursorInfo(imageName=cursor.png, hotspotX=5.0, hotspotY=3.0)
10:45:28.444 [FXGL Background Thread 3 ] DEBUG Engine               - devBBoxColorProperty: ObjectProperty [value: 0xff0000ff]
10:45:28.444 [FXGL Background Thread 3 ] DEBUG Engine               - devEnableDebugCameraProperty: BooleanProperty [value: false]
10:45:28.444 [FXGL Background Thread 3 ] DEBUG Engine               - devSensorColorProperty: ObjectProperty [value: 0xffff00ff]
10:45:28.444 [FXGL Background Thread 3 ] DEBUG Engine               - devShowBBoxProperty: BooleanProperty [value: false]
10:45:28.444 [FXGL Background Thread 3 ] DEBUG Engine               - devShowPositionProperty: BooleanProperty [value: false]
10:45:28.444 [FXGL Background Thread 3 ] DEBUG Engine               - enabledMenuItems: []
10:45:28.444 [FXGL Background Thread 3 ] DEBUG Engine               - engineServices: [class com.almasb.fxgl.app.services.FXGLAssetLoaderService, class com.almasb.fxgl.app.FXGLApplication$GameApplicationService, class com.almasb.fxgl.app.services.FXGLDialogService, class com.almasb.fxgl.app.services.IOTaskExecutorService, class com.almasb.fxgl.io.FileSystemService, class com.almasb.fxgl.localization.LocalizationService, class com.almasb.fxgl.app.services.SystemBundleService, class com.almasb.fxgl.profile.SaveLoadService, class com.almasb.fxgl.ui.FXGLUIFactoryServiceProvider, class com.almasb.fxgl.ui.FXGLDialogFactoryServiceProvider, class com.almasb.fxgl.audio.AudioPlayer, class com.almasb.fxgl.notification.impl.NotificationServiceProvider, class com.almasb.fxgl.achievement.AchievementService, class com.almasb.fxgl.cutscene.CutsceneService, class com.almasb.fxgl.minigames.MiniGameService, class com.almasb.fxgl.net.NetService, class com.almasb.fxgl.app.services.UpdaterService, class com.almasb.fxgl.dev.DevService]
10:45:28.445 [FXGL Background Thread 3 ] DEBUG Engine               - fontGame: alagard.ttf
10:45:28.445 [FXGL Background Thread 3 ] DEBUG Engine               - fontMono: alagard.ttf
10:45:28.445 [FXGL Background Thread 3 ] DEBUG Engine               - fontText: alagard.ttf
10:45:28.445 [FXGL Background Thread 3 ] DEBUG Engine               - fontUI: alagard.ttf
10:45:28.445 [FXGL Background Thread 3 ] DEBUG Engine               - fullScreen: BooleanProperty [value: false]
10:45:28.445 [FXGL Background Thread 3 ] DEBUG Engine               - gameDifficulty: MEDIUM
10:45:28.445 [FXGL Background Thread 3 ] DEBUG Engine               - gameDifficultyProperty: ObjectProperty [value: MEDIUM]
10:45:28.445 [FXGL Background Thread 3 ] DEBUG Engine               - globalMusicVolume: 0.5
10:45:28.445 [FXGL Background Thread 3 ] DEBUG Engine               - globalMusicVolumeProperty: DoubleProperty [value: 0.5]
10:45:28.445 [FXGL Background Thread 3 ] DEBUG Engine               - globalSoundVolume: 0.5
10:45:28.445 [FXGL Background Thread 3 ] DEBUG Engine               - globalSoundVolumeProperty: DoubleProperty [value: 0.5]
10:45:28.445 [FXGL Background Thread 3 ] DEBUG Engine               - height: 720
10:45:28.445 [FXGL Background Thread 3 ] DEBUG Engine               - is3D: false
10:45:28.445 [FXGL Background Thread 3 ] DEBUG Engine               - isAndroid: false
10:45:28.445 [FXGL Background Thread 3 ] DEBUG Engine               - isBrowser: false
10:45:28.446 [FXGL Background Thread 3 ] DEBUG Engine               - isClickFeedbackEnabled: false
10:45:28.446 [FXGL Background Thread 3 ] DEBUG Engine               - isCloseConfirmation: false
10:45:28.446 [FXGL Background Thread 3 ] DEBUG Engine               - isDesktop: true
10:45:28.446 [FXGL Background Thread 3 ] DEBUG Engine               - isDeveloperMenuEnabled: false
10:45:28.446 [FXGL Background Thread 3 ] DEBUG Engine               - isEmbedded: false
10:45:28.446 [FXGL Background Thread 3 ] DEBUG Engine               - isEntityPreloadEnabled: true
10:45:28.446 [FXGL Background Thread 3 ] DEBUG Engine               - isExperimentalTiledLargeMap: false
10:45:28.446 [FXGL Background Thread 3 ] DEBUG Engine               - isFileSystemWriteAllowed: true
10:45:28.446 [FXGL Background Thread 3 ] DEBUG Engine               - isFullScreenAllowed: false
10:45:28.446 [FXGL Background Thread 3 ] DEBUG Engine               - isFullScreenFromStart: false
10:45:28.446 [FXGL Background Thread 3 ] DEBUG Engine               - isGameMenuEnabled: true
10:45:28.446 [FXGL Background Thread 3 ] DEBUG Engine               - isIOS: false
10:45:28.446 [FXGL Background Thread 3 ] DEBUG Engine               - isIntroEnabled: false
10:45:28.446 [FXGL Background Thread 3 ] DEBUG Engine               - isLinux: false
10:45:28.446 [FXGL Background Thread 3 ] DEBUG Engine               - isMac: false
10:45:28.446 [FXGL Background Thread 3 ] DEBUG Engine               - isMainMenuEnabled: true
10:45:28.446 [FXGL Background Thread 3 ] DEBUG Engine               - isManualResizeEnabled: false
10:45:28.446 [FXGL Background Thread 3 ] DEBUG Engine               - isMobile: false
10:45:28.446 [FXGL Background Thread 3 ] DEBUG Engine               - isNative: false
10:45:28.446 [FXGL Background Thread 3 ] DEBUG Engine               - isPauseMusicWhenMinimized: true
10:45:28.446 [FXGL Background Thread 3 ] DEBUG Engine               - isPreserveResizeRatio: false
10:45:28.448 [FXGL Background Thread 3 ] DEBUG Engine               - isProfilingEnabled: false
10:45:28.448 [FXGL Background Thread 3 ] DEBUG Engine               - isScaleAffectedOnResize: true
10:45:28.448 [FXGL Background Thread 3 ] DEBUG Engine               - isSingleStep: false
10:45:28.448 [FXGL Background Thread 3 ] DEBUG Engine               - isUserProfileEnabled: false
10:45:28.448 [FXGL Background Thread 3 ] DEBUG Engine               - isWindows: true
10:45:28.448 [FXGL Background Thread 3 ] DEBUG Engine               - language: ObjectProperty [value: ENGLISH]
10:45:28.448 [FXGL Background Thread 3 ] DEBUG Engine               - menuKey: ESCAPE
10:45:28.448 [FXGL Background Thread 3 ] DEBUG Engine               - mouseSensitivity: 0.2
10:45:28.448 [FXGL Background Thread 3 ] DEBUG Engine               - notificationViewClass: class com.almasb.fxgl.notification.view.XboxNotificationView
10:45:28.448 [FXGL Background Thread 3 ] DEBUG Engine               - pixelsPerMeter: 50.0
10:45:28.448 [FXGL Background Thread 3 ] DEBUG Engine               - platform: WINDOWS
10:45:28.448 [FXGL Background Thread 3 ] DEBUG Engine               - prefHeightProperty: ReadOnlyDoubleProperty [value: 720.0]
10:45:28.449 [FXGL Background Thread 3 ] DEBUG Engine               - prefWidthProperty: ReadOnlyDoubleProperty [value: 1280.0]
10:45:28.449 [FXGL Background Thread 3 ] DEBUG Engine               - profileDir: profiles/
10:45:28.449 [FXGL Background Thread 3 ] DEBUG Engine               - profileName: StringProperty [value: DEFAULT]
10:45:28.449 [FXGL Background Thread 3 ] DEBUG Engine               - randomSeed: -1
10:45:28.449 [FXGL Background Thread 3 ] DEBUG Engine               - runtimeInfo: RuntimeInfo(platform=WINDOWS, version=17.2, build=20.08.2022 16.50)
10:45:28.449 [FXGL Background Thread 3 ] DEBUG Engine               - saveFileExt: sav
10:45:28.449 [FXGL Background Thread 3 ] DEBUG Engine               - scaledHeightProp$fxgl: DoubleProperty [bound, value: 720.0]
10:45:28.450 [FXGL Background Thread 3 ] DEBUG Engine               - scaledWidthProp$fxgl: DoubleProperty [bound, value: 1280.0]
10:45:28.450 [FXGL Background Thread 3 ] DEBUG Engine               - sceneFactory: com.lgiacchetta.dungeon.DungeonApp$1@52a9534c
10:45:28.450 [FXGL Background Thread 3 ] DEBUG Engine               - secondsIn24h: 60
10:45:28.450 [FXGL Background Thread 3 ] DEBUG Engine               - soundMenuBack: menu/back.wav
10:45:28.450 [FXGL Background Thread 3 ] DEBUG Engine               - soundMenuPress: menu/press.wav
10:45:28.450 [FXGL Background Thread 3 ] DEBUG Engine               - soundMenuSelect: menu/select.wav
10:45:28.450 [FXGL Background Thread 3 ] DEBUG Engine               - soundNotification: core/notification.wav
10:45:28.450 [FXGL Background Thread 3 ] DEBUG Engine               - stageStyle: DECORATED
10:45:28.450 [FXGL Background Thread 3 ] DEBUG Engine               - supportedLanguages: [ENGLISH, FRENCH, GERMAN, HUNGARIAN, RUSSIAN]
10:45:28.450 [FXGL Background Thread 3 ] DEBUG Engine               - ticksPerSecond: -1
10:45:28.450 [FXGL Background Thread 3 ] DEBUG Engine               - title: Untitled
10:45:28.450 [FXGL Background Thread 3 ] DEBUG Engine               - urlGithub: https://github.com/AlmasB/FXGL
10:45:28.450 [FXGL Background Thread 3 ] DEBUG Engine               - urlLeaderboard: http://fxgl-top.herokuapp.com/
10:45:28.450 [FXGL Background Thread 3 ] DEBUG Engine               - urlPOM: https://raw.githubusercontent.com/AlmasB/FXGL/release/README.md
10:45:28.451 [FXGL Background Thread 3 ] DEBUG Engine               - userAppClass: class com.lgiacchetta.dungeon.DungeonApp
10:45:28.451 [FXGL Background Thread 3 ] DEBUG Engine               - version: 0.0
10:45:28.451 [FXGL Background Thread 3 ] DEBUG Engine               - versionCheckDays: 7
10:45:28.451 [FXGL Background Thread 3 ] DEBUG Engine               - width: 1280
10:45:28.451 [FXGL Background Thread 3 ] DEBUG Engine               - Logging services
10:45:28.451 [FXGL Background Thread 3 ] DEBUG Engine               - class com.almasb.fxgl.app.services.FXGLAssetLoaderService
10:45:28.451 [FXGL Background Thread 3 ] DEBUG Engine               - class com.almasb.fxgl.app.FXGLApplication$GameApplicationService
10:45:28.451 [FXGL Background Thread 3 ] DEBUG Engine               - class com.almasb.fxgl.app.services.FXGLDialogService
10:45:28.451 [FXGL Background Thread 3 ] DEBUG Engine               - class com.almasb.fxgl.app.services.IOTaskExecutorService
10:45:28.451 [FXGL Background Thread 3 ] DEBUG Engine               - class com.almasb.fxgl.io.FileSystemService
10:45:28.451 [FXGL Background Thread 3 ] DEBUG Engine               - class com.almasb.fxgl.localization.LocalizationService
10:45:28.451 [FXGL Background Thread 3 ] DEBUG Engine               - class com.almasb.fxgl.app.services.SystemBundleService
10:45:28.451 [FXGL Background Thread 3 ] DEBUG Engine               - class com.almasb.fxgl.profile.SaveLoadService
10:45:28.451 [FXGL Background Thread 3 ] DEBUG Engine               - class com.almasb.fxgl.ui.FXGLUIFactoryServiceProvider
10:45:28.451 [FXGL Background Thread 3 ] DEBUG Engine               - class com.almasb.fxgl.ui.FXGLDialogFactoryServiceProvider
10:45:28.452 [FXGL Background Thread 3 ] DEBUG Engine               - class com.almasb.fxgl.audio.AudioPlayer
10:45:28.452 [FXGL Background Thread 3 ] DEBUG Engine               - class com.almasb.fxgl.notification.impl.NotificationServiceProvider
10:45:28.452 [FXGL Background Thread 3 ] DEBUG Engine               - class com.almasb.fxgl.achievement.AchievementService
10:45:28.452 [FXGL Background Thread 3 ] DEBUG Engine               - class com.almasb.fxgl.cutscene.CutsceneService
10:45:28.452 [FXGL Background Thread 3 ] DEBUG Engine               - class com.almasb.fxgl.minigames.MiniGameService
10:45:28.452 [FXGL Background Thread 3 ] DEBUG Engine               - class com.almasb.fxgl.net.NetService
10:45:28.452 [FXGL Background Thread 3 ] DEBUG Engine               - class com.almasb.fxgl.app.services.UpdaterService
10:45:28.452 [FXGL Background Thread 3 ] DEBUG Engine               - class com.almasb.fxgl.dev.DevService
10:45:37.503 [JavaFX Application Thread] DEBUG FXGLApplication      - Exiting FXGL
10:45:37.503 [JavaFX Application Thread] DEBUG LoopRunner           - Stopping loop
10:45:37.503 [JavaFX Application Thread] DEBUG SystemBundleService  - Saving FXGL system data
10:45:37.510 [JavaFX Application Thread] DEBUG FileSystemAccess     - Writing to: C:\Users\lucag\IdeaProjects\Dungeon\system\fxgl.bundle
10:45:37.513 [JavaFX Application Thread] DEBUG Async                - Shutting down background threads
10:45:37.513 [JavaFX Application Thread] DEBUG PrimaryStageWindow   - Closing main window
10:45:37.551 [JavaFX Application Thread] DEBUG Logger               - Closing Logger
