13:09:11.352 [main                     ] DEBUG Logger               - Configured Logger
13:09:11.373 [main                     ] DEBUG GameApplication      - Logging settings
Title: Untitled
Version: 0.0
Width: 1280
Height: 720
Fullscreen: false
Intro: false
Profiling: false
Single step:false
App Mode: DEVELOPER
Menu Key: ESCAPE
Stage Style: DECORATED
Scene Factory: class com.lgiacchetta.dungeon.DungeonApp$1

13:09:11.649 [JavaFX Application Thread] DEBUG FXGLApplication      - Initializing FXGL
13:09:11.655 [JavaFX Application Thread] INFO  Engine               - FXGL-17.2 (20.08.2022 16.50) on WINDOWS (J:17.0.6 FX:17.0.2-ea)
13:09:11.655 [JavaFX Application Thread] DEBUG Engine               - JRE Vendor Name: Oracle Corporation
13:09:11.655 [JavaFX Application Thread] DEBUG Engine               - Running on OS: Windows 11 version 10.0
13:09:11.655 [JavaFX Application Thread] DEBUG Engine               - Architecture: amd64
13:09:11.656 [JavaFX Application Thread] INFO  Engine               - Source code and latest versions at: https://github.com/AlmasB/FXGL
13:09:11.656 [JavaFX Application Thread] INFO  Engine               -       Ask questions and discuss at: https://github.com/AlmasB/FXGL/discussions
13:09:11.656 [JavaFX Application Thread] INFO  Engine               -              Join the FXGL chat at: https://gitter.im/AlmasB/FXGL
13:09:11.724 [JavaFX Application Thread] DEBUG PrimaryStageWindow   - Creating a JavaFX scene
13:09:11.759 [JavaFX Application Thread] DEBUG PrimaryStageWindow   - Target settings size: 1280.0 x 720.0
13:09:11.759 [JavaFX Application Thread] DEBUG PrimaryStageWindow   - Scaled scene size:    1280.0 x 720.0
13:09:11.759 [JavaFX Application Thread] DEBUG PrimaryStageWindow   - Scaled ratio: (1.0, 1.0)
13:09:11.760 [JavaFX Application Thread] DEBUG PrimaryStageWindow   - Set initial scene to FXGLStartupScene
13:09:11.764 [JavaFX Application Thread] DEBUG PrimaryStageWindow   - Opening main window
13:09:11.827 [JavaFX Application Thread] DEBUG PrimaryStageWindow   - Window border size: (14.4000244140625, 37.5999755859375)
13:09:11.827 [JavaFX Application Thread] DEBUG PrimaryStageWindow   - Scaled size: 1280.0 x 720.0
13:09:11.828 [JavaFX Application Thread] DEBUG PrimaryStageWindow   - Scaled ratio: (1.0, 1.0)
13:09:11.828 [JavaFX Application Thread] DEBUG PrimaryStageWindow   - Scene size: 1280.0 x 720.0
13:09:11.828 [JavaFX Application Thread] DEBUG PrimaryStageWindow   - Stage size: 1294.4000244140625 x 757.5999755859375
13:09:11.835 [FXGL Background Thread 1 ] DEBUG Engine               - Initializing environment variables
13:09:11.869 [FXGL Background Thread 1 ] DEBUG FXGLAssetLoaderServi - User app class for loading assets: class com.lgiacchetta.dungeon.DungeonApp
13:09:11.869 [FXGL Background Thread 1 ] DEBUG GameApplicationServi - Applying CSS: fxgl_dark.css
13:09:11.870 [FXGL Background Thread 1 ] DEBUG FXGLAssetLoaderServi - Loading from file system: jar:file:///C:/Users/sofia/.gradle/caches/modules-2/files-2.1/com.github.almasb/fxgl/17.2/35db6ae960eec2dcfd19262d3b7f9c42f0e95bc3/fxgl-17.2.jar!/fxglassets/ui/css/fxgl_dark.css
13:09:11.912 [FXGL Background Thread 1 ] DEBUG GameApplicationServi - Initializing application scenes
13:09:11.913 [FXGL Background Thread 1 ] DEBUG FXGLAssetLoaderServi - Loading from file system: jar:file:///C:/Users/sofia/IdeaProjects/Dungeon/build/libs/Dungeon-1.0-SNAPSHOT.jar!/assets/textures/loading.jpg
13:09:11.954 [FXGL Background Thread 1 ] DEBUG FXGLAssetLoaderServi - Loading from file system: jar:file:///C:/Users/sofia/IdeaProjects/Dungeon/build/libs/Dungeon-1.0-SNAPSHOT.jar!/assets/ui/fonts/alagard.ttf
13:09:11.998 [FXGL Background Thread 1 ] DEBUG FXGLAssetLoaderServi - Loading from file system: jar:file:///C:/Users/sofia/IdeaProjects/Dungeon/build/libs/Dungeon-1.0-SNAPSHOT.jar!/assets/music/melody.wav
13:09:12.075 [FXGL Background Thread 1 ] DEBUG FXGLAssetLoaderServi - Loading from file system: jar:file:///C:/Users/sofia/IdeaProjects/Dungeon/build/libs/Dungeon-1.0-SNAPSHOT.jar!/assets/music/menu.wav
13:09:12.235 [FXGL Background Thread 1 ] DEBUG FXGLAssetLoaderServi - Loading from file system: jar:file:///C:/Users/sofia/IdeaProjects/Dungeon/build/libs/Dungeon-1.0-SNAPSHOT.jar!/assets/textures/orc/boss/ogre_run_anim_f0.png
13:09:12.238 [FXGL Background Thread 1 ] DEBUG FXGLAssetLoaderServi - Loading from file system: jar:file:///C:/Users/sofia/IdeaProjects/Dungeon/build/libs/Dungeon-1.0-SNAPSHOT.jar!/assets/textures/orc/boss/ogre_run_anim_f1.png
13:09:12.239 [FXGL Background Thread 1 ] DEBUG FXGLAssetLoaderServi - Loading from file system: jar:file:///C:/Users/sofia/IdeaProjects/Dungeon/build/libs/Dungeon-1.0-SNAPSHOT.jar!/assets/textures/orc/boss/ogre_run_anim_f2.png
13:09:12.240 [FXGL Background Thread 1 ] DEBUG FXGLAssetLoaderServi - Loading from file system: jar:file:///C:/Users/sofia/IdeaProjects/Dungeon/build/libs/Dungeon-1.0-SNAPSHOT.jar!/assets/textures/orc/boss/ogre_run_anim_f3.png
13:09:12.253 [FXGL Background Thread 1 ] DEBUG FXGLAssetLoaderServi - Loading from file system: jar:file:///C:/Users/sofia/IdeaProjects/Dungeon/build/libs/Dungeon-1.0-SNAPSHOT.jar!/assets/textures/demon/boss/big_demon_run_anim_f0.png
13:09:12.254 [FXGL Background Thread 1 ] DEBUG FXGLAssetLoaderServi - Loading from file system: jar:file:///C:/Users/sofia/IdeaProjects/Dungeon/build/libs/Dungeon-1.0-SNAPSHOT.jar!/assets/textures/demon/boss/big_demon_run_anim_f1.png
13:09:12.255 [FXGL Background Thread 1 ] DEBUG FXGLAssetLoaderServi - Loading from file system: jar:file:///C:/Users/sofia/IdeaProjects/Dungeon/build/libs/Dungeon-1.0-SNAPSHOT.jar!/assets/textures/demon/boss/big_demon_run_anim_f2.png
13:09:12.255 [FXGL Background Thread 1 ] DEBUG FXGLAssetLoaderServi - Loading from file system: jar:file:///C:/Users/sofia/IdeaProjects/Dungeon/build/libs/Dungeon-1.0-SNAPSHOT.jar!/assets/textures/demon/boss/big_demon_run_anim_f3.png
13:09:12.256 [FXGL Background Thread 1 ] DEBUG FXGLAssetLoaderServi - Loading from file system: jar:file:///C:/Users/sofia/IdeaProjects/Dungeon/build/libs/Dungeon-1.0-SNAPSHOT.jar!/assets/textures/undead/boss/big_zombie_run_anim_f0.png
13:09:12.257 [FXGL Background Thread 1 ] DEBUG FXGLAssetLoaderServi - Loading from file system: jar:file:///C:/Users/sofia/IdeaProjects/Dungeon/build/libs/Dungeon-1.0-SNAPSHOT.jar!/assets/textures/undead/boss/big_zombie_run_anim_f1.png
13:09:12.257 [FXGL Background Thread 1 ] DEBUG FXGLAssetLoaderServi - Loading from file system: jar:file:///C:/Users/sofia/IdeaProjects/Dungeon/build/libs/Dungeon-1.0-SNAPSHOT.jar!/assets/textures/undead/boss/big_zombie_run_anim_f2.png
13:09:12.258 [FXGL Background Thread 1 ] DEBUG FXGLAssetLoaderServi - Loading from file system: jar:file:///C:/Users/sofia/IdeaProjects/Dungeon/build/libs/Dungeon-1.0-SNAPSHOT.jar!/assets/textures/undead/boss/big_zombie_run_anim_f3.png
13:09:12.259 [FXGL Background Thread 1 ] DEBUG FXGLAssetLoaderServi - Loading from file system: jar:file:///C:/Users/sofia/IdeaProjects/Dungeon/build/libs/Dungeon-1.0-SNAPSHOT.jar!/assets/textures/hero/knight_m_run_anim_f0.png
13:09:12.260 [FXGL Background Thread 1 ] DEBUG FXGLAssetLoaderServi - Loading from file system: jar:file:///C:/Users/sofia/IdeaProjects/Dungeon/build/libs/Dungeon-1.0-SNAPSHOT.jar!/assets/textures/hero/knight_m_run_anim_f1.png
13:09:12.260 [FXGL Background Thread 1 ] DEBUG FXGLAssetLoaderServi - Loading from file system: jar:file:///C:/Users/sofia/IdeaProjects/Dungeon/build/libs/Dungeon-1.0-SNAPSHOT.jar!/assets/textures/hero/knight_m_run_anim_f2.png
13:09:12.261 [FXGL Background Thread 1 ] DEBUG FXGLAssetLoaderServi - Loading from file system: jar:file:///C:/Users/sofia/IdeaProjects/Dungeon/build/libs/Dungeon-1.0-SNAPSHOT.jar!/assets/textures/hero/knight_m_run_anim_f3.png
13:09:12.266 [FXGL Background Thread 1 ] DEBUG GameWorld            - Game world initialized
13:09:12.310 [FXGL Background Thread 1 ] DEBUG PhysicsWorld         - Physics world initialized: appHeight=720, physics.ppm=50,0
13:09:12.311 [FXGL Background Thread 1 ] DEBUG PhysicsWorld         - Using strategy: BRUTE_FORCE
13:09:12.318 [FXGL Background Thread 1 ] DEBUG GameScene            - Game scene initialized: 1280x720
13:09:12.332 [FXGL Background Thread 1 ] DEBUG GameApplicationServi - Application scenes initialized
13:09:12.343 [FXGL Background Thread 1 ] DEBUG SystemBundleService  - Loading FXGL system data
13:09:12.348 [FXGL Background Thread 1 ] DEBUG FileSystemAccess     - Reading from: C:\Users\sofia\IdeaProjects\Dungeon\system\fxgl.bundle
13:09:12.353 [FXGL Background Thread 1 ] DEBUG SystemBundleService  - Bundle FXGL: {}
13:09:12.353 [FXGL Background Thread 1 ] DEBUG UpdaterService       - Checking for updates
13:09:12.364 [FXGL Background Thread 4 ] DEBUG FXGLApplication      - Loading fonts
13:09:12.364 [FXGL Background Thread 1 ] DEBUG FXGLApplication      - Loading default localization
13:09:12.364 [FXGL Background Thread 4 ] DEBUG FXGLAssetLoaderServi - Loading from file system: jar:file:///C:/Users/sofia/.gradle/caches/modules-2/files-2.1/com.github.almasb/fxgl/17.2/35db6ae960eec2dcfd19262d3b7f9c42f0e95bc3/fxgl-17.2.jar!/fxglassets/ui/fonts/VarelaRound-Regular.ttf
13:09:12.365 [FXGL Background Thread 1 ] DEBUG FXGLAssetLoaderServi - Loading from file system: jar:file:///C:/Users/sofia/.gradle/caches/modules-2/files-2.1/com.github.almasb/fxgl/17.2/35db6ae960eec2dcfd19262d3b7f9c42f0e95bc3/fxgl-17.2.jar!/fxglassets/languages/english.lang
13:09:12.368 [FXGL Background Thread 4 ] DEBUG FXGLAssetLoaderServi - Loading from file system: jar:file:///C:/Users/sofia/.gradle/caches/modules-2/files-2.1/com.github.almasb/fxgl/17.2/35db6ae960eec2dcfd19262d3b7f9c42f0e95bc3/fxgl-17.2.jar!/fxglassets/ui/fonts/Abel-Regular.ttf
13:09:12.371 [FXGL Background Thread 4 ] DEBUG FXGLAssetLoaderServi - Loading from file system: jar:file:///C:/Users/sofia/.gradle/caches/modules-2/files-2.1/com.github.almasb/fxgl/17.2/35db6ae960eec2dcfd19262d3b7f9c42f0e95bc3/fxgl-17.2.jar!/fxglassets/ui/fonts/TerminalLandMono-Regular.otf
13:09:12.373 [FXGL Background Thread 4 ] DEBUG FXGLAssetLoaderServi - Loading from file system: jar:file:///C:/Users/sofia/.gradle/caches/modules-2/files-2.1/com.github.almasb/fxgl/17.2/35db6ae960eec2dcfd19262d3b7f9c42f0e95bc3/fxgl-17.2.jar!/fxglassets/ui/fonts/Courier-Prime.ttf
13:09:12.381 [FXGL Background Thread 1 ] INFO  FXGLApplication      - FXGL initialization took: 0,545 sec
13:09:12.390 [JavaFX Application Thread] DEBUG Input                - Registered new binding: Up1 - W
13:09:12.390 [JavaFX Application Thread] DEBUG Input                - Registered new binding: Left1 - A
13:09:12.390 [JavaFX Application Thread] DEBUG Input                - Registered new binding: Down1 - S
13:09:12.390 [JavaFX Application Thread] DEBUG Input                - Registered new binding: Right1 - D
13:09:12.390 [JavaFX Application Thread] DEBUG Input                - Registered new binding: Up2 - Up
13:09:12.390 [JavaFX Application Thread] DEBUG Input                - Registered new binding: Left2 - Left
13:09:12.390 [JavaFX Application Thread] DEBUG Input                - Registered new binding: Down2 - Down
13:09:12.391 [JavaFX Application Thread] DEBUG Input                - Registered new binding: Right2 - Right
13:09:12.391 [JavaFX Application Thread] DEBUG AudioPlayer          - Playing music com.almasb.fxgl.audio.Music@64e76962
13:09:12.393 [JavaFX Application Thread] DEBUG FXGLAssetLoaderServi - Loading from file system: jar:file:///C:/Users/sofia/.gradle/caches/modules-2/files-2.1/com.github.almasb/fxgl/17.2/35db6ae960eec2dcfd19262d3b7f9c42f0e95bc3/fxgl-17.2.jar!/fxglassets/textures/fxgl_icon.png
13:09:12.418 [JavaFX Application Thread] DEBUG FXGLAssetLoaderServi - Loading from file system: jar:file:///C:/Users/sofia/IdeaProjects/Dungeon/build/libs/Dungeon-1.0-SNAPSHOT.jar!/assets/textures/cursor.png
13:09:12.421 [JavaFX Application Thread] DEBUG Input                - Registered new binding: Screenshot - CTRL+8
13:09:12.422 [JavaFX Application Thread] DEBUG Input                - Registered new binding: System info dump - CTRL+9
13:09:12.427 [JavaFX Application Thread] DEBUG Input                - Registered new binding: Restart - CTRL+R
13:09:12.431 [JavaFX Application Thread] DEBUG Input                - Registered new binding: Toggle Debug Camera - CTRL+7
13:09:12.435 [JavaFX Application Thread] DEBUG LoopRunner           - Starting loop
13:09:12.436 [JavaFX Application Thread] DEBUG LoopRunner           - Initializing JavaFX AnimationTimerLoop
13:09:12.442 [JavaFX Application Thread] DEBUG Input                - Clearing active input actions
13:09:12.451 [JavaFX Application Thread] DEBUG GameApplicationServi - Removing overlay from FXGLStartupScene and adding to FXGLMainMenuDummyScene
13:09:12.452 [JavaFX Application Thread] DEBUG PrimaryStageWindow   - FXGLStartupScene -> FXGLMainMenuDummyScene
13:09:12.452 [JavaFX Application Thread] DEBUG PrimaryStageWindow   - Push state: MainMenu
13:09:12.452 [JavaFX Application Thread] DEBUG Input                - Clearing active input actions
13:09:12.459 [JavaFX Application Thread] DEBUG GameApplicationServi - Removing overlay from FXGLMainMenuDummyScene and adding to MainMenu
13:09:12.461 [JavaFX Application Thread] DEBUG PrimaryStageWindow   - FXGLMainMenuDummyScene -> MainMenu
13:09:12.461 [JavaFX Application Thread] DEBUG FXGLApplication      - Registering font factories with UI factory
13:09:12.793 [FXGL Background Thread 2 ] INFO  UpdaterService       - Your current version:  17.2
13:09:12.793 [FXGL Background Thread 2 ] INFO  UpdaterService       - Latest stable version: 17.3
13:09:13.510 [JavaFX Application Thread] DEBUG Menu                 - fireNewGame()
13:09:13.510 [JavaFX Application Thread] DEBUG GameApplicationServi - Starting new game
13:09:13.510 [JavaFX Application Thread] DEBUG PrimaryStageWindow   - Pop state: MainMenu
13:09:13.510 [JavaFX Application Thread] DEBUG Input                - Clearing active input actions
13:09:13.511 [JavaFX Application Thread] DEBUG GameApplicationServi - Removing overlay from MainMenu and adding to FXGLMainMenuDummyScene
13:09:13.511 [JavaFX Application Thread] DEBUG PrimaryStageWindow   - FXGLMainMenuDummyScene <- MainMenu
13:09:13.512 [JavaFX Application Thread] DEBUG Input                - Clearing active input actions
13:09:13.519 [JavaFX Application Thread] DEBUG GameApplicationServi - Removing overlay from FXGLMainMenuDummyScene and adding to MainLoadingScene
13:09:13.519 [JavaFX Application Thread] DEBUG PrimaryStageWindow   - FXGLMainMenuDummyScene -> MainLoadingScene
13:09:13.519 [JavaFX Application Thread] DEBUG GameApplicationServi - Clearing previous game
13:09:13.519 [JavaFX Application Thread] DEBUG GameScene            - Clearing game scene
13:09:13.519 [JavaFX Application Thread] DEBUG GameWorld            - Clearing game world
13:09:13.520 [JavaFX Application Thread] DEBUG PhysicsWorld         - Clearing physics world
13:09:13.522 [FXGL Background Thread 2 ] DEBUG FXGLApplication      - Initializing game
13:09:13.527 [FXGL Background Thread 2 ] DEBUG Input                - Registered new binding: Restart Level - Enter
13:09:13.528 [FXGL Background Thread 2 ] DEBUG Input                - Registered new binding: Pass to the next Level - Enter
13:09:13.529 [FXGL Background Thread 2 ] DEBUG Input                - Registered new binding: Game End - Enter
13:09:13.535 [FXGL Background Thread 2 ] DEBUG AudioPlayer          - Stopping music com.almasb.fxgl.audio.Music@64e76962
13:09:13.576 [FXGL Background Thread 2 ] DEBUG AudioPlayer          - Playing music com.almasb.fxgl.audio.Music@22dbc09c
13:09:13.596 [FXGL Background Thread 2 ] WARN  TMXLevelLoader       - TiledMap generated from 1.10.1. Supported version: 1.9.0. Some features may not be parsed fully.
13:09:13.633 [FXGL Background Thread 2 ] DEBUG TMXLevelLoader       - Parsed TiledMap: jar:file:///C:/Users/sofia/IdeaProjects/Dungeon/build/libs/Dungeon-1.0-SNAPSHOT.jar!/assets/levels/tmx/level1.tmx
13:09:13.634 [FXGL Background Thread 2 ] DEBUG TMXLevelLoader       - Creating tile layer entities
13:09:13.636 [FXGL Background Thread 2 ] DEBUG TilesetLoader        - Loading view for layer floor
13:09:13.637 [FXGL Background Thread 2 ] DEBUG TilesetLoader        - Created buffer with size 960.0x960.0
13:09:13.673 [FXGL Background Thread 2 ] DEBUG TilesetLoader        - Loading view for layer walls
13:09:13.674 [FXGL Background Thread 2 ] DEBUG TilesetLoader        - Created buffer with size 960.0x960.0
13:09:13.678 [FXGL Background Thread 2 ] DEBUG TilesetLoader        - Loading view for layer side-walls
13:09:13.679 [FXGL Background Thread 2 ] DEBUG TilesetLoader        - Created buffer with size 960.0x960.0
13:09:13.680 [FXGL Background Thread 2 ] DEBUG TMXLevelLoader       - Creating object layer entities
13:09:13.697 [FXGL Background Thread 2 ] DEBUG FXGLAssetLoaderServi - Loading from file system: jar:file:///C:/Users/sofia/IdeaProjects/Dungeon/build/libs/Dungeon-1.0-SNAPSHOT.jar!/assets/textures/door/doors_leaf_closed.png
13:09:13.697 [FXGL Background Thread 2 ] DEBUG FXGLAssetLoaderServi - Loading from file system: jar:file:///C:/Users/sofia/IdeaProjects/Dungeon/build/libs/Dungeon-1.0-SNAPSHOT.jar!/assets/textures/door/doors_leaf_open.png
13:09:13.701 [FXGL Background Thread 2 ] DEBUG FXGLAssetLoaderServi - Loading from file system: jar:file:///C:/Users/sofia/IdeaProjects/Dungeon/build/libs/Dungeon-1.0-SNAPSHOT.jar!/assets/textures/plate/button_blue_up.png
13:09:13.702 [FXGL Background Thread 2 ] DEBUG FXGLAssetLoaderServi - Loading from file system: jar:file:///C:/Users/sofia/IdeaProjects/Dungeon/build/libs/Dungeon-1.0-SNAPSHOT.jar!/assets/textures/plate/button_blue_down.png
13:09:13.703 [FXGL Background Thread 2 ] DEBUG FXGLAssetLoaderServi - Loading from file system: jar:file:///C:/Users/sofia/IdeaProjects/Dungeon/build/libs/Dungeon-1.0-SNAPSHOT.jar!/assets/textures/plate/button_red_up.png
13:09:13.703 [FXGL Background Thread 2 ] DEBUG FXGLAssetLoaderServi - Loading from file system: jar:file:///C:/Users/sofia/IdeaProjects/Dungeon/build/libs/Dungeon-1.0-SNAPSHOT.jar!/assets/textures/plate/button_red_down.png
13:09:13.706 [FXGL Background Thread 2 ] DEBUG FXGLAssetLoaderServi - Loading from file system: jar:file:///C:/Users/sofia/IdeaProjects/Dungeon/build/libs/Dungeon-1.0-SNAPSHOT.jar!/assets/textures/ladder/floor_ladder.png
13:09:13.708 [FXGL Background Thread 2 ] DEBUG FXGLAssetLoaderServi - Loading from file system: jar:file:///C:/Users/sofia/IdeaProjects/Dungeon/build/libs/Dungeon-1.0-SNAPSHOT.jar!/assets/textures/spike/floor_spikes_anim_f0.png
13:09:13.709 [FXGL Background Thread 2 ] DEBUG FXGLAssetLoaderServi - Loading from file system: jar:file:///C:/Users/sofia/IdeaProjects/Dungeon/build/libs/Dungeon-1.0-SNAPSHOT.jar!/assets/textures/spike/floor_spikes_anim_f1.png
13:09:13.709 [FXGL Background Thread 2 ] DEBUG FXGLAssetLoaderServi - Loading from file system: jar:file:///C:/Users/sofia/IdeaProjects/Dungeon/build/libs/Dungeon-1.0-SNAPSHOT.jar!/assets/textures/spike/floor_spikes_anim_f2.png
13:09:13.710 [FXGL Background Thread 2 ] DEBUG FXGLAssetLoaderServi - Loading from file system: jar:file:///C:/Users/sofia/IdeaProjects/Dungeon/build/libs/Dungeon-1.0-SNAPSHOT.jar!/assets/textures/spike/floor_spikes_anim_f3.png
13:09:13.710 [FXGL Background Thread 2 ] DEBUG FXGLAssetLoaderServi - Loading from file system: jar:file:///C:/Users/sofia/IdeaProjects/Dungeon/build/libs/Dungeon-1.0-SNAPSHOT.jar!/assets/textures/spike/floor_spikes_anim_f4.png
13:09:13.710 [FXGL Background Thread 2 ] DEBUG FXGLAssetLoaderServi - Loading from file system: jar:file:///C:/Users/sofia/IdeaProjects/Dungeon/build/libs/Dungeon-1.0-SNAPSHOT.jar!/assets/textures/spike/floor_spikes_anim_f5.png
13:09:13.711 [FXGL Background Thread 2 ] DEBUG FXGLAssetLoaderServi - Loading from file system: jar:file:///C:/Users/sofia/IdeaProjects/Dungeon/build/libs/Dungeon-1.0-SNAPSHOT.jar!/assets/textures/spike/floor_spikes_anim_f6.png
13:09:13.711 [FXGL Background Thread 2 ] DEBUG FXGLAssetLoaderServi - Loading from file system: jar:file:///C:/Users/sofia/IdeaProjects/Dungeon/build/libs/Dungeon-1.0-SNAPSHOT.jar!/assets/textures/spike/floor_spikes_anim_f7.png
13:09:13.711 [FXGL Background Thread 2 ] DEBUG FXGLAssetLoaderServi - Loading from file system: jar:file:///C:/Users/sofia/IdeaProjects/Dungeon/build/libs/Dungeon-1.0-SNAPSHOT.jar!/assets/textures/spike/floor_spikes_danger_anim_f0.png
13:09:13.879 [FXGL Background Thread 2 ] DEBUG FXGLAssetLoaderServi - Loading from file system: jar:file:///C:/Users/sofia/IdeaProjects/Dungeon/build/libs/Dungeon-1.0-SNAPSHOT.jar!/assets/textures/plate/button_yellow_up.png
13:09:13.880 [FXGL Background Thread 2 ] DEBUG FXGLAssetLoaderServi - Loading from file system: jar:file:///C:/Users/sofia/IdeaProjects/Dungeon/build/libs/Dungeon-1.0-SNAPSHOT.jar!/assets/textures/plate/button_yellow_down.png
13:09:13.881 [FXGL Background Thread 2 ] DEBUG FXGLAssetLoaderServi - Loading from file system: jar:file:///C:/Users/sofia/IdeaProjects/Dungeon/build/libs/Dungeon-1.0-SNAPSHOT.jar!/assets/textures/hero/knight_m_idle_anim_f0.png
13:09:13.882 [FXGL Background Thread 2 ] DEBUG FXGLAssetLoaderServi - Loading from file system: jar:file:///C:/Users/sofia/IdeaProjects/Dungeon/build/libs/Dungeon-1.0-SNAPSHOT.jar!/assets/textures/hero/knight_m_idle_anim_f1.png
13:09:13.882 [FXGL Background Thread 2 ] DEBUG FXGLAssetLoaderServi - Loading from file system: jar:file:///C:/Users/sofia/IdeaProjects/Dungeon/build/libs/Dungeon-1.0-SNAPSHOT.jar!/assets/textures/hero/knight_m_idle_anim_f2.png
13:09:13.882 [FXGL Background Thread 2 ] DEBUG FXGLAssetLoaderServi - Loading from file system: jar:file:///C:/Users/sofia/IdeaProjects/Dungeon/build/libs/Dungeon-1.0-SNAPSHOT.jar!/assets/textures/hero/knight_m_idle_anim_f3.png
13:09:13.883 [FXGL Background Thread 2 ] DEBUG FXGLAssetLoaderServi - Loading from file system: jar:file:///C:/Users/sofia/IdeaProjects/Dungeon/build/libs/Dungeon-1.0-SNAPSHOT.jar!/assets/textures/hero/knight_f_idle_anim_f0.png
13:09:13.883 [FXGL Background Thread 2 ] DEBUG FXGLAssetLoaderServi - Loading from file system: jar:file:///C:/Users/sofia/IdeaProjects/Dungeon/build/libs/Dungeon-1.0-SNAPSHOT.jar!/assets/textures/hero/knight_f_idle_anim_f1.png
13:09:13.884 [FXGL Background Thread 2 ] DEBUG FXGLAssetLoaderServi - Loading from file system: jar:file:///C:/Users/sofia/IdeaProjects/Dungeon/build/libs/Dungeon-1.0-SNAPSHOT.jar!/assets/textures/hero/knight_f_idle_anim_f2.png
13:09:13.884 [FXGL Background Thread 2 ] DEBUG FXGLAssetLoaderServi - Loading from file system: jar:file:///C:/Users/sofia/IdeaProjects/Dungeon/build/libs/Dungeon-1.0-SNAPSHOT.jar!/assets/textures/hero/knight_f_idle_anim_f3.png
13:09:13.884 [FXGL Background Thread 2 ] DEBUG FXGLAssetLoaderServi - Loading from file system: jar:file:///C:/Users/sofia/IdeaProjects/Dungeon/build/libs/Dungeon-1.0-SNAPSHOT.jar!/assets/textures/hero/knight_f_run_anim_f0.png
13:09:13.884 [FXGL Background Thread 2 ] DEBUG FXGLAssetLoaderServi - Loading from file system: jar:file:///C:/Users/sofia/IdeaProjects/Dungeon/build/libs/Dungeon-1.0-SNAPSHOT.jar!/assets/textures/hero/knight_f_run_anim_f1.png
13:09:13.884 [FXGL Background Thread 2 ] DEBUG FXGLAssetLoaderServi - Loading from file system: jar:file:///C:/Users/sofia/IdeaProjects/Dungeon/build/libs/Dungeon-1.0-SNAPSHOT.jar!/assets/textures/hero/knight_f_run_anim_f2.png
13:09:13.884 [FXGL Background Thread 2 ] DEBUG FXGLAssetLoaderServi - Loading from file system: jar:file:///C:/Users/sofia/IdeaProjects/Dungeon/build/libs/Dungeon-1.0-SNAPSHOT.jar!/assets/textures/hero/knight_f_run_anim_f3.png
13:09:13.886 [FXGL Background Thread 2 ] DEBUG GameWorld            - Clearing removable entities
13:09:13.887 [FXGL Background Thread 2 ] DEBUG GameWorld            - Setting level: com.almasb.fxgl.entity.level.Level@484eceb8
13:09:13.897 [FXGL Background Thread 2 ] DEBUG FXGLAssetLoaderServi - Loading from file system: jar:file:///C:/Users/sofia/IdeaProjects/Dungeon/build/libs/Dungeon-1.0-SNAPSHOT.jar!/assets/textures/heart/ui_heart_full.png
13:09:13.900 [FXGL Background Thread 2 ] INFO  FXGLApplication      - Game initialization took: 0,378 sec
13:09:13.900 [JavaFX Application Thread] DEBUG Input                - Clearing active input actions
13:09:13.911 [JavaFX Application Thread] DEBUG GameApplicationServi - Removing overlay from MainLoadingScene and adding to GameScene
13:09:13.911 [JavaFX Application Thread] DEBUG PrimaryStageWindow   - MainLoadingScene -> GameScene
13:09:15.363 [FXGL Background Thread 3 ] DEBUG Engine               - Logging environment variables
13:09:15.363 [FXGL Background Thread 3 ] DEBUG Engine               - achievements: []
13:09:15.363 [FXGL Background Thread 3 ] DEBUG Engine               - actualHeight: 720.0
13:09:15.363 [FXGL Background Thread 3 ] DEBUG Engine               - actualHeightProperty: ReadOnlyDoubleProperty [value: 720.0]
13:09:15.363 [FXGL Background Thread 3 ] DEBUG Engine               - actualWidth: 1280.0
13:09:15.363 [FXGL Background Thread 3 ] DEBUG Engine               - actualWidthProperty: ReadOnlyDoubleProperty [value: 1280.0]
13:09:15.364 [FXGL Background Thread 3 ] DEBUG Engine               - appIcon: fxgl_icon.png
13:09:15.364 [FXGL Background Thread 3 ] DEBUG Engine               - applicationMode: DEVELOPER
13:09:15.364 [FXGL Background Thread 3 ] DEBUG Engine               - cSSList: [fxgl_dark.css]
13:09:15.364 [FXGL Background Thread 3 ] DEBUG Engine               - collisionDetectionStrategy: BRUTE_FORCE
13:09:15.364 [FXGL Background Thread 3 ] DEBUG Engine               - configClass: Optional.empty
13:09:15.364 [FXGL Background Thread 3 ] DEBUG Engine               - credits: []
13:09:15.365 [FXGL Background Thread 3 ] DEBUG Engine               - defaultCursor: CursorInfo(imageName=cursor.png, hotspotX=5.0, hotspotY=3.0)
13:09:15.365 [FXGL Background Thread 3 ] DEBUG Engine               - devBBoxColorProperty: ObjectProperty [value: 0xff0000ff]
13:09:15.366 [FXGL Background Thread 3 ] DEBUG Engine               - devEnableDebugCameraProperty: BooleanProperty [value: false]
13:09:15.366 [FXGL Background Thread 3 ] DEBUG Engine               - devSensorColorProperty: ObjectProperty [value: 0xffff00ff]
13:09:15.366 [FXGL Background Thread 3 ] DEBUG Engine               - devShowBBoxProperty: BooleanProperty [value: false]
13:09:15.366 [FXGL Background Thread 3 ] DEBUG Engine               - devShowPositionProperty: BooleanProperty [value: false]
13:09:15.366 [FXGL Background Thread 3 ] DEBUG Engine               - enabledMenuItems: []
13:09:15.366 [FXGL Background Thread 3 ] DEBUG Engine               - engineServices: [class com.almasb.fxgl.app.services.FXGLAssetLoaderService, class com.almasb.fxgl.app.FXGLApplication$GameApplicationService, class com.almasb.fxgl.app.services.FXGLDialogService, class com.almasb.fxgl.app.services.IOTaskExecutorService, class com.almasb.fxgl.io.FileSystemService, class com.almasb.fxgl.localization.LocalizationService, class com.almasb.fxgl.app.services.SystemBundleService, class com.almasb.fxgl.profile.SaveLoadService, class com.almasb.fxgl.ui.FXGLUIFactoryServiceProvider, class com.almasb.fxgl.ui.FXGLDialogFactoryServiceProvider, class com.almasb.fxgl.audio.AudioPlayer, class com.almasb.fxgl.notification.impl.NotificationServiceProvider, class com.almasb.fxgl.achievement.AchievementService, class com.almasb.fxgl.cutscene.CutsceneService, class com.almasb.fxgl.minigames.MiniGameService, class com.almasb.fxgl.net.NetService, class com.almasb.fxgl.app.services.UpdaterService, class com.almasb.fxgl.dev.DevService]
13:09:15.366 [FXGL Background Thread 3 ] DEBUG Engine               - fontGame: Abel-Regular.ttf
13:09:15.366 [FXGL Background Thread 3 ] DEBUG Engine               - fontMono: TerminalLandMono-Regular.otf
13:09:15.366 [FXGL Background Thread 3 ] DEBUG Engine               - fontText: Courier-Prime.ttf
13:09:15.366 [FXGL Background Thread 3 ] DEBUG Engine               - fontUI: VarelaRound-Regular.ttf
13:09:15.366 [FXGL Background Thread 3 ] DEBUG Engine               - fullScreen: BooleanProperty [value: false]
13:09:15.366 [FXGL Background Thread 3 ] DEBUG Engine               - gameDifficulty: MEDIUM
13:09:15.366 [FXGL Background Thread 3 ] DEBUG Engine               - gameDifficultyProperty: ObjectProperty [value: MEDIUM]
13:09:15.366 [FXGL Background Thread 3 ] DEBUG Engine               - globalMusicVolume: 0.5
13:09:15.366 [FXGL Background Thread 3 ] DEBUG Engine               - globalMusicVolumeProperty: DoubleProperty [value: 0.25]
13:09:15.366 [FXGL Background Thread 3 ] DEBUG Engine               - globalSoundVolume: 0.5
13:09:15.366 [FXGL Background Thread 3 ] DEBUG Engine               - globalSoundVolumeProperty: DoubleProperty [value: 0.5]
13:09:15.366 [FXGL Background Thread 3 ] DEBUG Engine               - height: 720
13:09:15.366 [FXGL Background Thread 3 ] DEBUG Engine               - is3D: false
13:09:15.366 [FXGL Background Thread 3 ] DEBUG Engine               - isAndroid: false
13:09:15.367 [FXGL Background Thread 3 ] DEBUG Engine               - isBrowser: false
13:09:15.367 [FXGL Background Thread 3 ] DEBUG Engine               - isClickFeedbackEnabled: false
13:09:15.367 [FXGL Background Thread 3 ] DEBUG Engine               - isCloseConfirmation: false
13:09:15.367 [FXGL Background Thread 3 ] DEBUG Engine               - isDesktop: true
13:09:15.367 [FXGL Background Thread 3 ] DEBUG Engine               - isDeveloperMenuEnabled: false
13:09:15.367 [FXGL Background Thread 3 ] DEBUG Engine               - isEmbedded: false
13:09:15.367 [FXGL Background Thread 3 ] DEBUG Engine               - isEntityPreloadEnabled: true
13:09:15.367 [FXGL Background Thread 3 ] DEBUG Engine               - isExperimentalTiledLargeMap: false
13:09:15.367 [FXGL Background Thread 3 ] DEBUG Engine               - isFileSystemWriteAllowed: true
13:09:15.367 [FXGL Background Thread 3 ] DEBUG Engine               - isFullScreenAllowed: false
13:09:15.367 [FXGL Background Thread 3 ] DEBUG Engine               - isFullScreenFromStart: false
13:09:15.367 [FXGL Background Thread 3 ] DEBUG Engine               - isGameMenuEnabled: true
13:09:15.367 [FXGL Background Thread 3 ] DEBUG Engine               - isIOS: false
13:09:15.367 [FXGL Background Thread 3 ] DEBUG Engine               - isIntroEnabled: false
13:09:15.367 [FXGL Background Thread 3 ] DEBUG Engine               - isLinux: false
13:09:15.367 [FXGL Background Thread 3 ] DEBUG Engine               - isMac: false
13:09:15.367 [FXGL Background Thread 3 ] DEBUG Engine               - isMainMenuEnabled: true
13:09:15.367 [FXGL Background Thread 3 ] DEBUG Engine               - isManualResizeEnabled: false
13:09:15.367 [FXGL Background Thread 3 ] DEBUG Engine               - isMobile: false
13:09:15.367 [FXGL Background Thread 3 ] DEBUG Engine               - isNative: false
13:09:15.367 [FXGL Background Thread 3 ] DEBUG Engine               - isPauseMusicWhenMinimized: true
13:09:15.367 [FXGL Background Thread 3 ] DEBUG Engine               - isPreserveResizeRatio: false
13:09:15.367 [FXGL Background Thread 3 ] DEBUG Engine               - isProfilingEnabled: false
13:09:15.367 [FXGL Background Thread 3 ] DEBUG Engine               - isScaleAffectedOnResize: true
13:09:15.367 [FXGL Background Thread 3 ] DEBUG Engine               - isSingleStep: false
13:09:15.367 [FXGL Background Thread 3 ] DEBUG Engine               - isUserProfileEnabled: false
13:09:15.367 [FXGL Background Thread 3 ] DEBUG Engine               - isWindows: true
13:09:15.368 [FXGL Background Thread 3 ] DEBUG Engine               - language: ObjectProperty [value: ENGLISH]
13:09:15.368 [FXGL Background Thread 3 ] DEBUG Engine               - menuKey: ESCAPE
13:09:15.368 [FXGL Background Thread 3 ] DEBUG Engine               - mouseSensitivity: 0.2
13:09:15.368 [FXGL Background Thread 3 ] DEBUG Engine               - notificationViewClass: class com.almasb.fxgl.notification.view.XboxNotificationView
13:09:15.368 [FXGL Background Thread 3 ] DEBUG Engine               - pixelsPerMeter: 50.0
13:09:15.368 [FXGL Background Thread 3 ] DEBUG Engine               - platform: WINDOWS
13:09:15.368 [FXGL Background Thread 3 ] DEBUG Engine               - prefHeightProperty: ReadOnlyDoubleProperty [value: 720.0]
13:09:15.368 [FXGL Background Thread 3 ] DEBUG Engine               - prefWidthProperty: ReadOnlyDoubleProperty [value: 1280.0]
13:09:15.368 [FXGL Background Thread 3 ] DEBUG Engine               - profileDir: profiles/
13:09:15.368 [FXGL Background Thread 3 ] DEBUG Engine               - profileName: StringProperty [value: DEFAULT]
13:09:15.368 [FXGL Background Thread 3 ] DEBUG Engine               - randomSeed: -1
13:09:15.368 [FXGL Background Thread 3 ] DEBUG Engine               - runtimeInfo: RuntimeInfo(platform=WINDOWS, version=17.2, build=20.08.2022 16.50)
13:09:15.368 [FXGL Background Thread 3 ] DEBUG Engine               - saveFileExt: sav
13:09:15.368 [FXGL Background Thread 3 ] DEBUG Engine               - scaledHeightProp$fxgl: DoubleProperty [bound, value: 720.0]
13:09:15.368 [FXGL Background Thread 3 ] DEBUG Engine               - scaledWidthProp$fxgl: DoubleProperty [bound, value: 1280.0]
13:09:15.368 [FXGL Background Thread 3 ] DEBUG Engine               - sceneFactory: com.lgiacchetta.dungeon.DungeonApp$1@2cb1e713
13:09:15.368 [FXGL Background Thread 3 ] DEBUG Engine               - secondsIn24h: 60
13:09:15.368 [FXGL Background Thread 3 ] DEBUG Engine               - soundMenuBack: menu/back.wav
13:09:15.368 [FXGL Background Thread 3 ] DEBUG Engine               - soundMenuPress: menu/press.wav
13:09:15.368 [FXGL Background Thread 3 ] DEBUG Engine               - soundMenuSelect: menu/select.wav
13:09:15.368 [FXGL Background Thread 3 ] DEBUG Engine               - soundNotification: core/notification.wav
13:09:15.369 [FXGL Background Thread 3 ] DEBUG Engine               - stageStyle: DECORATED
13:09:15.369 [FXGL Background Thread 3 ] DEBUG Engine               - supportedLanguages: [ENGLISH, FRENCH, GERMAN, HUNGARIAN, RUSSIAN]
13:09:15.369 [FXGL Background Thread 3 ] DEBUG Engine               - ticksPerSecond: -1
13:09:15.369 [FXGL Background Thread 3 ] DEBUG Engine               - title: Untitled
13:09:15.369 [FXGL Background Thread 3 ] DEBUG Engine               - urlGithub: https://github.com/AlmasB/FXGL
13:09:15.369 [FXGL Background Thread 3 ] DEBUG Engine               - urlLeaderboard: http://fxgl-top.herokuapp.com/
13:09:15.369 [FXGL Background Thread 3 ] DEBUG Engine               - urlPOM: https://raw.githubusercontent.com/AlmasB/FXGL/release/README.md
13:09:15.369 [FXGL Background Thread 3 ] DEBUG Engine               - userAppClass: class com.lgiacchetta.dungeon.DungeonApp
13:09:15.369 [FXGL Background Thread 3 ] DEBUG Engine               - version: 0.0
13:09:15.369 [FXGL Background Thread 3 ] DEBUG Engine               - versionCheckDays: 7
13:09:15.369 [FXGL Background Thread 3 ] DEBUG Engine               - width: 1280
13:09:15.369 [FXGL Background Thread 3 ] DEBUG Engine               - Logging services
13:09:15.369 [FXGL Background Thread 3 ] DEBUG Engine               - class com.almasb.fxgl.app.services.FXGLAssetLoaderService
13:09:15.369 [FXGL Background Thread 3 ] DEBUG Engine               - class com.almasb.fxgl.app.FXGLApplication$GameApplicationService
13:09:15.369 [FXGL Background Thread 3 ] DEBUG Engine               - class com.almasb.fxgl.app.services.FXGLDialogService
13:09:15.370 [FXGL Background Thread 3 ] DEBUG Engine               - class com.almasb.fxgl.app.services.IOTaskExecutorService
13:09:15.370 [FXGL Background Thread 3 ] DEBUG Engine               - class com.almasb.fxgl.io.FileSystemService
13:09:15.370 [FXGL Background Thread 3 ] DEBUG Engine               - class com.almasb.fxgl.localization.LocalizationService
13:09:15.370 [FXGL Background Thread 3 ] DEBUG Engine               - class com.almasb.fxgl.app.services.SystemBundleService
13:09:15.370 [FXGL Background Thread 3 ] DEBUG Engine               - class com.almasb.fxgl.profile.SaveLoadService
13:09:15.370 [FXGL Background Thread 3 ] DEBUG Engine               - class com.almasb.fxgl.ui.FXGLUIFactoryServiceProvider
13:09:15.370 [FXGL Background Thread 3 ] DEBUG Engine               - class com.almasb.fxgl.ui.FXGLDialogFactoryServiceProvider
13:09:15.370 [FXGL Background Thread 3 ] DEBUG Engine               - class com.almasb.fxgl.audio.AudioPlayer
13:09:15.370 [FXGL Background Thread 3 ] DEBUG Engine               - class com.almasb.fxgl.notification.impl.NotificationServiceProvider
13:09:15.370 [FXGL Background Thread 3 ] DEBUG Engine               - class com.almasb.fxgl.achievement.AchievementService
13:09:15.370 [FXGL Background Thread 3 ] DEBUG Engine               - class com.almasb.fxgl.cutscene.CutsceneService
13:09:15.370 [FXGL Background Thread 3 ] DEBUG Engine               - class com.almasb.fxgl.minigames.MiniGameService
13:09:15.370 [FXGL Background Thread 3 ] DEBUG Engine               - class com.almasb.fxgl.net.NetService
13:09:15.370 [FXGL Background Thread 3 ] DEBUG Engine               - class com.almasb.fxgl.app.services.UpdaterService
13:09:15.370 [FXGL Background Thread 3 ] DEBUG Engine               - class com.almasb.fxgl.dev.DevService
13:09:16.283 [JavaFX Application Thread] DEBUG FXGLAssetLoaderServi - Loading from file system: jar:file:///C:/Users/sofia/IdeaProjects/Dungeon/build/libs/Dungeon-1.0-SNAPSHOT.jar!/assets/sounds/door-open.wav
13:09:17.815 [JavaFX Application Thread] DEBUG FXGLAssetLoaderServi - Loading from file system: jar:file:///C:/Users/sofia/IdeaProjects/Dungeon/build/libs/Dungeon-1.0-SNAPSHOT.jar!/assets/sounds/spike.wav
13:09:18.808 [JavaFX Application Thread] DEBUG FXGLAssetLoaderServi - Loading from file system: jar:file:///C:/Users/sofia/IdeaProjects/Dungeon/build/libs/Dungeon-1.0-SNAPSHOT.jar!/assets/sounds/ladder.wav
13:09:53.948 [JavaFX Application Thread] DEBUG FXGLAssetLoaderServi - Loading from file system: jar:file:///C:/Users/sofia/IdeaProjects/Dungeon/build/libs/Dungeon-1.0-SNAPSHOT.jar!/assets/sounds/damage.wav
13:09:53.951 [JavaFX Application Thread] DEBUG FXGLAssetLoaderServi - Loading from file system: jar:file:///C:/Users/sofia/IdeaProjects/Dungeon/build/libs/Dungeon-1.0-SNAPSHOT.jar!/assets/textures/heart/ui_heart_half.png
13:09:54.953 [JavaFX Application Thread] DEBUG FXGLAssetLoaderServi - Loading from file system: jar:file:///C:/Users/sofia/IdeaProjects/Dungeon/build/libs/Dungeon-1.0-SNAPSHOT.jar!/assets/textures/heart/ui_heart_empty.png
13:09:59.256 [JavaFX Application Thread] DEBUG PrimaryStageWindow   - Push state: LevelEndScene
13:09:59.256 [JavaFX Application Thread] DEBUG Input                - Clearing active input actions
13:09:59.257 [JavaFX Application Thread] DEBUG GameApplicationServi - Removing overlay from GameScene and adding to LevelEndScene
13:09:59.257 [JavaFX Application Thread] DEBUG PrimaryStageWindow   - GameScene -> LevelEndScene
13:09:59.257 [JavaFX Application Thread] DEBUG AudioPlayer          - Stopping music com.almasb.fxgl.audio.Music@22dbc09c
13:09:59.258 [JavaFX Application Thread] DEBUG FXGLAssetLoaderServi - Loading from file system: jar:file:///C:/Users/sofia/IdeaProjects/Dungeon/build/libs/Dungeon-1.0-SNAPSHOT.jar!/assets/sounds/level-win.wav
13:10:02.844 [JavaFX Application Thread] DEBUG PrimaryStageWindow   - Pop state: LevelEndScene
13:10:02.845 [JavaFX Application Thread] DEBUG Input                - Clearing active input actions
13:10:02.845 [JavaFX Application Thread] DEBUG GameApplicationServi - Removing overlay from LevelEndScene and adding to GameScene
13:10:02.845 [JavaFX Application Thread] DEBUG PrimaryStageWindow   - GameScene <- LevelEndScene
13:10:02.846 [JavaFX Application Thread] WARN  PrimaryStageWindow   - Cannot set to GameScene. Probably because subscenes are present.
13:10:02.846 [JavaFX Application Thread] DEBUG AudioPlayer          - Playing music com.almasb.fxgl.audio.Music@22dbc09c
13:10:02.847 [JavaFX Application Thread] WARN  TMXLevelLoader       - TiledMap generated from 1.10.1. Supported version: 1.9.0. Some features may not be parsed fully.
13:10:02.867 [JavaFX Application Thread] DEBUG TMXLevelLoader       - Parsed TiledMap: jar:file:///C:/Users/sofia/IdeaProjects/Dungeon/build/libs/Dungeon-1.0-SNAPSHOT.jar!/assets/levels/tmx/level2.tmx
13:10:02.867 [JavaFX Application Thread] DEBUG TMXLevelLoader       - Creating tile layer entities
13:10:02.868 [JavaFX Application Thread] DEBUG TilesetLoader        - Loading view for layer floor
13:10:02.868 [JavaFX Application Thread] DEBUG TilesetLoader        - Created buffer with size 960.0x960.0
13:10:02.881 [JavaFX Application Thread] DEBUG TilesetLoader        - Loading view for layer walls
13:10:02.882 [JavaFX Application Thread] DEBUG TilesetLoader        - Created buffer with size 960.0x960.0
13:10:02.885 [JavaFX Application Thread] DEBUG TilesetLoader        - Loading view for layer side-walls
13:10:02.886 [JavaFX Application Thread] DEBUG TilesetLoader        - Created buffer with size 960.0x960.0
13:10:02.888 [JavaFX Application Thread] DEBUG TMXLevelLoader       - Creating object layer entities
13:10:02.938 [JavaFX Application Thread] DEBUG GameWorld            - Clearing removable entities
13:10:02.948 [JavaFX Application Thread] DEBUG GameWorld            - Setting level: com.almasb.fxgl.entity.level.Level@49bea86f
13:10:18.768 [JavaFX Application Thread] DEBUG FXGLApplication      - Exiting FXGL
13:10:18.768 [JavaFX Application Thread] DEBUG LoopRunner           - Stopping loop
13:10:18.768 [JavaFX Application Thread] DEBUG SystemBundleService  - Saving FXGL system data
13:10:18.775 [JavaFX Application Thread] DEBUG FileSystemAccess     - Writing to: C:\Users\sofia\IdeaProjects\Dungeon\system\fxgl.bundle
13:10:18.778 [JavaFX Application Thread] DEBUG Async                - Shutting down background threads
13:10:18.778 [JavaFX Application Thread] DEBUG PrimaryStageWindow   - Closing main window
13:10:18.794 [JavaFX Application Thread] DEBUG Logger               - Closing Logger
