20:18:48.434 [main                     ] DEBUG Logger               - Configured Logger
20:18:48.460 [main                     ] DEBUG GameApplication      - Logging settings
Title: Untitled
Version: 0.0
Width: 1280
Height: 720
Fullscreen: false
Intro: false
Profiling: false
Single step:false
App Mode: DEVELOPER
Menu Key: ESCAPE
Stage Style: DECORATED
Scene Factory: class com.lgiacchetta.dungeon.DungeonApp$1

20:18:48.764 [JavaFX Application Thread] DEBUG FXGLApplication      - Initializing FXGL
20:18:48.769 [JavaFX Application Thread] INFO  Engine               - FXGL-17.2 (20.08.2022 16.50) on WINDOWS (J:17.0.6 FX:17.0.2-ea)
20:18:48.770 [JavaFX Application Thread] DEBUG Engine               - JRE Vendor Name: Oracle Corporation
20:18:48.770 [JavaFX Application Thread] DEBUG Engine               - Running on OS: Windows 11 version 10.0
20:18:48.770 [JavaFX Application Thread] DEBUG Engine               - Architecture: amd64
20:18:48.770 [JavaFX Application Thread] INFO  Engine               - Source code and latest versions at: https://github.com/AlmasB/FXGL
20:18:48.770 [JavaFX Application Thread] INFO  Engine               -       Ask questions and discuss at: https://github.com/AlmasB/FXGL/discussions
20:18:48.771 [JavaFX Application Thread] INFO  Engine               -              Join the FXGL chat at: https://gitter.im/AlmasB/FXGL
20:18:48.840 [JavaFX Application Thread] DEBUG PrimaryStageWindow   - Creating a JavaFX scene
20:18:48.875 [JavaFX Application Thread] DEBUG PrimaryStageWindow   - Target settings size: 1280.0 x 720.0
20:18:48.876 [JavaFX Application Thread] DEBUG PrimaryStageWindow   - Scaled scene size:    1280.0 x 720.0
20:18:48.876 [JavaFX Application Thread] DEBUG PrimaryStageWindow   - Scaled ratio: (1.0, 1.0)
20:18:48.877 [JavaFX Application Thread] DEBUG PrimaryStageWindow   - Set initial scene to FXGLStartupScene
20:18:48.881 [JavaFX Application Thread] DEBUG PrimaryStageWindow   - Opening main window
20:18:48.958 [JavaFX Application Thread] DEBUG PrimaryStageWindow   - Window border size: (14.6666259765625, 37.33331298828125)
20:18:48.959 [JavaFX Application Thread] DEBUG PrimaryStageWindow   - Scaled size: 1280.0 x 720.0
20:18:48.960 [JavaFX Application Thread] DEBUG PrimaryStageWindow   - Scaled ratio: (1.0, 1.0)
20:18:48.960 [JavaFX Application Thread] DEBUG PrimaryStageWindow   - Scene size: 1280.0 x 720.0
20:18:48.961 [JavaFX Application Thread] DEBUG PrimaryStageWindow   - Stage size: 1294.6666259765625 x 757.3333129882812
20:18:48.967 [FXGL Background Thread 1 ] DEBUG Engine               - Initializing environment variables
20:18:49.011 [FXGL Background Thread 1 ] DEBUG FXGLAssetLoaderServi - User app class for loading assets: class com.lgiacchetta.dungeon.DungeonApp
20:18:49.012 [FXGL Background Thread 1 ] DEBUG GameApplicationServi - Applying CSS: fxgl_dark.css
20:18:49.013 [FXGL Background Thread 1 ] DEBUG FXGLAssetLoaderServi - Loading from file system: jar:file:///C:/Users/lucag/.gradle/caches/modules-2/files-2.1/com.github.almasb/fxgl/17.2/35db6ae960eec2dcfd19262d3b7f9c42f0e95bc3/fxgl-17.2.jar!/fxglassets/ui/css/fxgl_dark.css
20:18:49.069 [FXGL Background Thread 1 ] DEBUG GameApplicationServi - Initializing application scenes
20:18:49.071 [FXGL Background Thread 1 ] DEBUG FXGLAssetLoaderServi - Loading from file system: jar:file:///C:/Users/lucag/IdeaProjects/Dungeon/build/libs/Dungeon-1.0-SNAPSHOT.jar!/assets/textures/loading.jpg
20:18:49.126 [FXGL Background Thread 1 ] DEBUG FXGLAssetLoaderServi - Loading from file system: jar:file:///C:/Users/lucag/IdeaProjects/Dungeon/build/libs/Dungeon-1.0-SNAPSHOT.jar!/assets/ui/fonts/alagard.ttf
20:18:49.189 [FXGL Background Thread 1 ] DEBUG FXGLAssetLoaderServi - Loading from file system: jar:file:///C:/Users/lucag/IdeaProjects/Dungeon/build/libs/Dungeon-1.0-SNAPSHOT.jar!/assets/music/melody.wav
20:18:49.592 [FXGL Background Thread 1 ] DEBUG FXGLAssetLoaderServi - Loading from file system: jar:file:///C:/Users/lucag/IdeaProjects/Dungeon/build/libs/Dungeon-1.0-SNAPSHOT.jar!/assets/music/menu.wav
20:18:49.676 [FXGL Background Thread 1 ] DEBUG FXGLAssetLoaderServi - Loading from file system: jar:file:///C:/Users/lucag/IdeaProjects/Dungeon/build/libs/Dungeon-1.0-SNAPSHOT.jar!/assets/textures/orc/boss/ogre_run_anim_f0.png
20:18:49.681 [FXGL Background Thread 1 ] DEBUG FXGLAssetLoaderServi - Loading from file system: jar:file:///C:/Users/lucag/IdeaProjects/Dungeon/build/libs/Dungeon-1.0-SNAPSHOT.jar!/assets/textures/orc/boss/ogre_run_anim_f1.png
20:18:49.683 [FXGL Background Thread 1 ] DEBUG FXGLAssetLoaderServi - Loading from file system: jar:file:///C:/Users/lucag/IdeaProjects/Dungeon/build/libs/Dungeon-1.0-SNAPSHOT.jar!/assets/textures/orc/boss/ogre_run_anim_f2.png
20:18:49.684 [FXGL Background Thread 1 ] DEBUG FXGLAssetLoaderServi - Loading from file system: jar:file:///C:/Users/lucag/IdeaProjects/Dungeon/build/libs/Dungeon-1.0-SNAPSHOT.jar!/assets/textures/orc/boss/ogre_run_anim_f3.png
20:18:49.705 [FXGL Background Thread 1 ] DEBUG FXGLAssetLoaderServi - Loading from file system: jar:file:///C:/Users/lucag/IdeaProjects/Dungeon/build/libs/Dungeon-1.0-SNAPSHOT.jar!/assets/textures/demon/boss/big_demon_run_anim_f0.png
20:18:49.707 [FXGL Background Thread 1 ] DEBUG FXGLAssetLoaderServi - Loading from file system: jar:file:///C:/Users/lucag/IdeaProjects/Dungeon/build/libs/Dungeon-1.0-SNAPSHOT.jar!/assets/textures/demon/boss/big_demon_run_anim_f1.png
20:18:49.709 [FXGL Background Thread 1 ] DEBUG FXGLAssetLoaderServi - Loading from file system: jar:file:///C:/Users/lucag/IdeaProjects/Dungeon/build/libs/Dungeon-1.0-SNAPSHOT.jar!/assets/textures/demon/boss/big_demon_run_anim_f2.png
20:18:49.710 [FXGL Background Thread 1 ] DEBUG FXGLAssetLoaderServi - Loading from file system: jar:file:///C:/Users/lucag/IdeaProjects/Dungeon/build/libs/Dungeon-1.0-SNAPSHOT.jar!/assets/textures/demon/boss/big_demon_run_anim_f3.png
20:18:49.711 [FXGL Background Thread 1 ] DEBUG FXGLAssetLoaderServi - Loading from file system: jar:file:///C:/Users/lucag/IdeaProjects/Dungeon/build/libs/Dungeon-1.0-SNAPSHOT.jar!/assets/textures/undead/boss/big_zombie_run_anim_f0.png
20:18:49.713 [FXGL Background Thread 1 ] DEBUG FXGLAssetLoaderServi - Loading from file system: jar:file:///C:/Users/lucag/IdeaProjects/Dungeon/build/libs/Dungeon-1.0-SNAPSHOT.jar!/assets/textures/undead/boss/big_zombie_run_anim_f1.png
20:18:49.715 [FXGL Background Thread 1 ] DEBUG FXGLAssetLoaderServi - Loading from file system: jar:file:///C:/Users/lucag/IdeaProjects/Dungeon/build/libs/Dungeon-1.0-SNAPSHOT.jar!/assets/textures/undead/boss/big_zombie_run_anim_f2.png
20:18:49.716 [FXGL Background Thread 1 ] DEBUG FXGLAssetLoaderServi - Loading from file system: jar:file:///C:/Users/lucag/IdeaProjects/Dungeon/build/libs/Dungeon-1.0-SNAPSHOT.jar!/assets/textures/undead/boss/big_zombie_run_anim_f3.png
20:18:49.717 [FXGL Background Thread 1 ] DEBUG FXGLAssetLoaderServi - Loading from file system: jar:file:///C:/Users/lucag/IdeaProjects/Dungeon/build/libs/Dungeon-1.0-SNAPSHOT.jar!/assets/textures/hero/knight_m_run_anim_f0.png
20:18:49.718 [FXGL Background Thread 1 ] DEBUG FXGLAssetLoaderServi - Loading from file system: jar:file:///C:/Users/lucag/IdeaProjects/Dungeon/build/libs/Dungeon-1.0-SNAPSHOT.jar!/assets/textures/hero/knight_m_run_anim_f1.png
20:18:49.719 [FXGL Background Thread 1 ] DEBUG FXGLAssetLoaderServi - Loading from file system: jar:file:///C:/Users/lucag/IdeaProjects/Dungeon/build/libs/Dungeon-1.0-SNAPSHOT.jar!/assets/textures/hero/knight_m_run_anim_f2.png
20:18:49.720 [FXGL Background Thread 1 ] DEBUG FXGLAssetLoaderServi - Loading from file system: jar:file:///C:/Users/lucag/IdeaProjects/Dungeon/build/libs/Dungeon-1.0-SNAPSHOT.jar!/assets/textures/hero/knight_m_run_anim_f3.png
20:18:49.724 [FXGL Background Thread 1 ] DEBUG GameWorld            - Game world initialized
20:18:49.802 [FXGL Background Thread 1 ] DEBUG PhysicsWorld         - Physics world initialized: appHeight=720, physics.ppm=50,0
20:18:49.802 [FXGL Background Thread 1 ] DEBUG PhysicsWorld         - Using strategy: BRUTE_FORCE
20:18:49.807 [FXGL Background Thread 1 ] DEBUG GameScene            - Game scene initialized: 1280x720
20:18:49.827 [FXGL Background Thread 1 ] DEBUG GameApplicationServi - Application scenes initialized
20:18:49.841 [FXGL Background Thread 1 ] DEBUG SystemBundleService  - Loading FXGL system data
20:18:49.845 [FXGL Background Thread 1 ] DEBUG FileSystemAccess     - Reading from: C:\Users\lucag\IdeaProjects\Dungeon\system\fxgl.bundle
20:18:49.850 [FXGL Background Thread 1 ] DEBUG SystemBundleService  - Bundle FXGL: {}
20:18:49.850 [FXGL Background Thread 1 ] DEBUG UpdaterService       - Checking for updates
20:18:49.856 [FXGL Background Thread 4 ] DEBUG FXGLApplication      - Loading fonts
20:18:49.857 [FXGL Background Thread 1 ] DEBUG FXGLApplication      - Loading default localization
20:18:49.857 [FXGL Background Thread 4 ] DEBUG FXGLAssetLoaderServi - Loading from file system: jar:file:///C:/Users/lucag/.gradle/caches/modules-2/files-2.1/com.github.almasb/fxgl/17.2/35db6ae960eec2dcfd19262d3b7f9c42f0e95bc3/fxgl-17.2.jar!/fxglassets/ui/fonts/VarelaRound-Regular.ttf
20:18:49.857 [FXGL Background Thread 1 ] DEBUG FXGLAssetLoaderServi - Loading from file system: jar:file:///C:/Users/lucag/.gradle/caches/modules-2/files-2.1/com.github.almasb/fxgl/17.2/35db6ae960eec2dcfd19262d3b7f9c42f0e95bc3/fxgl-17.2.jar!/fxglassets/languages/english.lang
20:18:49.862 [FXGL Background Thread 4 ] DEBUG FXGLAssetLoaderServi - Loading from file system: jar:file:///C:/Users/lucag/.gradle/caches/modules-2/files-2.1/com.github.almasb/fxgl/17.2/35db6ae960eec2dcfd19262d3b7f9c42f0e95bc3/fxgl-17.2.jar!/fxglassets/ui/fonts/Abel-Regular.ttf
20:18:49.866 [FXGL Background Thread 4 ] DEBUG FXGLAssetLoaderServi - Loading from file system: jar:file:///C:/Users/lucag/.gradle/caches/modules-2/files-2.1/com.github.almasb/fxgl/17.2/35db6ae960eec2dcfd19262d3b7f9c42f0e95bc3/fxgl-17.2.jar!/fxglassets/ui/fonts/TerminalLandMono-Regular.otf
20:18:49.870 [FXGL Background Thread 4 ] DEBUG FXGLAssetLoaderServi - Loading from file system: jar:file:///C:/Users/lucag/.gradle/caches/modules-2/files-2.1/com.github.almasb/fxgl/17.2/35db6ae960eec2dcfd19262d3b7f9c42f0e95bc3/fxgl-17.2.jar!/fxglassets/ui/fonts/Courier-Prime.ttf
20:18:49.878 [FXGL Background Thread 1 ] INFO  FXGLApplication      - FXGL initialization took: 0,911 sec
20:18:49.892 [JavaFX Application Thread] DEBUG Input                - Registered new binding: Up1 - W
20:18:49.893 [JavaFX Application Thread] DEBUG Input                - Registered new binding: Left1 - A
20:18:49.893 [JavaFX Application Thread] DEBUG Input                - Registered new binding: Down1 - S
20:18:49.894 [JavaFX Application Thread] DEBUG Input                - Registered new binding: Right1 - D
20:18:49.894 [JavaFX Application Thread] DEBUG Input                - Registered new binding: Up2 - Up
20:18:49.894 [JavaFX Application Thread] DEBUG Input                - Registered new binding: Left2 - Left
20:18:49.894 [JavaFX Application Thread] DEBUG Input                - Registered new binding: Down2 - Down
20:18:49.895 [JavaFX Application Thread] DEBUG Input                - Registered new binding: Right2 - Right
20:18:49.895 [JavaFX Application Thread] DEBUG AudioPlayer          - Playing music com.almasb.fxgl.audio.Music@102952c2
20:18:49.912 [JavaFX Application Thread] DEBUG FXGLAssetLoaderServi - Loading from file system: jar:file:///C:/Users/lucag/.gradle/caches/modules-2/files-2.1/com.github.almasb/fxgl/17.2/35db6ae960eec2dcfd19262d3b7f9c42f0e95bc3/fxgl-17.2.jar!/fxglassets/textures/fxgl_icon.png
20:18:49.942 [JavaFX Application Thread] DEBUG FXGLAssetLoaderServi - Loading from file system: jar:file:///C:/Users/lucag/IdeaProjects/Dungeon/build/libs/Dungeon-1.0-SNAPSHOT.jar!/assets/textures/weapon_golden_sword.png
20:18:49.945 [JavaFX Application Thread] DEBUG Input                - Registered new binding: Screenshot - CTRL+8
20:18:49.946 [JavaFX Application Thread] DEBUG Input                - Registered new binding: System info dump - CTRL+9
20:18:49.946 [JavaFX Application Thread] DEBUG Input                - Registered new binding: Restart - CTRL+R
20:18:49.947 [JavaFX Application Thread] DEBUG Input                - Registered new binding: Toggle Debug Camera - CTRL+7
20:18:49.951 [JavaFX Application Thread] DEBUG LoopRunner           - Starting loop
20:18:49.951 [JavaFX Application Thread] DEBUG LoopRunner           - Initializing JavaFX AnimationTimerLoop
20:18:49.954 [JavaFX Application Thread] DEBUG Input                - Clearing active input actions
20:18:49.965 [JavaFX Application Thread] DEBUG GameApplicationServi - Removing overlay from FXGLStartupScene and adding to FXGLMainMenuDummyScene
20:18:49.966 [JavaFX Application Thread] DEBUG PrimaryStageWindow   - FXGLStartupScene -> FXGLMainMenuDummyScene
20:18:49.966 [JavaFX Application Thread] DEBUG PrimaryStageWindow   - Push state: MainMenu
20:18:49.966 [JavaFX Application Thread] DEBUG Input                - Clearing active input actions
20:18:49.970 [JavaFX Application Thread] DEBUG GameApplicationServi - Removing overlay from FXGLMainMenuDummyScene and adding to MainMenu
20:18:49.970 [JavaFX Application Thread] DEBUG PrimaryStageWindow   - FXGLMainMenuDummyScene -> MainMenu
20:18:49.971 [JavaFX Application Thread] DEBUG FXGLApplication      - Registering font factories with UI factory
20:18:50.362 [FXGL Background Thread 2 ] INFO  UpdaterService       - Your current version:  17.2
20:18:50.362 [FXGL Background Thread 2 ] INFO  UpdaterService       - Latest stable version: 17.3
20:18:52.856 [FXGL Background Thread 3 ] DEBUG Engine               - Logging environment variables
20:18:52.858 [FXGL Background Thread 3 ] DEBUG Engine               - achievements: []
20:18:52.858 [FXGL Background Thread 3 ] DEBUG Engine               - actualHeight: 720.0
20:18:52.859 [FXGL Background Thread 3 ] DEBUG Engine               - actualHeightProperty: ReadOnlyDoubleProperty [value: 720.0]
20:18:52.859 [FXGL Background Thread 3 ] DEBUG Engine               - actualWidth: 1280.0
20:18:52.859 [FXGL Background Thread 3 ] DEBUG Engine               - actualWidthProperty: ReadOnlyDoubleProperty [value: 1280.0]
20:18:52.859 [FXGL Background Thread 3 ] DEBUG Engine               - appIcon: fxgl_icon.png
20:18:52.859 [FXGL Background Thread 3 ] DEBUG Engine               - applicationMode: DEVELOPER
20:18:52.860 [FXGL Background Thread 3 ] DEBUG Engine               - cSSList: [fxgl_dark.css]
20:18:52.860 [FXGL Background Thread 3 ] DEBUG Engine               - collisionDetectionStrategy: BRUTE_FORCE
20:18:52.860 [FXGL Background Thread 3 ] DEBUG Engine               - configClass: Optional.empty
20:18:52.860 [FXGL Background Thread 3 ] DEBUG Engine               - credits: []
20:18:52.864 [FXGL Background Thread 3 ] DEBUG Engine               - defaultCursor: CursorInfo(imageName=weapon_golden_sword.png, hotspotX=10.0, hotspotY=22.0)
20:18:52.865 [FXGL Background Thread 3 ] DEBUG Engine               - devBBoxColorProperty: ObjectProperty [value: 0xff0000ff]
20:18:52.865 [FXGL Background Thread 3 ] DEBUG Engine               - devEnableDebugCameraProperty: BooleanProperty [value: false]
20:18:52.865 [FXGL Background Thread 3 ] DEBUG Engine               - devSensorColorProperty: ObjectProperty [value: 0xffff00ff]
20:18:52.865 [FXGL Background Thread 3 ] DEBUG Engine               - devShowBBoxProperty: BooleanProperty [value: false]
20:18:52.865 [FXGL Background Thread 3 ] DEBUG Engine               - devShowPositionProperty: BooleanProperty [value: false]
20:18:52.865 [FXGL Background Thread 3 ] DEBUG Engine               - enabledMenuItems: []
20:18:52.865 [FXGL Background Thread 3 ] DEBUG Engine               - engineServices: [class com.almasb.fxgl.app.services.FXGLAssetLoaderService, class com.almasb.fxgl.app.FXGLApplication$GameApplicationService, class com.almasb.fxgl.app.services.FXGLDialogService, class com.almasb.fxgl.app.services.IOTaskExecutorService, class com.almasb.fxgl.io.FileSystemService, class com.almasb.fxgl.localization.LocalizationService, class com.almasb.fxgl.app.services.SystemBundleService, class com.almasb.fxgl.profile.SaveLoadService, class com.almasb.fxgl.ui.FXGLUIFactoryServiceProvider, class com.almasb.fxgl.ui.FXGLDialogFactoryServiceProvider, class com.almasb.fxgl.audio.AudioPlayer, class com.almasb.fxgl.notification.impl.NotificationServiceProvider, class com.almasb.fxgl.achievement.AchievementService, class com.almasb.fxgl.cutscene.CutsceneService, class com.almasb.fxgl.minigames.MiniGameService, class com.almasb.fxgl.net.NetService, class com.almasb.fxgl.app.services.UpdaterService, class com.almasb.fxgl.dev.DevService]
20:18:52.865 [FXGL Background Thread 3 ] DEBUG Engine               - fontGame: Abel-Regular.ttf
20:18:52.865 [FXGL Background Thread 3 ] DEBUG Engine               - fontMono: TerminalLandMono-Regular.otf
20:18:52.866 [FXGL Background Thread 3 ] DEBUG Engine               - fontText: Courier-Prime.ttf
20:18:52.866 [FXGL Background Thread 3 ] DEBUG Engine               - fontUI: VarelaRound-Regular.ttf
20:18:52.866 [FXGL Background Thread 3 ] DEBUG Engine               - fullScreen: BooleanProperty [value: false]
20:18:52.866 [FXGL Background Thread 3 ] DEBUG Engine               - gameDifficulty: MEDIUM
20:18:52.866 [FXGL Background Thread 3 ] DEBUG Engine               - gameDifficultyProperty: ObjectProperty [value: MEDIUM]
20:18:52.866 [FXGL Background Thread 3 ] DEBUG Engine               - globalMusicVolume: 0.5
20:18:52.866 [FXGL Background Thread 3 ] DEBUG Engine               - globalMusicVolumeProperty: DoubleProperty [value: 0.25]
20:18:52.866 [FXGL Background Thread 3 ] DEBUG Engine               - globalSoundVolume: 0.5
20:18:52.866 [FXGL Background Thread 3 ] DEBUG Engine               - globalSoundVolumeProperty: DoubleProperty [value: 0.5]
20:18:52.866 [FXGL Background Thread 3 ] DEBUG Engine               - height: 720
20:18:52.866 [FXGL Background Thread 3 ] DEBUG Engine               - is3D: false
20:18:52.867 [FXGL Background Thread 3 ] DEBUG Engine               - isAndroid: false
20:18:52.867 [FXGL Background Thread 3 ] DEBUG Engine               - isBrowser: false
20:18:52.867 [FXGL Background Thread 3 ] DEBUG Engine               - isClickFeedbackEnabled: false
20:18:52.867 [FXGL Background Thread 3 ] DEBUG Engine               - isCloseConfirmation: false
20:18:52.867 [FXGL Background Thread 3 ] DEBUG Engine               - isDesktop: true
20:18:52.867 [FXGL Background Thread 3 ] DEBUG Engine               - isDeveloperMenuEnabled: false
20:18:52.867 [FXGL Background Thread 3 ] DEBUG Engine               - isEmbedded: false
20:18:52.867 [FXGL Background Thread 3 ] DEBUG Engine               - isEntityPreloadEnabled: true
20:18:52.867 [FXGL Background Thread 3 ] DEBUG Engine               - isExperimentalTiledLargeMap: false
20:18:52.867 [FXGL Background Thread 3 ] DEBUG Engine               - isFileSystemWriteAllowed: true
20:18:52.867 [FXGL Background Thread 3 ] DEBUG Engine               - isFullScreenAllowed: false
20:18:52.868 [FXGL Background Thread 3 ] DEBUG Engine               - isFullScreenFromStart: false
20:18:52.868 [FXGL Background Thread 3 ] DEBUG Engine               - isGameMenuEnabled: true
20:18:52.868 [FXGL Background Thread 3 ] DEBUG Engine               - isIOS: false
20:18:52.868 [FXGL Background Thread 3 ] DEBUG Engine               - isIntroEnabled: false
20:18:52.868 [FXGL Background Thread 3 ] DEBUG Engine               - isLinux: false
20:18:52.868 [FXGL Background Thread 3 ] DEBUG Engine               - isMac: false
20:18:52.868 [FXGL Background Thread 3 ] DEBUG Engine               - isMainMenuEnabled: true
20:18:52.868 [FXGL Background Thread 3 ] DEBUG Engine               - isManualResizeEnabled: false
20:18:52.868 [FXGL Background Thread 3 ] DEBUG Engine               - isMobile: false
20:18:52.868 [FXGL Background Thread 3 ] DEBUG Engine               - isNative: false
20:18:52.868 [FXGL Background Thread 3 ] DEBUG Engine               - isPauseMusicWhenMinimized: true
20:18:52.868 [FXGL Background Thread 3 ] DEBUG Engine               - isPreserveResizeRatio: false
20:18:52.868 [FXGL Background Thread 3 ] DEBUG Engine               - isProfilingEnabled: false
20:18:52.868 [FXGL Background Thread 3 ] DEBUG Engine               - isScaleAffectedOnResize: true
20:18:52.868 [FXGL Background Thread 3 ] DEBUG Engine               - isSingleStep: false
20:18:52.868 [FXGL Background Thread 3 ] DEBUG Engine               - isUserProfileEnabled: false
20:18:52.868 [FXGL Background Thread 3 ] DEBUG Engine               - isWindows: true
20:18:52.868 [FXGL Background Thread 3 ] DEBUG Engine               - language: ObjectProperty [value: ENGLISH]
20:18:52.868 [FXGL Background Thread 3 ] DEBUG Engine               - menuKey: ESCAPE
20:18:52.868 [FXGL Background Thread 3 ] DEBUG Engine               - mouseSensitivity: 0.2
20:18:52.868 [FXGL Background Thread 3 ] DEBUG Engine               - notificationViewClass: class com.almasb.fxgl.notification.view.XboxNotificationView
20:18:52.868 [FXGL Background Thread 3 ] DEBUG Engine               - pixelsPerMeter: 50.0
20:18:52.868 [FXGL Background Thread 3 ] DEBUG Engine               - platform: WINDOWS
20:18:52.868 [FXGL Background Thread 3 ] DEBUG Engine               - prefHeightProperty: ReadOnlyDoubleProperty [value: 720.0]
20:18:52.868 [FXGL Background Thread 3 ] DEBUG Engine               - prefWidthProperty: ReadOnlyDoubleProperty [value: 1280.0]
20:18:52.869 [FXGL Background Thread 3 ] DEBUG Engine               - profileDir: profiles/
20:18:52.869 [FXGL Background Thread 3 ] DEBUG Engine               - profileName: StringProperty [value: DEFAULT]
20:18:52.869 [FXGL Background Thread 3 ] DEBUG Engine               - randomSeed: -1
20:18:52.869 [FXGL Background Thread 3 ] DEBUG Engine               - runtimeInfo: RuntimeInfo(platform=WINDOWS, version=17.2, build=20.08.2022 16.50)
20:18:52.869 [FXGL Background Thread 3 ] DEBUG Engine               - saveFileExt: sav
20:18:52.869 [FXGL Background Thread 3 ] DEBUG Engine               - scaledHeightProp$fxgl: DoubleProperty [bound, value: 720.0]
20:18:52.869 [FXGL Background Thread 3 ] DEBUG Engine               - scaledWidthProp$fxgl: DoubleProperty [bound, value: 1280.0]
20:18:52.869 [FXGL Background Thread 3 ] DEBUG Engine               - sceneFactory: com.lgiacchetta.dungeon.DungeonApp$1@6dab8a82
20:18:52.869 [FXGL Background Thread 3 ] DEBUG Engine               - secondsIn24h: 60
20:18:52.869 [FXGL Background Thread 3 ] DEBUG Engine               - soundMenuBack: menu/back.wav
20:18:52.869 [FXGL Background Thread 3 ] DEBUG Engine               - soundMenuPress: menu/press.wav
20:18:52.869 [FXGL Background Thread 3 ] DEBUG Engine               - soundMenuSelect: menu/select.wav
20:18:52.869 [FXGL Background Thread 3 ] DEBUG Engine               - soundNotification: core/notification.wav
20:18:52.869 [FXGL Background Thread 3 ] DEBUG Engine               - stageStyle: DECORATED
20:18:52.869 [FXGL Background Thread 3 ] DEBUG Engine               - supportedLanguages: [ENGLISH, FRENCH, GERMAN, HUNGARIAN, RUSSIAN]
20:18:52.869 [FXGL Background Thread 3 ] DEBUG Engine               - ticksPerSecond: -1
20:18:52.869 [FXGL Background Thread 3 ] DEBUG Engine               - title: Untitled
20:18:52.869 [FXGL Background Thread 3 ] DEBUG Engine               - urlGithub: https://github.com/AlmasB/FXGL
20:18:52.869 [FXGL Background Thread 3 ] DEBUG Engine               - urlLeaderboard: http://fxgl-top.herokuapp.com/
20:18:52.869 [FXGL Background Thread 3 ] DEBUG Engine               - urlPOM: https://raw.githubusercontent.com/AlmasB/FXGL/release/README.md
20:18:52.870 [FXGL Background Thread 3 ] DEBUG Engine               - userAppClass: class com.lgiacchetta.dungeon.DungeonApp
20:18:52.870 [FXGL Background Thread 3 ] DEBUG Engine               - version: 0.0
20:18:52.870 [FXGL Background Thread 3 ] DEBUG Engine               - versionCheckDays: 7
20:18:52.870 [FXGL Background Thread 3 ] DEBUG Engine               - width: 1280
20:18:52.870 [FXGL Background Thread 3 ] DEBUG Engine               - Logging services
20:18:52.870 [FXGL Background Thread 3 ] DEBUG Engine               - class com.almasb.fxgl.app.services.FXGLAssetLoaderService
20:18:52.870 [FXGL Background Thread 3 ] DEBUG Engine               - class com.almasb.fxgl.app.FXGLApplication$GameApplicationService
20:18:52.870 [FXGL Background Thread 3 ] DEBUG Engine               - class com.almasb.fxgl.app.services.FXGLDialogService
20:18:52.870 [FXGL Background Thread 3 ] DEBUG Engine               - class com.almasb.fxgl.app.services.IOTaskExecutorService
20:18:52.870 [FXGL Background Thread 3 ] DEBUG Engine               - class com.almasb.fxgl.io.FileSystemService
20:18:52.870 [FXGL Background Thread 3 ] DEBUG Engine               - class com.almasb.fxgl.localization.LocalizationService
20:18:52.870 [FXGL Background Thread 3 ] DEBUG Engine               - class com.almasb.fxgl.app.services.SystemBundleService
20:18:52.870 [FXGL Background Thread 3 ] DEBUG Engine               - class com.almasb.fxgl.profile.SaveLoadService
20:18:52.870 [FXGL Background Thread 3 ] DEBUG Engine               - class com.almasb.fxgl.ui.FXGLUIFactoryServiceProvider
20:18:52.870 [FXGL Background Thread 3 ] DEBUG Engine               - class com.almasb.fxgl.ui.FXGLDialogFactoryServiceProvider
20:18:52.870 [FXGL Background Thread 3 ] DEBUG Engine               - class com.almasb.fxgl.audio.AudioPlayer
20:18:52.870 [FXGL Background Thread 3 ] DEBUG Engine               - class com.almasb.fxgl.notification.impl.NotificationServiceProvider
20:18:52.870 [FXGL Background Thread 3 ] DEBUG Engine               - class com.almasb.fxgl.achievement.AchievementService
20:18:52.870 [FXGL Background Thread 3 ] DEBUG Engine               - class com.almasb.fxgl.cutscene.CutsceneService
20:18:52.870 [FXGL Background Thread 3 ] DEBUG Engine               - class com.almasb.fxgl.minigames.MiniGameService
20:18:52.870 [FXGL Background Thread 3 ] DEBUG Engine               - class com.almasb.fxgl.net.NetService
20:18:52.870 [FXGL Background Thread 3 ] DEBUG Engine               - class com.almasb.fxgl.app.services.UpdaterService
20:18:52.870 [FXGL Background Thread 3 ] DEBUG Engine               - class com.almasb.fxgl.dev.DevService
20:18:57.418 [JavaFX Application Thread] DEBUG FXGLApplication      - Exiting FXGL
20:18:57.419 [JavaFX Application Thread] DEBUG LoopRunner           - Stopping loop
20:18:57.419 [JavaFX Application Thread] DEBUG SystemBundleService  - Saving FXGL system data
20:18:57.423 [JavaFX Application Thread] DEBUG FileSystemAccess     - Writing to: C:\Users\lucag\IdeaProjects\Dungeon\system\fxgl.bundle
20:18:57.425 [JavaFX Application Thread] DEBUG Async                - Shutting down background threads
20:18:57.425 [JavaFX Application Thread] DEBUG PrimaryStageWindow   - Closing main window
20:18:57.447 [JavaFX Application Thread] DEBUG Logger               - Closing Logger
