10:45:55.552 [main                     ] DEBUG Logger               - Configured Logger
10:45:55.572 [main                     ] DEBUG GameApplication      - Logging settings
Title: Untitled
Version: 0.0
Width: 1280
Height: 720
Fullscreen: false
Intro: false
Profiling: false
Single step:false
App Mode: DEVELOPER
Menu Key: ESCAPE
Stage Style: DECORATED
Scene Factory: class com.lgiacchetta.dungeon.DungeonApp$1

10:45:55.856 [JavaFX Application Thread] DEBUG FXGLApplication      - Initializing FXGL
10:45:55.860 [JavaFX Application Thread] INFO  Engine               - FXGL-17.2 (20.08.2022 16.50) on WINDOWS (J:17.0.6 FX:17.0.2-ea)
10:45:55.861 [JavaFX Application Thread] DEBUG Engine               - JRE Vendor Name: Oracle Corporation
10:45:55.861 [JavaFX Application Thread] DEBUG Engine               - Running on OS: Windows 11 version 10.0
10:45:55.861 [JavaFX Application Thread] DEBUG Engine               - Architecture: amd64
10:45:55.861 [JavaFX Application Thread] INFO  Engine               - Source code and latest versions at: https://github.com/AlmasB/FXGL
10:45:55.861 [JavaFX Application Thread] INFO  Engine               -       Ask questions and discuss at: https://github.com/AlmasB/FXGL/discussions
10:45:55.861 [JavaFX Application Thread] INFO  Engine               -              Join the FXGL chat at: https://gitter.im/AlmasB/FXGL
10:45:55.940 [JavaFX Application Thread] DEBUG PrimaryStageWindow   - Creating a JavaFX scene
10:45:55.973 [JavaFX Application Thread] DEBUG PrimaryStageWindow   - Target settings size: 1280.0 x 720.0
10:45:55.973 [JavaFX Application Thread] DEBUG PrimaryStageWindow   - Scaled scene size:    1280.0 x 720.0
10:45:55.974 [JavaFX Application Thread] DEBUG PrimaryStageWindow   - Scaled ratio: (1.0, 1.0)
10:45:55.974 [JavaFX Application Thread] DEBUG PrimaryStageWindow   - Set initial scene to FXGLStartupScene
10:45:55.978 [JavaFX Application Thread] DEBUG PrimaryStageWindow   - Opening main window
10:45:56.065 [JavaFX Application Thread] DEBUG PrimaryStageWindow   - Window border size: (14.6666259765625, 37.33331298828125)
10:45:56.066 [JavaFX Application Thread] DEBUG PrimaryStageWindow   - Scaled size: 1280.0 x 720.0
10:45:56.067 [JavaFX Application Thread] DEBUG PrimaryStageWindow   - Scaled ratio: (1.0, 1.0)
10:45:56.067 [JavaFX Application Thread] DEBUG PrimaryStageWindow   - Scene size: 1280.0 x 720.0
10:45:56.068 [JavaFX Application Thread] DEBUG PrimaryStageWindow   - Stage size: 1294.6666259765625 x 757.3333129882812
10:45:56.080 [FXGL Background Thread 1 ] DEBUG Engine               - Initializing environment variables
10:45:56.126 [FXGL Background Thread 1 ] DEBUG FXGLAssetLoaderServi - User app class for loading assets: class com.lgiacchetta.dungeon.DungeonApp
10:45:56.126 [FXGL Background Thread 1 ] DEBUG GameApplicationServi - Applying CSS: fxgl_dark.css
10:45:56.127 [FXGL Background Thread 1 ] DEBUG FXGLAssetLoaderServi - Loading from file system: jar:file:///C:/Users/lucag/.gradle/caches/modules-2/files-2.1/com.github.almasb/fxgl/17.2/35db6ae960eec2dcfd19262d3b7f9c42f0e95bc3/fxgl-17.2.jar!/fxglassets/ui/css/fxgl_dark.css
10:45:56.176 [FXGL Background Thread 1 ] DEBUG GameApplicationServi - Initializing application scenes
10:45:56.178 [FXGL Background Thread 1 ] DEBUG FXGLAssetLoaderServi - Loading from file system: jar:file:///C:/Users/lucag/IdeaProjects/Dungeon/build/libs/Dungeon-1.0-SNAPSHOT.jar!/assets/textures/loading.jpg
10:45:56.241 [FXGL Background Thread 1 ] DEBUG FXGLAssetLoaderServi - Loading from file system: jar:file:///C:/Users/lucag/IdeaProjects/Dungeon/build/libs/Dungeon-1.0-SNAPSHOT.jar!/assets/ui/fonts/a-charming-font.ttf
10:45:56.310 [FXGL Background Thread 1 ] DEBUG FXGLAssetLoaderServi - Loading from file system: jar:file:///C:/Users/lucag/IdeaProjects/Dungeon/build/libs/Dungeon-1.0-SNAPSHOT.jar!/assets/textures/orc/boss/ogre_run_anim_f0.png
10:45:56.313 [FXGL Background Thread 1 ] DEBUG FXGLAssetLoaderServi - Loading from file system: jar:file:///C:/Users/lucag/IdeaProjects/Dungeon/build/libs/Dungeon-1.0-SNAPSHOT.jar!/assets/textures/orc/boss/ogre_run_anim_f1.png
10:45:56.314 [FXGL Background Thread 1 ] DEBUG FXGLAssetLoaderServi - Loading from file system: jar:file:///C:/Users/lucag/IdeaProjects/Dungeon/build/libs/Dungeon-1.0-SNAPSHOT.jar!/assets/textures/orc/boss/ogre_run_anim_f2.png
10:45:56.315 [FXGL Background Thread 1 ] DEBUG FXGLAssetLoaderServi - Loading from file system: jar:file:///C:/Users/lucag/IdeaProjects/Dungeon/build/libs/Dungeon-1.0-SNAPSHOT.jar!/assets/textures/orc/boss/ogre_run_anim_f3.png
10:45:56.334 [FXGL Background Thread 1 ] DEBUG FXGLAssetLoaderServi - Loading from file system: jar:file:///C:/Users/lucag/IdeaProjects/Dungeon/build/libs/Dungeon-1.0-SNAPSHOT.jar!/assets/textures/demon/boss/big_demon_run_anim_f0.png
10:45:56.336 [FXGL Background Thread 1 ] DEBUG FXGLAssetLoaderServi - Loading from file system: jar:file:///C:/Users/lucag/IdeaProjects/Dungeon/build/libs/Dungeon-1.0-SNAPSHOT.jar!/assets/textures/demon/boss/big_demon_run_anim_f1.png
10:45:56.337 [FXGL Background Thread 1 ] DEBUG FXGLAssetLoaderServi - Loading from file system: jar:file:///C:/Users/lucag/IdeaProjects/Dungeon/build/libs/Dungeon-1.0-SNAPSHOT.jar!/assets/textures/demon/boss/big_demon_run_anim_f2.png
10:45:56.338 [FXGL Background Thread 1 ] DEBUG FXGLAssetLoaderServi - Loading from file system: jar:file:///C:/Users/lucag/IdeaProjects/Dungeon/build/libs/Dungeon-1.0-SNAPSHOT.jar!/assets/textures/demon/boss/big_demon_run_anim_f3.png
10:45:56.339 [FXGL Background Thread 1 ] DEBUG FXGLAssetLoaderServi - Loading from file system: jar:file:///C:/Users/lucag/IdeaProjects/Dungeon/build/libs/Dungeon-1.0-SNAPSHOT.jar!/assets/textures/undead/boss/big_zombie_run_anim_f0.png
10:45:56.340 [FXGL Background Thread 1 ] DEBUG FXGLAssetLoaderServi - Loading from file system: jar:file:///C:/Users/lucag/IdeaProjects/Dungeon/build/libs/Dungeon-1.0-SNAPSHOT.jar!/assets/textures/undead/boss/big_zombie_run_anim_f1.png
10:45:56.341 [FXGL Background Thread 1 ] DEBUG FXGLAssetLoaderServi - Loading from file system: jar:file:///C:/Users/lucag/IdeaProjects/Dungeon/build/libs/Dungeon-1.0-SNAPSHOT.jar!/assets/textures/undead/boss/big_zombie_run_anim_f2.png
10:45:56.342 [FXGL Background Thread 1 ] DEBUG FXGLAssetLoaderServi - Loading from file system: jar:file:///C:/Users/lucag/IdeaProjects/Dungeon/build/libs/Dungeon-1.0-SNAPSHOT.jar!/assets/textures/undead/boss/big_zombie_run_anim_f3.png
10:45:56.343 [FXGL Background Thread 1 ] DEBUG FXGLAssetLoaderServi - Loading from file system: jar:file:///C:/Users/lucag/IdeaProjects/Dungeon/build/libs/Dungeon-1.0-SNAPSHOT.jar!/assets/textures/knight/knight_m_run_anim_f0.png
10:45:56.344 [FXGL Background Thread 1 ] DEBUG FXGLAssetLoaderServi - Loading from file system: jar:file:///C:/Users/lucag/IdeaProjects/Dungeon/build/libs/Dungeon-1.0-SNAPSHOT.jar!/assets/textures/knight/knight_m_run_anim_f1.png
10:45:56.345 [FXGL Background Thread 1 ] DEBUG FXGLAssetLoaderServi - Loading from file system: jar:file:///C:/Users/lucag/IdeaProjects/Dungeon/build/libs/Dungeon-1.0-SNAPSHOT.jar!/assets/textures/knight/knight_m_run_anim_f2.png
10:45:56.346 [FXGL Background Thread 1 ] DEBUG FXGLAssetLoaderServi - Loading from file system: jar:file:///C:/Users/lucag/IdeaProjects/Dungeon/build/libs/Dungeon-1.0-SNAPSHOT.jar!/assets/textures/knight/knight_m_run_anim_f3.png
10:45:56.350 [FXGL Background Thread 1 ] DEBUG GameWorld            - Game world initialized
10:45:56.409 [FXGL Background Thread 1 ] DEBUG PhysicsWorld         - Physics world initialized: appHeight=720, physics.ppm=50,0
10:45:56.410 [FXGL Background Thread 1 ] DEBUG PhysicsWorld         - Using strategy: BRUTE_FORCE
10:45:56.413 [FXGL Background Thread 1 ] DEBUG GameScene            - Game scene initialized: 1280x720
10:45:56.421 [FXGL Background Thread 1 ] DEBUG FXGL.DefaultMenu     - createMenuBodyGameMenu()
10:45:56.435 [FXGL Background Thread 1 ] DEBUG FXGL.DefaultMenu     - createOptionsMenu()
10:45:56.443 [FXGL Background Thread 1 ] DEBUG FXGLAssetLoaderServi - Loading from file system: jar:file:///C:/Users/lucag/.gradle/caches/modules-2/files-2.1/com.github.almasb/fxgl/17.2/35db6ae960eec2dcfd19262d3b7f9c42f0e95bc3/fxgl-17.2.jar!/fxglassets/textures/particles/smoke.png
10:45:56.513 [FXGL Background Thread 1 ] DEBUG FXGLAssetLoaderServi - Loading from file system: jar:file:///C:/Users/lucag/.gradle/caches/modules-2/files-2.1/com.github.almasb/fxgl/17.2/35db6ae960eec2dcfd19262d3b7f9c42f0e95bc3/fxgl-17.2.jar!/fxglassets/textures/particles/trace_horizontal.png
10:45:56.555 [FXGL Background Thread 1 ] DEBUG GameApplicationServi - Application scenes initialized
10:45:56.562 [FXGL Background Thread 1 ] DEBUG SystemBundleService  - Loading FXGL system data
10:45:56.565 [FXGL Background Thread 1 ] DEBUG FileSystemAccess     - Reading from: C:\Users\lucag\IdeaProjects\Dungeon\system\fxgl.bundle
10:45:56.569 [FXGL Background Thread 1 ] DEBUG SystemBundleService  - Bundle FXGL: {}
10:45:56.569 [FXGL Background Thread 1 ] DEBUG UpdaterService       - Checking for updates
10:45:56.573 [FXGL Background Thread 4 ] DEBUG FXGLApplication      - Loading fonts
10:45:56.573 [FXGL Background Thread 4 ] DEBUG FXGLAssetLoaderServi - Loading from file system: jar:file:///C:/Users/lucag/.gradle/caches/modules-2/files-2.1/com.github.almasb/fxgl/17.2/35db6ae960eec2dcfd19262d3b7f9c42f0e95bc3/fxgl-17.2.jar!/fxglassets/ui/fonts/VarelaRound-Regular.ttf
10:45:56.573 [FXGL Background Thread 1 ] DEBUG FXGLApplication      - Loading default localization
10:45:56.573 [FXGL Background Thread 1 ] DEBUG FXGLAssetLoaderServi - Loading from file system: jar:file:///C:/Users/lucag/.gradle/caches/modules-2/files-2.1/com.github.almasb/fxgl/17.2/35db6ae960eec2dcfd19262d3b7f9c42f0e95bc3/fxgl-17.2.jar!/fxglassets/languages/english.lang
10:45:56.577 [FXGL Background Thread 4 ] DEBUG FXGLAssetLoaderServi - Loading from file system: jar:file:///C:/Users/lucag/.gradle/caches/modules-2/files-2.1/com.github.almasb/fxgl/17.2/35db6ae960eec2dcfd19262d3b7f9c42f0e95bc3/fxgl-17.2.jar!/fxglassets/ui/fonts/Abel-Regular.ttf
10:45:56.580 [FXGL Background Thread 4 ] DEBUG FXGLAssetLoaderServi - Loading from file system: jar:file:///C:/Users/lucag/.gradle/caches/modules-2/files-2.1/com.github.almasb/fxgl/17.2/35db6ae960eec2dcfd19262d3b7f9c42f0e95bc3/fxgl-17.2.jar!/fxglassets/ui/fonts/TerminalLandMono-Regular.otf
10:45:56.583 [FXGL Background Thread 4 ] DEBUG FXGLAssetLoaderServi - Loading from file system: jar:file:///C:/Users/lucag/.gradle/caches/modules-2/files-2.1/com.github.almasb/fxgl/17.2/35db6ae960eec2dcfd19262d3b7f9c42f0e95bc3/fxgl-17.2.jar!/fxglassets/ui/fonts/Courier-Prime.ttf
10:45:56.589 [JavaFX Application Thread] DEBUG FXGLApplication      - Registering font factories with UI factory
10:45:56.591 [FXGL Background Thread 1 ] INFO  FXGLApplication      - FXGL initialization took: 0,511 sec
10:45:56.598 [JavaFX Application Thread] DEBUG Input                - Registered new binding: Up1 - W
10:45:56.598 [JavaFX Application Thread] DEBUG Input                - Registered new binding: Left1 - A
10:45:56.599 [JavaFX Application Thread] DEBUG Input                - Registered new binding: Down1 - S
10:45:56.599 [JavaFX Application Thread] DEBUG Input                - Registered new binding: Right1 - D
10:45:56.599 [JavaFX Application Thread] DEBUG Input                - Registered new binding: Up2 - Up
10:45:56.599 [JavaFX Application Thread] DEBUG Input                - Registered new binding: Left2 - Left
10:45:56.599 [JavaFX Application Thread] DEBUG Input                - Registered new binding: Down2 - Down
10:45:56.599 [JavaFX Application Thread] DEBUG Input                - Registered new binding: Right2 - Right
10:45:56.599 [JavaFX Application Thread] DEBUG FXGLAssetLoaderServi - Loading from file system: jar:file:///C:/Users/lucag/.gradle/caches/modules-2/files-2.1/com.github.almasb/fxgl/17.2/35db6ae960eec2dcfd19262d3b7f9c42f0e95bc3/fxgl-17.2.jar!/fxglassets/textures/fxgl_icon.png
10:45:56.614 [JavaFX Application Thread] DEBUG FXGLAssetLoaderServi - Loading from file system: jar:file:///C:/Users/lucag/.gradle/caches/modules-2/files-2.1/com.github.almasb/fxgl/17.2/35db6ae960eec2dcfd19262d3b7f9c42f0e95bc3/fxgl-17.2.jar!/fxglassets/textures/fxgl_default_cursor.png
10:45:56.617 [JavaFX Application Thread] DEBUG Input                - Registered new binding: Screenshot - CTRL+8
10:45:56.618 [JavaFX Application Thread] DEBUG Input                - Registered new binding: System info dump - CTRL+9
10:45:56.618 [JavaFX Application Thread] DEBUG Input                - Registered new binding: Restart - CTRL+R
10:45:56.618 [JavaFX Application Thread] DEBUG Input                - Registered new binding: Toggle Debug Camera - CTRL+7
10:45:56.621 [JavaFX Application Thread] DEBUG LoopRunner           - Starting loop
10:45:56.621 [JavaFX Application Thread] DEBUG LoopRunner           - Initializing JavaFX AnimationTimerLoop
10:45:56.622 [JavaFX Application Thread] DEBUG GameApplicationServi - Starting new game
10:45:56.622 [JavaFX Application Thread] DEBUG Input                - Clearing active input actions
10:45:56.631 [JavaFX Application Thread] DEBUG GameApplicationServi - Removing overlay from FXGLStartupScene and adding to MainLoadingScene
10:45:56.631 [JavaFX Application Thread] DEBUG PrimaryStageWindow   - FXGLStartupScene -> MainLoadingScene
10:45:56.631 [JavaFX Application Thread] DEBUG GameApplicationServi - Clearing previous game
10:45:56.631 [JavaFX Application Thread] DEBUG GameScene            - Clearing game scene
10:45:56.631 [JavaFX Application Thread] DEBUG GameWorld            - Clearing game world
10:45:56.631 [JavaFX Application Thread] DEBUG PhysicsWorld         - Clearing physics world
10:45:56.632 [FXGL Background Thread 1 ] DEBUG FXGLApplication      - Initializing game
10:45:56.641 [FXGL Background Thread 1 ] DEBUG Input                - Registered new binding: Restart - LMB
10:45:56.672 [FXGL Background Thread 1 ] WARN  TMXLevelLoader       - TiledMap generated from 1.10.1. Supported version: 1.9.0. Some features may not be parsed fully.
10:45:56.700 [FXGL Background Thread 1 ] DEBUG TMXLevelLoader       - Parsed TiledMap: jar:file:///C:/Users/lucag/IdeaProjects/Dungeon/build/libs/Dungeon-1.0-SNAPSHOT.jar!/assets/levels/tmx/test-map-no-anim.tmx
10:45:56.701 [FXGL Background Thread 1 ] DEBUG TMXLevelLoader       - Creating tile layer entities
10:45:56.703 [FXGL Background Thread 1 ] DEBUG TilesetLoader        - Loading view for layer floor
10:45:56.703 [FXGL Background Thread 1 ] DEBUG TilesetLoader        - Created buffer with size 480.0x480.0
10:45:56.797 [FXGL Background Thread 1 ] DEBUG TilesetLoader        - Loading view for layer walls
10:45:56.798 [FXGL Background Thread 1 ] DEBUG TilesetLoader        - Created buffer with size 480.0x480.0
10:45:56.799 [FXGL Background Thread 1 ] DEBUG TilesetLoader        - Loading view for layer side-walls
10:45:56.800 [FXGL Background Thread 1 ] DEBUG TilesetLoader        - Created buffer with size 480.0x480.0
10:45:56.801 [FXGL Background Thread 1 ] DEBUG TMXLevelLoader       - Creating object layer entities
10:45:56.821 [FXGL Background Thread 1 ] DEBUG FXGLAssetLoaderServi - Loading from file system: jar:file:///C:/Users/lucag/IdeaProjects/Dungeon/build/libs/Dungeon-1.0-SNAPSHOT.jar!/assets/textures/spike/floor_spikes_anim_f0.png
10:45:56.822 [FXGL Background Thread 1 ] DEBUG FXGLAssetLoaderServi - Loading from file system: jar:file:///C:/Users/lucag/IdeaProjects/Dungeon/build/libs/Dungeon-1.0-SNAPSHOT.jar!/assets/textures/spike/floor_spikes_anim_f1.png
10:45:56.823 [FXGL Background Thread 1 ] DEBUG FXGLAssetLoaderServi - Loading from file system: jar:file:///C:/Users/lucag/IdeaProjects/Dungeon/build/libs/Dungeon-1.0-SNAPSHOT.jar!/assets/textures/spike/floor_spikes_anim_f2.png
10:45:56.823 [FXGL Background Thread 1 ] DEBUG FXGLAssetLoaderServi - Loading from file system: jar:file:///C:/Users/lucag/IdeaProjects/Dungeon/build/libs/Dungeon-1.0-SNAPSHOT.jar!/assets/textures/spike/floor_spikes_anim_f3.png
10:45:56.824 [FXGL Background Thread 1 ] DEBUG FXGLAssetLoaderServi - Loading from file system: jar:file:///C:/Users/lucag/IdeaProjects/Dungeon/build/libs/Dungeon-1.0-SNAPSHOT.jar!/assets/textures/spike/floor_spikes_anim_f4.png
10:45:56.824 [FXGL Background Thread 1 ] DEBUG FXGLAssetLoaderServi - Loading from file system: jar:file:///C:/Users/lucag/IdeaProjects/Dungeon/build/libs/Dungeon-1.0-SNAPSHOT.jar!/assets/textures/spike/floor_spikes_anim_f5.png
10:45:56.825 [FXGL Background Thread 1 ] DEBUG FXGLAssetLoaderServi - Loading from file system: jar:file:///C:/Users/lucag/IdeaProjects/Dungeon/build/libs/Dungeon-1.0-SNAPSHOT.jar!/assets/textures/spike/floor_spikes_anim_f6.png
10:45:56.825 [FXGL Background Thread 1 ] DEBUG FXGLAssetLoaderServi - Loading from file system: jar:file:///C:/Users/lucag/IdeaProjects/Dungeon/build/libs/Dungeon-1.0-SNAPSHOT.jar!/assets/textures/spike/floor_spikes_anim_f7.png
10:45:56.826 [FXGL Background Thread 1 ] DEBUG FXGLAssetLoaderServi - Loading from file system: jar:file:///C:/Users/lucag/IdeaProjects/Dungeon/build/libs/Dungeon-1.0-SNAPSHOT.jar!/assets/textures/spike/floor_spikes_danger_anim_f0.png
10:45:56.833 [FXGL Background Thread 1 ] DEBUG FXGLAssetLoaderServi - Loading from file system: jar:file:///C:/Users/lucag/IdeaProjects/Dungeon/build/libs/Dungeon-1.0-SNAPSHOT.jar!/assets/textures/ladder/floor_ladder.png
10:45:56.836 [FXGL Background Thread 1 ] DEBUG FXGLAssetLoaderServi - Loading from file system: jar:file:///C:/Users/lucag/IdeaProjects/Dungeon/build/libs/Dungeon-1.0-SNAPSHOT.jar!/assets/textures/plate/button_red_up.png
10:45:56.837 [FXGL Background Thread 1 ] DEBUG FXGLAssetLoaderServi - Loading from file system: jar:file:///C:/Users/lucag/IdeaProjects/Dungeon/build/libs/Dungeon-1.0-SNAPSHOT.jar!/assets/textures/plate/button_red_down.png
10:45:56.838 [FXGL Background Thread 1 ] DEBUG FXGLAssetLoaderServi - Loading from file system: jar:file:///C:/Users/lucag/IdeaProjects/Dungeon/build/libs/Dungeon-1.0-SNAPSHOT.jar!/assets/textures/plate/button_blue_up.png
10:45:56.839 [FXGL Background Thread 1 ] DEBUG FXGLAssetLoaderServi - Loading from file system: jar:file:///C:/Users/lucag/IdeaProjects/Dungeon/build/libs/Dungeon-1.0-SNAPSHOT.jar!/assets/textures/plate/button_blue_down.png
10:45:56.841 [FXGL Background Thread 1 ] DEBUG GameWorld            - Clearing removable entities
10:45:56.843 [FXGL Background Thread 1 ] DEBUG GameWorld            - Setting level: com.almasb.fxgl.entity.level.Level@633bb808
10:45:56.852 [FXGL Background Thread 1 ] DEBUG FXGLAssetLoaderServi - Loading from file system: jar:file:///C:/Users/lucag/IdeaProjects/Dungeon/build/libs/Dungeon-1.0-SNAPSHOT.jar!/assets/textures/knight/knight_m_idle_anim_f0.png
10:45:56.853 [FXGL Background Thread 1 ] DEBUG FXGLAssetLoaderServi - Loading from file system: jar:file:///C:/Users/lucag/IdeaProjects/Dungeon/build/libs/Dungeon-1.0-SNAPSHOT.jar!/assets/textures/knight/knight_m_idle_anim_f1.png
10:45:56.853 [FXGL Background Thread 1 ] DEBUG FXGLAssetLoaderServi - Loading from file system: jar:file:///C:/Users/lucag/IdeaProjects/Dungeon/build/libs/Dungeon-1.0-SNAPSHOT.jar!/assets/textures/knight/knight_m_idle_anim_f2.png
10:45:56.854 [FXGL Background Thread 1 ] DEBUG FXGLAssetLoaderServi - Loading from file system: jar:file:///C:/Users/lucag/IdeaProjects/Dungeon/build/libs/Dungeon-1.0-SNAPSHOT.jar!/assets/textures/knight/knight_m_idle_anim_f3.png
10:45:56.857 [FXGL Background Thread 1 ] DEBUG FXGLAssetLoaderServi - Loading from file system: jar:file:///C:/Users/lucag/IdeaProjects/Dungeon/build/libs/Dungeon-1.0-SNAPSHOT.jar!/assets/textures/knight/knight_f_idle_anim_f0.png
10:45:56.857 [FXGL Background Thread 1 ] DEBUG FXGLAssetLoaderServi - Loading from file system: jar:file:///C:/Users/lucag/IdeaProjects/Dungeon/build/libs/Dungeon-1.0-SNAPSHOT.jar!/assets/textures/knight/knight_f_idle_anim_f1.png
10:45:56.858 [FXGL Background Thread 1 ] DEBUG FXGLAssetLoaderServi - Loading from file system: jar:file:///C:/Users/lucag/IdeaProjects/Dungeon/build/libs/Dungeon-1.0-SNAPSHOT.jar!/assets/textures/knight/knight_f_idle_anim_f2.png
10:45:56.858 [FXGL Background Thread 1 ] DEBUG FXGLAssetLoaderServi - Loading from file system: jar:file:///C:/Users/lucag/IdeaProjects/Dungeon/build/libs/Dungeon-1.0-SNAPSHOT.jar!/assets/textures/knight/knight_f_idle_anim_f3.png
10:45:56.859 [FXGL Background Thread 1 ] DEBUG FXGLAssetLoaderServi - Loading from file system: jar:file:///C:/Users/lucag/IdeaProjects/Dungeon/build/libs/Dungeon-1.0-SNAPSHOT.jar!/assets/textures/knight/knight_f_run_anim_f0.png
10:45:56.859 [FXGL Background Thread 1 ] DEBUG FXGLAssetLoaderServi - Loading from file system: jar:file:///C:/Users/lucag/IdeaProjects/Dungeon/build/libs/Dungeon-1.0-SNAPSHOT.jar!/assets/textures/knight/knight_f_run_anim_f1.png
10:45:56.860 [FXGL Background Thread 1 ] DEBUG FXGLAssetLoaderServi - Loading from file system: jar:file:///C:/Users/lucag/IdeaProjects/Dungeon/build/libs/Dungeon-1.0-SNAPSHOT.jar!/assets/textures/knight/knight_f_run_anim_f2.png
10:45:56.860 [FXGL Background Thread 1 ] DEBUG FXGLAssetLoaderServi - Loading from file system: jar:file:///C:/Users/lucag/IdeaProjects/Dungeon/build/libs/Dungeon-1.0-SNAPSHOT.jar!/assets/textures/knight/knight_f_run_anim_f3.png
10:45:56.864 [FXGL Background Thread 1 ] DEBUG FXGLAssetLoaderServi - Loading from file system: jar:file:///C:/Users/lucag/IdeaProjects/Dungeon/build/libs/Dungeon-1.0-SNAPSHOT.jar!/assets/textures/heart/ui_heart_full.png
10:45:56.867 [FXGL Background Thread 1 ] INFO  FXGLApplication      - Game initialization took: 0,234 sec
10:45:56.868 [JavaFX Application Thread] DEBUG Input                - Clearing active input actions
10:45:56.875 [JavaFX Application Thread] DEBUG GameApplicationServi - Removing overlay from MainLoadingScene and adding to GameScene
10:45:56.875 [JavaFX Application Thread] DEBUG PrimaryStageWindow   - MainLoadingScene -> GameScene
10:45:57.141 [FXGL Background Thread 2 ] INFO  UpdaterService       - Your current version:  17.2
10:45:57.141 [FXGL Background Thread 2 ] INFO  UpdaterService       - Latest stable version: 17.3
10:45:59.572 [FXGL Background Thread 3 ] DEBUG Engine               - Logging environment variables
10:45:59.573 [FXGL Background Thread 3 ] DEBUG Engine               - achievements: []
10:45:59.573 [FXGL Background Thread 3 ] DEBUG Engine               - actualHeight: 720.0
10:45:59.574 [FXGL Background Thread 3 ] DEBUG Engine               - actualHeightProperty: ReadOnlyDoubleProperty [value: 720.0]
10:45:59.574 [FXGL Background Thread 3 ] DEBUG Engine               - actualWidth: 1280.0
10:45:59.574 [FXGL Background Thread 3 ] DEBUG Engine               - actualWidthProperty: ReadOnlyDoubleProperty [value: 1280.0]
10:45:59.574 [FXGL Background Thread 3 ] DEBUG Engine               - appIcon: fxgl_icon.png
10:45:59.574 [FXGL Background Thread 3 ] DEBUG Engine               - applicationMode: DEVELOPER
10:45:59.575 [FXGL Background Thread 3 ] DEBUG Engine               - cSSList: [fxgl_dark.css]
10:45:59.575 [FXGL Background Thread 3 ] DEBUG Engine               - collisionDetectionStrategy: BRUTE_FORCE
10:45:59.575 [FXGL Background Thread 3 ] DEBUG Engine               - configClass: Optional.empty
10:45:59.575 [FXGL Background Thread 3 ] DEBUG Engine               - credits: []
10:45:59.576 [FXGL Background Thread 3 ] DEBUG Engine               - defaultCursor: CursorInfo(imageName=fxgl_default_cursor.png, hotspotX=7.0, hotspotY=6.0)
10:45:59.576 [FXGL Background Thread 3 ] DEBUG Engine               - devBBoxColorProperty: ObjectProperty [value: 0xff0000ff]
10:45:59.576 [FXGL Background Thread 3 ] DEBUG Engine               - devEnableDebugCameraProperty: BooleanProperty [value: false]
10:45:59.577 [FXGL Background Thread 3 ] DEBUG Engine               - devSensorColorProperty: ObjectProperty [value: 0xffff00ff]
10:45:59.577 [FXGL Background Thread 3 ] DEBUG Engine               - devShowBBoxProperty: BooleanProperty [value: false]
10:45:59.577 [FXGL Background Thread 3 ] DEBUG Engine               - devShowPositionProperty: BooleanProperty [value: false]
10:45:59.577 [FXGL Background Thread 3 ] DEBUG Engine               - enabledMenuItems: []
10:45:59.577 [FXGL Background Thread 3 ] DEBUG Engine               - engineServices: [class com.almasb.fxgl.app.services.FXGLAssetLoaderService, class com.almasb.fxgl.app.FXGLApplication$GameApplicationService, class com.almasb.fxgl.app.services.FXGLDialogService, class com.almasb.fxgl.app.services.IOTaskExecutorService, class com.almasb.fxgl.io.FileSystemService, class com.almasb.fxgl.localization.LocalizationService, class com.almasb.fxgl.app.services.SystemBundleService, class com.almasb.fxgl.profile.SaveLoadService, class com.almasb.fxgl.ui.FXGLUIFactoryServiceProvider, class com.almasb.fxgl.ui.FXGLDialogFactoryServiceProvider, class com.almasb.fxgl.audio.AudioPlayer, class com.almasb.fxgl.notification.impl.NotificationServiceProvider, class com.almasb.fxgl.achievement.AchievementService, class com.almasb.fxgl.cutscene.CutsceneService, class com.almasb.fxgl.minigames.MiniGameService, class com.almasb.fxgl.net.NetService, class com.almasb.fxgl.app.services.UpdaterService, class com.almasb.fxgl.dev.DevService]
10:45:59.577 [FXGL Background Thread 3 ] DEBUG Engine               - fontGame: Abel-Regular.ttf
10:45:59.577 [FXGL Background Thread 3 ] DEBUG Engine               - fontMono: TerminalLandMono-Regular.otf
10:45:59.578 [FXGL Background Thread 3 ] DEBUG Engine               - fontText: Courier-Prime.ttf
10:45:59.578 [FXGL Background Thread 3 ] DEBUG Engine               - fontUI: VarelaRound-Regular.ttf
10:45:59.578 [FXGL Background Thread 3 ] DEBUG Engine               - fullScreen: BooleanProperty [value: false]
10:45:59.578 [FXGL Background Thread 3 ] DEBUG Engine               - gameDifficulty: MEDIUM
10:45:59.578 [FXGL Background Thread 3 ] DEBUG Engine               - gameDifficultyProperty: ObjectProperty [value: MEDIUM]
10:45:59.578 [FXGL Background Thread 3 ] DEBUG Engine               - globalMusicVolume: 0.5
10:45:59.578 [FXGL Background Thread 3 ] DEBUG Engine               - globalMusicVolumeProperty: DoubleProperty [value: 0.5]
10:45:59.579 [FXGL Background Thread 3 ] DEBUG Engine               - globalSoundVolume: 0.5
10:45:59.579 [FXGL Background Thread 3 ] DEBUG Engine               - globalSoundVolumeProperty: DoubleProperty [value: 0.5]
10:45:59.579 [FXGL Background Thread 3 ] DEBUG Engine               - height: 720
10:45:59.579 [FXGL Background Thread 3 ] DEBUG Engine               - is3D: false
10:45:59.579 [FXGL Background Thread 3 ] DEBUG Engine               - isAndroid: false
10:45:59.579 [FXGL Background Thread 3 ] DEBUG Engine               - isBrowser: false
10:45:59.579 [FXGL Background Thread 3 ] DEBUG Engine               - isClickFeedbackEnabled: false
10:45:59.579 [FXGL Background Thread 3 ] DEBUG Engine               - isCloseConfirmation: false
10:45:59.579 [FXGL Background Thread 3 ] DEBUG Engine               - isDesktop: true
10:45:59.579 [FXGL Background Thread 3 ] DEBUG Engine               - isDeveloperMenuEnabled: false
10:45:59.580 [FXGL Background Thread 3 ] DEBUG Engine               - isEmbedded: false
10:45:59.580 [FXGL Background Thread 3 ] DEBUG Engine               - isEntityPreloadEnabled: true
10:45:59.580 [FXGL Background Thread 3 ] DEBUG Engine               - isExperimentalTiledLargeMap: false
10:45:59.580 [FXGL Background Thread 3 ] DEBUG Engine               - isFileSystemWriteAllowed: true
10:45:59.580 [FXGL Background Thread 3 ] DEBUG Engine               - isFullScreenAllowed: false
10:45:59.580 [FXGL Background Thread 3 ] DEBUG Engine               - isFullScreenFromStart: false
10:45:59.580 [FXGL Background Thread 3 ] DEBUG Engine               - isGameMenuEnabled: true
10:45:59.580 [FXGL Background Thread 3 ] DEBUG Engine               - isIOS: false
10:45:59.580 [FXGL Background Thread 3 ] DEBUG Engine               - isIntroEnabled: false
10:45:59.580 [FXGL Background Thread 3 ] DEBUG Engine               - isLinux: false
10:45:59.580 [FXGL Background Thread 3 ] DEBUG Engine               - isMac: false
10:45:59.581 [FXGL Background Thread 3 ] DEBUG Engine               - isMainMenuEnabled: false
10:45:59.581 [FXGL Background Thread 3 ] DEBUG Engine               - isManualResizeEnabled: false
10:45:59.581 [FXGL Background Thread 3 ] DEBUG Engine               - isMobile: false
10:45:59.581 [FXGL Background Thread 3 ] DEBUG Engine               - isNative: false
10:45:59.581 [FXGL Background Thread 3 ] DEBUG Engine               - isPauseMusicWhenMinimized: true
10:45:59.581 [FXGL Background Thread 3 ] DEBUG Engine               - isPreserveResizeRatio: false
10:45:59.581 [FXGL Background Thread 3 ] DEBUG Engine               - isProfilingEnabled: false
10:45:59.581 [FXGL Background Thread 3 ] DEBUG Engine               - isScaleAffectedOnResize: true
10:45:59.581 [FXGL Background Thread 3 ] DEBUG Engine               - isSingleStep: false
10:45:59.581 [FXGL Background Thread 3 ] DEBUG Engine               - isUserProfileEnabled: false
10:45:59.581 [FXGL Background Thread 3 ] DEBUG Engine               - isWindows: true
10:45:59.581 [FXGL Background Thread 3 ] DEBUG Engine               - language: ObjectProperty [value: ENGLISH]
10:45:59.582 [FXGL Background Thread 3 ] DEBUG Engine               - menuKey: ESCAPE
10:45:59.582 [FXGL Background Thread 3 ] DEBUG Engine               - mouseSensitivity: 0.2
10:45:59.582 [FXGL Background Thread 3 ] DEBUG Engine               - notificationViewClass: class com.almasb.fxgl.notification.view.XboxNotificationView
10:45:59.582 [FXGL Background Thread 3 ] DEBUG Engine               - pixelsPerMeter: 50.0
10:45:59.582 [FXGL Background Thread 3 ] DEBUG Engine               - platform: WINDOWS
10:45:59.582 [FXGL Background Thread 3 ] DEBUG Engine               - prefHeightProperty: ReadOnlyDoubleProperty [value: 720.0]
10:45:59.582 [FXGL Background Thread 3 ] DEBUG Engine               - prefWidthProperty: ReadOnlyDoubleProperty [value: 1280.0]
10:45:59.582 [FXGL Background Thread 3 ] DEBUG Engine               - profileDir: profiles/
10:45:59.582 [FXGL Background Thread 3 ] DEBUG Engine               - profileName: StringProperty [value: DEFAULT]
10:45:59.582 [FXGL Background Thread 3 ] DEBUG Engine               - randomSeed: -1
10:45:59.582 [FXGL Background Thread 3 ] DEBUG Engine               - runtimeInfo: RuntimeInfo(platform=WINDOWS, version=17.2, build=20.08.2022 16.50)
10:45:59.582 [FXGL Background Thread 3 ] DEBUG Engine               - saveFileExt: sav
10:45:59.583 [FXGL Background Thread 3 ] DEBUG Engine               - scaledHeightProp$fxgl: DoubleProperty [bound, value: 720.0]
10:45:59.583 [FXGL Background Thread 3 ] DEBUG Engine               - scaledWidthProp$fxgl: DoubleProperty [bound, value: 1280.0]
10:45:59.583 [FXGL Background Thread 3 ] DEBUG Engine               - sceneFactory: com.lgiacchetta.dungeon.DungeonApp$1@163fa9e
10:45:59.583 [FXGL Background Thread 3 ] DEBUG Engine               - secondsIn24h: 60
10:45:59.583 [FXGL Background Thread 3 ] DEBUG Engine               - soundMenuBack: menu/back.wav
10:45:59.583 [FXGL Background Thread 3 ] DEBUG Engine               - soundMenuPress: menu/press.wav
10:45:59.583 [FXGL Background Thread 3 ] DEBUG Engine               - soundMenuSelect: menu/select.wav
10:45:59.583 [FXGL Background Thread 3 ] DEBUG Engine               - soundNotification: core/notification.wav
10:45:59.584 [FXGL Background Thread 3 ] DEBUG Engine               - stageStyle: DECORATED
10:45:59.584 [FXGL Background Thread 3 ] DEBUG Engine               - supportedLanguages: [ENGLISH, FRENCH, GERMAN, HUNGARIAN, RUSSIAN]
10:45:59.584 [FXGL Background Thread 3 ] DEBUG Engine               - ticksPerSecond: -1
10:45:59.584 [FXGL Background Thread 3 ] DEBUG Engine               - title: Untitled
10:45:59.584 [FXGL Background Thread 3 ] DEBUG Engine               - urlGithub: https://github.com/AlmasB/FXGL
10:45:59.584 [FXGL Background Thread 3 ] DEBUG Engine               - urlLeaderboard: http://fxgl-top.herokuapp.com/
10:45:59.584 [FXGL Background Thread 3 ] DEBUG Engine               - urlPOM: https://raw.githubusercontent.com/AlmasB/FXGL/release/README.md
10:45:59.584 [FXGL Background Thread 3 ] DEBUG Engine               - userAppClass: class com.lgiacchetta.dungeon.DungeonApp
10:45:59.584 [FXGL Background Thread 3 ] DEBUG Engine               - version: 0.0
10:45:59.584 [FXGL Background Thread 3 ] DEBUG Engine               - versionCheckDays: 7
10:45:59.584 [FXGL Background Thread 3 ] DEBUG Engine               - width: 1280
10:45:59.584 [FXGL Background Thread 3 ] DEBUG Engine               - Logging services
10:45:59.584 [FXGL Background Thread 3 ] DEBUG Engine               - class com.almasb.fxgl.app.services.FXGLAssetLoaderService
10:45:59.584 [FXGL Background Thread 3 ] DEBUG Engine               - class com.almasb.fxgl.app.FXGLApplication$GameApplicationService
10:45:59.584 [FXGL Background Thread 3 ] DEBUG Engine               - class com.almasb.fxgl.app.services.FXGLDialogService
10:45:59.584 [FXGL Background Thread 3 ] DEBUG Engine               - class com.almasb.fxgl.app.services.IOTaskExecutorService
10:45:59.584 [FXGL Background Thread 3 ] DEBUG Engine               - class com.almasb.fxgl.io.FileSystemService
10:45:59.584 [FXGL Background Thread 3 ] DEBUG Engine               - class com.almasb.fxgl.localization.LocalizationService
10:45:59.585 [FXGL Background Thread 3 ] DEBUG Engine               - class com.almasb.fxgl.app.services.SystemBundleService
10:45:59.585 [FXGL Background Thread 3 ] DEBUG Engine               - class com.almasb.fxgl.profile.SaveLoadService
10:45:59.585 [FXGL Background Thread 3 ] DEBUG Engine               - class com.almasb.fxgl.ui.FXGLUIFactoryServiceProvider
10:45:59.585 [FXGL Background Thread 3 ] DEBUG Engine               - class com.almasb.fxgl.ui.FXGLDialogFactoryServiceProvider
10:45:59.585 [FXGL Background Thread 3 ] DEBUG Engine               - class com.almasb.fxgl.audio.AudioPlayer
10:45:59.585 [FXGL Background Thread 3 ] DEBUG Engine               - class com.almasb.fxgl.notification.impl.NotificationServiceProvider
10:45:59.585 [FXGL Background Thread 3 ] DEBUG Engine               - class com.almasb.fxgl.achievement.AchievementService
10:45:59.585 [FXGL Background Thread 3 ] DEBUG Engine               - class com.almasb.fxgl.cutscene.CutsceneService
10:45:59.585 [FXGL Background Thread 3 ] DEBUG Engine               - class com.almasb.fxgl.minigames.MiniGameService
10:45:59.585 [FXGL Background Thread 3 ] DEBUG Engine               - class com.almasb.fxgl.net.NetService
10:45:59.586 [FXGL Background Thread 3 ] DEBUG Engine               - class com.almasb.fxgl.app.services.UpdaterService
10:45:59.586 [FXGL Background Thread 3 ] DEBUG Engine               - class com.almasb.fxgl.dev.DevService
10:46:01.177 [JavaFX Application Thread] DEBUG FXGLAssetLoaderServi - Loading from file system: jar:file:///C:/Users/lucag/IdeaProjects/Dungeon/build/libs/Dungeon-1.0-SNAPSHOT.jar!/assets/textures/heart/ui_heart_half.png
10:46:05.732 [JavaFX Application Thread] DEBUG FXGLApplication      - Exiting FXGL
10:46:05.733 [JavaFX Application Thread] DEBUG LoopRunner           - Stopping loop
10:46:05.733 [JavaFX Application Thread] DEBUG SystemBundleService  - Saving FXGL system data
10:46:05.737 [JavaFX Application Thread] DEBUG FileSystemAccess     - Writing to: C:\Users\lucag\IdeaProjects\Dungeon\system\fxgl.bundle
10:46:05.740 [JavaFX Application Thread] DEBUG Async                - Shutting down background threads
10:46:05.741 [JavaFX Application Thread] DEBUG PrimaryStageWindow   - Closing main window
10:46:05.760 [JavaFX Application Thread] DEBUG Logger               - Closing Logger
