11:03:23.057 [main                     ] DEBUG Logger               - Configured Logger
11:03:23.089 [main                     ] DEBUG GameApplication      - Logging settings
Title: Untitled
Version: 0.0
Width: 1280
Height: 720
Fullscreen: false
Intro: false
Profiling: false
Single step:false
App Mode: DEVELOPER
Menu Key: ESCAPE
Stage Style: DECORATED
Scene Factory: class com.lgiacchetta.dungeon.DungeonApp$1

11:03:23.519 [JavaFX Application Thread] DEBUG FXGLApplication      - Initializing FXGL
11:03:23.525 [JavaFX Application Thread] INFO  Engine               - FXGL-17.2 (20.08.2022 16.50) on WINDOWS (J:17.0.6 FX:17.0.2-ea)
11:03:23.525 [JavaFX Application Thread] DEBUG Engine               - JRE Vendor Name: Oracle Corporation
11:03:23.526 [JavaFX Application Thread] DEBUG Engine               - Running on OS: Windows 11 version 10.0
11:03:23.526 [JavaFX Application Thread] DEBUG Engine               - Architecture: amd64
11:03:23.526 [JavaFX Application Thread] INFO  Engine               - Source code and latest versions at: https://github.com/AlmasB/FXGL
11:03:23.526 [JavaFX Application Thread] INFO  Engine               -       Ask questions and discuss at: https://github.com/AlmasB/FXGL/discussions
11:03:23.526 [JavaFX Application Thread] INFO  Engine               -              Join the FXGL chat at: https://gitter.im/AlmasB/FXGL
11:03:23.656 [JavaFX Application Thread] DEBUG PrimaryStageWindow   - Creating a JavaFX scene
11:03:23.692 [JavaFX Application Thread] DEBUG PrimaryStageWindow   - Target settings size: 1280.0 x 720.0
11:03:23.692 [JavaFX Application Thread] DEBUG PrimaryStageWindow   - Scaled scene size:    1280.0 x 720.0
11:03:23.692 [JavaFX Application Thread] DEBUG PrimaryStageWindow   - Scaled ratio: (1.0, 1.0)
11:03:23.693 [JavaFX Application Thread] DEBUG PrimaryStageWindow   - Set initial scene to FXGLStartupScene
11:03:23.700 [JavaFX Application Thread] DEBUG PrimaryStageWindow   - Opening main window
11:03:23.798 [JavaFX Application Thread] DEBUG PrimaryStageWindow   - Window border size: (14.6666259765625, 37.33331298828125)
11:03:23.798 [JavaFX Application Thread] DEBUG PrimaryStageWindow   - Scaled size: 1280.0 x 720.0
11:03:23.799 [JavaFX Application Thread] DEBUG PrimaryStageWindow   - Scaled ratio: (1.0, 1.0)
11:03:23.800 [JavaFX Application Thread] DEBUG PrimaryStageWindow   - Scene size: 1280.0 x 720.0
11:03:23.800 [JavaFX Application Thread] DEBUG PrimaryStageWindow   - Stage size: 1294.6666259765625 x 757.3333129882812
11:03:23.807 [FXGL Background Thread 1 ] DEBUG Engine               - Initializing environment variables
11:03:23.856 [FXGL Background Thread 1 ] DEBUG FXGLAssetLoaderServi - User app class for loading assets: class com.lgiacchetta.dungeon.DungeonApp
11:03:23.857 [FXGL Background Thread 1 ] DEBUG GameApplicationServi - Applying CSS: fxgl_dark.css
11:03:23.857 [FXGL Background Thread 1 ] DEBUG FXGLAssetLoaderServi - Loading from file system: jar:file:///C:/Users/lucag/.gradle/caches/modules-2/files-2.1/com.github.almasb/fxgl/17.2/35db6ae960eec2dcfd19262d3b7f9c42f0e95bc3/fxgl-17.2.jar!/fxglassets/ui/css/fxgl_dark.css
11:03:23.913 [FXGL Background Thread 1 ] DEBUG GameApplicationServi - Initializing application scenes
11:03:23.948 [FXGL Background Thread 1 ] DEBUG FXGLAssetLoaderServi - Loading from file system: jar:file:///C:/Users/lucag/IdeaProjects/Dungeon/build/libs/Dungeon-1.0-SNAPSHOT.jar!/assets/music/melody.wav
11:03:24.334 [FXGL Background Thread 1 ] DEBUG FXGLAssetLoaderServi - Loading from file system: jar:file:///C:/Users/lucag/IdeaProjects/Dungeon/build/libs/Dungeon-1.0-SNAPSHOT.jar!/assets/music/menu.wav
11:03:24.410 [FXGL Background Thread 1 ] DEBUG FXGLAssetLoaderServi - Loading from file system: jar:file:///C:/Users/lucag/IdeaProjects/Dungeon/build/libs/Dungeon-1.0-SNAPSHOT.jar!/assets/textures/orc/boss/ogre_run_anim_f0.png
11:03:24.427 [FXGL Background Thread 1 ] DEBUG FXGLAssetLoaderServi - Loading from file system: jar:file:///C:/Users/lucag/IdeaProjects/Dungeon/build/libs/Dungeon-1.0-SNAPSHOT.jar!/assets/textures/orc/boss/ogre_run_anim_f1.png
11:03:24.428 [FXGL Background Thread 1 ] DEBUG FXGLAssetLoaderServi - Loading from file system: jar:file:///C:/Users/lucag/IdeaProjects/Dungeon/build/libs/Dungeon-1.0-SNAPSHOT.jar!/assets/textures/orc/boss/ogre_run_anim_f2.png
11:03:24.430 [FXGL Background Thread 1 ] DEBUG FXGLAssetLoaderServi - Loading from file system: jar:file:///C:/Users/lucag/IdeaProjects/Dungeon/build/libs/Dungeon-1.0-SNAPSHOT.jar!/assets/textures/orc/boss/ogre_run_anim_f3.png
11:03:24.453 [FXGL Background Thread 1 ] DEBUG FXGLAssetLoaderServi - Loading from file system: jar:file:///C:/Users/lucag/IdeaProjects/Dungeon/build/libs/Dungeon-1.0-SNAPSHOT.jar!/assets/textures/demon/boss/big_demon_run_anim_f0.png
11:03:24.455 [FXGL Background Thread 1 ] DEBUG FXGLAssetLoaderServi - Loading from file system: jar:file:///C:/Users/lucag/IdeaProjects/Dungeon/build/libs/Dungeon-1.0-SNAPSHOT.jar!/assets/textures/demon/boss/big_demon_run_anim_f1.png
11:03:24.456 [FXGL Background Thread 1 ] DEBUG FXGLAssetLoaderServi - Loading from file system: jar:file:///C:/Users/lucag/IdeaProjects/Dungeon/build/libs/Dungeon-1.0-SNAPSHOT.jar!/assets/textures/demon/boss/big_demon_run_anim_f2.png
11:03:24.457 [FXGL Background Thread 1 ] DEBUG FXGLAssetLoaderServi - Loading from file system: jar:file:///C:/Users/lucag/IdeaProjects/Dungeon/build/libs/Dungeon-1.0-SNAPSHOT.jar!/assets/textures/demon/boss/big_demon_run_anim_f3.png
11:03:24.459 [FXGL Background Thread 1 ] DEBUG FXGLAssetLoaderServi - Loading from file system: jar:file:///C:/Users/lucag/IdeaProjects/Dungeon/build/libs/Dungeon-1.0-SNAPSHOT.jar!/assets/textures/undead/boss/big_zombie_run_anim_f0.png
11:03:24.460 [FXGL Background Thread 1 ] DEBUG FXGLAssetLoaderServi - Loading from file system: jar:file:///C:/Users/lucag/IdeaProjects/Dungeon/build/libs/Dungeon-1.0-SNAPSHOT.jar!/assets/textures/undead/boss/big_zombie_run_anim_f1.png
11:03:24.462 [FXGL Background Thread 1 ] DEBUG FXGLAssetLoaderServi - Loading from file system: jar:file:///C:/Users/lucag/IdeaProjects/Dungeon/build/libs/Dungeon-1.0-SNAPSHOT.jar!/assets/textures/undead/boss/big_zombie_run_anim_f2.png
11:03:24.463 [FXGL Background Thread 1 ] DEBUG FXGLAssetLoaderServi - Loading from file system: jar:file:///C:/Users/lucag/IdeaProjects/Dungeon/build/libs/Dungeon-1.0-SNAPSHOT.jar!/assets/textures/undead/boss/big_zombie_run_anim_f3.png
11:03:24.464 [FXGL Background Thread 1 ] DEBUG FXGLAssetLoaderServi - Loading from file system: jar:file:///C:/Users/lucag/IdeaProjects/Dungeon/build/libs/Dungeon-1.0-SNAPSHOT.jar!/assets/textures/hero/knight_m_run_anim_f0.png
11:03:24.466 [FXGL Background Thread 1 ] DEBUG FXGLAssetLoaderServi - Loading from file system: jar:file:///C:/Users/lucag/IdeaProjects/Dungeon/build/libs/Dungeon-1.0-SNAPSHOT.jar!/assets/textures/hero/knight_m_run_anim_f1.png
11:03:24.467 [FXGL Background Thread 1 ] DEBUG FXGLAssetLoaderServi - Loading from file system: jar:file:///C:/Users/lucag/IdeaProjects/Dungeon/build/libs/Dungeon-1.0-SNAPSHOT.jar!/assets/textures/hero/knight_m_run_anim_f2.png
11:03:24.468 [FXGL Background Thread 1 ] DEBUG FXGLAssetLoaderServi - Loading from file system: jar:file:///C:/Users/lucag/IdeaProjects/Dungeon/build/libs/Dungeon-1.0-SNAPSHOT.jar!/assets/textures/hero/knight_m_run_anim_f3.png
11:03:24.472 [FXGL Background Thread 1 ] DEBUG FXGLAssetLoaderServi - Loading from file system: jar:file:///C:/Users/lucag/IdeaProjects/Dungeon/build/libs/Dungeon-1.0-SNAPSHOT.jar!/assets/textures/loading.jpg
11:03:24.509 [FXGL Background Thread 1 ] DEBUG GameWorld            - Game world initialized
11:03:24.564 [FXGL Background Thread 1 ] DEBUG PhysicsWorld         - Physics world initialized: appHeight=720, physics.ppm=50,0
11:03:24.564 [FXGL Background Thread 1 ] DEBUG PhysicsWorld         - Using strategy: BRUTE_FORCE
11:03:24.569 [FXGL Background Thread 1 ] DEBUG GameScene            - Game scene initialized: 1280x720
11:03:24.585 [FXGL Background Thread 1 ] DEBUG GameApplicationServi - Application scenes initialized
11:03:24.594 [FXGL Background Thread 1 ] DEBUG SystemBundleService  - Loading FXGL system data
11:03:24.599 [FXGL Background Thread 1 ] DEBUG FileSystemAccess     - Reading from: C:\Users\lucag\IdeaProjects\Dungeon\system\fxgl.bundle
11:03:24.608 [FXGL Background Thread 1 ] DEBUG SystemBundleService  - Bundle FXGL: {}
11:03:24.609 [FXGL Background Thread 1 ] DEBUG UpdaterService       - Checking for updates
11:03:24.615 [FXGL Background Thread 4 ] DEBUG FXGLApplication      - Loading fonts
11:03:24.615 [FXGL Background Thread 4 ] DEBUG FXGLAssetLoaderServi - Loading from file system: jar:file:///C:/Users/lucag/IdeaProjects/Dungeon/build/libs/Dungeon-1.0-SNAPSHOT.jar!/assets/ui/fonts/alagard.ttf
11:03:24.616 [FXGL Background Thread 1 ] DEBUG FXGLApplication      - Loading default localization
11:03:24.618 [FXGL Background Thread 1 ] DEBUG FXGLAssetLoaderServi - Loading from file system: jar:file:///C:/Users/lucag/.gradle/caches/modules-2/files-2.1/com.github.almasb/fxgl/17.2/35db6ae960eec2dcfd19262d3b7f9c42f0e95bc3/fxgl-17.2.jar!/fxglassets/languages/english.lang
11:03:24.646 [FXGL Background Thread 1 ] INFO  FXGLApplication      - FXGL initialization took: 0,839 sec
11:03:24.661 [JavaFX Application Thread] DEBUG Input                - Registered new binding: Up1 - W
11:03:24.661 [JavaFX Application Thread] DEBUG Input                - Registered new binding: Left1 - A
11:03:24.661 [JavaFX Application Thread] DEBUG Input                - Registered new binding: Down1 - S
11:03:24.661 [JavaFX Application Thread] DEBUG Input                - Registered new binding: Right1 - D
11:03:24.662 [JavaFX Application Thread] DEBUG Input                - Registered new binding: Up2 - Up
11:03:24.662 [JavaFX Application Thread] DEBUG Input                - Registered new binding: Left2 - Left
11:03:24.662 [JavaFX Application Thread] DEBUG Input                - Registered new binding: Down2 - Down
11:03:24.662 [JavaFX Application Thread] DEBUG Input                - Registered new binding: Right2 - Right
11:03:24.663 [JavaFX Application Thread] DEBUG AudioPlayer          - Playing music com.almasb.fxgl.audio.Music@7b1a9b2a
11:03:24.678 [JavaFX Application Thread] DEBUG FXGLAssetLoaderServi - Loading from file system: jar:file:///C:/Users/lucag/.gradle/caches/modules-2/files-2.1/com.github.almasb/fxgl/17.2/35db6ae960eec2dcfd19262d3b7f9c42f0e95bc3/fxgl-17.2.jar!/fxglassets/textures/fxgl_icon.png
11:03:24.711 [JavaFX Application Thread] DEBUG FXGLAssetLoaderServi - Loading from file system: jar:file:///C:/Users/lucag/IdeaProjects/Dungeon/build/libs/Dungeon-1.0-SNAPSHOT.jar!/assets/textures/cursor.png
11:03:24.713 [JavaFX Application Thread] DEBUG Input                - Registered new binding: Screenshot - CTRL+8
11:03:24.714 [JavaFX Application Thread] DEBUG Input                - Registered new binding: System info dump - CTRL+9
11:03:24.714 [JavaFX Application Thread] DEBUG Input                - Registered new binding: Restart - CTRL+R
11:03:24.715 [JavaFX Application Thread] DEBUG Input                - Registered new binding: Toggle Debug Camera - CTRL+7
11:03:24.717 [JavaFX Application Thread] DEBUG LoopRunner           - Starting loop
11:03:24.717 [JavaFX Application Thread] DEBUG LoopRunner           - Initializing JavaFX AnimationTimerLoop
11:03:24.720 [JavaFX Application Thread] DEBUG Input                - Clearing active input actions
11:03:24.730 [JavaFX Application Thread] DEBUG GameApplicationServi - Removing overlay from FXGLStartupScene and adding to FXGLMainMenuDummyScene
11:03:24.731 [JavaFX Application Thread] DEBUG PrimaryStageWindow   - FXGLStartupScene -> FXGLMainMenuDummyScene
11:03:24.731 [JavaFX Application Thread] DEBUG PrimaryStageWindow   - Push state: MainMenu
11:03:24.732 [JavaFX Application Thread] DEBUG Input                - Clearing active input actions
11:03:24.736 [JavaFX Application Thread] DEBUG GameApplicationServi - Removing overlay from FXGLMainMenuDummyScene and adding to MainMenu
11:03:24.737 [JavaFX Application Thread] DEBUG PrimaryStageWindow   - FXGLMainMenuDummyScene -> MainMenu
11:03:24.772 [JavaFX Application Thread] DEBUG FXGLApplication      - Registering font factories with UI factory
11:03:25.695 [FXGL Background Thread 2 ] INFO  UpdaterService       - Your current version:  17.2
11:03:25.696 [FXGL Background Thread 2 ] INFO  UpdaterService       - Latest stable version: 17.3
11:03:27.615 [FXGL Background Thread 3 ] DEBUG Engine               - Logging environment variables
11:03:27.617 [FXGL Background Thread 3 ] DEBUG Engine               - achievements: []
11:03:27.617 [FXGL Background Thread 3 ] DEBUG Engine               - actualHeight: 720.0
11:03:27.617 [FXGL Background Thread 3 ] DEBUG Engine               - actualHeightProperty: ReadOnlyDoubleProperty [value: 720.0]
11:03:27.617 [FXGL Background Thread 3 ] DEBUG Engine               - actualWidth: 1280.0
11:03:27.617 [FXGL Background Thread 3 ] DEBUG Engine               - actualWidthProperty: ReadOnlyDoubleProperty [value: 1280.0]
11:03:27.618 [FXGL Background Thread 3 ] DEBUG Engine               - appIcon: fxgl_icon.png
11:03:27.618 [FXGL Background Thread 3 ] DEBUG Engine               - applicationMode: DEVELOPER
11:03:27.618 [FXGL Background Thread 3 ] DEBUG Engine               - cSSList: [fxgl_dark.css]
11:03:27.618 [FXGL Background Thread 3 ] DEBUG Engine               - collisionDetectionStrategy: BRUTE_FORCE
11:03:27.618 [FXGL Background Thread 3 ] DEBUG Engine               - configClass: Optional.empty
11:03:27.618 [FXGL Background Thread 3 ] DEBUG Engine               - credits: []
11:03:27.623 [FXGL Background Thread 3 ] DEBUG Engine               - defaultCursor: CursorInfo(imageName=cursor.png, hotspotX=5.0, hotspotY=3.0)
11:03:27.623 [FXGL Background Thread 3 ] DEBUG Engine               - devBBoxColorProperty: ObjectProperty [value: 0xff0000ff]
11:03:27.623 [FXGL Background Thread 3 ] DEBUG Engine               - devEnableDebugCameraProperty: BooleanProperty [value: false]
11:03:27.623 [FXGL Background Thread 3 ] DEBUG Engine               - devSensorColorProperty: ObjectProperty [value: 0xffff00ff]
11:03:27.624 [FXGL Background Thread 3 ] DEBUG Engine               - devShowBBoxProperty: BooleanProperty [value: false]
11:03:27.624 [FXGL Background Thread 3 ] DEBUG Engine               - devShowPositionProperty: BooleanProperty [value: false]
11:03:27.624 [FXGL Background Thread 3 ] DEBUG Engine               - enabledMenuItems: []
11:03:27.624 [FXGL Background Thread 3 ] DEBUG Engine               - engineServices: [class com.almasb.fxgl.app.services.FXGLAssetLoaderService, class com.almasb.fxgl.app.FXGLApplication$GameApplicationService, class com.almasb.fxgl.app.services.FXGLDialogService, class com.almasb.fxgl.app.services.IOTaskExecutorService, class com.almasb.fxgl.io.FileSystemService, class com.almasb.fxgl.localization.LocalizationService, class com.almasb.fxgl.app.services.SystemBundleService, class com.almasb.fxgl.profile.SaveLoadService, class com.almasb.fxgl.ui.FXGLUIFactoryServiceProvider, class com.almasb.fxgl.ui.FXGLDialogFactoryServiceProvider, class com.almasb.fxgl.audio.AudioPlayer, class com.almasb.fxgl.notification.impl.NotificationServiceProvider, class com.almasb.fxgl.achievement.AchievementService, class com.almasb.fxgl.cutscene.CutsceneService, class com.almasb.fxgl.minigames.MiniGameService, class com.almasb.fxgl.net.NetService, class com.almasb.fxgl.app.services.UpdaterService, class com.almasb.fxgl.dev.DevService]
11:03:27.624 [FXGL Background Thread 3 ] DEBUG Engine               - fontGame: alagard.ttf
11:03:27.624 [FXGL Background Thread 3 ] DEBUG Engine               - fontMono: alagard.ttf
11:03:27.624 [FXGL Background Thread 3 ] DEBUG Engine               - fontText: alagard.ttf
11:03:27.624 [FXGL Background Thread 3 ] DEBUG Engine               - fontUI: alagard.ttf
11:03:27.624 [FXGL Background Thread 3 ] DEBUG Engine               - fullScreen: BooleanProperty [value: false]
11:03:27.624 [FXGL Background Thread 3 ] DEBUG Engine               - gameDifficulty: MEDIUM
11:03:27.625 [FXGL Background Thread 3 ] DEBUG Engine               - gameDifficultyProperty: ObjectProperty [value: MEDIUM]
11:03:27.625 [FXGL Background Thread 3 ] DEBUG Engine               - globalMusicVolume: 0.5
11:03:27.625 [FXGL Background Thread 3 ] DEBUG Engine               - globalMusicVolumeProperty: DoubleProperty [value: 0.5]
11:03:27.625 [FXGL Background Thread 3 ] DEBUG Engine               - globalSoundVolume: 0.5
11:03:27.625 [FXGL Background Thread 3 ] DEBUG Engine               - globalSoundVolumeProperty: DoubleProperty [value: 0.5]
11:03:27.625 [FXGL Background Thread 3 ] DEBUG Engine               - height: 720
11:03:27.625 [FXGL Background Thread 3 ] DEBUG Engine               - is3D: false
11:03:27.625 [FXGL Background Thread 3 ] DEBUG Engine               - isAndroid: false
11:03:27.625 [FXGL Background Thread 3 ] DEBUG Engine               - isBrowser: false
11:03:27.626 [FXGL Background Thread 3 ] DEBUG Engine               - isClickFeedbackEnabled: false
11:03:27.626 [FXGL Background Thread 3 ] DEBUG Engine               - isCloseConfirmation: false
11:03:27.626 [FXGL Background Thread 3 ] DEBUG Engine               - isDesktop: true
11:03:27.626 [FXGL Background Thread 3 ] DEBUG Engine               - isDeveloperMenuEnabled: false
11:03:27.626 [FXGL Background Thread 3 ] DEBUG Engine               - isEmbedded: false
11:03:27.626 [FXGL Background Thread 3 ] DEBUG Engine               - isEntityPreloadEnabled: true
11:03:27.626 [FXGL Background Thread 3 ] DEBUG Engine               - isExperimentalTiledLargeMap: false
11:03:27.626 [FXGL Background Thread 3 ] DEBUG Engine               - isFileSystemWriteAllowed: true
11:03:27.626 [FXGL Background Thread 3 ] DEBUG Engine               - isFullScreenAllowed: false
11:03:27.626 [FXGL Background Thread 3 ] DEBUG Engine               - isFullScreenFromStart: false
11:03:27.627 [FXGL Background Thread 3 ] DEBUG Engine               - isGameMenuEnabled: true
11:03:27.627 [FXGL Background Thread 3 ] DEBUG Engine               - isIOS: false
11:03:27.627 [FXGL Background Thread 3 ] DEBUG Engine               - isIntroEnabled: false
11:03:27.627 [FXGL Background Thread 3 ] DEBUG Engine               - isLinux: false
11:03:27.627 [FXGL Background Thread 3 ] DEBUG Engine               - isMac: false
11:03:27.627 [FXGL Background Thread 3 ] DEBUG Engine               - isMainMenuEnabled: true
11:03:27.627 [FXGL Background Thread 3 ] DEBUG Engine               - isManualResizeEnabled: false
11:03:27.627 [FXGL Background Thread 3 ] DEBUG Engine               - isMobile: false
11:03:27.627 [FXGL Background Thread 3 ] DEBUG Engine               - isNative: false
11:03:27.627 [FXGL Background Thread 3 ] DEBUG Engine               - isPauseMusicWhenMinimized: true
11:03:27.627 [FXGL Background Thread 3 ] DEBUG Engine               - isPreserveResizeRatio: false
11:03:27.627 [FXGL Background Thread 3 ] DEBUG Engine               - isProfilingEnabled: false
11:03:27.627 [FXGL Background Thread 3 ] DEBUG Engine               - isScaleAffectedOnResize: true
11:03:27.628 [FXGL Background Thread 3 ] DEBUG Engine               - isSingleStep: false
11:03:27.628 [FXGL Background Thread 3 ] DEBUG Engine               - isUserProfileEnabled: false
11:03:27.628 [FXGL Background Thread 3 ] DEBUG Engine               - isWindows: true
11:03:27.628 [FXGL Background Thread 3 ] DEBUG Engine               - language: ObjectProperty [value: ENGLISH]
11:03:27.628 [FXGL Background Thread 3 ] DEBUG Engine               - menuKey: ESCAPE
11:03:27.628 [FXGL Background Thread 3 ] DEBUG Engine               - mouseSensitivity: 0.2
11:03:27.628 [FXGL Background Thread 3 ] DEBUG Engine               - notificationViewClass: class com.almasb.fxgl.notification.view.XboxNotificationView
11:03:27.628 [FXGL Background Thread 3 ] DEBUG Engine               - pixelsPerMeter: 50.0
11:03:27.628 [FXGL Background Thread 3 ] DEBUG Engine               - platform: WINDOWS
11:03:27.628 [FXGL Background Thread 3 ] DEBUG Engine               - prefHeightProperty: ReadOnlyDoubleProperty [value: 720.0]
11:03:27.628 [FXGL Background Thread 3 ] DEBUG Engine               - prefWidthProperty: ReadOnlyDoubleProperty [value: 1280.0]
11:03:27.628 [FXGL Background Thread 3 ] DEBUG Engine               - profileDir: profiles/
11:03:27.628 [FXGL Background Thread 3 ] DEBUG Engine               - profileName: StringProperty [value: DEFAULT]
11:03:27.628 [FXGL Background Thread 3 ] DEBUG Engine               - randomSeed: -1
11:03:27.629 [FXGL Background Thread 3 ] DEBUG Engine               - runtimeInfo: RuntimeInfo(platform=WINDOWS, version=17.2, build=20.08.2022 16.50)
11:03:27.629 [FXGL Background Thread 3 ] DEBUG Engine               - saveFileExt: sav
11:03:27.629 [FXGL Background Thread 3 ] DEBUG Engine               - scaledHeightProp$fxgl: DoubleProperty [bound, value: 720.0]
11:03:27.629 [FXGL Background Thread 3 ] DEBUG Engine               - scaledWidthProp$fxgl: DoubleProperty [bound, value: 1280.0]
11:03:27.629 [FXGL Background Thread 3 ] DEBUG Engine               - sceneFactory: com.lgiacchetta.dungeon.DungeonApp$1@38196614
11:03:27.629 [FXGL Background Thread 3 ] DEBUG Engine               - secondsIn24h: 60
11:03:27.629 [FXGL Background Thread 3 ] DEBUG Engine               - soundMenuBack: menu/back.wav
11:03:27.629 [FXGL Background Thread 3 ] DEBUG Engine               - soundMenuPress: menu/press.wav
11:03:27.629 [FXGL Background Thread 3 ] DEBUG Engine               - soundMenuSelect: menu/select.wav
11:03:27.629 [FXGL Background Thread 3 ] DEBUG Engine               - soundNotification: core/notification.wav
11:03:27.629 [FXGL Background Thread 3 ] DEBUG Engine               - stageStyle: DECORATED
11:03:27.629 [FXGL Background Thread 3 ] DEBUG Engine               - supportedLanguages: [ENGLISH, FRENCH, GERMAN, HUNGARIAN, RUSSIAN]
11:03:27.630 [FXGL Background Thread 3 ] DEBUG Engine               - ticksPerSecond: -1
11:03:27.630 [FXGL Background Thread 3 ] DEBUG Engine               - title: Untitled
11:03:27.630 [FXGL Background Thread 3 ] DEBUG Engine               - urlGithub: https://github.com/AlmasB/FXGL
11:03:27.630 [FXGL Background Thread 3 ] DEBUG Engine               - urlLeaderboard: http://fxgl-top.herokuapp.com/
11:03:27.630 [FXGL Background Thread 3 ] DEBUG Engine               - urlPOM: https://raw.githubusercontent.com/AlmasB/FXGL/release/README.md
11:03:27.630 [FXGL Background Thread 3 ] DEBUG Engine               - userAppClass: class com.lgiacchetta.dungeon.DungeonApp
11:03:27.630 [FXGL Background Thread 3 ] DEBUG Engine               - version: 0.0
11:03:27.630 [FXGL Background Thread 3 ] DEBUG Engine               - versionCheckDays: 7
11:03:27.630 [FXGL Background Thread 3 ] DEBUG Engine               - width: 1280
11:03:27.630 [FXGL Background Thread 3 ] DEBUG Engine               - Logging services
11:03:27.630 [FXGL Background Thread 3 ] DEBUG Engine               - class com.almasb.fxgl.app.services.FXGLAssetLoaderService
11:03:27.630 [FXGL Background Thread 3 ] DEBUG Engine               - class com.almasb.fxgl.app.FXGLApplication$GameApplicationService
11:03:27.630 [FXGL Background Thread 3 ] DEBUG Engine               - class com.almasb.fxgl.app.services.FXGLDialogService
11:03:27.630 [FXGL Background Thread 3 ] DEBUG Engine               - class com.almasb.fxgl.app.services.IOTaskExecutorService
11:03:27.630 [FXGL Background Thread 3 ] DEBUG Engine               - class com.almasb.fxgl.io.FileSystemService
11:03:27.630 [FXGL Background Thread 3 ] DEBUG Engine               - class com.almasb.fxgl.localization.LocalizationService
11:03:27.630 [FXGL Background Thread 3 ] DEBUG Engine               - class com.almasb.fxgl.app.services.SystemBundleService
11:03:27.630 [FXGL Background Thread 3 ] DEBUG Engine               - class com.almasb.fxgl.profile.SaveLoadService
11:03:27.630 [FXGL Background Thread 3 ] DEBUG Engine               - class com.almasb.fxgl.ui.FXGLUIFactoryServiceProvider
11:03:27.630 [FXGL Background Thread 3 ] DEBUG Engine               - class com.almasb.fxgl.ui.FXGLDialogFactoryServiceProvider
11:03:27.630 [FXGL Background Thread 3 ] DEBUG Engine               - class com.almasb.fxgl.audio.AudioPlayer
11:03:27.630 [FXGL Background Thread 3 ] DEBUG Engine               - class com.almasb.fxgl.notification.impl.NotificationServiceProvider
11:03:27.630 [FXGL Background Thread 3 ] DEBUG Engine               - class com.almasb.fxgl.achievement.AchievementService
11:03:27.630 [FXGL Background Thread 3 ] DEBUG Engine               - class com.almasb.fxgl.cutscene.CutsceneService
11:03:27.630 [FXGL Background Thread 3 ] DEBUG Engine               - class com.almasb.fxgl.minigames.MiniGameService
11:03:27.631 [FXGL Background Thread 3 ] DEBUG Engine               - class com.almasb.fxgl.net.NetService
11:03:27.631 [FXGL Background Thread 3 ] DEBUG Engine               - class com.almasb.fxgl.app.services.UpdaterService
11:03:27.631 [FXGL Background Thread 3 ] DEBUG Engine               - class com.almasb.fxgl.dev.DevService
11:03:29.151 [JavaFX Application Thread] DEBUG Menu                 - fireNewGame()
11:03:29.152 [JavaFX Application Thread] DEBUG GameApplicationServi - Starting new game
11:03:29.152 [JavaFX Application Thread] DEBUG PrimaryStageWindow   - Pop state: MainMenu
11:03:29.152 [JavaFX Application Thread] DEBUG Input                - Clearing active input actions
11:03:29.153 [JavaFX Application Thread] DEBUG GameApplicationServi - Removing overlay from MainMenu and adding to FXGLMainMenuDummyScene
11:03:29.153 [JavaFX Application Thread] DEBUG PrimaryStageWindow   - FXGLMainMenuDummyScene <- MainMenu
11:03:29.154 [JavaFX Application Thread] DEBUG Input                - Clearing active input actions
11:03:29.165 [JavaFX Application Thread] DEBUG GameApplicationServi - Removing overlay from FXGLMainMenuDummyScene and adding to MainLoadingScene
11:03:29.166 [JavaFX Application Thread] DEBUG PrimaryStageWindow   - FXGLMainMenuDummyScene -> MainLoadingScene
11:03:29.166 [JavaFX Application Thread] DEBUG GameApplicationServi - Clearing previous game
11:03:29.166 [JavaFX Application Thread] DEBUG GameScene            - Clearing game scene
11:03:29.166 [JavaFX Application Thread] DEBUG GameWorld            - Clearing game world
11:03:29.166 [JavaFX Application Thread] DEBUG PhysicsWorld         - Clearing physics world
11:03:29.173 [FXGL Background Thread 2 ] DEBUG FXGLApplication      - Initializing game
11:03:29.188 [FXGL Background Thread 2 ] DEBUG AudioPlayer          - Stopping music com.almasb.fxgl.audio.Music@7b1a9b2a
11:03:29.190 [FXGL Background Thread 2 ] DEBUG AudioPlayer          - Playing music com.almasb.fxgl.audio.Music@269d82bb
11:03:29.190 [FXGL Background Thread 2 ] DEBUG AudioPlayer          - Pausing music com.almasb.fxgl.audio.Music@7b1a9b2a
11:03:29.197 [FXGL Background Thread 2 ] DEBUG AudioPlayer          - Pausing music com.almasb.fxgl.audio.Music@269d82bb
11:03:29.197 [FXGL Background Thread 2 ] DEBUG LoopRunner           - Pausing loop
11:03:29.264 [FXGL Background Thread 2 ] WARN  TMXLevelLoader       - TiledMap generated from 1.10.1. Supported version: 1.9.0. Some features may not be parsed fully.
11:03:29.290 [FXGL Background Thread 2 ] DEBUG TMXLevelLoader       - Parsed TiledMap: jar:file:///C:/Users/lucag/IdeaProjects/Dungeon/build/libs/Dungeon-1.0-SNAPSHOT.jar!/assets/levels/tmx/level0.tmx
11:03:29.291 [FXGL Background Thread 2 ] DEBUG TMXLevelLoader       - Creating tile layer entities
11:03:29.293 [FXGL Background Thread 2 ] DEBUG TilesetLoader        - Loading view for layer floor
11:03:29.293 [FXGL Background Thread 2 ] DEBUG TilesetLoader        - Created buffer with size 640.0x640.0
11:03:29.417 [FXGL Background Thread 2 ] DEBUG TilesetLoader        - Loading view for layer walls
11:03:29.418 [FXGL Background Thread 2 ] DEBUG TilesetLoader        - Created buffer with size 640.0x640.0
11:03:29.419 [FXGL Background Thread 2 ] DEBUG TilesetLoader        - Loading view for layer side-walls
11:03:29.420 [FXGL Background Thread 2 ] DEBUG TilesetLoader        - Created buffer with size 640.0x640.0
11:03:29.421 [FXGL Background Thread 2 ] DEBUG TMXLevelLoader       - Creating object layer entities
11:03:29.421 [FXGL Background Thread 2 ] DEBUG FXGLAssetLoaderServi - Loading from file system: jar:file:///C:/Users/lucag/IdeaProjects/Dungeon/build/libs/Dungeon-1.0-SNAPSHOT.jar!/assets/textures/door/doors_leaf_open.png
11:03:29.422 [FXGL Background Thread 2 ] DEBUG FXGLAssetLoaderServi - Loading from file system: jar:file:///C:/Users/lucag/IdeaProjects/Dungeon/build/libs/Dungeon-1.0-SNAPSHOT.jar!/assets/textures/door/doors_leaf_closed.png
11:03:29.434 [FXGL Background Thread 2 ] DEBUG FXGLAssetLoaderServi - Loading from file system: jar:file:///C:/Users/lucag/IdeaProjects/Dungeon/build/libs/Dungeon-1.0-SNAPSHOT.jar!/assets/textures/ladder/floor_ladder.png
11:03:29.435 [FXGL Background Thread 2 ] DEBUG FXGLAssetLoaderServi - Loading from file system: jar:file:///C:/Users/lucag/IdeaProjects/Dungeon/build/libs/Dungeon-1.0-SNAPSHOT.jar!/assets/textures/plate/button_red_up.png
11:03:29.436 [FXGL Background Thread 2 ] DEBUG FXGLAssetLoaderServi - Loading from file system: jar:file:///C:/Users/lucag/IdeaProjects/Dungeon/build/libs/Dungeon-1.0-SNAPSHOT.jar!/assets/textures/plate/button_red_down.png
11:03:29.439 [FXGL Background Thread 2 ] DEBUG FXGLAssetLoaderServi - Loading from file system: jar:file:///C:/Users/lucag/IdeaProjects/Dungeon/build/libs/Dungeon-1.0-SNAPSHOT.jar!/assets/textures/plate/button_blue_up.png
11:03:29.439 [FXGL Background Thread 2 ] DEBUG FXGLAssetLoaderServi - Loading from file system: jar:file:///C:/Users/lucag/IdeaProjects/Dungeon/build/libs/Dungeon-1.0-SNAPSHOT.jar!/assets/textures/plate/button_blue_down.png
11:03:29.442 [FXGL Background Thread 2 ] DEBUG FXGLAssetLoaderServi - Loading from file system: jar:file:///C:/Users/lucag/IdeaProjects/Dungeon/build/libs/Dungeon-1.0-SNAPSHOT.jar!/assets/textures/spike/floor_spikes_anim_f0.png
11:03:29.442 [FXGL Background Thread 2 ] DEBUG FXGLAssetLoaderServi - Loading from file system: jar:file:///C:/Users/lucag/IdeaProjects/Dungeon/build/libs/Dungeon-1.0-SNAPSHOT.jar!/assets/textures/spike/floor_spikes_anim_f1.png
11:03:29.443 [FXGL Background Thread 2 ] DEBUG FXGLAssetLoaderServi - Loading from file system: jar:file:///C:/Users/lucag/IdeaProjects/Dungeon/build/libs/Dungeon-1.0-SNAPSHOT.jar!/assets/textures/spike/floor_spikes_anim_f2.png
11:03:29.443 [FXGL Background Thread 2 ] DEBUG FXGLAssetLoaderServi - Loading from file system: jar:file:///C:/Users/lucag/IdeaProjects/Dungeon/build/libs/Dungeon-1.0-SNAPSHOT.jar!/assets/textures/spike/floor_spikes_anim_f3.png
11:03:29.443 [FXGL Background Thread 2 ] DEBUG FXGLAssetLoaderServi - Loading from file system: jar:file:///C:/Users/lucag/IdeaProjects/Dungeon/build/libs/Dungeon-1.0-SNAPSHOT.jar!/assets/textures/spike/floor_spikes_anim_f4.png
11:03:29.443 [FXGL Background Thread 2 ] DEBUG FXGLAssetLoaderServi - Loading from file system: jar:file:///C:/Users/lucag/IdeaProjects/Dungeon/build/libs/Dungeon-1.0-SNAPSHOT.jar!/assets/textures/spike/floor_spikes_anim_f5.png
11:03:29.445 [FXGL Background Thread 2 ] DEBUG FXGLAssetLoaderServi - Loading from file system: jar:file:///C:/Users/lucag/IdeaProjects/Dungeon/build/libs/Dungeon-1.0-SNAPSHOT.jar!/assets/textures/spike/floor_spikes_anim_f6.png
11:03:29.445 [FXGL Background Thread 2 ] DEBUG FXGLAssetLoaderServi - Loading from file system: jar:file:///C:/Users/lucag/IdeaProjects/Dungeon/build/libs/Dungeon-1.0-SNAPSHOT.jar!/assets/textures/spike/floor_spikes_anim_f7.png
11:03:29.446 [FXGL Background Thread 2 ] DEBUG FXGLAssetLoaderServi - Loading from file system: jar:file:///C:/Users/lucag/IdeaProjects/Dungeon/build/libs/Dungeon-1.0-SNAPSHOT.jar!/assets/textures/spike/floor_spikes_danger_anim_f0.png
11:03:29.457 [FXGL Background Thread 2 ] DEBUG FXGLAssetLoaderServi - Loading from file system: jar:file:///C:/Users/lucag/IdeaProjects/Dungeon/build/libs/Dungeon-1.0-SNAPSHOT.jar!/assets/textures/potion/flask_big_green.png
11:03:29.467 [FXGL Background Thread 2 ] DEBUG FXGLAssetLoaderServi - Loading from file system: jar:file:///C:/Users/lucag/IdeaProjects/Dungeon/build/libs/Dungeon-1.0-SNAPSHOT.jar!/assets/textures/plate/button_yellow_up.png
11:03:29.467 [FXGL Background Thread 2 ] DEBUG FXGLAssetLoaderServi - Loading from file system: jar:file:///C:/Users/lucag/IdeaProjects/Dungeon/build/libs/Dungeon-1.0-SNAPSHOT.jar!/assets/textures/plate/button_yellow_down.png
11:03:29.496 [FXGL Background Thread 2 ] DEBUG FXGLAssetLoaderServi - Loading from file system: jar:file:///C:/Users/lucag/IdeaProjects/Dungeon/build/libs/Dungeon-1.0-SNAPSHOT.jar!/assets/textures/hero/knight_m_idle_anim_f0.png
11:03:29.496 [FXGL Background Thread 2 ] DEBUG FXGLAssetLoaderServi - Loading from file system: jar:file:///C:/Users/lucag/IdeaProjects/Dungeon/build/libs/Dungeon-1.0-SNAPSHOT.jar!/assets/textures/hero/knight_m_idle_anim_f1.png
11:03:29.497 [FXGL Background Thread 2 ] DEBUG FXGLAssetLoaderServi - Loading from file system: jar:file:///C:/Users/lucag/IdeaProjects/Dungeon/build/libs/Dungeon-1.0-SNAPSHOT.jar!/assets/textures/hero/knight_m_idle_anim_f2.png
11:03:29.497 [FXGL Background Thread 2 ] DEBUG FXGLAssetLoaderServi - Loading from file system: jar:file:///C:/Users/lucag/IdeaProjects/Dungeon/build/libs/Dungeon-1.0-SNAPSHOT.jar!/assets/textures/hero/knight_m_idle_anim_f3.png
11:03:29.499 [FXGL Background Thread 2 ] DEBUG FXGLAssetLoaderServi - Loading from file system: jar:file:///C:/Users/lucag/IdeaProjects/Dungeon/build/libs/Dungeon-1.0-SNAPSHOT.jar!/assets/textures/hero/knight_f_idle_anim_f0.png
11:03:29.500 [FXGL Background Thread 2 ] DEBUG FXGLAssetLoaderServi - Loading from file system: jar:file:///C:/Users/lucag/IdeaProjects/Dungeon/build/libs/Dungeon-1.0-SNAPSHOT.jar!/assets/textures/hero/knight_f_idle_anim_f1.png
11:03:29.500 [FXGL Background Thread 2 ] DEBUG FXGLAssetLoaderServi - Loading from file system: jar:file:///C:/Users/lucag/IdeaProjects/Dungeon/build/libs/Dungeon-1.0-SNAPSHOT.jar!/assets/textures/hero/knight_f_idle_anim_f2.png
11:03:29.501 [FXGL Background Thread 2 ] DEBUG FXGLAssetLoaderServi - Loading from file system: jar:file:///C:/Users/lucag/IdeaProjects/Dungeon/build/libs/Dungeon-1.0-SNAPSHOT.jar!/assets/textures/hero/knight_f_idle_anim_f3.png
11:03:29.501 [FXGL Background Thread 2 ] DEBUG FXGLAssetLoaderServi - Loading from file system: jar:file:///C:/Users/lucag/IdeaProjects/Dungeon/build/libs/Dungeon-1.0-SNAPSHOT.jar!/assets/textures/hero/knight_f_run_anim_f0.png
11:03:29.501 [FXGL Background Thread 2 ] DEBUG FXGLAssetLoaderServi - Loading from file system: jar:file:///C:/Users/lucag/IdeaProjects/Dungeon/build/libs/Dungeon-1.0-SNAPSHOT.jar!/assets/textures/hero/knight_f_run_anim_f1.png
11:03:29.502 [FXGL Background Thread 2 ] DEBUG FXGLAssetLoaderServi - Loading from file system: jar:file:///C:/Users/lucag/IdeaProjects/Dungeon/build/libs/Dungeon-1.0-SNAPSHOT.jar!/assets/textures/hero/knight_f_run_anim_f2.png
11:03:29.502 [FXGL Background Thread 2 ] DEBUG FXGLAssetLoaderServi - Loading from file system: jar:file:///C:/Users/lucag/IdeaProjects/Dungeon/build/libs/Dungeon-1.0-SNAPSHOT.jar!/assets/textures/hero/knight_f_run_anim_f3.png
11:03:29.503 [FXGL Background Thread 2 ] DEBUG GameWorld            - Clearing removable entities
11:03:29.503 [FXGL Background Thread 2 ] DEBUG GameWorld            - Setting level: com.almasb.fxgl.entity.level.Level@133d4534
11:03:29.520 [FXGL Background Thread 2 ] DEBUG LoopRunner           - Resuming loop
11:03:29.520 [FXGL Background Thread 2 ] DEBUG AudioPlayer          - Resuming music com.almasb.fxgl.audio.Music@7b1a9b2a
11:03:29.520 [FXGL Background Thread 2 ] DEBUG AudioPlayer          - Resuming music com.almasb.fxgl.audio.Music@269d82bb
11:03:29.526 [FXGL Background Thread 2 ] DEBUG FXGLAssetLoaderServi - Loading from file system: jar:file:///C:/Users/lucag/IdeaProjects/Dungeon/build/libs/Dungeon-1.0-SNAPSHOT.jar!/assets/textures/heart/ui_heart_full.png
11:03:29.533 [FXGL Background Thread 2 ] INFO  FXGLApplication      - Game initialization took: 0,360 sec
11:03:29.534 [JavaFX Application Thread] DEBUG Input                - Clearing active input actions
11:03:29.542 [JavaFX Application Thread] DEBUG GameApplicationServi - Removing overlay from MainLoadingScene and adding to GameScene
11:03:29.542 [JavaFX Application Thread] DEBUG PrimaryStageWindow   - MainLoadingScene -> GameScene
11:03:32.515 [JavaFX Application Thread] DEBUG FXGLAssetLoaderServi - Loading from file system: jar:file:///C:/Users/lucag/IdeaProjects/Dungeon/build/libs/Dungeon-1.0-SNAPSHOT.jar!/assets/sounds/door-open.wav
11:03:33.857 [JavaFX Application Thread] DEBUG FXGLAssetLoaderServi - Loading from file system: jar:file:///C:/Users/lucag/IdeaProjects/Dungeon/build/libs/Dungeon-1.0-SNAPSHOT.jar!/assets/sounds/spike.wav
11:03:36.740 [JavaFX Application Thread] DEBUG FXGLAssetLoaderServi - Loading from file system: jar:file:///C:/Users/lucag/IdeaProjects/Dungeon/build/libs/Dungeon-1.0-SNAPSHOT.jar!/assets/sounds/ladder.wav
11:03:47.427 [JavaFX Application Thread] DEBUG FXGLAssetLoaderServi - Loading from file system: jar:file:///C:/Users/lucag/IdeaProjects/Dungeon/build/libs/Dungeon-1.0-SNAPSHOT.jar!/assets/textures/heart/ui_heart_half.png
11:03:47.431 [JavaFX Application Thread] DEBUG FXGLAssetLoaderServi - Loading from file system: jar:file:///C:/Users/lucag/IdeaProjects/Dungeon/build/libs/Dungeon-1.0-SNAPSHOT.jar!/assets/sounds/damage.wav
11:03:51.699 [JavaFX Application Thread] DEBUG FXGLAssetLoaderServi - Loading from file system: jar:file:///C:/Users/lucag/IdeaProjects/Dungeon/build/libs/Dungeon-1.0-SNAPSHOT.jar!/assets/sounds/heal.wav
11:04:07.703 [JavaFX Application Thread] DEBUG FXGLAssetLoaderServi - Loading from file system: jar:file:///C:/Users/lucag/IdeaProjects/Dungeon/build/libs/Dungeon-1.0-SNAPSHOT.jar!/assets/textures/chest/chest_full_open_anim_f0.png
11:04:07.705 [JavaFX Application Thread] DEBUG FXGLAssetLoaderServi - Loading from file system: jar:file:///C:/Users/lucag/IdeaProjects/Dungeon/build/libs/Dungeon-1.0-SNAPSHOT.jar!/assets/textures/chest/chest_full_open_anim_f1.png
11:04:07.706 [JavaFX Application Thread] DEBUG FXGLAssetLoaderServi - Loading from file system: jar:file:///C:/Users/lucag/IdeaProjects/Dungeon/build/libs/Dungeon-1.0-SNAPSHOT.jar!/assets/textures/chest/chest_full_open_anim_f2.png
11:04:07.709 [JavaFX Application Thread] DEBUG Input                - Registered new binding: Go to the next Level - Enter
11:04:07.709 [JavaFX Application Thread] DEBUG PrimaryStageWindow   - Push state: LevelEndScene
11:04:07.710 [JavaFX Application Thread] DEBUG Input                - Clearing active input actions
11:04:07.710 [JavaFX Application Thread] DEBUG GameApplicationServi - Removing overlay from GameScene and adding to LevelEndScene
11:04:07.710 [JavaFX Application Thread] DEBUG PrimaryStageWindow   - GameScene -> LevelEndScene
11:04:07.710 [JavaFX Application Thread] DEBUG AudioPlayer          - Stopping music com.almasb.fxgl.audio.Music@269d82bb
11:04:07.711 [JavaFX Application Thread] DEBUG FXGLAssetLoaderServi - Loading from file system: jar:file:///C:/Users/lucag/IdeaProjects/Dungeon/build/libs/Dungeon-1.0-SNAPSHOT.jar!/assets/sounds/level-win.wav
11:04:11.752 [JavaFX Application Thread] DEBUG PrimaryStageWindow   - Pop state: LevelEndScene
11:04:11.752 [JavaFX Application Thread] DEBUG Input                - Clearing active input actions
11:04:11.752 [JavaFX Application Thread] DEBUG GameApplicationServi - Removing overlay from LevelEndScene and adding to GameScene
11:04:11.753 [JavaFX Application Thread] DEBUG PrimaryStageWindow   - GameScene <- LevelEndScene
11:04:11.753 [JavaFX Application Thread] DEBUG AudioPlayer          - Playing music com.almasb.fxgl.audio.Music@269d82bb
11:04:11.753 [JavaFX Application Thread] DEBUG AudioPlayer          - Pausing music com.almasb.fxgl.audio.Music@7b1a9b2a
11:04:11.753 [JavaFX Application Thread] DEBUG AudioPlayer          - Pausing music com.almasb.fxgl.audio.Music@269d82bb
11:04:11.753 [JavaFX Application Thread] DEBUG LoopRunner           - Pausing loop
11:04:11.754 [JavaFX Application Thread] WARN  TMXLevelLoader       - TiledMap generated from 1.10.1. Supported version: 1.9.0. Some features may not be parsed fully.
11:04:11.780 [JavaFX Application Thread] DEBUG TMXLevelLoader       - Parsed TiledMap: jar:file:///C:/Users/lucag/IdeaProjects/Dungeon/build/libs/Dungeon-1.0-SNAPSHOT.jar!/assets/levels/tmx/level1.tmx
11:04:11.780 [JavaFX Application Thread] DEBUG TMXLevelLoader       - Creating tile layer entities
11:04:11.781 [JavaFX Application Thread] DEBUG TilesetLoader        - Loading view for layer floor
11:04:11.782 [JavaFX Application Thread] DEBUG TilesetLoader        - Created buffer with size 960.0x960.0
11:04:11.798 [JavaFX Application Thread] DEBUG TilesetLoader        - Loading view for layer walls
11:04:11.798 [JavaFX Application Thread] DEBUG TilesetLoader        - Created buffer with size 960.0x960.0
11:04:11.801 [JavaFX Application Thread] DEBUG TilesetLoader        - Loading view for layer side-walls
11:04:11.801 [JavaFX Application Thread] DEBUG TilesetLoader        - Created buffer with size 960.0x960.0
11:04:11.802 [JavaFX Application Thread] DEBUG TMXLevelLoader       - Creating object layer entities
11:04:11.952 [JavaFX Application Thread] DEBUG GameWorld            - Clearing removable entities
11:04:11.963 [JavaFX Application Thread] DEBUG GameWorld            - Setting level: com.almasb.fxgl.entity.level.Level@60efe50a
11:04:11.977 [JavaFX Application Thread] DEBUG LoopRunner           - Resuming loop
11:04:11.978 [JavaFX Application Thread] DEBUG AudioPlayer          - Resuming music com.almasb.fxgl.audio.Music@7b1a9b2a
11:04:11.978 [JavaFX Application Thread] DEBUG AudioPlayer          - Resuming music com.almasb.fxgl.audio.Music@269d82bb
11:04:11.985 [JavaFX Application Thread] DEBUG LoopRunner           - Stopping loop
11:04:11.988 [JavaFX Application Thread] FATAL FXGLApplication      - Uncaught Exception:
java.lang.IllegalArgumentException: Component PlayerComponent not found!
	at com.almasb.fxgl.entity@17.2/com.almasb.fxgl.entity.Entity.getComponent(Entity.java:366)
	at com.lgiacchetta.dungeon@1.0-SNAPSHOT/com.lgiacchetta.dungeon.collision.PlayerPlayerHandler.onCollisionEnd(PlayerPlayerHandler.java:15)
	at com.almasb.fxgl.entity@17.2/com.almasb.fxgl.physics.CollisionPair.collisionEnd(CollisionPair.java:45)
	at com.almasb.fxgl.entity@17.2/com.almasb.fxgl.physics.PhysicsWorld.notifyCollisions(PhysicsWorld.java:479)
	at com.almasb.fxgl.entity@17.2/com.almasb.fxgl.physics.PhysicsWorld.onUpdate(PhysicsWorld.java:180)
	at com.almasb.fxgl.all@17.2/com.almasb.fxgl.app.scene.GameScene.step(GameScene.kt:229)
	at com.almasb.fxgl.all@17.2/com.almasb.fxgl.app.scene.GameScene.onUpdate(GameScene.kt:224)
	at com.almasb.fxgl.scene@17.2/com.almasb.fxgl.scene.Scene.update(Scene.kt:105)
	at com.almasb.fxgl.all@17.2/com.almasb.fxgl.app.MainWindow$update$1.invoke(MainWindow.kt:115)
	at com.almasb.fxgl.all@17.2/com.almasb.fxgl.app.MainWindow$update$1.invoke(MainWindow.kt:115)
	at com.almasb.fxgl.core@17.2/com.almasb.fxgl.core.fsm.StateMachine.runOnActiveStates(StateMachine.kt:69)
	at com.almasb.fxgl.all@17.2/com.almasb.fxgl.app.MainWindow.update(MainWindow.kt:115)
	at com.almasb.fxgl.all@17.2/com.almasb.fxgl.app.FXGLApplication$GameApplicationService.onUpdate(FXGLApplication.kt:426)
	at com.almasb.fxgl.all@17.2/com.almasb.fxgl.app.Engine.loop(Engine.kt:134)
	at com.almasb.fxgl.all@17.2/com.almasb.fxgl.app.Engine.access$loop(Engine.kt:24)
	at com.almasb.fxgl.all@17.2/com.almasb.fxgl.app.Engine$loop$1.invoke(Engine.kt:28)
	at com.almasb.fxgl.all@17.2/com.almasb.fxgl.app.Engine$loop$1.invoke(Engine.kt:28)
	at com.almasb.fxgl.all@17.2/com.almasb.fxgl.app.LoopRunner.frame(LoopRunner.kt:103)
	at com.almasb.fxgl.all@17.2/com.almasb.fxgl.app.LoopRunner.access$frame(LoopRunner.kt:23)
	at com.almasb.fxgl.all@17.2/com.almasb.fxgl.app.LoopRunner$impl$2$1.onTick(LoopRunner.kt:57)
	at com.almasb.fxgl.all@17.2/com.almasb.fxgl.app.AnimationTimerLoop$timer$1.handle(LoopRunner.kt:137)
	at javafx.graphics/javafx.animation.AnimationTimer$AnimationTimerReceiver.lambda$handle$0(AnimationTimer.java:58)
	at java.base/java.security.AccessController.doPrivileged(AccessController.java:399)
	at javafx.graphics/javafx.animation.AnimationTimer$AnimationTimerReceiver.handle(AnimationTimer.java:57)
	at javafx.graphics/com.sun.scenario.animation.AbstractPrimaryTimer.timePulseImpl(AbstractPrimaryTimer.java:356)
	at javafx.graphics/com.sun.scenario.animation.AbstractPrimaryTimer$MainLoop.run(AbstractPrimaryTimer.java:266)
	at javafx.graphics/com.sun.javafx.tk.quantum.QuantumToolkit.pulse(QuantumToolkit.java:571)
	at javafx.graphics/com.sun.javafx.tk.quantum.QuantumToolkit.pulse(QuantumToolkit.java:555)
	at javafx.graphics/com.sun.javafx.tk.quantum.QuantumToolkit.pulseFromQueue(QuantumToolkit.java:548)
	at javafx.graphics/com.sun.javafx.tk.quantum.QuantumToolkit.lambda$runToolkit$11(QuantumToolkit.java:353)
	at javafx.graphics/com.sun.glass.ui.InvokeLaterDispatcher$Future.run(InvokeLaterDispatcher.java:96)
	at javafx.graphics/com.sun.glass.ui.win.WinApplication._runLoop(Native Method)
	at javafx.graphics/com.sun.glass.ui.win.WinApplication.lambda$runLoop$3(WinApplication.java:184)
	at java.base/java.lang.Thread.run(Thread.java:833)

11:04:11.988 [JavaFX Application Thread] FATAL FXGLApplication      - Application will now exit
11:04:12.014 [JavaFX Application Thread] DEBUG PrimaryStageWindow   - Push state: ErrorSubScene
11:04:12.014 [JavaFX Application Thread] DEBUG Input                - Clearing active input actions
11:04:12.018 [JavaFX Application Thread] DEBUG GameApplicationServi - Removing overlay from GameScene and adding to ErrorSubScene
11:04:12.019 [JavaFX Application Thread] DEBUG PrimaryStageWindow   - GameScene -> ErrorSubScene
11:04:16.148 [JavaFX Application Thread] DEBUG FXGLApplication      - Exiting FXGL
11:04:16.149 [JavaFX Application Thread] DEBUG Async                - Shutting down background threads
11:04:16.149 [JavaFX Application Thread] DEBUG PrimaryStageWindow   - Closing main window
11:04:16.183 [JavaFX Application Thread] DEBUG Logger               - Closing Logger
