11:24:20.609 [main                     ] DEBUG Logger               - Configured Logger
11:24:20.632 [main                     ] DEBUG GameApplication      - Logging settings
Title: Untitled
Version: 0.0
Width: 1280
Height: 720
Fullscreen: false
Intro: false
Profiling: false
Single step:false
App Mode: DEVELOPER
Menu Key: ESCAPE
Stage Style: DECORATED
Scene Factory: class com.lgiacchetta.dungeon.DungeonApp$1

11:24:20.904 [JavaFX Application Thread] DEBUG FXGLApplication      - Initializing FXGL
11:24:20.914 [JavaFX Application Thread] INFO  Engine               - FXGL-17.2 (20.08.2022 16.50) on WINDOWS (J:17.0.6 FX:17.0.2-ea)
11:24:20.914 [JavaFX Application Thread] DEBUG Engine               - JRE Vendor Name: Oracle Corporation
11:24:20.915 [JavaFX Application Thread] DEBUG Engine               - Running on OS: Windows 11 version 10.0
11:24:20.915 [JavaFX Application Thread] DEBUG Engine               - Architecture: amd64
11:24:20.915 [JavaFX Application Thread] INFO  Engine               - Source code and latest versions at: https://github.com/AlmasB/FXGL
11:24:20.915 [JavaFX Application Thread] INFO  Engine               -       Ask questions and discuss at: https://github.com/AlmasB/FXGL/discussions
11:24:20.915 [JavaFX Application Thread] INFO  Engine               -              Join the FXGL chat at: https://gitter.im/AlmasB/FXGL
11:24:20.984 [JavaFX Application Thread] DEBUG PrimaryStageWindow   - Creating a JavaFX scene
11:24:21.019 [JavaFX Application Thread] DEBUG PrimaryStageWindow   - Target settings size: 1280.0 x 720.0
11:24:21.019 [JavaFX Application Thread] DEBUG PrimaryStageWindow   - Scaled scene size:    1280.0 x 720.0
11:24:21.019 [JavaFX Application Thread] DEBUG PrimaryStageWindow   - Scaled ratio: (1.0, 1.0)
11:24:21.020 [JavaFX Application Thread] DEBUG PrimaryStageWindow   - Set initial scene to FXGLStartupScene
11:24:21.024 [JavaFX Application Thread] DEBUG PrimaryStageWindow   - Opening main window
11:24:21.088 [JavaFX Application Thread] DEBUG PrimaryStageWindow   - Window border size: (14.4000244140625, 37.5999755859375)
11:24:21.088 [JavaFX Application Thread] DEBUG PrimaryStageWindow   - Scaled size: 1280.0 x 720.0
11:24:21.090 [JavaFX Application Thread] DEBUG PrimaryStageWindow   - Scaled ratio: (1.0, 1.0)
11:24:21.090 [JavaFX Application Thread] DEBUG PrimaryStageWindow   - Scene size: 1280.0 x 720.0
11:24:21.091 [JavaFX Application Thread] DEBUG PrimaryStageWindow   - Stage size: 1294.4000244140625 x 757.5999755859375
11:24:21.096 [FXGL Background Thread 1 ] DEBUG Engine               - Initializing environment variables
11:24:21.127 [FXGL Background Thread 1 ] DEBUG FXGLAssetLoaderServi - User app class for loading assets: class com.lgiacchetta.dungeon.DungeonApp
11:24:21.127 [FXGL Background Thread 1 ] DEBUG GameApplicationServi - Applying CSS: fxgl_dark.css
11:24:21.129 [FXGL Background Thread 1 ] DEBUG FXGLAssetLoaderServi - Loading from file system: jar:file:///C:/Users/sofia/.gradle/caches/modules-2/files-2.1/com.github.almasb/fxgl/17.2/35db6ae960eec2dcfd19262d3b7f9c42f0e95bc3/fxgl-17.2.jar!/fxglassets/ui/css/fxgl_dark.css
11:24:21.173 [FXGL Background Thread 1 ] DEBUG GameApplicationServi - Initializing application scenes
11:24:21.175 [FXGL Background Thread 1 ] DEBUG FXGLAssetLoaderServi - Loading from file system: jar:file:///C:/Users/sofia/IdeaProjects/Dungeon/build/libs/Dungeon-1.0-SNAPSHOT.jar!/assets/textures/loading.jpg
11:24:21.221 [FXGL Background Thread 1 ] DEBUG FXGLAssetLoaderServi - Loading from file system: jar:file:///C:/Users/sofia/IdeaProjects/Dungeon/build/libs/Dungeon-1.0-SNAPSHOT.jar!/assets/ui/fonts/alagard.ttf
11:24:21.269 [FXGL Background Thread 1 ] DEBUG FXGLAssetLoaderServi - Loading from file system: jar:file:///C:/Users/sofia/IdeaProjects/Dungeon/build/libs/Dungeon-1.0-SNAPSHOT.jar!/assets/music/melody.wav
11:24:21.355 [FXGL Background Thread 1 ] DEBUG FXGLAssetLoaderServi - Loading from file system: jar:file:///C:/Users/sofia/IdeaProjects/Dungeon/build/libs/Dungeon-1.0-SNAPSHOT.jar!/assets/music/menu.wav
11:24:21.485 [FXGL Background Thread 1 ] DEBUG FXGLAssetLoaderServi - Loading from file system: jar:file:///C:/Users/sofia/IdeaProjects/Dungeon/build/libs/Dungeon-1.0-SNAPSHOT.jar!/assets/textures/orc/boss/ogre_run_anim_f0.png
11:24:21.489 [FXGL Background Thread 1 ] DEBUG FXGLAssetLoaderServi - Loading from file system: jar:file:///C:/Users/sofia/IdeaProjects/Dungeon/build/libs/Dungeon-1.0-SNAPSHOT.jar!/assets/textures/orc/boss/ogre_run_anim_f1.png
11:24:21.490 [FXGL Background Thread 1 ] DEBUG FXGLAssetLoaderServi - Loading from file system: jar:file:///C:/Users/sofia/IdeaProjects/Dungeon/build/libs/Dungeon-1.0-SNAPSHOT.jar!/assets/textures/orc/boss/ogre_run_anim_f2.png
11:24:21.491 [FXGL Background Thread 1 ] DEBUG FXGLAssetLoaderServi - Loading from file system: jar:file:///C:/Users/sofia/IdeaProjects/Dungeon/build/libs/Dungeon-1.0-SNAPSHOT.jar!/assets/textures/orc/boss/ogre_run_anim_f3.png
11:24:21.505 [FXGL Background Thread 1 ] DEBUG FXGLAssetLoaderServi - Loading from file system: jar:file:///C:/Users/sofia/IdeaProjects/Dungeon/build/libs/Dungeon-1.0-SNAPSHOT.jar!/assets/textures/demon/boss/big_demon_run_anim_f0.png
11:24:21.505 [FXGL Background Thread 1 ] DEBUG FXGLAssetLoaderServi - Loading from file system: jar:file:///C:/Users/sofia/IdeaProjects/Dungeon/build/libs/Dungeon-1.0-SNAPSHOT.jar!/assets/textures/demon/boss/big_demon_run_anim_f1.png
11:24:21.506 [FXGL Background Thread 1 ] DEBUG FXGLAssetLoaderServi - Loading from file system: jar:file:///C:/Users/sofia/IdeaProjects/Dungeon/build/libs/Dungeon-1.0-SNAPSHOT.jar!/assets/textures/demon/boss/big_demon_run_anim_f2.png
11:24:21.506 [FXGL Background Thread 1 ] DEBUG FXGLAssetLoaderServi - Loading from file system: jar:file:///C:/Users/sofia/IdeaProjects/Dungeon/build/libs/Dungeon-1.0-SNAPSHOT.jar!/assets/textures/demon/boss/big_demon_run_anim_f3.png
11:24:21.509 [FXGL Background Thread 1 ] DEBUG FXGLAssetLoaderServi - Loading from file system: jar:file:///C:/Users/sofia/IdeaProjects/Dungeon/build/libs/Dungeon-1.0-SNAPSHOT.jar!/assets/textures/undead/boss/big_zombie_run_anim_f0.png
11:24:21.510 [FXGL Background Thread 1 ] DEBUG FXGLAssetLoaderServi - Loading from file system: jar:file:///C:/Users/sofia/IdeaProjects/Dungeon/build/libs/Dungeon-1.0-SNAPSHOT.jar!/assets/textures/undead/boss/big_zombie_run_anim_f1.png
11:24:21.511 [FXGL Background Thread 1 ] DEBUG FXGLAssetLoaderServi - Loading from file system: jar:file:///C:/Users/sofia/IdeaProjects/Dungeon/build/libs/Dungeon-1.0-SNAPSHOT.jar!/assets/textures/undead/boss/big_zombie_run_anim_f2.png
11:24:21.512 [FXGL Background Thread 1 ] DEBUG FXGLAssetLoaderServi - Loading from file system: jar:file:///C:/Users/sofia/IdeaProjects/Dungeon/build/libs/Dungeon-1.0-SNAPSHOT.jar!/assets/textures/undead/boss/big_zombie_run_anim_f3.png
11:24:21.513 [FXGL Background Thread 1 ] DEBUG FXGLAssetLoaderServi - Loading from file system: jar:file:///C:/Users/sofia/IdeaProjects/Dungeon/build/libs/Dungeon-1.0-SNAPSHOT.jar!/assets/textures/hero/knight_m_run_anim_f0.png
11:24:21.513 [FXGL Background Thread 1 ] DEBUG FXGLAssetLoaderServi - Loading from file system: jar:file:///C:/Users/sofia/IdeaProjects/Dungeon/build/libs/Dungeon-1.0-SNAPSHOT.jar!/assets/textures/hero/knight_m_run_anim_f1.png
11:24:21.514 [FXGL Background Thread 1 ] DEBUG FXGLAssetLoaderServi - Loading from file system: jar:file:///C:/Users/sofia/IdeaProjects/Dungeon/build/libs/Dungeon-1.0-SNAPSHOT.jar!/assets/textures/hero/knight_m_run_anim_f2.png
11:24:21.515 [FXGL Background Thread 1 ] DEBUG FXGLAssetLoaderServi - Loading from file system: jar:file:///C:/Users/sofia/IdeaProjects/Dungeon/build/libs/Dungeon-1.0-SNAPSHOT.jar!/assets/textures/hero/knight_m_run_anim_f3.png
11:24:21.517 [FXGL Background Thread 1 ] DEBUG GameWorld            - Game world initialized
11:24:21.573 [FXGL Background Thread 1 ] DEBUG PhysicsWorld         - Physics world initialized: appHeight=720, physics.ppm=50,0
11:24:21.573 [FXGL Background Thread 1 ] DEBUG PhysicsWorld         - Using strategy: BRUTE_FORCE
11:24:21.578 [FXGL Background Thread 1 ] DEBUG GameScene            - Game scene initialized: 1280x720
11:24:21.593 [FXGL Background Thread 1 ] DEBUG GameApplicationServi - Application scenes initialized
11:24:21.607 [FXGL Background Thread 1 ] DEBUG SystemBundleService  - Loading FXGL system data
11:24:21.614 [FXGL Background Thread 1 ] DEBUG FileSystemAccess     - Reading from: C:\Users\sofia\IdeaProjects\Dungeon\system\fxgl.bundle
11:24:21.621 [FXGL Background Thread 1 ] DEBUG SystemBundleService  - Bundle FXGL: {}
11:24:21.621 [FXGL Background Thread 1 ] DEBUG UpdaterService       - Checking for updates
11:24:21.628 [FXGL Background Thread 1 ] DEBUG FXGLApplication      - Loading default localization
11:24:21.628 [FXGL Background Thread 4 ] DEBUG FXGLApplication      - Loading fonts
11:24:21.628 [FXGL Background Thread 1 ] DEBUG FXGLAssetLoaderServi - Loading from file system: jar:file:///C:/Users/sofia/.gradle/caches/modules-2/files-2.1/com.github.almasb/fxgl/17.2/35db6ae960eec2dcfd19262d3b7f9c42f0e95bc3/fxgl-17.2.jar!/fxglassets/languages/english.lang
11:24:21.629 [FXGL Background Thread 4 ] DEBUG FXGLAssetLoaderServi - Loading from file system: jar:file:///C:/Users/sofia/.gradle/caches/modules-2/files-2.1/com.github.almasb/fxgl/17.2/35db6ae960eec2dcfd19262d3b7f9c42f0e95bc3/fxgl-17.2.jar!/fxglassets/ui/fonts/VarelaRound-Regular.ttf
11:24:21.639 [FXGL Background Thread 4 ] DEBUG FXGLAssetLoaderServi - Loading from file system: jar:file:///C:/Users/sofia/.gradle/caches/modules-2/files-2.1/com.github.almasb/fxgl/17.2/35db6ae960eec2dcfd19262d3b7f9c42f0e95bc3/fxgl-17.2.jar!/fxglassets/ui/fonts/Abel-Regular.ttf
11:24:21.643 [FXGL Background Thread 4 ] DEBUG FXGLAssetLoaderServi - Loading from file system: jar:file:///C:/Users/sofia/.gradle/caches/modules-2/files-2.1/com.github.almasb/fxgl/17.2/35db6ae960eec2dcfd19262d3b7f9c42f0e95bc3/fxgl-17.2.jar!/fxglassets/ui/fonts/TerminalLandMono-Regular.otf
11:24:21.646 [FXGL Background Thread 1 ] INFO  FXGLApplication      - FXGL initialization took: 0,550 sec
11:24:21.650 [FXGL Background Thread 4 ] DEBUG FXGLAssetLoaderServi - Loading from file system: jar:file:///C:/Users/sofia/.gradle/caches/modules-2/files-2.1/com.github.almasb/fxgl/17.2/35db6ae960eec2dcfd19262d3b7f9c42f0e95bc3/fxgl-17.2.jar!/fxglassets/ui/fonts/Courier-Prime.ttf
11:24:21.657 [JavaFX Application Thread] DEBUG Input                - Registered new binding: Up1 - W
11:24:21.658 [JavaFX Application Thread] DEBUG Input                - Registered new binding: Left1 - A
11:24:21.658 [JavaFX Application Thread] DEBUG Input                - Registered new binding: Down1 - S
11:24:21.659 [JavaFX Application Thread] DEBUG Input                - Registered new binding: Right1 - D
11:24:21.659 [JavaFX Application Thread] DEBUG Input                - Registered new binding: Up2 - Up
11:24:21.659 [JavaFX Application Thread] DEBUG Input                - Registered new binding: Left2 - Left
11:24:21.659 [JavaFX Application Thread] DEBUG Input                - Registered new binding: Down2 - Down
11:24:21.660 [JavaFX Application Thread] DEBUG Input                - Registered new binding: Right2 - Right
11:24:21.660 [JavaFX Application Thread] DEBUG AudioPlayer          - Playing music com.almasb.fxgl.audio.Music@6e305ba2
11:24:21.662 [JavaFX Application Thread] DEBUG FXGLAssetLoaderServi - Loading from file system: jar:file:///C:/Users/sofia/.gradle/caches/modules-2/files-2.1/com.github.almasb/fxgl/17.2/35db6ae960eec2dcfd19262d3b7f9c42f0e95bc3/fxgl-17.2.jar!/fxglassets/textures/fxgl_icon.png
11:24:21.695 [JavaFX Application Thread] DEBUG FXGLAssetLoaderServi - Loading from file system: jar:file:///C:/Users/sofia/IdeaProjects/Dungeon/build/libs/Dungeon-1.0-SNAPSHOT.jar!/assets/textures/cursor.png
11:24:21.697 [JavaFX Application Thread] DEBUG Input                - Registered new binding: Screenshot - CTRL+8
11:24:21.698 [JavaFX Application Thread] DEBUG Input                - Registered new binding: System info dump - CTRL+9
11:24:21.698 [JavaFX Application Thread] DEBUG Input                - Registered new binding: Restart - CTRL+R
11:24:21.699 [JavaFX Application Thread] DEBUG Input                - Registered new binding: Toggle Debug Camera - CTRL+7
11:24:21.701 [JavaFX Application Thread] DEBUG LoopRunner           - Starting loop
11:24:21.701 [JavaFX Application Thread] DEBUG LoopRunner           - Initializing JavaFX AnimationTimerLoop
11:24:21.704 [JavaFX Application Thread] DEBUG Input                - Clearing active input actions
11:24:21.714 [JavaFX Application Thread] DEBUG GameApplicationServi - Removing overlay from FXGLStartupScene and adding to FXGLMainMenuDummyScene
11:24:21.715 [JavaFX Application Thread] DEBUG PrimaryStageWindow   - FXGLStartupScene -> FXGLMainMenuDummyScene
11:24:21.715 [JavaFX Application Thread] DEBUG PrimaryStageWindow   - Push state: MainMenu
11:24:21.715 [JavaFX Application Thread] DEBUG Input                - Clearing active input actions
11:24:21.718 [JavaFX Application Thread] DEBUG GameApplicationServi - Removing overlay from FXGLMainMenuDummyScene and adding to MainMenu
11:24:21.719 [JavaFX Application Thread] DEBUG PrimaryStageWindow   - FXGLMainMenuDummyScene -> MainMenu
11:24:21.719 [JavaFX Application Thread] DEBUG FXGLApplication      - Registering font factories with UI factory
11:24:22.449 [FXGL Background Thread 2 ] INFO  UpdaterService       - Your current version:  17.2
11:24:22.449 [FXGL Background Thread 2 ] INFO  UpdaterService       - Latest stable version: 17.3
11:24:24.626 [FXGL Background Thread 3 ] DEBUG Engine               - Logging environment variables
11:24:24.627 [FXGL Background Thread 3 ] DEBUG Engine               - achievements: []
11:24:24.628 [FXGL Background Thread 3 ] DEBUG Engine               - actualHeight: 720.0
11:24:24.628 [FXGL Background Thread 3 ] DEBUG Engine               - actualHeightProperty: ReadOnlyDoubleProperty [value: 720.0]
11:24:24.628 [FXGL Background Thread 3 ] DEBUG Engine               - actualWidth: 1280.0
11:24:24.628 [FXGL Background Thread 3 ] DEBUG Engine               - actualWidthProperty: ReadOnlyDoubleProperty [value: 1280.0]
11:24:24.628 [FXGL Background Thread 3 ] DEBUG Engine               - appIcon: fxgl_icon.png
11:24:24.628 [FXGL Background Thread 3 ] DEBUG Engine               - applicationMode: DEVELOPER
11:24:24.628 [FXGL Background Thread 3 ] DEBUG Engine               - cSSList: [fxgl_dark.css]
11:24:24.629 [FXGL Background Thread 3 ] DEBUG Engine               - collisionDetectionStrategy: BRUTE_FORCE
11:24:24.629 [FXGL Background Thread 3 ] DEBUG Engine               - configClass: Optional.empty
11:24:24.629 [FXGL Background Thread 3 ] DEBUG Engine               - credits: []
11:24:24.632 [FXGL Background Thread 3 ] DEBUG Engine               - defaultCursor: CursorInfo(imageName=cursor.png, hotspotX=5.0, hotspotY=3.0)
11:24:24.633 [FXGL Background Thread 3 ] DEBUG Engine               - devBBoxColorProperty: ObjectProperty [value: 0xff0000ff]
11:24:24.633 [FXGL Background Thread 3 ] DEBUG Engine               - devEnableDebugCameraProperty: BooleanProperty [value: false]
11:24:24.633 [FXGL Background Thread 3 ] DEBUG Engine               - devSensorColorProperty: ObjectProperty [value: 0xffff00ff]
11:24:24.633 [FXGL Background Thread 3 ] DEBUG Engine               - devShowBBoxProperty: BooleanProperty [value: false]
11:24:24.633 [FXGL Background Thread 3 ] DEBUG Engine               - devShowPositionProperty: BooleanProperty [value: false]
11:24:24.633 [FXGL Background Thread 3 ] DEBUG Engine               - enabledMenuItems: []
11:24:24.633 [FXGL Background Thread 3 ] DEBUG Engine               - engineServices: [class com.almasb.fxgl.app.services.FXGLAssetLoaderService, class com.almasb.fxgl.app.FXGLApplication$GameApplicationService, class com.almasb.fxgl.app.services.FXGLDialogService, class com.almasb.fxgl.app.services.IOTaskExecutorService, class com.almasb.fxgl.io.FileSystemService, class com.almasb.fxgl.localization.LocalizationService, class com.almasb.fxgl.app.services.SystemBundleService, class com.almasb.fxgl.profile.SaveLoadService, class com.almasb.fxgl.ui.FXGLUIFactoryServiceProvider, class com.almasb.fxgl.ui.FXGLDialogFactoryServiceProvider, class com.almasb.fxgl.audio.AudioPlayer, class com.almasb.fxgl.notification.impl.NotificationServiceProvider, class com.almasb.fxgl.achievement.AchievementService, class com.almasb.fxgl.cutscene.CutsceneService, class com.almasb.fxgl.minigames.MiniGameService, class com.almasb.fxgl.net.NetService, class com.almasb.fxgl.app.services.UpdaterService, class com.almasb.fxgl.dev.DevService]
11:24:24.633 [FXGL Background Thread 3 ] DEBUG Engine               - fontGame: Abel-Regular.ttf
11:24:24.633 [FXGL Background Thread 3 ] DEBUG Engine               - fontMono: TerminalLandMono-Regular.otf
11:24:24.634 [FXGL Background Thread 3 ] DEBUG Engine               - fontText: Courier-Prime.ttf
11:24:24.634 [FXGL Background Thread 3 ] DEBUG Engine               - fontUI: VarelaRound-Regular.ttf
11:24:24.634 [FXGL Background Thread 3 ] DEBUG Engine               - fullScreen: BooleanProperty [value: false]
11:24:24.634 [FXGL Background Thread 3 ] DEBUG Engine               - gameDifficulty: MEDIUM
11:24:24.634 [FXGL Background Thread 3 ] DEBUG Engine               - gameDifficultyProperty: ObjectProperty [value: MEDIUM]
11:24:24.634 [FXGL Background Thread 3 ] DEBUG Engine               - globalMusicVolume: 0.5
11:24:24.634 [FXGL Background Thread 3 ] DEBUG Engine               - globalMusicVolumeProperty: DoubleProperty [value: 0.25]
11:24:24.634 [FXGL Background Thread 3 ] DEBUG Engine               - globalSoundVolume: 0.5
11:24:24.634 [FXGL Background Thread 3 ] DEBUG Engine               - globalSoundVolumeProperty: DoubleProperty [value: 0.5]
11:24:24.634 [FXGL Background Thread 3 ] DEBUG Engine               - height: 720
11:24:24.634 [FXGL Background Thread 3 ] DEBUG Engine               - is3D: false
11:24:24.634 [FXGL Background Thread 3 ] DEBUG Engine               - isAndroid: false
11:24:24.634 [FXGL Background Thread 3 ] DEBUG Engine               - isBrowser: false
11:24:24.634 [FXGL Background Thread 3 ] DEBUG Engine               - isClickFeedbackEnabled: false
11:24:24.635 [FXGL Background Thread 3 ] DEBUG Engine               - isCloseConfirmation: false
11:24:24.635 [FXGL Background Thread 3 ] DEBUG Engine               - isDesktop: true
11:24:24.635 [FXGL Background Thread 3 ] DEBUG Engine               - isDeveloperMenuEnabled: false
11:24:24.635 [FXGL Background Thread 3 ] DEBUG Engine               - isEmbedded: false
11:24:24.635 [FXGL Background Thread 3 ] DEBUG Engine               - isEntityPreloadEnabled: true
11:24:24.635 [FXGL Background Thread 3 ] DEBUG Engine               - isExperimentalTiledLargeMap: false
11:24:24.635 [FXGL Background Thread 3 ] DEBUG Engine               - isFileSystemWriteAllowed: true
11:24:24.635 [FXGL Background Thread 3 ] DEBUG Engine               - isFullScreenAllowed: false
11:24:24.635 [FXGL Background Thread 3 ] DEBUG Engine               - isFullScreenFromStart: false
11:24:24.635 [FXGL Background Thread 3 ] DEBUG Engine               - isGameMenuEnabled: true
11:24:24.635 [FXGL Background Thread 3 ] DEBUG Engine               - isIOS: false
11:24:24.635 [FXGL Background Thread 3 ] DEBUG Engine               - isIntroEnabled: false
11:24:24.635 [FXGL Background Thread 3 ] DEBUG Engine               - isLinux: false
11:24:24.636 [FXGL Background Thread 3 ] DEBUG Engine               - isMac: false
11:24:24.636 [FXGL Background Thread 3 ] DEBUG Engine               - isMainMenuEnabled: true
11:24:24.636 [FXGL Background Thread 3 ] DEBUG Engine               - isManualResizeEnabled: false
11:24:24.636 [FXGL Background Thread 3 ] DEBUG Engine               - isMobile: false
11:24:24.636 [FXGL Background Thread 3 ] DEBUG Engine               - isNative: false
11:24:24.636 [FXGL Background Thread 3 ] DEBUG Engine               - isPauseMusicWhenMinimized: true
11:24:24.636 [FXGL Background Thread 3 ] DEBUG Engine               - isPreserveResizeRatio: false
11:24:24.636 [FXGL Background Thread 3 ] DEBUG Engine               - isProfilingEnabled: false
11:24:24.636 [FXGL Background Thread 3 ] DEBUG Engine               - isScaleAffectedOnResize: true
11:24:24.636 [FXGL Background Thread 3 ] DEBUG Engine               - isSingleStep: false
11:24:24.636 [FXGL Background Thread 3 ] DEBUG Engine               - isUserProfileEnabled: false
11:24:24.636 [FXGL Background Thread 3 ] DEBUG Engine               - isWindows: true
11:24:24.636 [FXGL Background Thread 3 ] DEBUG Engine               - language: ObjectProperty [value: ENGLISH]
11:24:24.636 [FXGL Background Thread 3 ] DEBUG Engine               - menuKey: ESCAPE
11:24:24.636 [FXGL Background Thread 3 ] DEBUG Engine               - mouseSensitivity: 0.2
11:24:24.636 [FXGL Background Thread 3 ] DEBUG Engine               - notificationViewClass: class com.almasb.fxgl.notification.view.XboxNotificationView
11:24:24.637 [FXGL Background Thread 3 ] DEBUG Engine               - pixelsPerMeter: 50.0
11:24:24.637 [FXGL Background Thread 3 ] DEBUG Engine               - platform: WINDOWS
11:24:24.637 [FXGL Background Thread 3 ] DEBUG Engine               - prefHeightProperty: ReadOnlyDoubleProperty [value: 720.0]
11:24:24.637 [FXGL Background Thread 3 ] DEBUG Engine               - prefWidthProperty: ReadOnlyDoubleProperty [value: 1280.0]
11:24:24.637 [FXGL Background Thread 3 ] DEBUG Engine               - profileDir: profiles/
11:24:24.637 [FXGL Background Thread 3 ] DEBUG Engine               - profileName: StringProperty [value: DEFAULT]
11:24:24.637 [FXGL Background Thread 3 ] DEBUG Engine               - randomSeed: -1
11:24:24.638 [FXGL Background Thread 3 ] DEBUG Engine               - runtimeInfo: RuntimeInfo(platform=WINDOWS, version=17.2, build=20.08.2022 16.50)
11:24:24.638 [FXGL Background Thread 3 ] DEBUG Engine               - saveFileExt: sav
11:24:24.638 [FXGL Background Thread 3 ] DEBUG Engine               - scaledHeightProp$fxgl: DoubleProperty [bound, value: 720.0]
11:24:24.638 [FXGL Background Thread 3 ] DEBUG Engine               - scaledWidthProp$fxgl: DoubleProperty [bound, value: 1280.0]
11:24:24.638 [FXGL Background Thread 3 ] DEBUG Engine               - sceneFactory: com.lgiacchetta.dungeon.DungeonApp$1@314770cb
11:24:24.638 [FXGL Background Thread 3 ] DEBUG Engine               - secondsIn24h: 60
11:24:24.638 [FXGL Background Thread 3 ] DEBUG Engine               - soundMenuBack: menu/back.wav
11:24:24.638 [FXGL Background Thread 3 ] DEBUG Engine               - soundMenuPress: menu/press.wav
11:24:24.638 [FXGL Background Thread 3 ] DEBUG Engine               - soundMenuSelect: menu/select.wav
11:24:24.638 [FXGL Background Thread 3 ] DEBUG Engine               - soundNotification: core/notification.wav
11:24:24.638 [FXGL Background Thread 3 ] DEBUG Engine               - stageStyle: DECORATED
11:24:24.638 [FXGL Background Thread 3 ] DEBUG Engine               - supportedLanguages: [ENGLISH, FRENCH, GERMAN, HUNGARIAN, RUSSIAN]
11:24:24.638 [FXGL Background Thread 3 ] DEBUG Engine               - ticksPerSecond: -1
11:24:24.638 [FXGL Background Thread 3 ] DEBUG Engine               - title: Untitled
11:24:24.638 [FXGL Background Thread 3 ] DEBUG Engine               - urlGithub: https://github.com/AlmasB/FXGL
11:24:24.638 [FXGL Background Thread 3 ] DEBUG Engine               - urlLeaderboard: http://fxgl-top.herokuapp.com/
11:24:24.638 [FXGL Background Thread 3 ] DEBUG Engine               - urlPOM: https://raw.githubusercontent.com/AlmasB/FXGL/release/README.md
11:24:24.638 [FXGL Background Thread 3 ] DEBUG Engine               - userAppClass: class com.lgiacchetta.dungeon.DungeonApp
11:24:24.639 [FXGL Background Thread 3 ] DEBUG Engine               - version: 0.0
11:24:24.639 [FXGL Background Thread 3 ] DEBUG Engine               - versionCheckDays: 7
11:24:24.639 [FXGL Background Thread 3 ] DEBUG Engine               - width: 1280
11:24:24.639 [FXGL Background Thread 3 ] DEBUG Engine               - Logging services
11:24:24.639 [FXGL Background Thread 3 ] DEBUG Engine               - class com.almasb.fxgl.app.services.FXGLAssetLoaderService
11:24:24.639 [FXGL Background Thread 3 ] DEBUG Engine               - class com.almasb.fxgl.app.FXGLApplication$GameApplicationService
11:24:24.639 [FXGL Background Thread 3 ] DEBUG Engine               - class com.almasb.fxgl.app.services.FXGLDialogService
11:24:24.639 [FXGL Background Thread 3 ] DEBUG Engine               - class com.almasb.fxgl.app.services.IOTaskExecutorService
11:24:24.639 [FXGL Background Thread 3 ] DEBUG Engine               - class com.almasb.fxgl.io.FileSystemService
11:24:24.639 [FXGL Background Thread 3 ] DEBUG Engine               - class com.almasb.fxgl.localization.LocalizationService
11:24:24.639 [FXGL Background Thread 3 ] DEBUG Engine               - class com.almasb.fxgl.app.services.SystemBundleService
11:24:24.639 [FXGL Background Thread 3 ] DEBUG Engine               - class com.almasb.fxgl.profile.SaveLoadService
11:24:24.639 [FXGL Background Thread 3 ] DEBUG Engine               - class com.almasb.fxgl.ui.FXGLUIFactoryServiceProvider
11:24:24.639 [FXGL Background Thread 3 ] DEBUG Engine               - class com.almasb.fxgl.ui.FXGLDialogFactoryServiceProvider
11:24:24.639 [FXGL Background Thread 3 ] DEBUG Engine               - class com.almasb.fxgl.audio.AudioPlayer
11:24:24.639 [FXGL Background Thread 3 ] DEBUG Engine               - class com.almasb.fxgl.notification.impl.NotificationServiceProvider
11:24:24.639 [FXGL Background Thread 3 ] DEBUG Engine               - class com.almasb.fxgl.achievement.AchievementService
11:24:24.639 [FXGL Background Thread 3 ] DEBUG Engine               - class com.almasb.fxgl.cutscene.CutsceneService
11:24:24.639 [FXGL Background Thread 3 ] DEBUG Engine               - class com.almasb.fxgl.minigames.MiniGameService
11:24:24.639 [FXGL Background Thread 3 ] DEBUG Engine               - class com.almasb.fxgl.net.NetService
11:24:24.639 [FXGL Background Thread 3 ] DEBUG Engine               - class com.almasb.fxgl.app.services.UpdaterService
11:24:24.639 [FXGL Background Thread 3 ] DEBUG Engine               - class com.almasb.fxgl.dev.DevService
11:24:26.056 [JavaFX Application Thread] DEBUG FXGLAssetLoaderServi - Loading from file system: jar:file:///C:/Users/sofia/IdeaProjects/Dungeon/build/libs/Dungeon-1.0-SNAPSHOT.jar!/assets/textures/hero/knight_m_idle_anim_f0.png
11:24:26.057 [JavaFX Application Thread] DEBUG FXGLAssetLoaderServi - Loading from file system: jar:file:///C:/Users/sofia/IdeaProjects/Dungeon/build/libs/Dungeon-1.0-SNAPSHOT.jar!/assets/textures/hero/knight_m_idle_anim_f1.png
11:24:26.058 [JavaFX Application Thread] DEBUG FXGLAssetLoaderServi - Loading from file system: jar:file:///C:/Users/sofia/IdeaProjects/Dungeon/build/libs/Dungeon-1.0-SNAPSHOT.jar!/assets/textures/hero/knight_m_idle_anim_f2.png
11:24:26.058 [JavaFX Application Thread] DEBUG FXGLAssetLoaderServi - Loading from file system: jar:file:///C:/Users/sofia/IdeaProjects/Dungeon/build/libs/Dungeon-1.0-SNAPSHOT.jar!/assets/textures/hero/knight_m_idle_anim_f3.png
11:24:26.063 [JavaFX Application Thread] DEBUG FXGLAssetLoaderServi - Loading from file system: jar:file:///C:/Users/sofia/IdeaProjects/Dungeon/build/libs/Dungeon-1.0-SNAPSHOT.jar!/assets/textures/hero/knight_f_idle_anim_f0.png
11:24:26.064 [JavaFX Application Thread] DEBUG FXGLAssetLoaderServi - Loading from file system: jar:file:///C:/Users/sofia/IdeaProjects/Dungeon/build/libs/Dungeon-1.0-SNAPSHOT.jar!/assets/textures/hero/knight_f_idle_anim_f1.png
11:24:26.064 [JavaFX Application Thread] DEBUG FXGLAssetLoaderServi - Loading from file system: jar:file:///C:/Users/sofia/IdeaProjects/Dungeon/build/libs/Dungeon-1.0-SNAPSHOT.jar!/assets/textures/hero/knight_f_idle_anim_f2.png
11:24:26.065 [JavaFX Application Thread] DEBUG FXGLAssetLoaderServi - Loading from file system: jar:file:///C:/Users/sofia/IdeaProjects/Dungeon/build/libs/Dungeon-1.0-SNAPSHOT.jar!/assets/textures/hero/knight_f_idle_anim_f3.png
11:24:28.715 [JavaFX Application Thread] DEBUG FXGLAssetLoaderServi - Loading from file system: jar:file:///C:/Users/sofia/IdeaProjects/Dungeon/build/libs/Dungeon-1.0-SNAPSHOT.jar!/assets/textures/hero/dwarf_m_idle_anim_f0.png
11:24:28.716 [JavaFX Application Thread] DEBUG FXGLAssetLoaderServi - Loading from file system: jar:file:///C:/Users/sofia/IdeaProjects/Dungeon/build/libs/Dungeon-1.0-SNAPSHOT.jar!/assets/textures/hero/dwarf_m_idle_anim_f1.png
11:24:28.716 [JavaFX Application Thread] DEBUG FXGLAssetLoaderServi - Loading from file system: jar:file:///C:/Users/sofia/IdeaProjects/Dungeon/build/libs/Dungeon-1.0-SNAPSHOT.jar!/assets/textures/hero/dwarf_m_idle_anim_f2.png
11:24:28.716 [JavaFX Application Thread] DEBUG FXGLAssetLoaderServi - Loading from file system: jar:file:///C:/Users/sofia/IdeaProjects/Dungeon/build/libs/Dungeon-1.0-SNAPSHOT.jar!/assets/textures/hero/dwarf_m_idle_anim_f3.png
11:24:29.708 [JavaFX Application Thread] DEBUG FXGLAssetLoaderServi - Loading from file system: jar:file:///C:/Users/sofia/IdeaProjects/Dungeon/build/libs/Dungeon-1.0-SNAPSHOT.jar!/assets/textures/hero/dwarf_f_idle_anim_f0.png
11:24:29.709 [JavaFX Application Thread] DEBUG FXGLAssetLoaderServi - Loading from file system: jar:file:///C:/Users/sofia/IdeaProjects/Dungeon/build/libs/Dungeon-1.0-SNAPSHOT.jar!/assets/textures/hero/dwarf_f_idle_anim_f1.png
11:24:29.710 [JavaFX Application Thread] DEBUG FXGLAssetLoaderServi - Loading from file system: jar:file:///C:/Users/sofia/IdeaProjects/Dungeon/build/libs/Dungeon-1.0-SNAPSHOT.jar!/assets/textures/hero/dwarf_f_idle_anim_f2.png
11:24:29.710 [JavaFX Application Thread] DEBUG FXGLAssetLoaderServi - Loading from file system: jar:file:///C:/Users/sofia/IdeaProjects/Dungeon/build/libs/Dungeon-1.0-SNAPSHOT.jar!/assets/textures/hero/dwarf_f_idle_anim_f3.png
11:24:37.302 [JavaFX Application Thread] DEBUG Menu                 - fireNewGame()
11:24:37.302 [JavaFX Application Thread] DEBUG GameApplicationServi - Starting new game
11:24:37.302 [JavaFX Application Thread] DEBUG PrimaryStageWindow   - Pop state: MainMenu
11:24:37.302 [JavaFX Application Thread] DEBUG Input                - Clearing active input actions
11:24:37.303 [JavaFX Application Thread] DEBUG GameApplicationServi - Removing overlay from MainMenu and adding to FXGLMainMenuDummyScene
11:24:37.303 [JavaFX Application Thread] DEBUG PrimaryStageWindow   - FXGLMainMenuDummyScene <- MainMenu
11:24:37.304 [JavaFX Application Thread] DEBUG Input                - Clearing active input actions
11:24:37.313 [JavaFX Application Thread] DEBUG GameApplicationServi - Removing overlay from FXGLMainMenuDummyScene and adding to MainLoadingScene
11:24:37.313 [JavaFX Application Thread] DEBUG PrimaryStageWindow   - FXGLMainMenuDummyScene -> MainLoadingScene
11:24:37.313 [JavaFX Application Thread] DEBUG GameApplicationServi - Clearing previous game
11:24:37.313 [JavaFX Application Thread] DEBUG GameScene            - Clearing game scene
11:24:37.313 [JavaFX Application Thread] DEBUG GameWorld            - Clearing game world
11:24:37.313 [JavaFX Application Thread] DEBUG PhysicsWorld         - Clearing physics world
11:24:37.314 [FXGL Background Thread 2 ] DEBUG FXGLApplication      - Initializing game
11:24:37.320 [FXGL Background Thread 2 ] DEBUG Input                - Registered new binding: Restart Level - Enter
11:24:37.323 [FXGL Background Thread 2 ] DEBUG Input                - Registered new binding: Game End - Enter
11:24:37.326 [FXGL Background Thread 2 ] DEBUG AudioPlayer          - Stopping music com.almasb.fxgl.audio.Music@6e305ba2
11:24:37.339 [FXGL Background Thread 2 ] DEBUG AudioPlayer          - Playing music com.almasb.fxgl.audio.Music@1ff78dc8
11:24:37.382 [FXGL Background Thread 2 ] WARN  TMXLevelLoader       - TiledMap generated from 1.10.1. Supported version: 1.9.0. Some features may not be parsed fully.
11:24:37.393 [FXGL Background Thread 2 ] DEBUG TMXLevelLoader       - Parsed TiledMap: jar:file:///C:/Users/sofia/IdeaProjects/Dungeon/build/libs/Dungeon-1.0-SNAPSHOT.jar!/assets/levels/tmx/level0.tmx
11:24:37.393 [FXGL Background Thread 2 ] DEBUG TMXLevelLoader       - Creating tile layer entities
11:24:37.397 [FXGL Background Thread 2 ] DEBUG TilesetLoader        - Loading view for layer floor
11:24:37.397 [FXGL Background Thread 2 ] DEBUG TilesetLoader        - Created buffer with size 480.0x480.0
11:24:37.455 [FXGL Background Thread 2 ] DEBUG TilesetLoader        - Loading view for layer walls
11:24:37.456 [FXGL Background Thread 2 ] DEBUG TilesetLoader        - Created buffer with size 480.0x480.0
11:24:37.457 [FXGL Background Thread 2 ] DEBUG TilesetLoader        - Loading view for layer side-walls
11:24:37.457 [FXGL Background Thread 2 ] DEBUG TilesetLoader        - Created buffer with size 480.0x480.0
11:24:37.458 [FXGL Background Thread 2 ] DEBUG TMXLevelLoader       - Creating object layer entities
11:24:37.468 [FXGL Background Thread 2 ] DEBUG FXGLAssetLoaderServi - Loading from file system: jar:file:///C:/Users/sofia/IdeaProjects/Dungeon/build/libs/Dungeon-1.0-SNAPSHOT.jar!/assets/textures/spike/floor_spikes_anim_f0.png
11:24:37.469 [FXGL Background Thread 2 ] DEBUG FXGLAssetLoaderServi - Loading from file system: jar:file:///C:/Users/sofia/IdeaProjects/Dungeon/build/libs/Dungeon-1.0-SNAPSHOT.jar!/assets/textures/spike/floor_spikes_anim_f1.png
11:24:37.469 [FXGL Background Thread 2 ] DEBUG FXGLAssetLoaderServi - Loading from file system: jar:file:///C:/Users/sofia/IdeaProjects/Dungeon/build/libs/Dungeon-1.0-SNAPSHOT.jar!/assets/textures/spike/floor_spikes_anim_f2.png
11:24:37.469 [FXGL Background Thread 2 ] DEBUG FXGLAssetLoaderServi - Loading from file system: jar:file:///C:/Users/sofia/IdeaProjects/Dungeon/build/libs/Dungeon-1.0-SNAPSHOT.jar!/assets/textures/spike/floor_spikes_anim_f3.png
11:24:37.470 [FXGL Background Thread 2 ] DEBUG FXGLAssetLoaderServi - Loading from file system: jar:file:///C:/Users/sofia/IdeaProjects/Dungeon/build/libs/Dungeon-1.0-SNAPSHOT.jar!/assets/textures/spike/floor_spikes_anim_f4.png
11:24:37.470 [FXGL Background Thread 2 ] DEBUG FXGLAssetLoaderServi - Loading from file system: jar:file:///C:/Users/sofia/IdeaProjects/Dungeon/build/libs/Dungeon-1.0-SNAPSHOT.jar!/assets/textures/spike/floor_spikes_anim_f5.png
11:24:37.470 [FXGL Background Thread 2 ] DEBUG FXGLAssetLoaderServi - Loading from file system: jar:file:///C:/Users/sofia/IdeaProjects/Dungeon/build/libs/Dungeon-1.0-SNAPSHOT.jar!/assets/textures/spike/floor_spikes_anim_f6.png
11:24:37.471 [FXGL Background Thread 2 ] DEBUG FXGLAssetLoaderServi - Loading from file system: jar:file:///C:/Users/sofia/IdeaProjects/Dungeon/build/libs/Dungeon-1.0-SNAPSHOT.jar!/assets/textures/spike/floor_spikes_anim_f7.png
11:24:37.471 [FXGL Background Thread 2 ] DEBUG FXGLAssetLoaderServi - Loading from file system: jar:file:///C:/Users/sofia/IdeaProjects/Dungeon/build/libs/Dungeon-1.0-SNAPSHOT.jar!/assets/textures/spike/floor_spikes_danger_anim_f0.png
11:24:37.479 [FXGL Background Thread 2 ] DEBUG FXGLAssetLoaderServi - Loading from file system: jar:file:///C:/Users/sofia/IdeaProjects/Dungeon/build/libs/Dungeon-1.0-SNAPSHOT.jar!/assets/textures/ladder/floor_ladder.png
11:24:37.482 [FXGL Background Thread 2 ] DEBUG FXGLAssetLoaderServi - Loading from file system: jar:file:///C:/Users/sofia/IdeaProjects/Dungeon/build/libs/Dungeon-1.0-SNAPSHOT.jar!/assets/textures/plate/button_red_up.png
11:24:37.482 [FXGL Background Thread 2 ] DEBUG FXGLAssetLoaderServi - Loading from file system: jar:file:///C:/Users/sofia/IdeaProjects/Dungeon/build/libs/Dungeon-1.0-SNAPSHOT.jar!/assets/textures/plate/button_red_down.png
11:24:37.483 [FXGL Background Thread 2 ] DEBUG FXGLAssetLoaderServi - Loading from file system: jar:file:///C:/Users/sofia/IdeaProjects/Dungeon/build/libs/Dungeon-1.0-SNAPSHOT.jar!/assets/textures/plate/button_blue_up.png
11:24:37.484 [FXGL Background Thread 2 ] DEBUG FXGLAssetLoaderServi - Loading from file system: jar:file:///C:/Users/sofia/IdeaProjects/Dungeon/build/libs/Dungeon-1.0-SNAPSHOT.jar!/assets/textures/plate/button_blue_down.png
11:24:37.484 [FXGL Background Thread 2 ] DEBUG FXGLAssetLoaderServi - Loading from file system: jar:file:///C:/Users/sofia/IdeaProjects/Dungeon/build/libs/Dungeon-1.0-SNAPSHOT.jar!/assets/textures/plate/button_yellow_up.png
11:24:37.484 [FXGL Background Thread 2 ] DEBUG FXGLAssetLoaderServi - Loading from file system: jar:file:///C:/Users/sofia/IdeaProjects/Dungeon/build/libs/Dungeon-1.0-SNAPSHOT.jar!/assets/textures/plate/button_yellow_down.png
11:24:37.487 [FXGL Background Thread 2 ] DEBUG FXGLAssetLoaderServi - Loading from file system: jar:file:///C:/Users/sofia/IdeaProjects/Dungeon/build/libs/Dungeon-1.0-SNAPSHOT.jar!/assets/textures/potion/flask_big_green.png
11:24:37.488 [FXGL Background Thread 2 ] DEBUG FXGLAssetLoaderServi - Loading from file system: jar:file:///C:/Users/sofia/IdeaProjects/Dungeon/build/libs/Dungeon-1.0-SNAPSHOT.jar!/assets/textures/door/doors_leaf_closed.png
11:24:37.489 [FXGL Background Thread 2 ] DEBUG FXGLAssetLoaderServi - Loading from file system: jar:file:///C:/Users/sofia/IdeaProjects/Dungeon/build/libs/Dungeon-1.0-SNAPSHOT.jar!/assets/textures/door/doors_leaf_open.png
11:24:37.500 [FXGL Background Thread 2 ] DEBUG FXGLAssetLoaderServi - Loading from file system: jar:file:///C:/Users/sofia/IdeaProjects/Dungeon/build/libs/Dungeon-1.0-SNAPSHOT.jar!/assets/textures/hero/dwarf_f_run_anim_f0.png
11:24:37.500 [FXGL Background Thread 2 ] DEBUG FXGLAssetLoaderServi - Loading from file system: jar:file:///C:/Users/sofia/IdeaProjects/Dungeon/build/libs/Dungeon-1.0-SNAPSHOT.jar!/assets/textures/hero/dwarf_f_run_anim_f1.png
11:24:37.501 [FXGL Background Thread 2 ] DEBUG FXGLAssetLoaderServi - Loading from file system: jar:file:///C:/Users/sofia/IdeaProjects/Dungeon/build/libs/Dungeon-1.0-SNAPSHOT.jar!/assets/textures/hero/dwarf_f_run_anim_f2.png
11:24:37.501 [FXGL Background Thread 2 ] DEBUG FXGLAssetLoaderServi - Loading from file system: jar:file:///C:/Users/sofia/IdeaProjects/Dungeon/build/libs/Dungeon-1.0-SNAPSHOT.jar!/assets/textures/hero/dwarf_f_run_anim_f3.png
11:24:37.502 [FXGL Background Thread 2 ] DEBUG FXGLAssetLoaderServi - Loading from file system: jar:file:///C:/Users/sofia/IdeaProjects/Dungeon/build/libs/Dungeon-1.0-SNAPSHOT.jar!/assets/textures/hero/dwarf_m_run_anim_f0.png
11:24:37.503 [FXGL Background Thread 2 ] DEBUG FXGLAssetLoaderServi - Loading from file system: jar:file:///C:/Users/sofia/IdeaProjects/Dungeon/build/libs/Dungeon-1.0-SNAPSHOT.jar!/assets/textures/hero/dwarf_m_run_anim_f1.png
11:24:37.503 [FXGL Background Thread 2 ] DEBUG FXGLAssetLoaderServi - Loading from file system: jar:file:///C:/Users/sofia/IdeaProjects/Dungeon/build/libs/Dungeon-1.0-SNAPSHOT.jar!/assets/textures/hero/dwarf_m_run_anim_f2.png
11:24:37.503 [FXGL Background Thread 2 ] DEBUG FXGLAssetLoaderServi - Loading from file system: jar:file:///C:/Users/sofia/IdeaProjects/Dungeon/build/libs/Dungeon-1.0-SNAPSHOT.jar!/assets/textures/hero/dwarf_m_run_anim_f3.png
11:24:37.505 [FXGL Background Thread 2 ] DEBUG GameWorld            - Clearing removable entities
11:24:37.505 [FXGL Background Thread 2 ] DEBUG GameWorld            - Setting level: com.almasb.fxgl.entity.level.Level@6a3cb6e
11:24:37.512 [FXGL Background Thread 2 ] DEBUG FXGLAssetLoaderServi - Loading from file system: jar:file:///C:/Users/sofia/IdeaProjects/Dungeon/build/libs/Dungeon-1.0-SNAPSHOT.jar!/assets/textures/heart/ui_heart_full.png
11:24:37.513 [FXGL Background Thread 2 ] INFO  FXGLApplication      - Game initialization took: 0,199 sec
11:24:37.514 [JavaFX Application Thread] DEBUG Input                - Clearing active input actions
11:24:37.520 [JavaFX Application Thread] DEBUG GameApplicationServi - Removing overlay from MainLoadingScene and adding to GameScene
11:24:37.520 [JavaFX Application Thread] DEBUG PrimaryStageWindow   - MainLoadingScene -> GameScene
11:24:41.681 [JavaFX Application Thread] DEBUG FXGLAssetLoaderServi - Loading from file system: jar:file:///C:/Users/sofia/IdeaProjects/Dungeon/build/libs/Dungeon-1.0-SNAPSHOT.jar!/assets/sounds/spike.wav
11:24:41.972 [JavaFX Application Thread] DEBUG FXGLAssetLoaderServi - Loading from file system: jar:file:///C:/Users/sofia/IdeaProjects/Dungeon/build/libs/Dungeon-1.0-SNAPSHOT.jar!/assets/sounds/heal.wav
11:24:56.338 [JavaFX Application Thread] DEBUG FXGLAssetLoaderServi - Loading from file system: jar:file:///C:/Users/sofia/IdeaProjects/Dungeon/build/libs/Dungeon-1.0-SNAPSHOT.jar!/assets/sounds/ladder.wav
11:24:57.764 [JavaFX Application Thread] DEBUG FXGLAssetLoaderServi - Loading from file system: jar:file:///C:/Users/sofia/IdeaProjects/Dungeon/build/libs/Dungeon-1.0-SNAPSHOT.jar!/assets/sounds/door-open.wav
11:24:58.577 [JavaFX Application Thread] DEBUG FXGLAssetLoaderServi - Loading from file system: jar:file:///C:/Users/sofia/IdeaProjects/Dungeon/build/libs/Dungeon-1.0-SNAPSHOT.jar!/assets/sounds/door-close.wav
11:26:04.717 [JavaFX Application Thread] DEBUG FXGLApplication      - Exiting FXGL
11:26:04.717 [JavaFX Application Thread] DEBUG LoopRunner           - Stopping loop
11:26:04.717 [JavaFX Application Thread] DEBUG SystemBundleService  - Saving FXGL system data
11:26:04.720 [JavaFX Application Thread] DEBUG FileSystemAccess     - Writing to: C:\Users\sofia\IdeaProjects\Dungeon\system\fxgl.bundle
11:26:04.723 [JavaFX Application Thread] DEBUG Async                - Shutting down background threads
11:26:04.723 [JavaFX Application Thread] DEBUG PrimaryStageWindow   - Closing main window
11:26:04.740 [JavaFX Application Thread] DEBUG Logger               - Closing Logger
