14:23:34.089 [main                     ] DEBUG Logger               - Configured Logger
14:23:34.121 [main                     ] DEBUG GameApplication      - Logging settings
Title: Untitled
Version: 0.0
Width: 1280
Height: 720
Fullscreen: false
Intro: false
Profiling: false
Single step:false
App Mode: DEVELOPER
Menu Key: ESCAPE
Stage Style: DECORATED
Scene Factory: class com.lgiacchetta.dungeon.DungeonApp$1

14:23:34.370 [JavaFX Application Thread] DEBUG FXGLApplication      - Initializing FXGL
14:23:34.376 [JavaFX Application Thread] INFO  Engine               - FXGL-17.2 (20.08.2022 16.50) on WINDOWS (J:17.0.6 FX:17.0.2-ea)
14:23:34.376 [JavaFX Application Thread] DEBUG Engine               - JRE Vendor Name: Oracle Corporation
14:23:34.376 [JavaFX Application Thread] DEBUG Engine               - Running on OS: Windows 11 version 10.0
14:23:34.376 [JavaFX Application Thread] DEBUG Engine               - Architecture: amd64
14:23:34.376 [JavaFX Application Thread] INFO  Engine               - Source code and latest versions at: https://github.com/AlmasB/FXGL
14:23:34.377 [JavaFX Application Thread] INFO  Engine               -       Ask questions and discuss at: https://github.com/AlmasB/FXGL/discussions
14:23:34.377 [JavaFX Application Thread] INFO  Engine               -              Join the FXGL chat at: https://gitter.im/AlmasB/FXGL
14:23:34.445 [JavaFX Application Thread] DEBUG PrimaryStageWindow   - Creating a JavaFX scene
14:23:34.482 [JavaFX Application Thread] DEBUG PrimaryStageWindow   - Target settings size: 1280.0 x 720.0
14:23:34.483 [JavaFX Application Thread] DEBUG PrimaryStageWindow   - Scaled scene size:    1280.0 x 720.0
14:23:34.483 [JavaFX Application Thread] DEBUG PrimaryStageWindow   - Scaled ratio: (1.0, 1.0)
14:23:34.484 [JavaFX Application Thread] DEBUG PrimaryStageWindow   - Set initial scene to FXGLStartupScene
14:23:34.490 [JavaFX Application Thread] DEBUG PrimaryStageWindow   - Opening main window
14:23:34.557 [JavaFX Application Thread] DEBUG PrimaryStageWindow   - Window border size: (14.4000244140625, 37.5999755859375)
14:23:34.557 [JavaFX Application Thread] DEBUG PrimaryStageWindow   - Scaled size: 1280.0 x 720.0
14:23:34.558 [JavaFX Application Thread] DEBUG PrimaryStageWindow   - Scaled ratio: (1.0, 1.0)
14:23:34.558 [JavaFX Application Thread] DEBUG PrimaryStageWindow   - Scene size: 1280.0 x 720.0
14:23:34.558 [JavaFX Application Thread] DEBUG PrimaryStageWindow   - Stage size: 1294.4000244140625 x 757.5999755859375
14:23:34.563 [FXGL Background Thread 1 ] DEBUG Engine               - Initializing environment variables
14:23:34.599 [FXGL Background Thread 1 ] DEBUG FXGLAssetLoaderServi - User app class for loading assets: class com.lgiacchetta.dungeon.DungeonApp
14:23:34.599 [FXGL Background Thread 1 ] DEBUG GameApplicationServi - Applying CSS: fxgl_dark.css
14:23:34.600 [FXGL Background Thread 1 ] DEBUG FXGLAssetLoaderServi - Loading from file system: jar:file:///C:/Users/sofia/.gradle/caches/modules-2/files-2.1/com.github.almasb/fxgl/17.2/35db6ae960eec2dcfd19262d3b7f9c42f0e95bc3/fxgl-17.2.jar!/fxglassets/ui/css/fxgl_dark.css
14:23:34.645 [FXGL Background Thread 1 ] DEBUG GameApplicationServi - Initializing application scenes
14:23:34.646 [FXGL Background Thread 1 ] DEBUG FXGLAssetLoaderServi - Loading from file system: jar:file:///C:/Users/sofia/IdeaProjects/Dungeon/build/libs/Dungeon-1.0-SNAPSHOT.jar!/assets/textures/loading.jpg
14:23:34.687 [FXGL Background Thread 1 ] DEBUG FXGLAssetLoaderServi - Loading from file system: jar:file:///C:/Users/sofia/IdeaProjects/Dungeon/build/libs/Dungeon-1.0-SNAPSHOT.jar!/assets/ui/fonts/alagard.ttf
14:23:34.730 [FXGL Background Thread 1 ] DEBUG FXGLAssetLoaderServi - Loading from file system: jar:file:///C:/Users/sofia/IdeaProjects/Dungeon/build/libs/Dungeon-1.0-SNAPSHOT.jar!/assets/music/melody.wav
14:23:34.807 [FXGL Background Thread 1 ] DEBUG FXGLAssetLoaderServi - Loading from file system: jar:file:///C:/Users/sofia/IdeaProjects/Dungeon/build/libs/Dungeon-1.0-SNAPSHOT.jar!/assets/music/menu.wav
14:23:34.894 [FXGL Background Thread 1 ] DEBUG FXGLAssetLoaderServi - Loading from file system: jar:file:///C:/Users/sofia/IdeaProjects/Dungeon/build/libs/Dungeon-1.0-SNAPSHOT.jar!/assets/textures/orc/boss/ogre_run_anim_f0.png
14:23:34.897 [FXGL Background Thread 1 ] DEBUG FXGLAssetLoaderServi - Loading from file system: jar:file:///C:/Users/sofia/IdeaProjects/Dungeon/build/libs/Dungeon-1.0-SNAPSHOT.jar!/assets/textures/orc/boss/ogre_run_anim_f1.png
14:23:34.898 [FXGL Background Thread 1 ] DEBUG FXGLAssetLoaderServi - Loading from file system: jar:file:///C:/Users/sofia/IdeaProjects/Dungeon/build/libs/Dungeon-1.0-SNAPSHOT.jar!/assets/textures/orc/boss/ogre_run_anim_f2.png
14:23:34.899 [FXGL Background Thread 1 ] DEBUG FXGLAssetLoaderServi - Loading from file system: jar:file:///C:/Users/sofia/IdeaProjects/Dungeon/build/libs/Dungeon-1.0-SNAPSHOT.jar!/assets/textures/orc/boss/ogre_run_anim_f3.png
14:23:34.912 [FXGL Background Thread 1 ] DEBUG FXGLAssetLoaderServi - Loading from file system: jar:file:///C:/Users/sofia/IdeaProjects/Dungeon/build/libs/Dungeon-1.0-SNAPSHOT.jar!/assets/textures/demon/boss/big_demon_run_anim_f0.png
14:23:34.912 [FXGL Background Thread 1 ] DEBUG FXGLAssetLoaderServi - Loading from file system: jar:file:///C:/Users/sofia/IdeaProjects/Dungeon/build/libs/Dungeon-1.0-SNAPSHOT.jar!/assets/textures/demon/boss/big_demon_run_anim_f1.png
14:23:34.913 [FXGL Background Thread 1 ] DEBUG FXGLAssetLoaderServi - Loading from file system: jar:file:///C:/Users/sofia/IdeaProjects/Dungeon/build/libs/Dungeon-1.0-SNAPSHOT.jar!/assets/textures/demon/boss/big_demon_run_anim_f2.png
14:23:34.914 [FXGL Background Thread 1 ] DEBUG FXGLAssetLoaderServi - Loading from file system: jar:file:///C:/Users/sofia/IdeaProjects/Dungeon/build/libs/Dungeon-1.0-SNAPSHOT.jar!/assets/textures/demon/boss/big_demon_run_anim_f3.png
14:23:34.916 [FXGL Background Thread 1 ] DEBUG FXGLAssetLoaderServi - Loading from file system: jar:file:///C:/Users/sofia/IdeaProjects/Dungeon/build/libs/Dungeon-1.0-SNAPSHOT.jar!/assets/textures/undead/boss/big_zombie_run_anim_f0.png
14:23:34.916 [FXGL Background Thread 1 ] DEBUG FXGLAssetLoaderServi - Loading from file system: jar:file:///C:/Users/sofia/IdeaProjects/Dungeon/build/libs/Dungeon-1.0-SNAPSHOT.jar!/assets/textures/undead/boss/big_zombie_run_anim_f1.png
14:23:34.917 [FXGL Background Thread 1 ] DEBUG FXGLAssetLoaderServi - Loading from file system: jar:file:///C:/Users/sofia/IdeaProjects/Dungeon/build/libs/Dungeon-1.0-SNAPSHOT.jar!/assets/textures/undead/boss/big_zombie_run_anim_f2.png
14:23:34.918 [FXGL Background Thread 1 ] DEBUG FXGLAssetLoaderServi - Loading from file system: jar:file:///C:/Users/sofia/IdeaProjects/Dungeon/build/libs/Dungeon-1.0-SNAPSHOT.jar!/assets/textures/undead/boss/big_zombie_run_anim_f3.png
14:23:34.918 [FXGL Background Thread 1 ] DEBUG FXGLAssetLoaderServi - Loading from file system: jar:file:///C:/Users/sofia/IdeaProjects/Dungeon/build/libs/Dungeon-1.0-SNAPSHOT.jar!/assets/textures/hero/knight_m_run_anim_f0.png
14:23:34.919 [FXGL Background Thread 1 ] DEBUG FXGLAssetLoaderServi - Loading from file system: jar:file:///C:/Users/sofia/IdeaProjects/Dungeon/build/libs/Dungeon-1.0-SNAPSHOT.jar!/assets/textures/hero/knight_m_run_anim_f1.png
14:23:34.919 [FXGL Background Thread 1 ] DEBUG FXGLAssetLoaderServi - Loading from file system: jar:file:///C:/Users/sofia/IdeaProjects/Dungeon/build/libs/Dungeon-1.0-SNAPSHOT.jar!/assets/textures/hero/knight_m_run_anim_f2.png
14:23:34.920 [FXGL Background Thread 1 ] DEBUG FXGLAssetLoaderServi - Loading from file system: jar:file:///C:/Users/sofia/IdeaProjects/Dungeon/build/libs/Dungeon-1.0-SNAPSHOT.jar!/assets/textures/hero/knight_m_run_anim_f3.png
14:23:34.922 [FXGL Background Thread 1 ] DEBUG GameWorld            - Game world initialized
14:23:34.960 [FXGL Background Thread 1 ] DEBUG PhysicsWorld         - Physics world initialized: appHeight=720, physics.ppm=50,0
14:23:34.960 [FXGL Background Thread 1 ] DEBUG PhysicsWorld         - Using strategy: BRUTE_FORCE
14:23:34.964 [FXGL Background Thread 1 ] DEBUG GameScene            - Game scene initialized: 1280x720
14:23:34.974 [FXGL Background Thread 1 ] DEBUG GameApplicationServi - Application scenes initialized
14:23:34.981 [FXGL Background Thread 1 ] DEBUG SystemBundleService  - Loading FXGL system data
14:23:34.985 [FXGL Background Thread 1 ] DEBUG FileSystemAccess     - Reading from: C:\Users\sofia\IdeaProjects\Dungeon\system\fxgl.bundle
14:23:34.991 [FXGL Background Thread 1 ] DEBUG SystemBundleService  - Bundle FXGL: {}
14:23:34.991 [FXGL Background Thread 1 ] DEBUG UpdaterService       - Checking for updates
14:23:34.995 [FXGL Background Thread 4 ] DEBUG FXGLApplication      - Loading fonts
14:23:34.996 [FXGL Background Thread 4 ] DEBUG FXGLAssetLoaderServi - Loading from file system: jar:file:///C:/Users/sofia/.gradle/caches/modules-2/files-2.1/com.github.almasb/fxgl/17.2/35db6ae960eec2dcfd19262d3b7f9c42f0e95bc3/fxgl-17.2.jar!/fxglassets/ui/fonts/VarelaRound-Regular.ttf
14:23:34.996 [FXGL Background Thread 1 ] DEBUG FXGLApplication      - Loading default localization
14:23:34.996 [FXGL Background Thread 1 ] DEBUG FXGLAssetLoaderServi - Loading from file system: jar:file:///C:/Users/sofia/.gradle/caches/modules-2/files-2.1/com.github.almasb/fxgl/17.2/35db6ae960eec2dcfd19262d3b7f9c42f0e95bc3/fxgl-17.2.jar!/fxglassets/languages/english.lang
14:23:34.998 [FXGL Background Thread 4 ] DEBUG FXGLAssetLoaderServi - Loading from file system: jar:file:///C:/Users/sofia/.gradle/caches/modules-2/files-2.1/com.github.almasb/fxgl/17.2/35db6ae960eec2dcfd19262d3b7f9c42f0e95bc3/fxgl-17.2.jar!/fxglassets/ui/fonts/Abel-Regular.ttf
14:23:35.001 [FXGL Background Thread 4 ] DEBUG FXGLAssetLoaderServi - Loading from file system: jar:file:///C:/Users/sofia/.gradle/caches/modules-2/files-2.1/com.github.almasb/fxgl/17.2/35db6ae960eec2dcfd19262d3b7f9c42f0e95bc3/fxgl-17.2.jar!/fxglassets/ui/fonts/TerminalLandMono-Regular.otf
14:23:35.004 [FXGL Background Thread 4 ] DEBUG FXGLAssetLoaderServi - Loading from file system: jar:file:///C:/Users/sofia/.gradle/caches/modules-2/files-2.1/com.github.almasb/fxgl/17.2/35db6ae960eec2dcfd19262d3b7f9c42f0e95bc3/fxgl-17.2.jar!/fxglassets/ui/fonts/Courier-Prime.ttf
14:23:35.007 [FXGL Background Thread 1 ] INFO  FXGLApplication      - FXGL initialization took: 0,445 sec
14:23:35.014 [JavaFX Application Thread] DEBUG Input                - Registered new binding: Up1 - W
14:23:35.014 [JavaFX Application Thread] DEBUG Input                - Registered new binding: Left1 - A
14:23:35.014 [JavaFX Application Thread] DEBUG Input                - Registered new binding: Down1 - S
14:23:35.014 [JavaFX Application Thread] DEBUG Input                - Registered new binding: Right1 - D
14:23:35.015 [JavaFX Application Thread] DEBUG Input                - Registered new binding: Up2 - Up
14:23:35.015 [JavaFX Application Thread] DEBUG Input                - Registered new binding: Left2 - Left
14:23:35.015 [JavaFX Application Thread] DEBUG Input                - Registered new binding: Down2 - Down
14:23:35.015 [JavaFX Application Thread] DEBUG Input                - Registered new binding: Right2 - Right
14:23:35.015 [JavaFX Application Thread] DEBUG AudioPlayer          - Playing music com.almasb.fxgl.audio.Music@6e305ba2
14:23:35.017 [JavaFX Application Thread] DEBUG FXGLAssetLoaderServi - Loading from file system: jar:file:///C:/Users/sofia/.gradle/caches/modules-2/files-2.1/com.github.almasb/fxgl/17.2/35db6ae960eec2dcfd19262d3b7f9c42f0e95bc3/fxgl-17.2.jar!/fxglassets/textures/fxgl_icon.png
14:23:35.039 [JavaFX Application Thread] DEBUG FXGLAssetLoaderServi - Loading from file system: jar:file:///C:/Users/sofia/IdeaProjects/Dungeon/build/libs/Dungeon-1.0-SNAPSHOT.jar!/assets/textures/cursor.png
14:23:35.040 [JavaFX Application Thread] DEBUG Input                - Registered new binding: Screenshot - CTRL+8
14:23:35.040 [JavaFX Application Thread] DEBUG Input                - Registered new binding: System info dump - CTRL+9
14:23:35.041 [JavaFX Application Thread] DEBUG Input                - Registered new binding: Restart - CTRL+R
14:23:35.041 [JavaFX Application Thread] DEBUG Input                - Registered new binding: Toggle Debug Camera - CTRL+7
14:23:35.042 [JavaFX Application Thread] DEBUG LoopRunner           - Starting loop
14:23:35.042 [JavaFX Application Thread] DEBUG LoopRunner           - Initializing JavaFX AnimationTimerLoop
14:23:35.044 [JavaFX Application Thread] DEBUG Input                - Clearing active input actions
14:23:35.053 [JavaFX Application Thread] DEBUG GameApplicationServi - Removing overlay from FXGLStartupScene and adding to FXGLMainMenuDummyScene
14:23:35.053 [JavaFX Application Thread] DEBUG PrimaryStageWindow   - FXGLStartupScene -> FXGLMainMenuDummyScene
14:23:35.054 [JavaFX Application Thread] DEBUG PrimaryStageWindow   - Push state: MainMenu
14:23:35.054 [JavaFX Application Thread] DEBUG Input                - Clearing active input actions
14:23:35.057 [JavaFX Application Thread] DEBUG GameApplicationServi - Removing overlay from FXGLMainMenuDummyScene and adding to MainMenu
14:23:35.057 [JavaFX Application Thread] DEBUG PrimaryStageWindow   - FXGLMainMenuDummyScene -> MainMenu
14:23:35.057 [JavaFX Application Thread] DEBUG FXGLApplication      - Registering font factories with UI factory
14:23:35.355 [FXGL Background Thread 2 ] INFO  UpdaterService       - Your current version:  17.2
14:23:35.355 [FXGL Background Thread 2 ] INFO  UpdaterService       - Latest stable version: 17.3
14:23:35.998 [JavaFX Application Thread] DEBUG Menu                 - fireNewGame()
14:23:35.999 [JavaFX Application Thread] DEBUG GameApplicationServi - Starting new game
14:23:35.999 [JavaFX Application Thread] DEBUG PrimaryStageWindow   - Pop state: MainMenu
14:23:35.999 [JavaFX Application Thread] DEBUG Input                - Clearing active input actions
14:23:36.000 [JavaFX Application Thread] DEBUG GameApplicationServi - Removing overlay from MainMenu and adding to FXGLMainMenuDummyScene
14:23:36.000 [JavaFX Application Thread] DEBUG PrimaryStageWindow   - FXGLMainMenuDummyScene <- MainMenu
14:23:36.000 [JavaFX Application Thread] DEBUG Input                - Clearing active input actions
14:23:36.007 [JavaFX Application Thread] DEBUG GameApplicationServi - Removing overlay from FXGLMainMenuDummyScene and adding to MainLoadingScene
14:23:36.007 [JavaFX Application Thread] DEBUG PrimaryStageWindow   - FXGLMainMenuDummyScene -> MainLoadingScene
14:23:36.007 [JavaFX Application Thread] DEBUG GameApplicationServi - Clearing previous game
14:23:36.007 [JavaFX Application Thread] DEBUG GameScene            - Clearing game scene
14:23:36.007 [JavaFX Application Thread] DEBUG GameWorld            - Clearing game world
14:23:36.007 [JavaFX Application Thread] DEBUG PhysicsWorld         - Clearing physics world
14:23:36.008 [FXGL Background Thread 2 ] DEBUG FXGLApplication      - Initializing game
14:23:36.013 [FXGL Background Thread 2 ] DEBUG Input                - Registered new binding: Restart Level - Enter
14:23:36.014 [FXGL Background Thread 2 ] DEBUG Input                - Registered new binding: Pass to the next Level - Enter
14:23:36.016 [FXGL Background Thread 2 ] DEBUG Input                - Registered new binding: Game End - Enter
14:23:36.020 [FXGL Background Thread 2 ] DEBUG AudioPlayer          - Stopping music com.almasb.fxgl.audio.Music@6e305ba2
14:23:36.021 [FXGL Background Thread 2 ] DEBUG AudioPlayer          - Playing music com.almasb.fxgl.audio.Music@22026e18
14:23:36.040 [FXGL Background Thread 2 ] WARN  TMXLevelLoader       - TiledMap generated from 1.10.1. Supported version: 1.9.0. Some features may not be parsed fully.
14:23:36.053 [FXGL Background Thread 2 ] DEBUG TMXLevelLoader       - Parsed TiledMap: jar:file:///C:/Users/sofia/IdeaProjects/Dungeon/build/libs/Dungeon-1.0-SNAPSHOT.jar!/assets/levels/tmx/level0.tmx
14:23:36.055 [FXGL Background Thread 2 ] DEBUG TMXLevelLoader       - Creating tile layer entities
14:23:36.056 [FXGL Background Thread 2 ] DEBUG TilesetLoader        - Loading view for layer floor
14:23:36.057 [FXGL Background Thread 2 ] DEBUG TilesetLoader        - Created buffer with size 480.0x480.0
14:23:36.188 [FXGL Background Thread 2 ] DEBUG TilesetLoader        - Loading view for layer walls
14:23:36.189 [FXGL Background Thread 2 ] DEBUG TilesetLoader        - Created buffer with size 480.0x480.0
14:23:36.191 [FXGL Background Thread 2 ] DEBUG TilesetLoader        - Loading view for layer side-walls
14:23:36.192 [FXGL Background Thread 2 ] DEBUG TilesetLoader        - Created buffer with size 480.0x480.0
14:23:36.192 [FXGL Background Thread 2 ] DEBUG TMXLevelLoader       - Creating object layer entities
14:23:36.199 [FXGL Background Thread 2 ] DEBUG FXGLAssetLoaderServi - Loading from file system: jar:file:///C:/Users/sofia/IdeaProjects/Dungeon/build/libs/Dungeon-1.0-SNAPSHOT.jar!/assets/textures/spike/floor_spikes_anim_f0.png
14:23:36.201 [FXGL Background Thread 2 ] DEBUG FXGLAssetLoaderServi - Loading from file system: jar:file:///C:/Users/sofia/IdeaProjects/Dungeon/build/libs/Dungeon-1.0-SNAPSHOT.jar!/assets/textures/spike/floor_spikes_anim_f1.png
14:23:36.201 [FXGL Background Thread 2 ] DEBUG FXGLAssetLoaderServi - Loading from file system: jar:file:///C:/Users/sofia/IdeaProjects/Dungeon/build/libs/Dungeon-1.0-SNAPSHOT.jar!/assets/textures/spike/floor_spikes_anim_f2.png
14:23:36.201 [FXGL Background Thread 2 ] DEBUG FXGLAssetLoaderServi - Loading from file system: jar:file:///C:/Users/sofia/IdeaProjects/Dungeon/build/libs/Dungeon-1.0-SNAPSHOT.jar!/assets/textures/spike/floor_spikes_anim_f3.png
14:23:36.202 [FXGL Background Thread 2 ] DEBUG FXGLAssetLoaderServi - Loading from file system: jar:file:///C:/Users/sofia/IdeaProjects/Dungeon/build/libs/Dungeon-1.0-SNAPSHOT.jar!/assets/textures/spike/floor_spikes_anim_f4.png
14:23:36.202 [FXGL Background Thread 2 ] DEBUG FXGLAssetLoaderServi - Loading from file system: jar:file:///C:/Users/sofia/IdeaProjects/Dungeon/build/libs/Dungeon-1.0-SNAPSHOT.jar!/assets/textures/spike/floor_spikes_anim_f5.png
14:23:36.202 [FXGL Background Thread 2 ] DEBUG FXGLAssetLoaderServi - Loading from file system: jar:file:///C:/Users/sofia/IdeaProjects/Dungeon/build/libs/Dungeon-1.0-SNAPSHOT.jar!/assets/textures/spike/floor_spikes_anim_f6.png
14:23:36.202 [FXGL Background Thread 2 ] DEBUG FXGLAssetLoaderServi - Loading from file system: jar:file:///C:/Users/sofia/IdeaProjects/Dungeon/build/libs/Dungeon-1.0-SNAPSHOT.jar!/assets/textures/spike/floor_spikes_anim_f7.png
14:23:36.202 [FXGL Background Thread 2 ] DEBUG FXGLAssetLoaderServi - Loading from file system: jar:file:///C:/Users/sofia/IdeaProjects/Dungeon/build/libs/Dungeon-1.0-SNAPSHOT.jar!/assets/textures/spike/floor_spikes_danger_anim_f0.png
14:23:36.208 [FXGL Background Thread 2 ] DEBUG FXGLAssetLoaderServi - Loading from file system: jar:file:///C:/Users/sofia/IdeaProjects/Dungeon/build/libs/Dungeon-1.0-SNAPSHOT.jar!/assets/textures/ladder/floor_ladder.png
14:23:36.211 [FXGL Background Thread 2 ] DEBUG FXGLAssetLoaderServi - Loading from file system: jar:file:///C:/Users/sofia/IdeaProjects/Dungeon/build/libs/Dungeon-1.0-SNAPSHOT.jar!/assets/textures/plate/button_red_up.png
14:23:36.211 [FXGL Background Thread 2 ] DEBUG FXGLAssetLoaderServi - Loading from file system: jar:file:///C:/Users/sofia/IdeaProjects/Dungeon/build/libs/Dungeon-1.0-SNAPSHOT.jar!/assets/textures/plate/button_red_down.png
14:23:36.212 [FXGL Background Thread 2 ] DEBUG FXGLAssetLoaderServi - Loading from file system: jar:file:///C:/Users/sofia/IdeaProjects/Dungeon/build/libs/Dungeon-1.0-SNAPSHOT.jar!/assets/textures/plate/button_blue_up.png
14:23:36.213 [FXGL Background Thread 2 ] DEBUG FXGLAssetLoaderServi - Loading from file system: jar:file:///C:/Users/sofia/IdeaProjects/Dungeon/build/libs/Dungeon-1.0-SNAPSHOT.jar!/assets/textures/plate/button_blue_down.png
14:23:36.213 [FXGL Background Thread 2 ] DEBUG FXGLAssetLoaderServi - Loading from file system: jar:file:///C:/Users/sofia/IdeaProjects/Dungeon/build/libs/Dungeon-1.0-SNAPSHOT.jar!/assets/textures/plate/button_yellow_up.png
14:23:36.213 [FXGL Background Thread 2 ] DEBUG FXGLAssetLoaderServi - Loading from file system: jar:file:///C:/Users/sofia/IdeaProjects/Dungeon/build/libs/Dungeon-1.0-SNAPSHOT.jar!/assets/textures/plate/button_yellow_down.png
14:23:36.217 [FXGL Background Thread 2 ] DEBUG FXGLAssetLoaderServi - Loading from file system: jar:file:///C:/Users/sofia/IdeaProjects/Dungeon/build/libs/Dungeon-1.0-SNAPSHOT.jar!/assets/textures/potion/flask_big_green.png
14:23:36.218 [FXGL Background Thread 2 ] DEBUG FXGLAssetLoaderServi - Loading from file system: jar:file:///C:/Users/sofia/IdeaProjects/Dungeon/build/libs/Dungeon-1.0-SNAPSHOT.jar!/assets/textures/door/doors_leaf_closed.png
14:23:36.218 [FXGL Background Thread 2 ] DEBUG FXGLAssetLoaderServi - Loading from file system: jar:file:///C:/Users/sofia/IdeaProjects/Dungeon/build/libs/Dungeon-1.0-SNAPSHOT.jar!/assets/textures/door/doors_leaf_open.png
14:23:36.228 [FXGL Background Thread 2 ] DEBUG FXGLAssetLoaderServi - Loading from file system: jar:file:///C:/Users/sofia/IdeaProjects/Dungeon/build/libs/Dungeon-1.0-SNAPSHOT.jar!/assets/textures/hero/knight_f_idle_anim_f0.png
14:23:36.228 [FXGL Background Thread 2 ] DEBUG FXGLAssetLoaderServi - Loading from file system: jar:file:///C:/Users/sofia/IdeaProjects/Dungeon/build/libs/Dungeon-1.0-SNAPSHOT.jar!/assets/textures/hero/knight_f_idle_anim_f1.png
14:23:36.228 [FXGL Background Thread 2 ] DEBUG FXGLAssetLoaderServi - Loading from file system: jar:file:///C:/Users/sofia/IdeaProjects/Dungeon/build/libs/Dungeon-1.0-SNAPSHOT.jar!/assets/textures/hero/knight_f_idle_anim_f2.png
14:23:36.228 [FXGL Background Thread 2 ] DEBUG FXGLAssetLoaderServi - Loading from file system: jar:file:///C:/Users/sofia/IdeaProjects/Dungeon/build/libs/Dungeon-1.0-SNAPSHOT.jar!/assets/textures/hero/knight_f_idle_anim_f3.png
14:23:36.230 [FXGL Background Thread 2 ] DEBUG FXGLAssetLoaderServi - Loading from file system: jar:file:///C:/Users/sofia/IdeaProjects/Dungeon/build/libs/Dungeon-1.0-SNAPSHOT.jar!/assets/textures/hero/knight_f_run_anim_f0.png
14:23:36.230 [FXGL Background Thread 2 ] DEBUG FXGLAssetLoaderServi - Loading from file system: jar:file:///C:/Users/sofia/IdeaProjects/Dungeon/build/libs/Dungeon-1.0-SNAPSHOT.jar!/assets/textures/hero/knight_f_run_anim_f1.png
14:23:36.231 [FXGL Background Thread 2 ] DEBUG FXGLAssetLoaderServi - Loading from file system: jar:file:///C:/Users/sofia/IdeaProjects/Dungeon/build/libs/Dungeon-1.0-SNAPSHOT.jar!/assets/textures/hero/knight_f_run_anim_f2.png
14:23:36.232 [FXGL Background Thread 2 ] DEBUG FXGLAssetLoaderServi - Loading from file system: jar:file:///C:/Users/sofia/IdeaProjects/Dungeon/build/libs/Dungeon-1.0-SNAPSHOT.jar!/assets/textures/hero/knight_f_run_anim_f3.png
14:23:36.233 [FXGL Background Thread 2 ] DEBUG FXGLAssetLoaderServi - Loading from file system: jar:file:///C:/Users/sofia/IdeaProjects/Dungeon/build/libs/Dungeon-1.0-SNAPSHOT.jar!/assets/textures/hero/knight_m_idle_anim_f0.png
14:23:36.233 [FXGL Background Thread 2 ] DEBUG FXGLAssetLoaderServi - Loading from file system: jar:file:///C:/Users/sofia/IdeaProjects/Dungeon/build/libs/Dungeon-1.0-SNAPSHOT.jar!/assets/textures/hero/knight_m_idle_anim_f1.png
14:23:36.234 [FXGL Background Thread 2 ] DEBUG FXGLAssetLoaderServi - Loading from file system: jar:file:///C:/Users/sofia/IdeaProjects/Dungeon/build/libs/Dungeon-1.0-SNAPSHOT.jar!/assets/textures/hero/knight_m_idle_anim_f2.png
14:23:36.234 [FXGL Background Thread 2 ] DEBUG FXGLAssetLoaderServi - Loading from file system: jar:file:///C:/Users/sofia/IdeaProjects/Dungeon/build/libs/Dungeon-1.0-SNAPSHOT.jar!/assets/textures/hero/knight_m_idle_anim_f3.png
14:23:36.236 [FXGL Background Thread 2 ] DEBUG GameWorld            - Clearing removable entities
14:23:36.237 [FXGL Background Thread 2 ] DEBUG GameWorld            - Setting level: com.almasb.fxgl.entity.level.Level@7440d54c
14:23:36.246 [FXGL Background Thread 2 ] DEBUG FXGLAssetLoaderServi - Loading from file system: jar:file:///C:/Users/sofia/IdeaProjects/Dungeon/build/libs/Dungeon-1.0-SNAPSHOT.jar!/assets/textures/heart/ui_heart_full.png
14:23:36.248 [FXGL Background Thread 2 ] INFO  FXGLApplication      - Game initialization took: 0,239 sec
14:23:36.248 [JavaFX Application Thread] DEBUG Input                - Clearing active input actions
14:23:36.254 [JavaFX Application Thread] DEBUG GameApplicationServi - Removing overlay from MainLoadingScene and adding to GameScene
14:23:36.255 [JavaFX Application Thread] DEBUG PrimaryStageWindow   - MainLoadingScene -> GameScene
14:23:37.996 [FXGL Background Thread 3 ] DEBUG Engine               - Logging environment variables
14:23:37.997 [FXGL Background Thread 3 ] DEBUG Engine               - achievements: []
14:23:37.997 [FXGL Background Thread 3 ] DEBUG Engine               - actualHeight: 720.0
14:23:37.997 [FXGL Background Thread 3 ] DEBUG Engine               - actualHeightProperty: ReadOnlyDoubleProperty [value: 720.0]
14:23:37.997 [FXGL Background Thread 3 ] DEBUG Engine               - actualWidth: 1280.0
14:23:37.997 [FXGL Background Thread 3 ] DEBUG Engine               - actualWidthProperty: ReadOnlyDoubleProperty [value: 1280.0]
14:23:37.997 [FXGL Background Thread 3 ] DEBUG Engine               - appIcon: fxgl_icon.png
14:23:37.997 [FXGL Background Thread 3 ] DEBUG Engine               - applicationMode: DEVELOPER
14:23:37.998 [FXGL Background Thread 3 ] DEBUG Engine               - cSSList: [fxgl_dark.css]
14:23:37.998 [FXGL Background Thread 3 ] DEBUG Engine               - collisionDetectionStrategy: BRUTE_FORCE
14:23:37.998 [FXGL Background Thread 3 ] DEBUG Engine               - configClass: Optional.empty
14:23:37.998 [FXGL Background Thread 3 ] DEBUG Engine               - credits: []
14:23:38.000 [FXGL Background Thread 3 ] DEBUG Engine               - defaultCursor: CursorInfo(imageName=cursor.png, hotspotX=5.0, hotspotY=3.0)
14:23:38.000 [FXGL Background Thread 3 ] DEBUG Engine               - devBBoxColorProperty: ObjectProperty [value: 0xff0000ff]
14:23:38.000 [FXGL Background Thread 3 ] DEBUG Engine               - devEnableDebugCameraProperty: BooleanProperty [value: false]
14:23:38.000 [FXGL Background Thread 3 ] DEBUG Engine               - devSensorColorProperty: ObjectProperty [value: 0xffff00ff]
14:23:38.000 [FXGL Background Thread 3 ] DEBUG Engine               - devShowBBoxProperty: BooleanProperty [value: false]
14:23:38.000 [FXGL Background Thread 3 ] DEBUG Engine               - devShowPositionProperty: BooleanProperty [value: false]
14:23:38.000 [FXGL Background Thread 3 ] DEBUG Engine               - enabledMenuItems: []
14:23:38.000 [FXGL Background Thread 3 ] DEBUG Engine               - engineServices: [class com.almasb.fxgl.app.services.FXGLAssetLoaderService, class com.almasb.fxgl.app.FXGLApplication$GameApplicationService, class com.almasb.fxgl.app.services.FXGLDialogService, class com.almasb.fxgl.app.services.IOTaskExecutorService, class com.almasb.fxgl.io.FileSystemService, class com.almasb.fxgl.localization.LocalizationService, class com.almasb.fxgl.app.services.SystemBundleService, class com.almasb.fxgl.profile.SaveLoadService, class com.almasb.fxgl.ui.FXGLUIFactoryServiceProvider, class com.almasb.fxgl.ui.FXGLDialogFactoryServiceProvider, class com.almasb.fxgl.audio.AudioPlayer, class com.almasb.fxgl.notification.impl.NotificationServiceProvider, class com.almasb.fxgl.achievement.AchievementService, class com.almasb.fxgl.cutscene.CutsceneService, class com.almasb.fxgl.minigames.MiniGameService, class com.almasb.fxgl.net.NetService, class com.almasb.fxgl.app.services.UpdaterService, class com.almasb.fxgl.dev.DevService]
14:23:38.000 [FXGL Background Thread 3 ] DEBUG Engine               - fontGame: Abel-Regular.ttf
14:23:38.000 [FXGL Background Thread 3 ] DEBUG Engine               - fontMono: TerminalLandMono-Regular.otf
14:23:38.000 [FXGL Background Thread 3 ] DEBUG Engine               - fontText: Courier-Prime.ttf
14:23:38.000 [FXGL Background Thread 3 ] DEBUG Engine               - fontUI: VarelaRound-Regular.ttf
14:23:38.000 [FXGL Background Thread 3 ] DEBUG Engine               - fullScreen: BooleanProperty [value: false]
14:23:38.001 [FXGL Background Thread 3 ] DEBUG Engine               - gameDifficulty: MEDIUM
14:23:38.001 [FXGL Background Thread 3 ] DEBUG Engine               - gameDifficultyProperty: ObjectProperty [value: MEDIUM]
14:23:38.001 [FXGL Background Thread 3 ] DEBUG Engine               - globalMusicVolume: 0.5
14:23:38.001 [FXGL Background Thread 3 ] DEBUG Engine               - globalMusicVolumeProperty: DoubleProperty [value: 0.25]
14:23:38.001 [FXGL Background Thread 3 ] DEBUG Engine               - globalSoundVolume: 0.5
14:23:38.001 [FXGL Background Thread 3 ] DEBUG Engine               - globalSoundVolumeProperty: DoubleProperty [value: 0.5]
14:23:38.001 [FXGL Background Thread 3 ] DEBUG Engine               - height: 720
14:23:38.001 [FXGL Background Thread 3 ] DEBUG Engine               - is3D: false
14:23:38.001 [FXGL Background Thread 3 ] DEBUG Engine               - isAndroid: false
14:23:38.001 [FXGL Background Thread 3 ] DEBUG Engine               - isBrowser: false
14:23:38.001 [FXGL Background Thread 3 ] DEBUG Engine               - isClickFeedbackEnabled: false
14:23:38.001 [FXGL Background Thread 3 ] DEBUG Engine               - isCloseConfirmation: false
14:23:38.001 [FXGL Background Thread 3 ] DEBUG Engine               - isDesktop: true
14:23:38.001 [FXGL Background Thread 3 ] DEBUG Engine               - isDeveloperMenuEnabled: false
14:23:38.001 [FXGL Background Thread 3 ] DEBUG Engine               - isEmbedded: false
14:23:38.001 [FXGL Background Thread 3 ] DEBUG Engine               - isEntityPreloadEnabled: true
14:23:38.002 [FXGL Background Thread 3 ] DEBUG Engine               - isExperimentalTiledLargeMap: false
14:23:38.002 [FXGL Background Thread 3 ] DEBUG Engine               - isFileSystemWriteAllowed: true
14:23:38.002 [FXGL Background Thread 3 ] DEBUG Engine               - isFullScreenAllowed: false
14:23:38.002 [FXGL Background Thread 3 ] DEBUG Engine               - isFullScreenFromStart: false
14:23:38.002 [FXGL Background Thread 3 ] DEBUG Engine               - isGameMenuEnabled: true
14:23:38.002 [FXGL Background Thread 3 ] DEBUG Engine               - isIOS: false
14:23:38.002 [FXGL Background Thread 3 ] DEBUG Engine               - isIntroEnabled: false
14:23:38.002 [FXGL Background Thread 3 ] DEBUG Engine               - isLinux: false
14:23:38.002 [FXGL Background Thread 3 ] DEBUG Engine               - isMac: false
14:23:38.002 [FXGL Background Thread 3 ] DEBUG Engine               - isMainMenuEnabled: true
14:23:38.002 [FXGL Background Thread 3 ] DEBUG Engine               - isManualResizeEnabled: false
14:23:38.002 [FXGL Background Thread 3 ] DEBUG Engine               - isMobile: false
14:23:38.002 [FXGL Background Thread 3 ] DEBUG Engine               - isNative: false
14:23:38.002 [FXGL Background Thread 3 ] DEBUG Engine               - isPauseMusicWhenMinimized: true
14:23:38.002 [FXGL Background Thread 3 ] DEBUG Engine               - isPreserveResizeRatio: false
14:23:38.002 [FXGL Background Thread 3 ] DEBUG Engine               - isProfilingEnabled: false
14:23:38.002 [FXGL Background Thread 3 ] DEBUG Engine               - isScaleAffectedOnResize: true
14:23:38.002 [FXGL Background Thread 3 ] DEBUG Engine               - isSingleStep: false
14:23:38.002 [FXGL Background Thread 3 ] DEBUG Engine               - isUserProfileEnabled: false
14:23:38.002 [FXGL Background Thread 3 ] DEBUG Engine               - isWindows: true
14:23:38.002 [FXGL Background Thread 3 ] DEBUG Engine               - language: ObjectProperty [value: ENGLISH]
14:23:38.002 [FXGL Background Thread 3 ] DEBUG Engine               - menuKey: ESCAPE
14:23:38.002 [FXGL Background Thread 3 ] DEBUG Engine               - mouseSensitivity: 0.2
14:23:38.002 [FXGL Background Thread 3 ] DEBUG Engine               - notificationViewClass: class com.almasb.fxgl.notification.view.XboxNotificationView
14:23:38.002 [FXGL Background Thread 3 ] DEBUG Engine               - pixelsPerMeter: 50.0
14:23:38.002 [FXGL Background Thread 3 ] DEBUG Engine               - platform: WINDOWS
14:23:38.002 [FXGL Background Thread 3 ] DEBUG Engine               - prefHeightProperty: ReadOnlyDoubleProperty [value: 720.0]
14:23:38.002 [FXGL Background Thread 3 ] DEBUG Engine               - prefWidthProperty: ReadOnlyDoubleProperty [value: 1280.0]
14:23:38.003 [FXGL Background Thread 3 ] DEBUG Engine               - profileDir: profiles/
14:23:38.003 [FXGL Background Thread 3 ] DEBUG Engine               - profileName: StringProperty [value: DEFAULT]
14:23:38.003 [FXGL Background Thread 3 ] DEBUG Engine               - randomSeed: -1
14:23:38.004 [FXGL Background Thread 3 ] DEBUG Engine               - runtimeInfo: RuntimeInfo(platform=WINDOWS, version=17.2, build=20.08.2022 16.50)
14:23:38.004 [FXGL Background Thread 3 ] DEBUG Engine               - saveFileExt: sav
14:23:38.004 [FXGL Background Thread 3 ] DEBUG Engine               - scaledHeightProp$fxgl: DoubleProperty [bound, value: 720.0]
14:23:38.004 [FXGL Background Thread 3 ] DEBUG Engine               - scaledWidthProp$fxgl: DoubleProperty [bound, value: 1280.0]
14:23:38.004 [FXGL Background Thread 3 ] DEBUG Engine               - sceneFactory: com.lgiacchetta.dungeon.DungeonApp$1@677f4ff1
14:23:38.004 [FXGL Background Thread 3 ] DEBUG Engine               - secondsIn24h: 60
14:23:38.004 [FXGL Background Thread 3 ] DEBUG Engine               - soundMenuBack: menu/back.wav
14:23:38.004 [FXGL Background Thread 3 ] DEBUG Engine               - soundMenuPress: menu/press.wav
14:23:38.004 [FXGL Background Thread 3 ] DEBUG Engine               - soundMenuSelect: menu/select.wav
14:23:38.004 [FXGL Background Thread 3 ] DEBUG Engine               - soundNotification: core/notification.wav
14:23:38.004 [FXGL Background Thread 3 ] DEBUG Engine               - stageStyle: DECORATED
14:23:38.004 [FXGL Background Thread 3 ] DEBUG Engine               - supportedLanguages: [ENGLISH, FRENCH, GERMAN, HUNGARIAN, RUSSIAN]
14:23:38.004 [FXGL Background Thread 3 ] DEBUG Engine               - ticksPerSecond: -1
14:23:38.004 [FXGL Background Thread 3 ] DEBUG Engine               - title: Untitled
14:23:38.004 [FXGL Background Thread 3 ] DEBUG Engine               - urlGithub: https://github.com/AlmasB/FXGL
14:23:38.004 [FXGL Background Thread 3 ] DEBUG Engine               - urlLeaderboard: http://fxgl-top.herokuapp.com/
14:23:38.004 [FXGL Background Thread 3 ] DEBUG Engine               - urlPOM: https://raw.githubusercontent.com/AlmasB/FXGL/release/README.md
14:23:38.004 [FXGL Background Thread 3 ] DEBUG Engine               - userAppClass: class com.lgiacchetta.dungeon.DungeonApp
14:23:38.004 [FXGL Background Thread 3 ] DEBUG Engine               - version: 0.0
14:23:38.004 [FXGL Background Thread 3 ] DEBUG Engine               - versionCheckDays: 7
14:23:38.004 [FXGL Background Thread 3 ] DEBUG Engine               - width: 1280
14:23:38.005 [FXGL Background Thread 3 ] DEBUG Engine               - Logging services
14:23:38.005 [FXGL Background Thread 3 ] DEBUG Engine               - class com.almasb.fxgl.app.services.FXGLAssetLoaderService
14:23:38.005 [FXGL Background Thread 3 ] DEBUG Engine               - class com.almasb.fxgl.app.FXGLApplication$GameApplicationService
14:23:38.005 [FXGL Background Thread 3 ] DEBUG Engine               - class com.almasb.fxgl.app.services.FXGLDialogService
14:23:38.005 [FXGL Background Thread 3 ] DEBUG Engine               - class com.almasb.fxgl.app.services.IOTaskExecutorService
14:23:38.005 [FXGL Background Thread 3 ] DEBUG Engine               - class com.almasb.fxgl.io.FileSystemService
14:23:38.005 [FXGL Background Thread 3 ] DEBUG Engine               - class com.almasb.fxgl.localization.LocalizationService
14:23:38.005 [FXGL Background Thread 3 ] DEBUG Engine               - class com.almasb.fxgl.app.services.SystemBundleService
14:23:38.005 [FXGL Background Thread 3 ] DEBUG Engine               - class com.almasb.fxgl.profile.SaveLoadService
14:23:38.005 [FXGL Background Thread 3 ] DEBUG Engine               - class com.almasb.fxgl.ui.FXGLUIFactoryServiceProvider
14:23:38.005 [FXGL Background Thread 3 ] DEBUG Engine               - class com.almasb.fxgl.ui.FXGLDialogFactoryServiceProvider
14:23:38.005 [FXGL Background Thread 3 ] DEBUG Engine               - class com.almasb.fxgl.audio.AudioPlayer
14:23:38.005 [FXGL Background Thread 3 ] DEBUG Engine               - class com.almasb.fxgl.notification.impl.NotificationServiceProvider
14:23:38.005 [FXGL Background Thread 3 ] DEBUG Engine               - class com.almasb.fxgl.achievement.AchievementService
14:23:38.005 [FXGL Background Thread 3 ] DEBUG Engine               - class com.almasb.fxgl.cutscene.CutsceneService
14:23:38.005 [FXGL Background Thread 3 ] DEBUG Engine               - class com.almasb.fxgl.minigames.MiniGameService
14:23:38.005 [FXGL Background Thread 3 ] DEBUG Engine               - class com.almasb.fxgl.net.NetService
14:23:38.005 [FXGL Background Thread 3 ] DEBUG Engine               - class com.almasb.fxgl.app.services.UpdaterService
14:23:38.005 [FXGL Background Thread 3 ] DEBUG Engine               - class com.almasb.fxgl.dev.DevService
14:23:39.948 [JavaFX Application Thread] DEBUG FXGLAssetLoaderServi - Loading from file system: jar:file:///C:/Users/sofia/IdeaProjects/Dungeon/build/libs/Dungeon-1.0-SNAPSHOT.jar!/assets/sounds/spike.wav
14:23:57.048 [JavaFX Application Thread] DEBUG FXGLApplication      - Exiting FXGL
14:23:57.048 [JavaFX Application Thread] DEBUG LoopRunner           - Stopping loop
14:23:57.048 [JavaFX Application Thread] DEBUG SystemBundleService  - Saving FXGL system data
14:23:57.052 [JavaFX Application Thread] DEBUG FileSystemAccess     - Writing to: C:\Users\sofia\IdeaProjects\Dungeon\system\fxgl.bundle
14:23:57.055 [JavaFX Application Thread] DEBUG Async                - Shutting down background threads
14:23:57.055 [JavaFX Application Thread] DEBUG PrimaryStageWindow   - Closing main window
14:23:57.076 [JavaFX Application Thread] DEBUG Logger               - Closing Logger
