21:26:22.807 [main                     ] DEBUG Logger               - Configured Logger
21:26:22.835 [main                     ] DEBUG GameApplication      - Logging settings
Title: Dungeon
Version: 1.0
Width: 1280
Height: 720
Fullscreen: false
Intro: false
Profiling: false
Single step:false
App Mode: DEVELOPER
Menu Key: ESCAPE
Stage Style: DECORATED
Scene Factory: class com.lgiacchetta.dungeon.DungeonApp$1

21:26:23.214 [JavaFX Application Thread] DEBUG FXGLApplication      - Initializing FXGL
21:26:23.222 [JavaFX Application Thread] INFO  Engine               - FXGL-17.2 (20.08.2022 16.50) on WINDOWS (J:17.0.6 FX:17.0.2-ea)
21:26:23.222 [JavaFX Application Thread] DEBUG Engine               - JRE Vendor Name: Oracle Corporation
21:26:23.223 [JavaFX Application Thread] DEBUG Engine               - Running on OS: Windows 11 version 10.0
21:26:23.223 [JavaFX Application Thread] DEBUG Engine               - Architecture: amd64
21:26:23.223 [JavaFX Application Thread] INFO  Engine               - Source code and latest versions at: https://github.com/AlmasB/FXGL
21:26:23.223 [JavaFX Application Thread] INFO  Engine               -       Ask questions and discuss at: https://github.com/AlmasB/FXGL/discussions
21:26:23.223 [JavaFX Application Thread] INFO  Engine               -              Join the FXGL chat at: https://gitter.im/AlmasB/FXGL
21:26:23.304 [JavaFX Application Thread] DEBUG PrimaryStageWindow   - Creating a JavaFX scene
21:26:23.349 [JavaFX Application Thread] DEBUG PrimaryStageWindow   - Target settings size: 1280.0 x 720.0
21:26:23.349 [JavaFX Application Thread] DEBUG PrimaryStageWindow   - Scaled scene size:    1280.0 x 720.0
21:26:23.349 [JavaFX Application Thread] DEBUG PrimaryStageWindow   - Scaled ratio: (1.0, 1.0)
21:26:23.350 [JavaFX Application Thread] DEBUG PrimaryStageWindow   - Set initial scene to FXGLStartupScene
21:26:23.358 [JavaFX Application Thread] DEBUG PrimaryStageWindow   - Opening main window
21:26:23.493 [JavaFX Application Thread] DEBUG PrimaryStageWindow   - Window border size: (14.6666259765625, 37.33331298828125)
21:26:23.493 [JavaFX Application Thread] DEBUG PrimaryStageWindow   - Scaled size: 1280.0 x 720.0
21:26:23.493 [JavaFX Application Thread] DEBUG PrimaryStageWindow   - Scaled ratio: (1.0, 1.0)
21:26:23.494 [JavaFX Application Thread] DEBUG PrimaryStageWindow   - Scene size: 1280.0 x 720.0
21:26:23.494 [JavaFX Application Thread] DEBUG PrimaryStageWindow   - Stage size: 1294.6666259765625 x 757.3333129882812
21:26:23.504 [FXGL Background Thread 1 ] DEBUG Engine               - Initializing environment variables
21:26:23.558 [FXGL Background Thread 1 ] DEBUG FXGLAssetLoaderServi - User app class for loading assets: class com.lgiacchetta.dungeon.DungeonApp
21:26:23.559 [FXGL Background Thread 1 ] DEBUG GameApplicationServi - Applying CSS: fxgl_dark.css
21:26:23.560 [FXGL Background Thread 1 ] DEBUG FXGLAssetLoaderServi - Loading from file system: jar:file:///C:/Users/lucag/.gradle/caches/modules-2/files-2.1/com.github.almasb/fxgl/17.2/35db6ae960eec2dcfd19262d3b7f9c42f0e95bc3/fxgl-17.2.jar!/fxglassets/ui/css/fxgl_dark.css
21:26:23.613 [FXGL Background Thread 1 ] DEBUG GameApplicationServi - Initializing application scenes
21:26:23.663 [FXGL Background Thread 1 ] DEBUG FXGLAssetLoaderServi - Loading from file system: jar:file:///C:/Users/lucag/IdeaProjects/Dungeon/build/libs/Dungeon-1.0-SNAPSHOT.jar!/assets/music/melody.wav
21:26:24.281 [FXGL Background Thread 1 ] DEBUG FXGLAssetLoaderServi - Loading from file system: jar:file:///C:/Users/lucag/IdeaProjects/Dungeon/build/libs/Dungeon-1.0-SNAPSHOT.jar!/assets/music/menu.wav
21:26:24.340 [FXGL Background Thread 1 ] DEBUG FXGLAssetLoaderServi - Loading from file system: jar:file:///C:/Users/lucag/IdeaProjects/Dungeon/build/libs/Dungeon-1.0-SNAPSHOT.jar!/assets/textures/orc/boss/ogre_run_anim_f0.png
21:26:24.358 [FXGL Background Thread 1 ] DEBUG FXGLAssetLoaderServi - Loading from file system: jar:file:///C:/Users/lucag/IdeaProjects/Dungeon/build/libs/Dungeon-1.0-SNAPSHOT.jar!/assets/textures/orc/boss/ogre_run_anim_f1.png
21:26:24.359 [FXGL Background Thread 1 ] DEBUG FXGLAssetLoaderServi - Loading from file system: jar:file:///C:/Users/lucag/IdeaProjects/Dungeon/build/libs/Dungeon-1.0-SNAPSHOT.jar!/assets/textures/orc/boss/ogre_run_anim_f2.png
21:26:24.361 [FXGL Background Thread 1 ] DEBUG FXGLAssetLoaderServi - Loading from file system: jar:file:///C:/Users/lucag/IdeaProjects/Dungeon/build/libs/Dungeon-1.0-SNAPSHOT.jar!/assets/textures/orc/boss/ogre_run_anim_f3.png
21:26:24.378 [FXGL Background Thread 1 ] DEBUG FXGLAssetLoaderServi - Loading from file system: jar:file:///C:/Users/lucag/IdeaProjects/Dungeon/build/libs/Dungeon-1.0-SNAPSHOT.jar!/assets/textures/demon/boss/big_demon_run_anim_f0.png
21:26:24.379 [FXGL Background Thread 1 ] DEBUG FXGLAssetLoaderServi - Loading from file system: jar:file:///C:/Users/lucag/IdeaProjects/Dungeon/build/libs/Dungeon-1.0-SNAPSHOT.jar!/assets/textures/demon/boss/big_demon_run_anim_f1.png
21:26:24.380 [FXGL Background Thread 1 ] DEBUG FXGLAssetLoaderServi - Loading from file system: jar:file:///C:/Users/lucag/IdeaProjects/Dungeon/build/libs/Dungeon-1.0-SNAPSHOT.jar!/assets/textures/demon/boss/big_demon_run_anim_f2.png
21:26:24.380 [FXGL Background Thread 1 ] DEBUG FXGLAssetLoaderServi - Loading from file system: jar:file:///C:/Users/lucag/IdeaProjects/Dungeon/build/libs/Dungeon-1.0-SNAPSHOT.jar!/assets/textures/demon/boss/big_demon_run_anim_f3.png
21:26:24.382 [FXGL Background Thread 1 ] DEBUG FXGLAssetLoaderServi - Loading from file system: jar:file:///C:/Users/lucag/IdeaProjects/Dungeon/build/libs/Dungeon-1.0-SNAPSHOT.jar!/assets/textures/undead/boss/big_zombie_run_anim_f0.png
21:26:24.383 [FXGL Background Thread 1 ] DEBUG FXGLAssetLoaderServi - Loading from file system: jar:file:///C:/Users/lucag/IdeaProjects/Dungeon/build/libs/Dungeon-1.0-SNAPSHOT.jar!/assets/textures/undead/boss/big_zombie_run_anim_f1.png
21:26:24.385 [FXGL Background Thread 1 ] DEBUG FXGLAssetLoaderServi - Loading from file system: jar:file:///C:/Users/lucag/IdeaProjects/Dungeon/build/libs/Dungeon-1.0-SNAPSHOT.jar!/assets/textures/undead/boss/big_zombie_run_anim_f2.png
21:26:24.386 [FXGL Background Thread 1 ] DEBUG FXGLAssetLoaderServi - Loading from file system: jar:file:///C:/Users/lucag/IdeaProjects/Dungeon/build/libs/Dungeon-1.0-SNAPSHOT.jar!/assets/textures/undead/boss/big_zombie_run_anim_f3.png
21:26:24.387 [FXGL Background Thread 1 ] DEBUG FXGLAssetLoaderServi - Loading from file system: jar:file:///C:/Users/lucag/IdeaProjects/Dungeon/build/libs/Dungeon-1.0-SNAPSHOT.jar!/assets/textures/hero/knight_m_run_anim_f0.png
21:26:24.388 [FXGL Background Thread 1 ] DEBUG FXGLAssetLoaderServi - Loading from file system: jar:file:///C:/Users/lucag/IdeaProjects/Dungeon/build/libs/Dungeon-1.0-SNAPSHOT.jar!/assets/textures/hero/knight_m_run_anim_f1.png
21:26:24.389 [FXGL Background Thread 1 ] DEBUG FXGLAssetLoaderServi - Loading from file system: jar:file:///C:/Users/lucag/IdeaProjects/Dungeon/build/libs/Dungeon-1.0-SNAPSHOT.jar!/assets/textures/hero/knight_m_run_anim_f2.png
21:26:24.390 [FXGL Background Thread 1 ] DEBUG FXGLAssetLoaderServi - Loading from file system: jar:file:///C:/Users/lucag/IdeaProjects/Dungeon/build/libs/Dungeon-1.0-SNAPSHOT.jar!/assets/textures/hero/knight_m_run_anim_f3.png
21:26:24.395 [FXGL Background Thread 1 ] DEBUG FXGLAssetLoaderServi - Loading from file system: jar:file:///C:/Users/lucag/IdeaProjects/Dungeon/build/libs/Dungeon-1.0-SNAPSHOT.jar!/assets/textures/loading.jpg
21:26:24.422 [FXGL Background Thread 1 ] DEBUG GameWorld            - Game world initialized
21:26:24.481 [FXGL Background Thread 1 ] DEBUG PhysicsWorld         - Physics world initialized: appHeight=720, physics.ppm=50,0
21:26:24.482 [FXGL Background Thread 1 ] DEBUG PhysicsWorld         - Using strategy: BRUTE_FORCE
21:26:24.488 [FXGL Background Thread 1 ] DEBUG GameScene            - Game scene initialized: 1280x720
21:26:24.509 [FXGL Background Thread 1 ] DEBUG GameApplicationServi - Application scenes initialized
21:26:24.528 [FXGL Background Thread 1 ] DEBUG SystemBundleService  - Loading FXGL system data
21:26:24.537 [FXGL Background Thread 1 ] DEBUG FileSystemAccess     - Reading from: C:\Users\lucag\IdeaProjects\Dungeon\system\fxgl.bundle
21:26:24.547 [FXGL Background Thread 1 ] DEBUG SystemBundleService  - Bundle FXGL: {}
21:26:24.548 [FXGL Background Thread 1 ] DEBUG UpdaterService       - Checking for updates
21:26:24.565 [FXGL Background Thread 4 ] DEBUG FXGLApplication      - Loading fonts
21:26:24.565 [FXGL Background Thread 1 ] DEBUG FXGLApplication      - Loading default localization
21:26:24.565 [FXGL Background Thread 4 ] DEBUG FXGLAssetLoaderServi - Loading from file system: jar:file:///C:/Users/lucag/IdeaProjects/Dungeon/build/libs/Dungeon-1.0-SNAPSHOT.jar!/assets/ui/fonts/alagard.ttf
21:26:24.566 [FXGL Background Thread 1 ] DEBUG FXGLAssetLoaderServi - Loading from file system: jar:file:///C:/Users/lucag/.gradle/caches/modules-2/files-2.1/com.github.almasb/fxgl/17.2/35db6ae960eec2dcfd19262d3b7f9c42f0e95bc3/fxgl-17.2.jar!/fxglassets/languages/english.lang
21:26:24.598 [FXGL Background Thread 1 ] INFO  FXGLApplication      - FXGL initialization took: 1,093 sec
21:26:24.614 [JavaFX Application Thread] DEBUG Input                - Registered new binding: Up1 - W
21:26:24.614 [JavaFX Application Thread] DEBUG Input                - Registered new binding: Left1 - A
21:26:24.614 [JavaFX Application Thread] DEBUG Input                - Registered new binding: Down1 - S
21:26:24.614 [JavaFX Application Thread] DEBUG Input                - Registered new binding: Right1 - D
21:26:24.614 [JavaFX Application Thread] DEBUG Input                - Registered new binding: Up2 - Up
21:26:24.615 [JavaFX Application Thread] DEBUG Input                - Registered new binding: Left2 - Left
21:26:24.615 [JavaFX Application Thread] DEBUG Input                - Registered new binding: Down2 - Down
21:26:24.615 [JavaFX Application Thread] DEBUG Input                - Registered new binding: Right2 - Right
21:26:24.615 [JavaFX Application Thread] DEBUG AudioPlayer          - Playing music com.almasb.fxgl.audio.Music@2fd51452
21:26:24.634 [JavaFX Application Thread] DEBUG FXGLAssetLoaderServi - Loading from file system: jar:file:///C:/Users/lucag/IdeaProjects/Dungeon/build/libs/Dungeon-1.0-SNAPSHOT.jar!/assets/textures/chest/chest_full_open_anim_f2.png
21:26:24.646 [JavaFX Application Thread] DEBUG FXGLAssetLoaderServi - Loading from file system: jar:file:///C:/Users/lucag/IdeaProjects/Dungeon/build/libs/Dungeon-1.0-SNAPSHOT.jar!/assets/textures/cursor.png
21:26:24.650 [JavaFX Application Thread] DEBUG Input                - Registered new binding: Screenshot - CTRL+8
21:26:24.651 [JavaFX Application Thread] DEBUG Input                - Registered new binding: System info dump - CTRL+9
21:26:24.652 [JavaFX Application Thread] DEBUG Input                - Registered new binding: Restart - CTRL+R
21:26:24.652 [JavaFX Application Thread] DEBUG Input                - Registered new binding: Toggle Debug Camera - CTRL+7
21:26:24.655 [JavaFX Application Thread] DEBUG LoopRunner           - Starting loop
21:26:24.656 [JavaFX Application Thread] DEBUG LoopRunner           - Initializing JavaFX AnimationTimerLoop
21:26:24.661 [JavaFX Application Thread] DEBUG Input                - Clearing active input actions
21:26:24.672 [JavaFX Application Thread] DEBUG GameApplicationServi - Removing overlay from FXGLStartupScene and adding to FXGLMainMenuDummyScene
21:26:24.672 [JavaFX Application Thread] DEBUG PrimaryStageWindow   - FXGLStartupScene -> FXGLMainMenuDummyScene
21:26:24.673 [JavaFX Application Thread] DEBUG PrimaryStageWindow   - Push state: MainMenu
21:26:24.673 [JavaFX Application Thread] DEBUG Input                - Clearing active input actions
21:26:24.676 [JavaFX Application Thread] DEBUG GameApplicationServi - Removing overlay from FXGLMainMenuDummyScene and adding to MainMenu
21:26:24.677 [JavaFX Application Thread] DEBUG PrimaryStageWindow   - FXGLMainMenuDummyScene -> MainMenu
21:26:24.736 [JavaFX Application Thread] DEBUG FXGLApplication      - Registering font factories with UI factory
21:26:25.406 [FXGL Background Thread 2 ] INFO  UpdaterService       - Your current version:  17.2
21:26:25.406 [FXGL Background Thread 2 ] INFO  UpdaterService       - Latest stable version: 17.3
21:26:26.069 [JavaFX Application Thread] DEBUG FXGLAssetLoaderServi - Loading from file system: jar:file:///C:/Users/lucag/IdeaProjects/Dungeon/build/libs/Dungeon-1.0-SNAPSHOT.jar!/assets/textures/hero/knight_m_idle_anim_f0.png
21:26:26.070 [JavaFX Application Thread] DEBUG FXGLAssetLoaderServi - Loading from file system: jar:file:///C:/Users/lucag/IdeaProjects/Dungeon/build/libs/Dungeon-1.0-SNAPSHOT.jar!/assets/textures/hero/knight_m_idle_anim_f1.png
21:26:26.070 [JavaFX Application Thread] DEBUG FXGLAssetLoaderServi - Loading from file system: jar:file:///C:/Users/lucag/IdeaProjects/Dungeon/build/libs/Dungeon-1.0-SNAPSHOT.jar!/assets/textures/hero/knight_m_idle_anim_f2.png
21:26:26.071 [JavaFX Application Thread] DEBUG FXGLAssetLoaderServi - Loading from file system: jar:file:///C:/Users/lucag/IdeaProjects/Dungeon/build/libs/Dungeon-1.0-SNAPSHOT.jar!/assets/textures/hero/knight_m_idle_anim_f3.png
21:26:26.074 [JavaFX Application Thread] DEBUG FXGLAssetLoaderServi - Loading from file system: jar:file:///C:/Users/lucag/IdeaProjects/Dungeon/build/libs/Dungeon-1.0-SNAPSHOT.jar!/assets/textures/hero/knight_f_idle_anim_f0.png
21:26:26.074 [JavaFX Application Thread] DEBUG FXGLAssetLoaderServi - Loading from file system: jar:file:///C:/Users/lucag/IdeaProjects/Dungeon/build/libs/Dungeon-1.0-SNAPSHOT.jar!/assets/textures/hero/knight_f_idle_anim_f1.png
21:26:26.074 [JavaFX Application Thread] DEBUG FXGLAssetLoaderServi - Loading from file system: jar:file:///C:/Users/lucag/IdeaProjects/Dungeon/build/libs/Dungeon-1.0-SNAPSHOT.jar!/assets/textures/hero/knight_f_idle_anim_f2.png
21:26:26.075 [JavaFX Application Thread] DEBUG FXGLAssetLoaderServi - Loading from file system: jar:file:///C:/Users/lucag/IdeaProjects/Dungeon/build/libs/Dungeon-1.0-SNAPSHOT.jar!/assets/textures/hero/knight_f_idle_anim_f3.png
21:26:27.562 [FXGL Background Thread 3 ] DEBUG Engine               - Logging environment variables
21:26:27.562 [FXGL Background Thread 3 ] DEBUG Engine               - achievements: []
21:26:27.563 [FXGL Background Thread 3 ] DEBUG Engine               - actualHeight: 720.0
21:26:27.563 [FXGL Background Thread 3 ] DEBUG Engine               - actualHeightProperty: ReadOnlyDoubleProperty [value: 720.0]
21:26:27.563 [FXGL Background Thread 3 ] DEBUG Engine               - actualWidth: 1280.0
21:26:27.563 [FXGL Background Thread 3 ] DEBUG Engine               - actualWidthProperty: ReadOnlyDoubleProperty [value: 1280.0]
21:26:27.563 [FXGL Background Thread 3 ] DEBUG Engine               - appIcon: chest/chest_full_open_anim_f2.png
21:26:27.563 [FXGL Background Thread 3 ] DEBUG Engine               - applicationMode: DEVELOPER
21:26:27.563 [FXGL Background Thread 3 ] DEBUG Engine               - cSSList: [fxgl_dark.css]
21:26:27.564 [FXGL Background Thread 3 ] DEBUG Engine               - collisionDetectionStrategy: BRUTE_FORCE
21:26:27.564 [FXGL Background Thread 3 ] DEBUG Engine               - configClass: Optional.empty
21:26:27.564 [FXGL Background Thread 3 ] DEBUG Engine               - credits: []
21:26:27.565 [FXGL Background Thread 3 ] DEBUG Engine               - defaultCursor: CursorInfo(imageName=cursor.png, hotspotX=5.0, hotspotY=3.0)
21:26:27.565 [FXGL Background Thread 3 ] DEBUG Engine               - devBBoxColorProperty: ObjectProperty [value: 0xff0000ff]
21:26:27.565 [FXGL Background Thread 3 ] DEBUG Engine               - devEnableDebugCameraProperty: BooleanProperty [value: false]
21:26:27.566 [FXGL Background Thread 3 ] DEBUG Engine               - devSensorColorProperty: ObjectProperty [value: 0xffff00ff]
21:26:27.566 [FXGL Background Thread 3 ] DEBUG Engine               - devShowBBoxProperty: BooleanProperty [value: false]
21:26:27.566 [FXGL Background Thread 3 ] DEBUG Engine               - devShowPositionProperty: BooleanProperty [value: false]
21:26:27.566 [FXGL Background Thread 3 ] DEBUG Engine               - enabledMenuItems: []
21:26:27.566 [FXGL Background Thread 3 ] DEBUG Engine               - engineServices: [class com.almasb.fxgl.app.services.FXGLAssetLoaderService, class com.almasb.fxgl.app.FXGLApplication$GameApplicationService, class com.almasb.fxgl.app.services.FXGLDialogService, class com.almasb.fxgl.app.services.IOTaskExecutorService, class com.almasb.fxgl.io.FileSystemService, class com.almasb.fxgl.localization.LocalizationService, class com.almasb.fxgl.app.services.SystemBundleService, class com.almasb.fxgl.profile.SaveLoadService, class com.almasb.fxgl.ui.FXGLUIFactoryServiceProvider, class com.almasb.fxgl.ui.FXGLDialogFactoryServiceProvider, class com.almasb.fxgl.audio.AudioPlayer, class com.almasb.fxgl.notification.impl.NotificationServiceProvider, class com.almasb.fxgl.achievement.AchievementService, class com.almasb.fxgl.cutscene.CutsceneService, class com.almasb.fxgl.minigames.MiniGameService, class com.almasb.fxgl.net.NetService, class com.almasb.fxgl.app.services.UpdaterService, class com.almasb.fxgl.dev.DevService]
21:26:27.566 [FXGL Background Thread 3 ] DEBUG Engine               - fontGame: alagard.ttf
21:26:27.567 [FXGL Background Thread 3 ] DEBUG Engine               - fontMono: alagard.ttf
21:26:27.567 [FXGL Background Thread 3 ] DEBUG Engine               - fontText: alagard.ttf
21:26:27.567 [FXGL Background Thread 3 ] DEBUG Engine               - fontUI: alagard.ttf
21:26:27.567 [FXGL Background Thread 3 ] DEBUG Engine               - fullScreen: BooleanProperty [value: false]
21:26:27.567 [FXGL Background Thread 3 ] DEBUG Engine               - gameDifficulty: MEDIUM
21:26:27.567 [FXGL Background Thread 3 ] DEBUG Engine               - gameDifficultyProperty: ObjectProperty [value: MEDIUM]
21:26:27.567 [FXGL Background Thread 3 ] DEBUG Engine               - globalMusicVolume: 0.5
21:26:27.567 [FXGL Background Thread 3 ] DEBUG Engine               - globalMusicVolumeProperty: DoubleProperty [value: 0.5]
21:26:27.567 [FXGL Background Thread 3 ] DEBUG Engine               - globalSoundVolume: 0.5
21:26:27.567 [FXGL Background Thread 3 ] DEBUG Engine               - globalSoundVolumeProperty: DoubleProperty [value: 0.5]
21:26:27.567 [FXGL Background Thread 3 ] DEBUG Engine               - height: 720
21:26:27.569 [FXGL Background Thread 3 ] DEBUG Engine               - is3D: false
21:26:27.569 [FXGL Background Thread 3 ] DEBUG Engine               - isAndroid: false
21:26:27.569 [FXGL Background Thread 3 ] DEBUG Engine               - isBrowser: false
21:26:27.569 [FXGL Background Thread 3 ] DEBUG Engine               - isClickFeedbackEnabled: false
21:26:27.569 [FXGL Background Thread 3 ] DEBUG Engine               - isCloseConfirmation: false
21:26:27.569 [FXGL Background Thread 3 ] DEBUG Engine               - isDesktop: true
21:26:27.569 [FXGL Background Thread 3 ] DEBUG Engine               - isDeveloperMenuEnabled: false
21:26:27.569 [FXGL Background Thread 3 ] DEBUG Engine               - isEmbedded: false
21:26:27.569 [FXGL Background Thread 3 ] DEBUG Engine               - isEntityPreloadEnabled: true
21:26:27.569 [FXGL Background Thread 3 ] DEBUG Engine               - isExperimentalTiledLargeMap: false
21:26:27.569 [FXGL Background Thread 3 ] DEBUG Engine               - isFileSystemWriteAllowed: true
21:26:27.570 [FXGL Background Thread 3 ] DEBUG Engine               - isFullScreenAllowed: false
21:26:27.570 [FXGL Background Thread 3 ] DEBUG Engine               - isFullScreenFromStart: false
21:26:27.570 [FXGL Background Thread 3 ] DEBUG Engine               - isGameMenuEnabled: true
21:26:27.570 [FXGL Background Thread 3 ] DEBUG Engine               - isIOS: false
21:26:27.570 [FXGL Background Thread 3 ] DEBUG Engine               - isIntroEnabled: false
21:26:27.570 [FXGL Background Thread 3 ] DEBUG Engine               - isLinux: false
21:26:27.570 [FXGL Background Thread 3 ] DEBUG Engine               - isMac: false
21:26:27.571 [FXGL Background Thread 3 ] DEBUG Engine               - isMainMenuEnabled: true
21:26:27.571 [FXGL Background Thread 3 ] DEBUG Engine               - isManualResizeEnabled: false
21:26:27.571 [FXGL Background Thread 3 ] DEBUG Engine               - isMobile: false
21:26:27.571 [FXGL Background Thread 3 ] DEBUG Engine               - isNative: false
21:26:27.571 [FXGL Background Thread 3 ] DEBUG Engine               - isPauseMusicWhenMinimized: true
21:26:27.571 [FXGL Background Thread 3 ] DEBUG Engine               - isPreserveResizeRatio: false
21:26:27.571 [FXGL Background Thread 3 ] DEBUG Engine               - isProfilingEnabled: false
21:26:27.571 [FXGL Background Thread 3 ] DEBUG Engine               - isScaleAffectedOnResize: true
21:26:27.572 [FXGL Background Thread 3 ] DEBUG Engine               - isSingleStep: false
21:26:27.572 [FXGL Background Thread 3 ] DEBUG Engine               - isUserProfileEnabled: false
21:26:27.572 [FXGL Background Thread 3 ] DEBUG Engine               - isWindows: true
21:26:27.572 [FXGL Background Thread 3 ] DEBUG Engine               - language: ObjectProperty [value: ENGLISH]
21:26:27.572 [FXGL Background Thread 3 ] DEBUG Engine               - menuKey: ESCAPE
21:26:27.572 [FXGL Background Thread 3 ] DEBUG Engine               - mouseSensitivity: 0.2
21:26:27.572 [FXGL Background Thread 3 ] DEBUG Engine               - notificationViewClass: class com.almasb.fxgl.notification.view.XboxNotificationView
21:26:27.572 [FXGL Background Thread 3 ] DEBUG Engine               - pixelsPerMeter: 50.0
21:26:27.572 [FXGL Background Thread 3 ] DEBUG Engine               - platform: WINDOWS
21:26:27.572 [FXGL Background Thread 3 ] DEBUG Engine               - prefHeightProperty: ReadOnlyDoubleProperty [value: 720.0]
21:26:27.572 [FXGL Background Thread 3 ] DEBUG Engine               - prefWidthProperty: ReadOnlyDoubleProperty [value: 1280.0]
21:26:27.572 [FXGL Background Thread 3 ] DEBUG Engine               - profileDir: profiles/
21:26:27.572 [FXGL Background Thread 3 ] DEBUG Engine               - profileName: StringProperty [value: DEFAULT]
21:26:27.572 [FXGL Background Thread 3 ] DEBUG Engine               - randomSeed: -1
21:26:27.573 [FXGL Background Thread 3 ] DEBUG Engine               - runtimeInfo: RuntimeInfo(platform=WINDOWS, version=17.2, build=20.08.2022 16.50)
21:26:27.573 [FXGL Background Thread 3 ] DEBUG Engine               - saveFileExt: sav
21:26:27.573 [FXGL Background Thread 3 ] DEBUG Engine               - scaledHeightProp$fxgl: DoubleProperty [bound, value: 720.0]
21:26:27.573 [FXGL Background Thread 3 ] DEBUG Engine               - scaledWidthProp$fxgl: DoubleProperty [bound, value: 1280.0]
21:26:27.573 [FXGL Background Thread 3 ] DEBUG Engine               - sceneFactory: com.lgiacchetta.dungeon.DungeonApp$1@23c4819c
21:26:27.573 [FXGL Background Thread 3 ] DEBUG Engine               - secondsIn24h: 60
21:26:27.573 [FXGL Background Thread 3 ] DEBUG Engine               - soundMenuBack: menu/back.wav
21:26:27.573 [FXGL Background Thread 3 ] DEBUG Engine               - soundMenuPress: menu/press.wav
21:26:27.574 [FXGL Background Thread 3 ] DEBUG Engine               - soundMenuSelect: menu/select.wav
21:26:27.574 [FXGL Background Thread 3 ] DEBUG Engine               - soundNotification: core/notification.wav
21:26:27.574 [FXGL Background Thread 3 ] DEBUG Engine               - stageStyle: DECORATED
21:26:27.574 [FXGL Background Thread 3 ] DEBUG Engine               - supportedLanguages: [ENGLISH, FRENCH, GERMAN, HUNGARIAN, RUSSIAN]
21:26:27.574 [FXGL Background Thread 3 ] DEBUG Engine               - ticksPerSecond: -1
21:26:27.574 [FXGL Background Thread 3 ] DEBUG Engine               - title: Dungeon
21:26:27.574 [FXGL Background Thread 3 ] DEBUG Engine               - urlGithub: https://github.com/AlmasB/FXGL
21:26:27.574 [FXGL Background Thread 3 ] DEBUG Engine               - urlLeaderboard: http://fxgl-top.herokuapp.com/
21:26:27.574 [FXGL Background Thread 3 ] DEBUG Engine               - urlPOM: https://raw.githubusercontent.com/AlmasB/FXGL/release/README.md
21:26:27.574 [FXGL Background Thread 3 ] DEBUG Engine               - userAppClass: class com.lgiacchetta.dungeon.DungeonApp
21:26:27.574 [FXGL Background Thread 3 ] DEBUG Engine               - version: 1.0
21:26:27.574 [FXGL Background Thread 3 ] DEBUG Engine               - versionCheckDays: 7
21:26:27.574 [FXGL Background Thread 3 ] DEBUG Engine               - width: 1280
21:26:27.574 [FXGL Background Thread 3 ] DEBUG Engine               - Logging services
21:26:27.574 [FXGL Background Thread 3 ] DEBUG Engine               - class com.almasb.fxgl.app.services.FXGLAssetLoaderService
21:26:27.574 [FXGL Background Thread 3 ] DEBUG Engine               - class com.almasb.fxgl.app.FXGLApplication$GameApplicationService
21:26:27.574 [FXGL Background Thread 3 ] DEBUG Engine               - class com.almasb.fxgl.app.services.FXGLDialogService
21:26:27.575 [FXGL Background Thread 3 ] DEBUG Engine               - class com.almasb.fxgl.app.services.IOTaskExecutorService
21:26:27.575 [FXGL Background Thread 3 ] DEBUG Engine               - class com.almasb.fxgl.io.FileSystemService
21:26:27.575 [FXGL Background Thread 3 ] DEBUG Engine               - class com.almasb.fxgl.localization.LocalizationService
21:26:27.575 [FXGL Background Thread 3 ] DEBUG Engine               - class com.almasb.fxgl.app.services.SystemBundleService
21:26:27.575 [FXGL Background Thread 3 ] DEBUG Engine               - class com.almasb.fxgl.profile.SaveLoadService
21:26:27.575 [FXGL Background Thread 3 ] DEBUG Engine               - class com.almasb.fxgl.ui.FXGLUIFactoryServiceProvider
21:26:27.575 [FXGL Background Thread 3 ] DEBUG Engine               - class com.almasb.fxgl.ui.FXGLDialogFactoryServiceProvider
21:26:27.575 [FXGL Background Thread 3 ] DEBUG Engine               - class com.almasb.fxgl.audio.AudioPlayer
21:26:27.575 [FXGL Background Thread 3 ] DEBUG Engine               - class com.almasb.fxgl.notification.impl.NotificationServiceProvider
21:26:27.575 [FXGL Background Thread 3 ] DEBUG Engine               - class com.almasb.fxgl.achievement.AchievementService
21:26:27.575 [FXGL Background Thread 3 ] DEBUG Engine               - class com.almasb.fxgl.cutscene.CutsceneService
21:26:27.575 [FXGL Background Thread 3 ] DEBUG Engine               - class com.almasb.fxgl.minigames.MiniGameService
21:26:27.575 [FXGL Background Thread 3 ] DEBUG Engine               - class com.almasb.fxgl.net.NetService
21:26:27.575 [FXGL Background Thread 3 ] DEBUG Engine               - class com.almasb.fxgl.app.services.UpdaterService
21:26:27.575 [FXGL Background Thread 3 ] DEBUG Engine               - class com.almasb.fxgl.dev.DevService
21:26:28.120 [JavaFX Application Thread] DEBUG FXGLAssetLoaderServi - Loading from file system: jar:file:///C:/Users/lucag/IdeaProjects/Dungeon/build/libs/Dungeon-1.0-SNAPSHOT.jar!/assets/textures/hero/dwarf_m_idle_anim_f0.png
21:26:28.122 [JavaFX Application Thread] DEBUG FXGLAssetLoaderServi - Loading from file system: jar:file:///C:/Users/lucag/IdeaProjects/Dungeon/build/libs/Dungeon-1.0-SNAPSHOT.jar!/assets/textures/hero/dwarf_m_idle_anim_f1.png
21:26:28.123 [JavaFX Application Thread] DEBUG FXGLAssetLoaderServi - Loading from file system: jar:file:///C:/Users/lucag/IdeaProjects/Dungeon/build/libs/Dungeon-1.0-SNAPSHOT.jar!/assets/textures/hero/dwarf_m_idle_anim_f2.png
21:26:28.124 [JavaFX Application Thread] DEBUG FXGLAssetLoaderServi - Loading from file system: jar:file:///C:/Users/lucag/IdeaProjects/Dungeon/build/libs/Dungeon-1.0-SNAPSHOT.jar!/assets/textures/hero/dwarf_m_idle_anim_f3.png
21:26:28.270 [JavaFX Application Thread] DEBUG FXGLAssetLoaderServi - Loading from file system: jar:file:///C:/Users/lucag/IdeaProjects/Dungeon/build/libs/Dungeon-1.0-SNAPSHOT.jar!/assets/textures/hero/dwarf_f_idle_anim_f0.png
21:26:28.271 [JavaFX Application Thread] DEBUG FXGLAssetLoaderServi - Loading from file system: jar:file:///C:/Users/lucag/IdeaProjects/Dungeon/build/libs/Dungeon-1.0-SNAPSHOT.jar!/assets/textures/hero/dwarf_f_idle_anim_f1.png
21:26:28.271 [JavaFX Application Thread] DEBUG FXGLAssetLoaderServi - Loading from file system: jar:file:///C:/Users/lucag/IdeaProjects/Dungeon/build/libs/Dungeon-1.0-SNAPSHOT.jar!/assets/textures/hero/dwarf_f_idle_anim_f2.png
21:26:28.272 [JavaFX Application Thread] DEBUG FXGLAssetLoaderServi - Loading from file system: jar:file:///C:/Users/lucag/IdeaProjects/Dungeon/build/libs/Dungeon-1.0-SNAPSHOT.jar!/assets/textures/hero/dwarf_f_idle_anim_f3.png
21:26:28.406 [JavaFX Application Thread] DEBUG FXGLAssetLoaderServi - Loading from file system: jar:file:///C:/Users/lucag/IdeaProjects/Dungeon/build/libs/Dungeon-1.0-SNAPSHOT.jar!/assets/textures/hero/elf_m_idle_anim_f0.png
21:26:28.407 [JavaFX Application Thread] DEBUG FXGLAssetLoaderServi - Loading from file system: jar:file:///C:/Users/lucag/IdeaProjects/Dungeon/build/libs/Dungeon-1.0-SNAPSHOT.jar!/assets/textures/hero/elf_m_idle_anim_f1.png
21:26:28.407 [JavaFX Application Thread] DEBUG FXGLAssetLoaderServi - Loading from file system: jar:file:///C:/Users/lucag/IdeaProjects/Dungeon/build/libs/Dungeon-1.0-SNAPSHOT.jar!/assets/textures/hero/elf_m_idle_anim_f2.png
21:26:28.409 [JavaFX Application Thread] DEBUG FXGLAssetLoaderServi - Loading from file system: jar:file:///C:/Users/lucag/IdeaProjects/Dungeon/build/libs/Dungeon-1.0-SNAPSHOT.jar!/assets/textures/hero/elf_m_idle_anim_f3.png
21:26:29.854 [JavaFX Application Thread] DEBUG FXGLAssetLoaderServi - Loading from file system: jar:file:///C:/Users/lucag/IdeaProjects/Dungeon/build/libs/Dungeon-1.0-SNAPSHOT.jar!/assets/textures/hero/elf_f_idle_anim_f0.png
21:26:29.855 [JavaFX Application Thread] DEBUG FXGLAssetLoaderServi - Loading from file system: jar:file:///C:/Users/lucag/IdeaProjects/Dungeon/build/libs/Dungeon-1.0-SNAPSHOT.jar!/assets/textures/hero/elf_f_idle_anim_f1.png
21:26:29.856 [JavaFX Application Thread] DEBUG FXGLAssetLoaderServi - Loading from file system: jar:file:///C:/Users/lucag/IdeaProjects/Dungeon/build/libs/Dungeon-1.0-SNAPSHOT.jar!/assets/textures/hero/elf_f_idle_anim_f2.png
21:26:29.857 [JavaFX Application Thread] DEBUG FXGLAssetLoaderServi - Loading from file system: jar:file:///C:/Users/lucag/IdeaProjects/Dungeon/build/libs/Dungeon-1.0-SNAPSHOT.jar!/assets/textures/hero/elf_f_idle_anim_f3.png
21:26:30.004 [JavaFX Application Thread] DEBUG FXGLAssetLoaderServi - Loading from file system: jar:file:///C:/Users/lucag/IdeaProjects/Dungeon/build/libs/Dungeon-1.0-SNAPSHOT.jar!/assets/textures/hero/lizard_m_idle_anim_f0.png
21:26:30.006 [JavaFX Application Thread] DEBUG FXGLAssetLoaderServi - Loading from file system: jar:file:///C:/Users/lucag/IdeaProjects/Dungeon/build/libs/Dungeon-1.0-SNAPSHOT.jar!/assets/textures/hero/lizard_m_idle_anim_f1.png
21:26:30.007 [JavaFX Application Thread] DEBUG FXGLAssetLoaderServi - Loading from file system: jar:file:///C:/Users/lucag/IdeaProjects/Dungeon/build/libs/Dungeon-1.0-SNAPSHOT.jar!/assets/textures/hero/lizard_m_idle_anim_f2.png
21:26:30.008 [JavaFX Application Thread] DEBUG FXGLAssetLoaderServi - Loading from file system: jar:file:///C:/Users/lucag/IdeaProjects/Dungeon/build/libs/Dungeon-1.0-SNAPSHOT.jar!/assets/textures/hero/lizard_m_idle_anim_f3.png
21:26:30.157 [JavaFX Application Thread] DEBUG FXGLAssetLoaderServi - Loading from file system: jar:file:///C:/Users/lucag/IdeaProjects/Dungeon/build/libs/Dungeon-1.0-SNAPSHOT.jar!/assets/textures/hero/lizard_f_idle_anim_f0.png
21:26:30.157 [JavaFX Application Thread] DEBUG FXGLAssetLoaderServi - Loading from file system: jar:file:///C:/Users/lucag/IdeaProjects/Dungeon/build/libs/Dungeon-1.0-SNAPSHOT.jar!/assets/textures/hero/lizard_f_idle_anim_f1.png
21:26:30.157 [JavaFX Application Thread] DEBUG FXGLAssetLoaderServi - Loading from file system: jar:file:///C:/Users/lucag/IdeaProjects/Dungeon/build/libs/Dungeon-1.0-SNAPSHOT.jar!/assets/textures/hero/lizard_f_idle_anim_f2.png
21:26:30.158 [JavaFX Application Thread] DEBUG FXGLAssetLoaderServi - Loading from file system: jar:file:///C:/Users/lucag/IdeaProjects/Dungeon/build/libs/Dungeon-1.0-SNAPSHOT.jar!/assets/textures/hero/lizard_f_idle_anim_f3.png
21:26:33.305 [JavaFX Application Thread] DEBUG Menu                 - fireNewGame()
21:26:33.305 [JavaFX Application Thread] DEBUG GameApplicationServi - Starting new game
21:26:33.306 [JavaFX Application Thread] DEBUG PrimaryStageWindow   - Pop state: MainMenu
21:26:33.306 [JavaFX Application Thread] DEBUG Input                - Clearing active input actions
21:26:33.307 [JavaFX Application Thread] DEBUG GameApplicationServi - Removing overlay from MainMenu and adding to FXGLMainMenuDummyScene
21:26:33.307 [JavaFX Application Thread] DEBUG PrimaryStageWindow   - FXGLMainMenuDummyScene <- MainMenu
21:26:33.307 [JavaFX Application Thread] DEBUG Input                - Clearing active input actions
21:26:33.315 [JavaFX Application Thread] DEBUG GameApplicationServi - Removing overlay from FXGLMainMenuDummyScene and adding to MainLoadingScene
21:26:33.315 [JavaFX Application Thread] DEBUG PrimaryStageWindow   - FXGLMainMenuDummyScene -> MainLoadingScene
21:26:33.315 [JavaFX Application Thread] DEBUG GameApplicationServi - Clearing previous game
21:26:33.315 [JavaFX Application Thread] DEBUG GameScene            - Clearing game scene
21:26:33.315 [JavaFX Application Thread] DEBUG GameWorld            - Clearing game world
21:26:33.315 [JavaFX Application Thread] DEBUG PhysicsWorld         - Clearing physics world
21:26:33.317 [FXGL Background Thread 2 ] DEBUG FXGLApplication      - Initializing game
21:26:33.325 [FXGL Background Thread 2 ] DEBUG AudioPlayer          - Stopping music com.almasb.fxgl.audio.Music@2fd51452
21:26:33.326 [FXGL Background Thread 2 ] DEBUG AudioPlayer          - Playing music com.almasb.fxgl.audio.Music@60248d48
21:26:33.356 [FXGL Background Thread 2 ] WARN  TMXLevelLoader       - TiledMap generated from 1.10.1. Supported version: 1.9.0. Some features may not be parsed fully.
21:26:33.397 [FXGL Background Thread 2 ] DEBUG TMXLevelLoader       - Parsed TiledMap: jar:file:///C:/Users/lucag/IdeaProjects/Dungeon/build/libs/Dungeon-1.0-SNAPSHOT.jar!/assets/levels/tmx/level0.tmx
21:26:33.398 [FXGL Background Thread 2 ] DEBUG TMXLevelLoader       - Creating tile layer entities
21:26:33.402 [FXGL Background Thread 2 ] DEBUG TilesetLoader        - Loading view for layer floor
21:26:33.403 [FXGL Background Thread 2 ] DEBUG TilesetLoader        - Created buffer with size 640.0x640.0
21:26:33.511 [FXGL Background Thread 2 ] DEBUG TilesetLoader        - Loading view for layer walls
21:26:33.512 [FXGL Background Thread 2 ] DEBUG TilesetLoader        - Created buffer with size 640.0x640.0
21:26:33.514 [FXGL Background Thread 2 ] DEBUG TilesetLoader        - Loading view for layer side-walls
21:26:33.514 [FXGL Background Thread 2 ] DEBUG TilesetLoader        - Created buffer with size 640.0x640.0
21:26:33.515 [FXGL Background Thread 2 ] DEBUG TMXLevelLoader       - Creating object layer entities
21:26:33.516 [FXGL Background Thread 2 ] DEBUG FXGLAssetLoaderServi - Loading from file system: jar:file:///C:/Users/lucag/IdeaProjects/Dungeon/build/libs/Dungeon-1.0-SNAPSHOT.jar!/assets/textures/door/doors_leaf_open.png
21:26:33.517 [FXGL Background Thread 2 ] DEBUG FXGLAssetLoaderServi - Loading from file system: jar:file:///C:/Users/lucag/IdeaProjects/Dungeon/build/libs/Dungeon-1.0-SNAPSHOT.jar!/assets/textures/door/doors_leaf_closed.png
21:26:33.537 [FXGL Background Thread 2 ] DEBUG FXGLAssetLoaderServi - Loading from file system: jar:file:///C:/Users/lucag/IdeaProjects/Dungeon/build/libs/Dungeon-1.0-SNAPSHOT.jar!/assets/textures/ladder/floor_ladder.png
21:26:33.541 [FXGL Background Thread 2 ] DEBUG FXGLAssetLoaderServi - Loading from file system: jar:file:///C:/Users/lucag/IdeaProjects/Dungeon/build/libs/Dungeon-1.0-SNAPSHOT.jar!/assets/textures/plate/button_red_up.png
21:26:33.542 [FXGL Background Thread 2 ] DEBUG FXGLAssetLoaderServi - Loading from file system: jar:file:///C:/Users/lucag/IdeaProjects/Dungeon/build/libs/Dungeon-1.0-SNAPSHOT.jar!/assets/textures/plate/button_red_down.png
21:26:33.544 [FXGL Background Thread 2 ] DEBUG FXGLAssetLoaderServi - Loading from file system: jar:file:///C:/Users/lucag/IdeaProjects/Dungeon/build/libs/Dungeon-1.0-SNAPSHOT.jar!/assets/textures/plate/button_blue_up.png
21:26:33.545 [FXGL Background Thread 2 ] DEBUG FXGLAssetLoaderServi - Loading from file system: jar:file:///C:/Users/lucag/IdeaProjects/Dungeon/build/libs/Dungeon-1.0-SNAPSHOT.jar!/assets/textures/plate/button_blue_down.png
21:26:33.547 [FXGL Background Thread 2 ] DEBUG FXGLAssetLoaderServi - Loading from file system: jar:file:///C:/Users/lucag/IdeaProjects/Dungeon/build/libs/Dungeon-1.0-SNAPSHOT.jar!/assets/textures/spike/floor_spikes_anim_f0.png
21:26:33.548 [FXGL Background Thread 2 ] DEBUG FXGLAssetLoaderServi - Loading from file system: jar:file:///C:/Users/lucag/IdeaProjects/Dungeon/build/libs/Dungeon-1.0-SNAPSHOT.jar!/assets/textures/spike/floor_spikes_anim_f1.png
21:26:33.548 [FXGL Background Thread 2 ] DEBUG FXGLAssetLoaderServi - Loading from file system: jar:file:///C:/Users/lucag/IdeaProjects/Dungeon/build/libs/Dungeon-1.0-SNAPSHOT.jar!/assets/textures/spike/floor_spikes_anim_f2.png
21:26:33.549 [FXGL Background Thread 2 ] DEBUG FXGLAssetLoaderServi - Loading from file system: jar:file:///C:/Users/lucag/IdeaProjects/Dungeon/build/libs/Dungeon-1.0-SNAPSHOT.jar!/assets/textures/spike/floor_spikes_anim_f3.png
21:26:33.549 [FXGL Background Thread 2 ] DEBUG FXGLAssetLoaderServi - Loading from file system: jar:file:///C:/Users/lucag/IdeaProjects/Dungeon/build/libs/Dungeon-1.0-SNAPSHOT.jar!/assets/textures/spike/floor_spikes_anim_f4.png
21:26:33.550 [FXGL Background Thread 2 ] DEBUG FXGLAssetLoaderServi - Loading from file system: jar:file:///C:/Users/lucag/IdeaProjects/Dungeon/build/libs/Dungeon-1.0-SNAPSHOT.jar!/assets/textures/spike/floor_spikes_anim_f5.png
21:26:33.550 [FXGL Background Thread 2 ] DEBUG FXGLAssetLoaderServi - Loading from file system: jar:file:///C:/Users/lucag/IdeaProjects/Dungeon/build/libs/Dungeon-1.0-SNAPSHOT.jar!/assets/textures/spike/floor_spikes_anim_f6.png
21:26:33.551 [FXGL Background Thread 2 ] DEBUG FXGLAssetLoaderServi - Loading from file system: jar:file:///C:/Users/lucag/IdeaProjects/Dungeon/build/libs/Dungeon-1.0-SNAPSHOT.jar!/assets/textures/spike/floor_spikes_anim_f7.png
21:26:33.552 [FXGL Background Thread 2 ] DEBUG FXGLAssetLoaderServi - Loading from file system: jar:file:///C:/Users/lucag/IdeaProjects/Dungeon/build/libs/Dungeon-1.0-SNAPSHOT.jar!/assets/textures/spike/floor_spikes_danger_anim_f0.png
21:26:33.563 [FXGL Background Thread 2 ] DEBUG FXGLAssetLoaderServi - Loading from file system: jar:file:///C:/Users/lucag/IdeaProjects/Dungeon/build/libs/Dungeon-1.0-SNAPSHOT.jar!/assets/textures/potion/flask_big_green.png
21:26:33.577 [FXGL Background Thread 2 ] DEBUG FXGLAssetLoaderServi - Loading from file system: jar:file:///C:/Users/lucag/IdeaProjects/Dungeon/build/libs/Dungeon-1.0-SNAPSHOT.jar!/assets/textures/plate/button_yellow_up.png
21:26:33.578 [FXGL Background Thread 2 ] DEBUG FXGLAssetLoaderServi - Loading from file system: jar:file:///C:/Users/lucag/IdeaProjects/Dungeon/build/libs/Dungeon-1.0-SNAPSHOT.jar!/assets/textures/plate/button_yellow_down.png
21:26:33.609 [FXGL Background Thread 2 ] DEBUG FXGLAssetLoaderServi - Loading from file system: jar:file:///C:/Users/lucag/IdeaProjects/Dungeon/build/libs/Dungeon-1.0-SNAPSHOT.jar!/assets/textures/hero/elf_m_run_anim_f0.png
21:26:33.610 [FXGL Background Thread 2 ] DEBUG FXGLAssetLoaderServi - Loading from file system: jar:file:///C:/Users/lucag/IdeaProjects/Dungeon/build/libs/Dungeon-1.0-SNAPSHOT.jar!/assets/textures/hero/elf_m_run_anim_f1.png
21:26:33.611 [FXGL Background Thread 2 ] DEBUG FXGLAssetLoaderServi - Loading from file system: jar:file:///C:/Users/lucag/IdeaProjects/Dungeon/build/libs/Dungeon-1.0-SNAPSHOT.jar!/assets/textures/hero/elf_m_run_anim_f2.png
21:26:33.611 [FXGL Background Thread 2 ] DEBUG FXGLAssetLoaderServi - Loading from file system: jar:file:///C:/Users/lucag/IdeaProjects/Dungeon/build/libs/Dungeon-1.0-SNAPSHOT.jar!/assets/textures/hero/elf_m_run_anim_f3.png
21:26:33.613 [FXGL Background Thread 2 ] DEBUG FXGLAssetLoaderServi - Loading from file system: jar:file:///C:/Users/lucag/IdeaProjects/Dungeon/build/libs/Dungeon-1.0-SNAPSHOT.jar!/assets/textures/hero/lizard_f_run_anim_f0.png
21:26:33.613 [FXGL Background Thread 2 ] DEBUG FXGLAssetLoaderServi - Loading from file system: jar:file:///C:/Users/lucag/IdeaProjects/Dungeon/build/libs/Dungeon-1.0-SNAPSHOT.jar!/assets/textures/hero/lizard_f_run_anim_f1.png
21:26:33.613 [FXGL Background Thread 2 ] DEBUG FXGLAssetLoaderServi - Loading from file system: jar:file:///C:/Users/lucag/IdeaProjects/Dungeon/build/libs/Dungeon-1.0-SNAPSHOT.jar!/assets/textures/hero/lizard_f_run_anim_f2.png
21:26:33.614 [FXGL Background Thread 2 ] DEBUG FXGLAssetLoaderServi - Loading from file system: jar:file:///C:/Users/lucag/IdeaProjects/Dungeon/build/libs/Dungeon-1.0-SNAPSHOT.jar!/assets/textures/hero/lizard_f_run_anim_f3.png
21:26:33.615 [FXGL Background Thread 2 ] DEBUG GameWorld            - Clearing removable entities
21:26:33.615 [FXGL Background Thread 2 ] DEBUG GameWorld            - Setting level: com.almasb.fxgl.entity.level.Level@59b6c086
21:26:33.639 [FXGL Background Thread 2 ] DEBUG FXGLAssetLoaderServi - Loading from file system: jar:file:///C:/Users/lucag/IdeaProjects/Dungeon/build/libs/Dungeon-1.0-SNAPSHOT.jar!/assets/textures/heart/ui_heart_full.png
21:26:33.643 [FXGL Background Thread 2 ] INFO  FXGLApplication      - Game initialization took: 0,326 sec
21:26:33.644 [JavaFX Application Thread] DEBUG Input                - Clearing active input actions
21:26:33.650 [JavaFX Application Thread] DEBUG GameApplicationServi - Removing overlay from MainLoadingScene and adding to GameScene
21:26:33.651 [JavaFX Application Thread] DEBUG PrimaryStageWindow   - MainLoadingScene -> GameScene
21:26:37.057 [JavaFX Application Thread] DEBUG FXGLAssetLoaderServi - Loading from file system: jar:file:///C:/Users/lucag/IdeaProjects/Dungeon/build/libs/Dungeon-1.0-SNAPSHOT.jar!/assets/sounds/door-open.wav
21:26:37.776 [JavaFX Application Thread] DEBUG FXGLAssetLoaderServi - Loading from file system: jar:file:///C:/Users/lucag/IdeaProjects/Dungeon/build/libs/Dungeon-1.0-SNAPSHOT.jar!/assets/sounds/spike.wav
21:26:39.312 [JavaFX Application Thread] DEBUG FXGLAssetLoaderServi - Loading from file system: jar:file:///C:/Users/lucag/IdeaProjects/Dungeon/build/libs/Dungeon-1.0-SNAPSHOT.jar!/assets/sounds/door-close.wav
21:26:41.264 [JavaFX Application Thread] DEBUG PrimaryStageWindow   - Push state: GameMenu
21:26:41.265 [JavaFX Application Thread] DEBUG Input                - Clearing active input actions
21:26:41.272 [JavaFX Application Thread] DEBUG GameApplicationServi - Removing overlay from GameScene and adding to GameMenu
21:26:41.272 [JavaFX Application Thread] DEBUG PrimaryStageWindow   - GameScene -> GameMenu
21:26:42.243 [JavaFX Application Thread] DEBUG PrimaryStageWindow   - Pop state: GameMenu
21:26:42.243 [JavaFX Application Thread] DEBUG Input                - Clearing active input actions
21:26:42.244 [JavaFX Application Thread] DEBUG GameApplicationServi - Removing overlay from GameMenu and adding to GameScene
21:26:42.246 [JavaFX Application Thread] DEBUG PrimaryStageWindow   - GameScene <- GameMenu
21:26:42.246 [JavaFX Application Thread] DEBUG Input                - Clearing active input actions
21:26:42.256 [JavaFX Application Thread] DEBUG GameApplicationServi - Removing overlay from GameScene and adding to FXGLMainMenuDummyScene
21:26:42.256 [JavaFX Application Thread] DEBUG PrimaryStageWindow   - GameScene -> FXGLMainMenuDummyScene
21:26:42.256 [JavaFX Application Thread] DEBUG PrimaryStageWindow   - Push state: MainMenu
21:26:42.256 [JavaFX Application Thread] DEBUG Input                - Clearing active input actions
21:26:42.257 [JavaFX Application Thread] DEBUG GameApplicationServi - Removing overlay from FXGLMainMenuDummyScene and adding to MainMenu
21:26:42.257 [JavaFX Application Thread] DEBUG PrimaryStageWindow   - FXGLMainMenuDummyScene -> MainMenu
21:26:42.257 [JavaFX Application Thread] DEBUG AudioPlayer          - Stopping music com.almasb.fxgl.audio.Music@60248d48
21:26:42.257 [JavaFX Application Thread] DEBUG AudioPlayer          - Playing music com.almasb.fxgl.audio.Music@2fd51452
21:26:43.861 [JavaFX Application Thread] DEBUG Menu                 - fireNewGame()
21:26:43.861 [JavaFX Application Thread] DEBUG GameApplicationServi - Starting new game
21:26:43.861 [JavaFX Application Thread] DEBUG PrimaryStageWindow   - Pop state: MainMenu
21:26:43.861 [JavaFX Application Thread] DEBUG Input                - Clearing active input actions
21:26:43.861 [JavaFX Application Thread] DEBUG GameApplicationServi - Removing overlay from MainMenu and adding to FXGLMainMenuDummyScene
21:26:43.861 [JavaFX Application Thread] DEBUG PrimaryStageWindow   - FXGLMainMenuDummyScene <- MainMenu
21:26:43.861 [JavaFX Application Thread] DEBUG Input                - Clearing active input actions
21:26:43.866 [JavaFX Application Thread] DEBUG GameApplicationServi - Removing overlay from FXGLMainMenuDummyScene and adding to MainLoadingScene
21:26:43.867 [JavaFX Application Thread] DEBUG PrimaryStageWindow   - FXGLMainMenuDummyScene -> MainLoadingScene
21:26:43.867 [JavaFX Application Thread] DEBUG GameApplicationServi - Clearing previous game
21:26:43.867 [JavaFX Application Thread] DEBUG GameScene            - Clearing game scene
21:26:43.867 [JavaFX Application Thread] DEBUG GameWorld            - Clearing game world
21:26:43.874 [JavaFX Application Thread] DEBUG PhysicsWorld         - Clearing physics world
21:26:43.874 [FXGL Background Thread 2 ] DEBUG FXGLApplication      - Initializing game
21:26:43.875 [FXGL Background Thread 2 ] DEBUG AudioPlayer          - Stopping music com.almasb.fxgl.audio.Music@2fd51452
21:26:43.911 [FXGL Background Thread 2 ] DEBUG AudioPlayer          - Playing music com.almasb.fxgl.audio.Music@60248d48
21:26:43.914 [FXGL Background Thread 2 ] WARN  TMXLevelLoader       - TiledMap generated from 1.10.1. Supported version: 1.9.0. Some features may not be parsed fully.
21:26:43.952 [FXGL Background Thread 2 ] DEBUG TMXLevelLoader       - Parsed TiledMap: jar:file:///C:/Users/lucag/IdeaProjects/Dungeon/build/libs/Dungeon-1.0-SNAPSHOT.jar!/assets/levels/tmx/level1.tmx
21:26:43.952 [FXGL Background Thread 2 ] DEBUG TMXLevelLoader       - Creating tile layer entities
21:26:43.953 [FXGL Background Thread 2 ] DEBUG TilesetLoader        - Loading view for layer floor
21:26:43.958 [FXGL Background Thread 2 ] DEBUG TilesetLoader        - Created buffer with size 960.0x960.0
21:26:43.985 [FXGL Background Thread 2 ] DEBUG TilesetLoader        - Loading view for layer walls
21:26:43.985 [FXGL Background Thread 2 ] DEBUG TilesetLoader        - Created buffer with size 960.0x960.0
21:26:43.989 [FXGL Background Thread 2 ] DEBUG TilesetLoader        - Loading view for layer side-walls
21:26:43.992 [FXGL Background Thread 2 ] DEBUG TilesetLoader        - Created buffer with size 960.0x960.0
21:26:43.994 [FXGL Background Thread 2 ] DEBUG TMXLevelLoader       - Creating object layer entities
21:26:44.176 [FXGL Background Thread 2 ] DEBUG GameWorld            - Clearing removable entities
21:26:44.176 [FXGL Background Thread 2 ] DEBUG GameWorld            - Setting level: com.almasb.fxgl.entity.level.Level@15f3de2a
21:26:44.183 [FXGL Background Thread 2 ] INFO  FXGLApplication      - Game initialization took: 0,308 sec
21:26:44.184 [JavaFX Application Thread] DEBUG Input                - Clearing active input actions
21:26:44.193 [JavaFX Application Thread] DEBUG GameApplicationServi - Removing overlay from MainLoadingScene and adding to GameScene
21:26:44.193 [JavaFX Application Thread] DEBUG PrimaryStageWindow   - MainLoadingScene -> GameScene
21:26:47.240 [JavaFX Application Thread] DEBUG PrimaryStageWindow   - Push state: GameMenu
21:26:47.240 [JavaFX Application Thread] DEBUG Input                - Clearing active input actions
21:26:47.241 [JavaFX Application Thread] DEBUG GameApplicationServi - Removing overlay from GameScene and adding to GameMenu
21:26:47.241 [JavaFX Application Thread] DEBUG PrimaryStageWindow   - GameScene -> GameMenu
21:26:48.131 [JavaFX Application Thread] DEBUG PrimaryStageWindow   - Pop state: GameMenu
21:26:48.131 [JavaFX Application Thread] DEBUG Input                - Clearing active input actions
21:26:48.133 [JavaFX Application Thread] DEBUG GameApplicationServi - Removing overlay from GameMenu and adding to GameScene
21:26:48.133 [JavaFX Application Thread] DEBUG PrimaryStageWindow   - GameScene <- GameMenu
21:26:48.133 [JavaFX Application Thread] DEBUG Input                - Clearing active input actions
21:26:48.139 [JavaFX Application Thread] DEBUG GameApplicationServi - Removing overlay from GameScene and adding to FXGLMainMenuDummyScene
21:26:48.139 [JavaFX Application Thread] DEBUG PrimaryStageWindow   - GameScene -> FXGLMainMenuDummyScene
21:26:48.139 [JavaFX Application Thread] DEBUG PrimaryStageWindow   - Push state: MainMenu
21:26:48.139 [JavaFX Application Thread] DEBUG Input                - Clearing active input actions
21:26:48.139 [JavaFX Application Thread] DEBUG GameApplicationServi - Removing overlay from FXGLMainMenuDummyScene and adding to MainMenu
21:26:48.140 [JavaFX Application Thread] DEBUG PrimaryStageWindow   - FXGLMainMenuDummyScene -> MainMenu
21:26:48.140 [JavaFX Application Thread] DEBUG AudioPlayer          - Stopping music com.almasb.fxgl.audio.Music@60248d48
21:26:48.140 [JavaFX Application Thread] DEBUG AudioPlayer          - Playing music com.almasb.fxgl.audio.Music@2fd51452
21:26:49.762 [JavaFX Application Thread] DEBUG Menu                 - fireNewGame()
21:26:49.762 [JavaFX Application Thread] DEBUG GameApplicationServi - Starting new game
21:26:49.762 [JavaFX Application Thread] DEBUG PrimaryStageWindow   - Pop state: MainMenu
21:26:49.762 [JavaFX Application Thread] DEBUG Input                - Clearing active input actions
21:26:49.763 [JavaFX Application Thread] DEBUG GameApplicationServi - Removing overlay from MainMenu and adding to FXGLMainMenuDummyScene
21:26:49.763 [JavaFX Application Thread] DEBUG PrimaryStageWindow   - FXGLMainMenuDummyScene <- MainMenu
21:26:49.763 [JavaFX Application Thread] DEBUG Input                - Clearing active input actions
21:26:49.767 [JavaFX Application Thread] DEBUG GameApplicationServi - Removing overlay from FXGLMainMenuDummyScene and adding to MainLoadingScene
21:26:49.767 [JavaFX Application Thread] DEBUG PrimaryStageWindow   - FXGLMainMenuDummyScene -> MainLoadingScene
21:26:49.767 [JavaFX Application Thread] DEBUG GameApplicationServi - Clearing previous game
21:26:49.767 [JavaFX Application Thread] DEBUG GameScene            - Clearing game scene
21:26:49.767 [JavaFX Application Thread] DEBUG GameWorld            - Clearing game world
21:26:49.783 [JavaFX Application Thread] DEBUG PhysicsWorld         - Clearing physics world
21:26:49.783 [FXGL Background Thread 2 ] DEBUG FXGLApplication      - Initializing game
21:26:49.784 [FXGL Background Thread 2 ] DEBUG AudioPlayer          - Stopping music com.almasb.fxgl.audio.Music@2fd51452
21:26:49.785 [FXGL Background Thread 2 ] DEBUG AudioPlayer          - Playing music com.almasb.fxgl.audio.Music@60248d48
21:26:49.786 [FXGL Background Thread 2 ] WARN  TMXLevelLoader       - TiledMap generated from 1.10.1. Supported version: 1.9.0. Some features may not be parsed fully.
21:26:49.806 [FXGL Background Thread 2 ] DEBUG TMXLevelLoader       - Parsed TiledMap: jar:file:///C:/Users/lucag/IdeaProjects/Dungeon/build/libs/Dungeon-1.0-SNAPSHOT.jar!/assets/levels/tmx/level3.tmx
21:26:49.806 [FXGL Background Thread 2 ] DEBUG TMXLevelLoader       - Creating tile layer entities
21:26:49.806 [FXGL Background Thread 2 ] DEBUG TilesetLoader        - Loading view for layer floor
21:26:49.806 [FXGL Background Thread 2 ] DEBUG TilesetLoader        - Created buffer with size 960.0x960.0
21:26:49.821 [FXGL Background Thread 2 ] DEBUG TilesetLoader        - Loading view for layer walls
21:26:49.824 [FXGL Background Thread 2 ] DEBUG TilesetLoader        - Created buffer with size 960.0x960.0
21:26:49.827 [FXGL Background Thread 2 ] DEBUG TilesetLoader        - Loading view for layer sideWalls
21:26:49.828 [FXGL Background Thread 2 ] DEBUG TilesetLoader        - Created buffer with size 960.0x960.0
21:26:49.830 [FXGL Background Thread 2 ] DEBUG TMXLevelLoader       - Creating object layer entities
21:26:49.909 [FXGL Background Thread 2 ] DEBUG GameWorld            - Clearing removable entities
21:26:49.909 [FXGL Background Thread 2 ] DEBUG GameWorld            - Setting level: com.almasb.fxgl.entity.level.Level@894114
21:26:49.915 [FXGL Background Thread 2 ] INFO  FXGLApplication      - Game initialization took: 0,131 sec
21:26:49.918 [JavaFX Application Thread] DEBUG Input                - Clearing active input actions
21:26:49.923 [JavaFX Application Thread] DEBUG GameApplicationServi - Removing overlay from MainLoadingScene and adding to GameScene
21:26:49.923 [JavaFX Application Thread] DEBUG PrimaryStageWindow   - MainLoadingScene -> GameScene
21:26:55.269 [JavaFX Application Thread] DEBUG FXGLAssetLoaderServi - Loading from file system: jar:file:///C:/Users/lucag/IdeaProjects/Dungeon/build/libs/Dungeon-1.0-SNAPSHOT.jar!/assets/textures/heart/ui_heart_half.png
21:26:55.271 [JavaFX Application Thread] DEBUG FXGLAssetLoaderServi - Loading from file system: jar:file:///C:/Users/lucag/IdeaProjects/Dungeon/build/libs/Dungeon-1.0-SNAPSHOT.jar!/assets/sounds/damage.wav
21:26:55.745 [JavaFX Application Thread] DEBUG LoopRunner           - Stopping loop
21:26:55.746 [JavaFX Application Thread] FATAL FXGLApplication      - Uncaught Exception:
java.lang.IllegalArgumentException: Property connected does not exist
	at com.almasb.fxgl.core@17.2/com.almasb.fxgl.core.collection.PropertyMap.get(PropertyMap.kt:251)
	at com.almasb.fxgl.core@17.2/com.almasb.fxgl.core.collection.PropertyMap.getValue(PropertyMap.kt:80)
	at com.lgiacchetta.dungeon@1.0-SNAPSHOT/com.lgiacchetta.dungeon.collision.PlayerPlateHandler.lambda$changeDoors$0(PlayerPlateHandler.java:52)
	at java.base/java.util.stream.ReferencePipeline$2$1.accept(ReferencePipeline.java:178)
	at java.base/java.util.ArrayList$ArrayListSpliterator.forEachRemaining(ArrayList.java:1625)
	at java.base/java.util.stream.AbstractPipeline.copyInto(AbstractPipeline.java:509)
	at java.base/java.util.stream.AbstractPipeline.wrapAndCopyInto(AbstractPipeline.java:499)
	at java.base/java.util.stream.ForEachOps$ForEachOp.evaluateSequential(ForEachOps.java:150)
	at java.base/java.util.stream.ForEachOps$ForEachOp$OfRef.evaluateSequential(ForEachOps.java:173)
	at java.base/java.util.stream.AbstractPipeline.evaluate(AbstractPipeline.java:234)
	at java.base/java.util.stream.ReferencePipeline.forEach(ReferencePipeline.java:596)
	at com.lgiacchetta.dungeon@1.0-SNAPSHOT/com.lgiacchetta.dungeon.collision.PlayerPlateHandler.changeDoors(PlayerPlateHandler.java:53)
	at com.lgiacchetta.dungeon@1.0-SNAPSHOT/com.lgiacchetta.dungeon.collision.PlayerPlateHandler.press(PlayerPlateHandler.java:36)
	at com.lgiacchetta.dungeon@1.0-SNAPSHOT/com.lgiacchetta.dungeon.collision.PlayerPlateHandler.onCollisionBegin(PlayerPlateHandler.java:23)
	at com.almasb.fxgl.entity@17.2/com.almasb.fxgl.physics.CollisionPair.collisionBegin(CollisionPair.java:37)
	at com.almasb.fxgl.entity@17.2/com.almasb.fxgl.physics.PhysicsWorld.collisionBeginFor(PhysicsWorld.java:453)
	at com.almasb.fxgl.entity@17.2/com.almasb.fxgl.physics.PhysicsWorld.checkCollisionsInGroup(PhysicsWorld.java:405)
	at com.almasb.fxgl.entity@17.2/com.almasb.fxgl.physics.PhysicsWorld.checkCollisions(PhysicsWorld.java:373)
	at com.almasb.fxgl.entity@17.2/com.almasb.fxgl.physics.PhysicsWorld.onUpdate(PhysicsWorld.java:179)
	at com.almasb.fxgl.all@17.2/com.almasb.fxgl.app.scene.GameScene.step(GameScene.kt:229)
	at com.almasb.fxgl.all@17.2/com.almasb.fxgl.app.scene.GameScene.onUpdate(GameScene.kt:224)
	at com.almasb.fxgl.scene@17.2/com.almasb.fxgl.scene.Scene.update(Scene.kt:105)
	at com.almasb.fxgl.all@17.2/com.almasb.fxgl.app.MainWindow$update$1.invoke(MainWindow.kt:115)
	at com.almasb.fxgl.all@17.2/com.almasb.fxgl.app.MainWindow$update$1.invoke(MainWindow.kt:115)
	at com.almasb.fxgl.core@17.2/com.almasb.fxgl.core.fsm.StateMachine.runOnActiveStates(StateMachine.kt:69)
	at com.almasb.fxgl.all@17.2/com.almasb.fxgl.app.MainWindow.update(MainWindow.kt:115)
	at com.almasb.fxgl.all@17.2/com.almasb.fxgl.app.FXGLApplication$GameApplicationService.onUpdate(FXGLApplication.kt:426)
	at com.almasb.fxgl.all@17.2/com.almasb.fxgl.app.Engine.loop(Engine.kt:134)
	at com.almasb.fxgl.all@17.2/com.almasb.fxgl.app.Engine.access$loop(Engine.kt:24)
	at com.almasb.fxgl.all@17.2/com.almasb.fxgl.app.Engine$loop$1.invoke(Engine.kt:28)
	at com.almasb.fxgl.all@17.2/com.almasb.fxgl.app.Engine$loop$1.invoke(Engine.kt:28)
	at com.almasb.fxgl.all@17.2/com.almasb.fxgl.app.LoopRunner.frame(LoopRunner.kt:103)
	at com.almasb.fxgl.all@17.2/com.almasb.fxgl.app.LoopRunner.access$frame(LoopRunner.kt:23)
	at com.almasb.fxgl.all@17.2/com.almasb.fxgl.app.LoopRunner$impl$2$1.onTick(LoopRunner.kt:57)
	at com.almasb.fxgl.all@17.2/com.almasb.fxgl.app.AnimationTimerLoop$timer$1.handle(LoopRunner.kt:137)
	at javafx.graphics/javafx.animation.AnimationTimer$AnimationTimerReceiver.lambda$handle$0(AnimationTimer.java:58)
	at java.base/java.security.AccessController.doPrivileged(AccessController.java:399)
	at javafx.graphics/javafx.animation.AnimationTimer$AnimationTimerReceiver.handle(AnimationTimer.java:57)
	at javafx.graphics/com.sun.scenario.animation.AbstractPrimaryTimer.timePulseImpl(AbstractPrimaryTimer.java:356)
	at javafx.graphics/com.sun.scenario.animation.AbstractPrimaryTimer$MainLoop.run(AbstractPrimaryTimer.java:266)
	at javafx.graphics/com.sun.javafx.tk.quantum.QuantumToolkit.pulse(QuantumToolkit.java:571)
	at javafx.graphics/com.sun.javafx.tk.quantum.QuantumToolkit.pulse(QuantumToolkit.java:555)
	at javafx.graphics/com.sun.javafx.tk.quantum.QuantumToolkit.pulseFromQueue(QuantumToolkit.java:548)
	at javafx.graphics/com.sun.javafx.tk.quantum.QuantumToolkit.lambda$runToolkit$11(QuantumToolkit.java:353)
	at javafx.graphics/com.sun.glass.ui.InvokeLaterDispatcher$Future.run(InvokeLaterDispatcher.java:96)
	at javafx.graphics/com.sun.glass.ui.win.WinApplication._runLoop(Native Method)
	at javafx.graphics/com.sun.glass.ui.win.WinApplication.lambda$runLoop$3(WinApplication.java:184)
	at java.base/java.lang.Thread.run(Thread.java:833)

21:26:55.746 [JavaFX Application Thread] FATAL FXGLApplication      - Application will now exit
21:26:55.781 [JavaFX Application Thread] DEBUG PrimaryStageWindow   - Push state: ErrorSubScene
21:26:55.781 [JavaFX Application Thread] DEBUG Input                - Clearing active input actions
21:26:55.786 [JavaFX Application Thread] DEBUG GameApplicationServi - Removing overlay from GameScene and adding to ErrorSubScene
21:26:55.786 [JavaFX Application Thread] DEBUG PrimaryStageWindow   - GameScene -> ErrorSubScene
21:27:01.123 [JavaFX Application Thread] DEBUG FXGLApplication      - Exiting FXGL
21:27:01.123 [JavaFX Application Thread] DEBUG Async                - Shutting down background threads
21:27:01.123 [JavaFX Application Thread] DEBUG PrimaryStageWindow   - Closing main window
21:27:01.143 [JavaFX Application Thread] DEBUG Logger               - Closing Logger
